 [LOGGER] 2024-01-25 12:00:56.944 AM error : Eror in valid token function: Invalid Token
 [LOGGER] 2024-01-25 12:00:56.949 AM error : Error: Invalid Token
    at validToken (file:///D:/belajar/JavaScript/rest%20api/Pojok%20Code/3.%20rest-api/fullstack-skripsi/BE/src/controller/user-controller.js:449:32)
    at process.processTicksAndRejections (node:internal/process/task_queues:95:5)
 [LOGGER] 2024-01-25 11:15:07.419 PM error : Error in create menu function Data truncated for column 'id' at row 1
 [LOGGER] 2024-01-25 11:15:07.422 PM error : Error
    at Query.run (D:\belajar\JavaScript\rest api\Pojok Code\3. rest-api\fullstack-skripsi\BE\node_modules\sequelize\lib\dialects\mysql\query.js:52:25)
    at D:\belajar\JavaScript\rest api\Pojok Code\3. rest-api\fullstack-skripsi\BE\node_modules\sequelize\lib\sequelize.js:315:28
    at process.processTicksAndRejections (node:internal/process/task_queues:95:5)
    at async MySQLQueryInterface.insert (D:\belajar\JavaScript\rest api\Pojok Code\3. rest-api\fullstack-skripsi\BE\node_modules\sequelize\lib\dialects\abstract\query-interface.js:308:21)
    at async model.save (D:\belajar\JavaScript\rest api\Pojok Code\3. rest-api\fullstack-skripsi\BE\node_modules\sequelize\lib\model.js:2490:35)
    at async Menu.create (D:\belajar\JavaScript\rest api\Pojok Code\3. rest-api\fullstack-skripsi\BE\node_modules\sequelize\lib\model.js:1362:12)
    at async createMenu (file:///D:/belajar/JavaScript/rest%20api/Pojok%20Code/3.%20rest-api/fullstack-skripsi/BE/src/controller/menu-controller.js:27:24)
 [LOGGER] 2024-01-25 11:16:39.121 PM error : Error in create menu function Data truncated for column 'id' at row 1
 [LOGGER] 2024-01-25 11:16:39.125 PM error : Error
    at Query.run (D:\belajar\JavaScript\rest api\Pojok Code\3. rest-api\fullstack-skripsi\BE\node_modules\sequelize\lib\dialects\mysql\query.js:52:25)
    at D:\belajar\JavaScript\rest api\Pojok Code\3. rest-api\fullstack-skripsi\BE\node_modules\sequelize\lib\sequelize.js:315:28
    at process.processTicksAndRejections (node:internal/process/task_queues:95:5)
    at async MySQLQueryInterface.insert (D:\belajar\JavaScript\rest api\Pojok Code\3. rest-api\fullstack-skripsi\BE\node_modules\sequelize\lib\dialects\abstract\query-interface.js:308:21)
    at async model.save (D:\belajar\JavaScript\rest api\Pojok Code\3. rest-api\fullstack-skripsi\BE\node_modules\sequelize\lib\model.js:2490:35)
    at async Menu.create (D:\belajar\JavaScript\rest api\Pojok Code\3. rest-api\fullstack-skripsi\BE\node_modules\sequelize\lib\model.js:1362:12)
    at async createMenu (file:///D:/belajar/JavaScript/rest%20api/Pojok%20Code/3.%20rest-api/fullstack-skripsi/BE/src/controller/menu-controller.js:27:24)
 [LOGGER] 2024-01-25 11:19:07.344 PM error : Error in create menu function Incorrect integer value: 'de97f8be-d01d-4c6a-9298-5ae820dde730' for column 'id' at row 1
 [LOGGER] 2024-01-25 11:19:07.346 PM error : Error
    at Query.run (D:\belajar\JavaScript\rest api\Pojok Code\3. rest-api\fullstack-skripsi\BE\node_modules\sequelize\lib\dialects\mysql\query.js:52:25)
    at D:\belajar\JavaScript\rest api\Pojok Code\3. rest-api\fullstack-skripsi\BE\node_modules\sequelize\lib\sequelize.js:315:28
    at process.processTicksAndRejections (node:internal/process/task_queues:95:5)
    at async MySQLQueryInterface.insert (D:\belajar\JavaScript\rest api\Pojok Code\3. rest-api\fullstack-skripsi\BE\node_modules\sequelize\lib\dialects\abstract\query-interface.js:308:21)
    at async model.save (D:\belajar\JavaScript\rest api\Pojok Code\3. rest-api\fullstack-skripsi\BE\node_modules\sequelize\lib\model.js:2490:35)
    at async Menu.create (D:\belajar\JavaScript\rest api\Pojok Code\3. rest-api\fullstack-skripsi\BE\node_modules\sequelize\lib\model.js:1362:12)
    at async createMenu (file:///D:/belajar/JavaScript/rest%20api/Pojok%20Code/3.%20rest-api/fullstack-skripsi/BE/src/controller/menu-controller.js:27:24)
 [LOGGER] 2024-01-25 11:19:10.954 PM error : Error in create menu function Data truncated for column 'id' at row 1
 [LOGGER] 2024-01-25 11:19:10.957 PM error : Error
    at Query.run (D:\belajar\JavaScript\rest api\Pojok Code\3. rest-api\fullstack-skripsi\BE\node_modules\sequelize\lib\dialects\mysql\query.js:52:25)
    at D:\belajar\JavaScript\rest api\Pojok Code\3. rest-api\fullstack-skripsi\BE\node_modules\sequelize\lib\sequelize.js:315:28
    at process.processTicksAndRejections (node:internal/process/task_queues:95:5)
    at async MySQLQueryInterface.insert (D:\belajar\JavaScript\rest api\Pojok Code\3. rest-api\fullstack-skripsi\BE\node_modules\sequelize\lib\dialects\abstract\query-interface.js:308:21)
    at async model.save (D:\belajar\JavaScript\rest api\Pojok Code\3. rest-api\fullstack-skripsi\BE\node_modules\sequelize\lib\model.js:2490:35)
    at async Menu.create (D:\belajar\JavaScript\rest api\Pojok Code\3. rest-api\fullstack-skripsi\BE\node_modules\sequelize\lib\model.js:1362:12)
    at async createMenu (file:///D:/belajar/JavaScript/rest%20api/Pojok%20Code/3.%20rest-api/fullstack-skripsi/BE/src/controller/menu-controller.js:27:24)
 [LOGGER] 2024-01-25 11:19:12.524 PM error : Error in create menu function Incorrect integer value: 'e8551baa-790e-4eda-b27f-a09beaaa683d' for column 'id' at row 1
 [LOGGER] 2024-01-25 11:19:12.524 PM error : Error
    at Query.run (D:\belajar\JavaScript\rest api\Pojok Code\3. rest-api\fullstack-skripsi\BE\node_modules\sequelize\lib\dialects\mysql\query.js:52:25)
    at D:\belajar\JavaScript\rest api\Pojok Code\3. rest-api\fullstack-skripsi\BE\node_modules\sequelize\lib\sequelize.js:315:28
    at process.processTicksAndRejections (node:internal/process/task_queues:95:5)
    at async MySQLQueryInterface.insert (D:\belajar\JavaScript\rest api\Pojok Code\3. rest-api\fullstack-skripsi\BE\node_modules\sequelize\lib\dialects\abstract\query-interface.js:308:21)
    at async model.save (D:\belajar\JavaScript\rest api\Pojok Code\3. rest-api\fullstack-skripsi\BE\node_modules\sequelize\lib\model.js:2490:35)
    at async Menu.create (D:\belajar\JavaScript\rest api\Pojok Code\3. rest-api\fullstack-skripsi\BE\node_modules\sequelize\lib\model.js:1362:12)
    at async createMenu (file:///D:/belajar/JavaScript/rest%20api/Pojok%20Code/3.%20rest-api/fullstack-skripsi/BE/src/controller/menu-controller.js:27:24)
 [LOGGER] 2024-01-25 11:21:42.302 PM error : Error in create menu function Menu already exist
 [LOGGER] 2024-01-25 11:21:42.303 PM error : Error: Menu already exist
    at createMenu (file:///D:/belajar/JavaScript/rest%20api/Pojok%20Code/3.%20rest-api/fullstack-skripsi/BE/src/controller/menu-controller.js:23:19)
    at process.processTicksAndRejections (node:internal/process/task_queues:95:5)
 [LOGGER] 2024-01-25 11:21:48.931 PM error : Error in create menu function Menu already exist
 [LOGGER] 2024-01-25 11:21:48.933 PM error : Error: Menu already exist
    at createMenu (file:///D:/belajar/JavaScript/rest%20api/Pojok%20Code/3.%20rest-api/fullstack-skripsi/BE/src/controller/menu-controller.js:23:19)
    at process.processTicksAndRejections (node:internal/process/task_queues:95:5)
 [LOGGER] 2024-01-25 11:26:13.362 PM error : Error in get menu function Menu is not found
 [LOGGER] 2024-01-25 11:26:13.363 PM error : Error: Menu is not found
    at getMenu (file:///D:/belajar/JavaScript/rest%20api/Pojok%20Code/3.%20rest-api/fullstack-skripsi/BE/src/controller/menu-controller.js:121:19)
    at process.processTicksAndRejections (node:internal/process/task_queues:95:5)
 [LOGGER] 2024-01-25 11:28:32.813 PM error : Error in getTestimonials function: data is not defined
 [LOGGER] 2024-01-25 11:28:32.814 PM error : ReferenceError: data is not defined
    at getTestimonials (file:///D:/belajar/JavaScript/rest%20api/Pojok%20Code/3.%20rest-api/fullstack-skripsi/BE/src/controller/testimonial-controller.js:19:13)
    at process.processTicksAndRejections (node:internal/process/task_queues:95:5)
 [LOGGER] 2024-01-25 11:28:39.626 PM error : Error in getTestimonials function: data is not defined
 [LOGGER] 2024-01-25 11:28:39.626 PM error : ReferenceError: data is not defined
    at getTestimonials (file:///D:/belajar/JavaScript/rest%20api/Pojok%20Code/3.%20rest-api/fullstack-skripsi/BE/src/controller/testimonial-controller.js:19:13)
    at process.processTicksAndRejections (node:internal/process/task_queues:95:5)
 [LOGGER] 2024-01-25 11:33:45.450 PM error : Error in create testimonial function [object Object]
 [LOGGER] 2024-01-25 11:33:45.453 PM error : Error: [object Object]
    at validate (file:///D:/belajar/JavaScript/rest%20api/Pojok%20Code/3.%20rest-api/fullstack-skripsi/BE/src/validation/validation.js:23:15)
    at createTestimonial (file:///D:/belajar/JavaScript/rest%20api/Pojok%20Code/3.%20rest-api/fullstack-skripsi/BE/src/controller/testimonial-controller.js:35:35)
    at Layer.handle [as handle_request] (D:\belajar\JavaScript\rest api\Pojok Code\3. rest-api\fullstack-skripsi\BE\node_modules\express\lib\router\layer.js:95:5)
    at next (D:\belajar\JavaScript\rest api\Pojok Code\3. rest-api\fullstack-skripsi\BE\node_modules\express\lib\router\route.js:144:13)
    at multerMiddleware (D:\belajar\JavaScript\rest api\Pojok Code\3. rest-api\fullstack-skripsi\BE\node_modules\multer\lib\make-middleware.js:13:41)
    at Layer.handle [as handle_request] (D:\belajar\JavaScript\rest api\Pojok Code\3. rest-api\fullstack-skripsi\BE\node_modules\express\lib\router\layer.js:95:5)
    at next (D:\belajar\JavaScript\rest api\Pojok Code\3. rest-api\fullstack-skripsi\BE\node_modules\express\lib\router\route.js:144:13)
    at Route.dispatch (D:\belajar\JavaScript\rest api\Pojok Code\3. rest-api\fullstack-skripsi\BE\node_modules\express\lib\router\route.js:114:3)
    at Layer.handle [as handle_request] (D:\belajar\JavaScript\rest api\Pojok Code\3. rest-api\fullstack-skripsi\BE\node_modules\express\lib\router\layer.js:95:5)
    at D:\belajar\JavaScript\rest api\Pojok Code\3. rest-api\fullstack-skripsi\BE\node_modules\express\lib\router\index.js:284:15
 [LOGGER] 2024-01-25 11:36:22.602 PM error : Error in create testimonial function [object Object]
 [LOGGER] 2024-01-25 11:36:22.603 PM error : Error: [object Object]
    at validate (file:///D:/belajar/JavaScript/rest%20api/Pojok%20Code/3.%20rest-api/fullstack-skripsi/BE/src/validation/validation.js:23:15)
    at createTestimonial (file:///D:/belajar/JavaScript/rest%20api/Pojok%20Code/3.%20rest-api/fullstack-skripsi/BE/src/controller/testimonial-controller.js:35:35)
    at Layer.handle [as handle_request] (D:\belajar\JavaScript\rest api\Pojok Code\3. rest-api\fullstack-skripsi\BE\node_modules\express\lib\router\layer.js:95:5)
    at next (D:\belajar\JavaScript\rest api\Pojok Code\3. rest-api\fullstack-skripsi\BE\node_modules\express\lib\router\route.js:144:13)
    at done (D:\belajar\JavaScript\rest api\Pojok Code\3. rest-api\fullstack-skripsi\BE\node_modules\multer\lib\make-middleware.js:45:7)
    at indicateDone (D:\belajar\JavaScript\rest api\Pojok Code\3. rest-api\fullstack-skripsi\BE\node_modules\multer\lib\make-middleware.js:49:68)
    at Multipart.<anonymous> (D:\belajar\JavaScript\rest api\Pojok Code\3. rest-api\fullstack-skripsi\BE\node_modules\multer\lib\make-middleware.js:166:7)
    at Multipart.emit (node:events:514:28)
    at emitCloseNT (node:internal/streams/destroy:132:10)
    at process.processTicksAndRejections (node:internal/process/task_queues:81:21)
 [LOGGER] 2024-01-25 11:37:52.742 PM error : Error in create testimonial function [object Object]
 [LOGGER] 2024-01-25 11:37:52.743 PM error : Error: [object Object]
    at validate (file:///D:/belajar/JavaScript/rest%20api/Pojok%20Code/3.%20rest-api/fullstack-skripsi/BE/src/validation/validation.js:23:15)
    at createTestimonial (file:///D:/belajar/JavaScript/rest%20api/Pojok%20Code/3.%20rest-api/fullstack-skripsi/BE/src/controller/testimonial-controller.js:35:35)
    at Layer.handle [as handle_request] (D:\belajar\JavaScript\rest api\Pojok Code\3. rest-api\fullstack-skripsi\BE\node_modules\express\lib\router\layer.js:95:5)
    at next (D:\belajar\JavaScript\rest api\Pojok Code\3. rest-api\fullstack-skripsi\BE\node_modules\express\lib\router\route.js:144:13)
    at done (D:\belajar\JavaScript\rest api\Pojok Code\3. rest-api\fullstack-skripsi\BE\node_modules\multer\lib\make-middleware.js:45:7)
    at indicateDone (D:\belajar\JavaScript\rest api\Pojok Code\3. rest-api\fullstack-skripsi\BE\node_modules\multer\lib\make-middleware.js:49:68)
    at D:\belajar\JavaScript\rest api\Pojok Code\3. rest-api\fullstack-skripsi\BE\node_modules\multer\lib\make-middleware.js:155:11
    at WriteStream.<anonymous> (D:\belajar\JavaScript\rest api\Pojok Code\3. rest-api\fullstack-skripsi\BE\node_modules\multer\storage\disk.js:43:9)
    at WriteStream.emit (node:events:526:35)
    at finish (node:internal/streams/writable:748:10)
 [LOGGER] 2024-01-25 11:37:58.267 PM error : Error in create testimonial function [object Object]
 [LOGGER] 2024-01-25 11:37:58.268 PM error : Error: [object Object]
    at validate (file:///D:/belajar/JavaScript/rest%20api/Pojok%20Code/3.%20rest-api/fullstack-skripsi/BE/src/validation/validation.js:23:15)
    at createTestimonial (file:///D:/belajar/JavaScript/rest%20api/Pojok%20Code/3.%20rest-api/fullstack-skripsi/BE/src/controller/testimonial-controller.js:35:35)
    at Layer.handle [as handle_request] (D:\belajar\JavaScript\rest api\Pojok Code\3. rest-api\fullstack-skripsi\BE\node_modules\express\lib\router\layer.js:95:5)
    at next (D:\belajar\JavaScript\rest api\Pojok Code\3. rest-api\fullstack-skripsi\BE\node_modules\express\lib\router\route.js:144:13)
    at done (D:\belajar\JavaScript\rest api\Pojok Code\3. rest-api\fullstack-skripsi\BE\node_modules\multer\lib\make-middleware.js:45:7)
    at indicateDone (D:\belajar\JavaScript\rest api\Pojok Code\3. rest-api\fullstack-skripsi\BE\node_modules\multer\lib\make-middleware.js:49:68)
    at D:\belajar\JavaScript\rest api\Pojok Code\3. rest-api\fullstack-skripsi\BE\node_modules\multer\lib\make-middleware.js:155:11
    at WriteStream.<anonymous> (D:\belajar\JavaScript\rest api\Pojok Code\3. rest-api\fullstack-skripsi\BE\node_modules\multer\storage\disk.js:43:9)
    at WriteStream.emit (node:events:526:35)
    at finish (node:internal/streams/writable:748:10)
 [LOGGER] 2024-01-25 11:44:37.932 PM error : uncaughtException: Route.delete() requires a callback function but got a [object Undefined]
Error: Route.delete() requires a callback function but got a [object Undefined]
    at Route.<computed> [as delete] (D:\belajar\JavaScript\rest api\Pojok Code\3. rest-api\fullstack-skripsi\BE\node_modules\express\lib\router\route.js:211:15)
    at proto.<computed> [as delete] (D:\belajar\JavaScript\rest api\Pojok Code\3. rest-api\fullstack-skripsi\BE\node_modules\express\lib\router\index.js:521:19)
    at file:///D:/belajar/JavaScript/rest%20api/Pojok%20Code/3.%20rest-api/fullstack-skripsi/BE/src/routes/api.js:45:14
    at ModuleJob.run (node:internal/modules/esm/module_job:194:25)
 [LOGGER] 2024-01-25 11:44:46.589 PM error : uncaughtException: Route.put() requires a callback function but got a [object Undefined]
Error: Route.put() requires a callback function but got a [object Undefined]
    at Route.<computed> [as put] (D:\belajar\JavaScript\rest api\Pojok Code\3. rest-api\fullstack-skripsi\BE\node_modules\express\lib\router\route.js:211:15)
    at proto.<computed> [as put] (D:\belajar\JavaScript\rest api\Pojok Code\3. rest-api\fullstack-skripsi\BE\node_modules\express\lib\router\index.js:521:19)
    at file:///D:/belajar/JavaScript/rest%20api/Pojok%20Code/3.%20rest-api/fullstack-skripsi/BE/src/routes/api.js:46:8
    at ModuleJob.run (node:internal/modules/esm/module_job:194:25)
 [LOGGER] 2024-01-25 11:44:52.600 PM error : uncaughtException: Route.put() requires a callback function but got a [object Undefined]
Error: Route.put() requires a callback function but got a [object Undefined]
    at Route.<computed> [as put] (D:\belajar\JavaScript\rest api\Pojok Code\3. rest-api\fullstack-skripsi\BE\node_modules\express\lib\router\route.js:211:15)
    at proto.<computed> [as put] (D:\belajar\JavaScript\rest api\Pojok Code\3. rest-api\fullstack-skripsi\BE\node_modules\express\lib\router\index.js:521:19)
    at file:///D:/belajar/JavaScript/rest%20api/Pojok%20Code/3.%20rest-api/fullstack-skripsi/BE/src/routes/api.js:46:8
    at ModuleJob.run (node:internal/modules/esm/module_job:194:25)
