 [LOGGER] 2024-05-31 08:30:37.942 PM ERROR : uncaughtException: products is not defined
ReferenceError: products is not defined
    at file:///D:/tugas%20kuliah/skripsi/Website%20Skripsi/BE/src/controller/menu-controller.js:225:5
    at ModuleJob.run (node:internal/modules/esm/module_job:194:25)
 [LOGGER] 2024-05-31 08:30:42.359 PM ERROR : uncaughtException: products is not defined
ReferenceError: products is not defined
    at file:///D:/tugas%20kuliah/skripsi/Website%20Skripsi/BE/src/controller/menu-controller.js:225:5
    at ModuleJob.run (node:internal/modules/esm/module_job:194:25)
 [LOGGER] 2024-05-31 08:34:09.276 PM ERROR : uncaughtException: products is not defined
ReferenceError: products is not defined
    at file:///D:/tugas%20kuliah/skripsi/Website%20Skripsi/BE/src/controller/menu-controller.js:225:5
    at ModuleJob.run (node:internal/modules/esm/module_job:194:25)
 [LOGGER] 2024-05-31 08:34:30.454 PM ERROR : uncaughtException: products is not defined
ReferenceError: products is not defined
    at file:///D:/tugas%20kuliah/skripsi/Website%20Skripsi/BE/src/controller/menu-controller.js:225:5
    at ModuleJob.run (node:internal/modules/esm/module_job:194:25)
 [LOGGER] 2024-05-31 11:27:57.149 PM ERROR : Error in processing Get Checkout : Unknown column 'order.createdAt' in 'order clause'
 [LOGGER] 2024-05-31 11:27:57.151 PM ERROR : Error
    at Query.run (D:\tugas kuliah\skripsi\Website Skripsi\BE\node_modules\sequelize\lib\dialects\mysql\query.js:52:25)
    at D:\tugas kuliah\skripsi\Website Skripsi\BE\node_modules\sequelize\lib\sequelize.js:315:28
    at process.processTicksAndRejections (node:internal/process/task_queues:95:5)
    at async MySQLQueryInterface.select (D:\tugas kuliah\skripsi\Website Skripsi\BE\node_modules\sequelize\lib\dialects\abstract\query-interface.js:407:12)
    at async order.findAll (D:\tugas kuliah\skripsi\Website Skripsi\BE\node_modules\sequelize\lib\model.js:1140:21)
    at async getCheckoutsLimit5 (file:///D:/tugas%20kuliah/skripsi/Website%20Skripsi/BE/src/controller/order-cotroller.js:510:32)
 [LOGGER] 2024-05-31 11:28:28.560 PM ERROR : Error in processing Get Checkout : Unknown column 'order.createdAt' in 'order clause'
 [LOGGER] 2024-05-31 11:28:28.561 PM ERROR : Error
    at Query.run (D:\tugas kuliah\skripsi\Website Skripsi\BE\node_modules\sequelize\lib\dialects\mysql\query.js:52:25)
    at D:\tugas kuliah\skripsi\Website Skripsi\BE\node_modules\sequelize\lib\sequelize.js:315:28
    at process.processTicksAndRejections (node:internal/process/task_queues:95:5)
    at async MySQLQueryInterface.select (D:\tugas kuliah\skripsi\Website Skripsi\BE\node_modules\sequelize\lib\dialects\abstract\query-interface.js:407:12)
    at async order.findAll (D:\tugas kuliah\skripsi\Website Skripsi\BE\node_modules\sequelize\lib\model.js:1140:21)
    at async getCheckoutsLimit5 (file:///D:/tugas%20kuliah/skripsi/Website%20Skripsi/BE/src/controller/order-cotroller.js:510:32)
