 [LOGGER] 2024-01-28 12:42:53.358 AM error : Error in forgot passwword function: Email not registered
 [LOGGER] 2024-01-28 12:42:53.505 AM error : Error: Email not registered
    at forgotPassword (file:///D:/belajar/JavaScript/rest%20api/Pojok%20Code/3.%20rest-api/fullstack-skripsi/BE/src/controller/user-controller.js:376:19)
    at process.processTicksAndRejections (node:internal/process/task_queues:95:5)
 [LOGGER] 2024-01-28 01:37:39.851 AM error : Error in login function: Email or password wrong
 [LOGGER] 2024-01-28 01:37:39.852 AM error : Error: Email or password wrong
    at login (file:///D:/belajar/JavaScript/rest%20api/Pojok%20Code/3.%20rest-api/fullstack-skripsi/BE/src/controller/user-controller.js:174:19)
    at process.processTicksAndRejections (node:internal/process/task_queues:95:5)
 [LOGGER] 2024-01-28 01:43:58.401 AM error : Error in login function: Email or password wrong
 [LOGGER] 2024-01-28 01:43:58.402 AM error : Error: Email or password wrong
    at login (file:///D:/belajar/JavaScript/rest%20api/Pojok%20Code/3.%20rest-api/fullstack-skripsi/BE/src/controller/user-controller.js:179:19)
    at process.processTicksAndRejections (node:internal/process/task_queues:95:5)
 [LOGGER] 2024-01-28 01:48:24.420 AM error : Error in register function: [object Object]
 [LOGGER] 2024-01-28 01:48:24.421 AM error : Error: [object Object]
    at validate (file:///D:/belajar/JavaScript/rest%20api/Pojok%20Code/3.%20rest-api/fullstack-skripsi/BE/src/validation/validation.js:23:15)
    at register (file:///D:/belajar/JavaScript/rest%20api/Pojok%20Code/3.%20rest-api/fullstack-skripsi/BE/src/controller/user-controller.js:16:29)
    at process.processTicksAndRejections (node:internal/process/task_queues:95:5)
 [LOGGER] 2024-01-28 01:48:32.889 AM error : Error in register function: [object Object]
 [LOGGER] 2024-01-28 01:48:32.890 AM error : Error: [object Object]
    at validate (file:///D:/belajar/JavaScript/rest%20api/Pojok%20Code/3.%20rest-api/fullstack-skripsi/BE/src/validation/validation.js:23:15)
    at register (file:///D:/belajar/JavaScript/rest%20api/Pojok%20Code/3.%20rest-api/fullstack-skripsi/BE/src/controller/user-controller.js:16:29)
    at process.processTicksAndRejections (node:internal/process/task_queues:95:5)
 [LOGGER] 2024-01-28 01:49:49.485 AM error : Error in register function: Email already activated
 [LOGGER] 2024-01-28 01:49:49.485 AM error : Error: Email already activated
    at register (file:///D:/belajar/JavaScript/rest%20api/Pojok%20Code/3.%20rest-api/fullstack-skripsi/BE/src/controller/user-controller.js:24:19)
    at process.processTicksAndRejections (node:internal/process/task_queues:95:5)
 [LOGGER] 2024-01-28 01:51:48.705 AM error : Error in register function: Email already activated
 [LOGGER] 2024-01-28 01:51:48.706 AM error : Error: Email already activated
    at register (file:///D:/belajar/JavaScript/rest%20api/Pojok%20Code/3.%20rest-api/fullstack-skripsi/BE/src/controller/user-controller.js:24:19)
    at process.processTicksAndRejections (node:internal/process/task_queues:95:5)
 [LOGGER] 2024-01-28 01:52:48.647 AM error : Error in register function: Email already activated
 [LOGGER] 2024-01-28 01:52:48.648 AM error : Error: Email already activated
    at register (file:///D:/belajar/JavaScript/rest%20api/Pojok%20Code/3.%20rest-api/fullstack-skripsi/BE/src/controller/user-controller.js:24:19)
    at process.processTicksAndRejections (node:internal/process/task_queues:95:5)
 [LOGGER] 2024-01-28 01:53:29.720 AM error : Eror in valid token function: Invalid Token
 [LOGGER] 2024-01-28 01:53:29.721 AM error : Error: Invalid Token
    at validToken (file:///D:/belajar/JavaScript/rest%20api/Pojok%20Code/3.%20rest-api/fullstack-skripsi/BE/src/controller/user-controller.js:453:32)
    at process.processTicksAndRejections (node:internal/process/task_queues:95:5)
 [LOGGER] 2024-01-28 01:53:39.331 AM error : Eror in valid token function: Invalid Token
 [LOGGER] 2024-01-28 01:53:39.333 AM error : Error: Invalid Token
    at validToken (file:///D:/belajar/JavaScript/rest%20api/Pojok%20Code/3.%20rest-api/fullstack-skripsi/BE/src/controller/user-controller.js:453:32)
    at process.processTicksAndRejections (node:internal/process/task_queues:95:5)
 [LOGGER] 2024-01-28 01:54:04.470 AM error : Eror in valid token function: Invalid Token
 [LOGGER] 2024-01-28 01:54:04.471 AM error : Error: Invalid Token
    at validToken (file:///D:/belajar/JavaScript/rest%20api/Pojok%20Code/3.%20rest-api/fullstack-skripsi/BE/src/controller/user-controller.js:453:32)
    at process.processTicksAndRejections (node:internal/process/task_queues:95:5)
 [LOGGER] 2024-01-28 01:54:18.395 AM error : Eror in valid token function: Invalid Token
 [LOGGER] 2024-01-28 01:54:18.396 AM error : Error: Invalid Token
    at validToken (file:///D:/belajar/JavaScript/rest%20api/Pojok%20Code/3.%20rest-api/fullstack-skripsi/BE/src/controller/user-controller.js:453:32)
    at process.processTicksAndRejections (node:internal/process/task_queues:95:5)
 [LOGGER] 2024-01-28 01:54:25.803 AM error : Eror in valid token function: Invalid Token
 [LOGGER] 2024-01-28 01:54:25.809 AM error : Error: Invalid Token
    at validToken (file:///D:/belajar/JavaScript/rest%20api/Pojok%20Code/3.%20rest-api/fullstack-skripsi/BE/src/controller/user-controller.js:453:32)
    at process.processTicksAndRejections (node:internal/process/task_queues:95:5)
 [LOGGER] 2024-01-28 01:54:32.450 AM error : Error in setActivateUser function: User not found or expired
 [LOGGER] 2024-01-28 01:54:32.454 AM error : Error: User not found or expired
    at setActivateUser (file:///D:/belajar/JavaScript/rest%20api/Pojok%20Code/3.%20rest-api/fullstack-skripsi/BE/src/controller/user-controller.js:140:19)
    at process.processTicksAndRejections (node:internal/process/task_queues:95:5)
 [LOGGER] 2024-01-28 01:54:41.723 AM error : Error in setActivateUser function: User not found or expired
 [LOGGER] 2024-01-28 01:54:41.727 AM error : Error: User not found or expired
    at setActivateUser (file:///D:/belajar/JavaScript/rest%20api/Pojok%20Code/3.%20rest-api/fullstack-skripsi/BE/src/controller/user-controller.js:140:19)
    at process.processTicksAndRejections (node:internal/process/task_queues:95:5)
 [LOGGER] 2024-01-28 01:55:00.965 AM error : Error in setActivateUser function: User not found or expired
 [LOGGER] 2024-01-28 01:55:00.966 AM error : Error: User not found or expired
    at setActivateUser (file:///D:/belajar/JavaScript/rest%20api/Pojok%20Code/3.%20rest-api/fullstack-skripsi/BE/src/controller/user-controller.js:140:19)
    at process.processTicksAndRejections (node:internal/process/task_queues:95:5)
 [LOGGER] 2024-01-28 01:55:02.978 AM error : Error in setActivateUser function: User not found or expired
 [LOGGER] 2024-01-28 01:55:02.979 AM error : Error: User not found or expired
    at setActivateUser (file:///D:/belajar/JavaScript/rest%20api/Pojok%20Code/3.%20rest-api/fullstack-skripsi/BE/src/controller/user-controller.js:140:19)
    at process.processTicksAndRejections (node:internal/process/task_queues:95:5)
 [LOGGER] 2024-01-28 01:55:25.379 AM error : Error in setActivateUser function: User not found or expired
 [LOGGER] 2024-01-28 01:55:25.380 AM error : Error: User not found or expired
    at setActivateUser (file:///D:/belajar/JavaScript/rest%20api/Pojok%20Code/3.%20rest-api/fullstack-skripsi/BE/src/controller/user-controller.js:140:19)
    at process.processTicksAndRejections (node:internal/process/task_queues:95:5)
 [LOGGER] 2024-01-28 01:55:41.557 AM error : Error in setActivateUser function: User not found or expired
 [LOGGER] 2024-01-28 01:55:41.558 AM error : Error: User not found or expired
    at setActivateUser (file:///D:/belajar/JavaScript/rest%20api/Pojok%20Code/3.%20rest-api/fullstack-skripsi/BE/src/controller/user-controller.js:140:19)
    at process.processTicksAndRejections (node:internal/process/task_queues:95:5)
 [LOGGER] 2024-01-28 01:55:47.532 AM error : Error in setActivateUser function: User not found or expired
 [LOGGER] 2024-01-28 01:55:47.533 AM error : Error: User not found or expired
    at setActivateUser (file:///D:/belajar/JavaScript/rest%20api/Pojok%20Code/3.%20rest-api/fullstack-skripsi/BE/src/controller/user-controller.js:140:19)
    at process.processTicksAndRejections (node:internal/process/task_queues:95:5)
 [LOGGER] 2024-01-28 01:56:18.923 AM error : Error in forgot passwword function: Email not registered
 [LOGGER] 2024-01-28 01:56:18.924 AM error : Error: Email not registered
    at forgotPassword (file:///D:/belajar/JavaScript/rest%20api/Pojok%20Code/3.%20rest-api/fullstack-skripsi/BE/src/controller/user-controller.js:379:19)
    at process.processTicksAndRejections (node:internal/process/task_queues:95:5)
 [LOGGER] 2024-01-28 01:56:42.449 AM error : Error in forgot passwword function: Email not registered
 [LOGGER] 2024-01-28 01:56:42.449 AM error : Error: Email not registered
    at forgotPassword (file:///D:/belajar/JavaScript/rest%20api/Pojok%20Code/3.%20rest-api/fullstack-skripsi/BE/src/controller/user-controller.js:379:19)
    at process.processTicksAndRejections (node:internal/process/task_queues:95:5)
