 [LOGGER] 2024-01-14 12:17:14.768 AM error : Error in refresh token function: Invalid refresh token
 [LOGGER] 2024-01-14 12:17:16.413 AM error : Error: Invalid refresh token
    at setRefreshToken (file:///D:/belajar/JavaScript/rest%20api/Pojok%20Code/3.%20rest-api/fullstack-skripsi/be/src/controller/user-controller.js:190:19)
    at Layer.handle [as handle_request] (D:\belajar\JavaScript\rest api\Pojok Code\3. rest-api\fullstack-skripsi\be\node_modules\express\lib\router\layer.js:95:5)
    at next (D:\belajar\JavaScript\rest api\Pojok Code\3. rest-api\fullstack-skripsi\be\node_modules\express\lib\router\route.js:144:13)
    at Route.dispatch (D:\belajar\JavaScript\rest api\Pojok Code\3. rest-api\fullstack-skripsi\be\node_modules\express\lib\router\route.js:114:3)
    at Layer.handle [as handle_request] (D:\belajar\JavaScript\rest api\Pojok Code\3. rest-api\fullstack-skripsi\be\node_modules\express\lib\router\layer.js:95:5)
    at D:\belajar\JavaScript\rest api\Pojok Code\3. rest-api\fullstack-skripsi\be\node_modules\express\lib\router\index.js:284:15
    at Function.process_params (D:\belajar\JavaScript\rest api\Pojok Code\3. rest-api\fullstack-skripsi\be\node_modules\express\lib\router\index.js:346:12)
    at next (D:\belajar\JavaScript\rest api\Pojok Code\3. rest-api\fullstack-skripsi\be\node_modules\express\lib\router\index.js:280:10)
    at Function.handle (D:\belajar\JavaScript\rest api\Pojok Code\3. rest-api\fullstack-skripsi\be\node_modules\express\lib\router\index.js:175:3)
    at router (D:\belajar\JavaScript\rest api\Pojok Code\3. rest-api\fullstack-skripsi\be\node_modules\express\lib\router\index.js:47:12)
 [LOGGER] 2024-01-14 12:18:51.766 AM error : Error in update user function: "email" must be a valid email. "password" is required. "confirmPassword" is required. "name" is required. "dataValues" is not allowed. "_previousDataValues" is not allowed. "uniqno" is not allowed. "_changed" is not allowed. "_options" is not allowed. "isNewRecord" is not allowed
 [LOGGER] 2024-01-14 12:18:51.767 AM error : Error: "email" must be a valid email. "password" is required. "confirmPassword" is required. "name" is required. "dataValues" is not allowed. "_previousDataValues" is not allowed. "uniqno" is not allowed. "_changed" is not allowed. "_options" is not allowed. "isNewRecord" is not allowed
    at validate (file:///D:/belajar/JavaScript/rest%20api/Pojok%20Code/3.%20rest-api/fullstack-skripsi/be/src/validation/validation.js:9:15)
    at updateUser (file:///D:/belajar/JavaScript/rest%20api/Pojok%20Code/3.%20rest-api/fullstack-skripsi/be/src/controller/user-controller.js:237:22)
    at process.processTicksAndRejections (node:internal/process/task_queues:95:5)
 [LOGGER] 2024-01-14 12:21:26.142 AM error : Error in update user function: "email" must be a valid email. "password" is required. "confirmPassword" is required. "name" is required. "dataValues" is not allowed. "_previousDataValues" is not allowed. "uniqno" is not allowed. "_changed" is not allowed. "_options" is not allowed. "isNewRecord" is not allowed
 [LOGGER] 2024-01-14 12:21:26.143 AM error : Error: "email" must be a valid email. "password" is required. "confirmPassword" is required. "name" is required. "dataValues" is not allowed. "_previousDataValues" is not allowed. "uniqno" is not allowed. "_changed" is not allowed. "_options" is not allowed. "isNewRecord" is not allowed
    at validate (file:///D:/belajar/JavaScript/rest%20api/Pojok%20Code/3.%20rest-api/fullstack-skripsi/be/src/validation/validation.js:9:15)
    at updateUser (file:///D:/belajar/JavaScript/rest%20api/Pojok%20Code/3.%20rest-api/fullstack-skripsi/be/src/controller/user-controller.js:237:22)
    at process.processTicksAndRejections (node:internal/process/task_queues:95:5)
 [LOGGER] 2024-01-14 12:24:04.908 AM error : Error in update user function: "email" must be a valid email. "password" is required. "confirmPassword" is required. "name" is required. "dataValues" is not allowed. "_previousDataValues" is not allowed. "uniqno" is not allowed. "_changed" is not allowed. "_options" is not allowed. "isNewRecord" is not allowed
 [LOGGER] 2024-01-14 12:24:04.914 AM error : Error: "email" must be a valid email. "password" is required. "confirmPassword" is required. "name" is required. "dataValues" is not allowed. "_previousDataValues" is not allowed. "uniqno" is not allowed. "_changed" is not allowed. "_options" is not allowed. "isNewRecord" is not allowed
    at validate (file:///D:/belajar/JavaScript/rest%20api/Pojok%20Code/3.%20rest-api/fullstack-skripsi/be/src/validation/validation.js:9:15)
    at updateUser (file:///D:/belajar/JavaScript/rest%20api/Pojok%20Code/3.%20rest-api/fullstack-skripsi/be/src/controller/user-controller.js:237:28)
    at process.processTicksAndRejections (node:internal/process/task_queues:95:5)
 [LOGGER] 2024-01-14 12:24:10.931 AM error : Error in update user function: "email" is not allowed to be empty. "password" is required. "confirmPassword" is required. "name" is required. "dataValues" is not allowed. "_previousDataValues" is not allowed. "uniqno" is not allowed. "_changed" is not allowed. "_options" is not allowed. "isNewRecord" is not allowed
 [LOGGER] 2024-01-14 12:24:10.932 AM error : Error: "email" is not allowed to be empty. "password" is required. "confirmPassword" is required. "name" is required. "dataValues" is not allowed. "_previousDataValues" is not allowed. "uniqno" is not allowed. "_changed" is not allowed. "_options" is not allowed. "isNewRecord" is not allowed
    at validate (file:///D:/belajar/JavaScript/rest%20api/Pojok%20Code/3.%20rest-api/fullstack-skripsi/be/src/validation/validation.js:9:15)
    at updateUser (file:///D:/belajar/JavaScript/rest%20api/Pojok%20Code/3.%20rest-api/fullstack-skripsi/be/src/controller/user-controller.js:237:28)
    at process.processTicksAndRejections (node:internal/process/task_queues:95:5)
 [LOGGER] 2024-01-14 12:24:14.960 AM error : Error in update user function: User is not found
 [LOGGER] 2024-01-14 12:24:14.961 AM error : Error: User is not found
    at updateUser (file:///D:/belajar/JavaScript/rest%20api/Pojok%20Code/3.%20rest-api/fullstack-skripsi/be/src/controller/user-controller.js:234:19)
    at process.processTicksAndRejections (node:internal/process/task_queues:95:5)
 [LOGGER] 2024-01-14 12:24:19.825 AM error : Error in update user function: "email" is not allowed to be empty. "password" is required. "confirmPassword" is required. "name" is required. "dataValues" is not allowed. "_previousDataValues" is not allowed. "uniqno" is not allowed. "_changed" is not allowed. "_options" is not allowed. "isNewRecord" is not allowed
 [LOGGER] 2024-01-14 12:24:19.826 AM error : Error: "email" is not allowed to be empty. "password" is required. "confirmPassword" is required. "name" is required. "dataValues" is not allowed. "_previousDataValues" is not allowed. "uniqno" is not allowed. "_changed" is not allowed. "_options" is not allowed. "isNewRecord" is not allowed
    at validate (file:///D:/belajar/JavaScript/rest%20api/Pojok%20Code/3.%20rest-api/fullstack-skripsi/be/src/validation/validation.js:9:15)
    at updateUser (file:///D:/belajar/JavaScript/rest%20api/Pojok%20Code/3.%20rest-api/fullstack-skripsi/be/src/controller/user-controller.js:237:28)
    at process.processTicksAndRejections (node:internal/process/task_queues:95:5)
 [LOGGER] 2024-01-14 12:26:55.991 AM error : Error in update user function: "email" is not allowed to be empty. "password" is required. "confirmPassword" is required. "name" is required. "dataValues" is not allowed. "_previousDataValues" is not allowed. "uniqno" is not allowed. "_changed" is not allowed. "_options" is not allowed. "isNewRecord" is not allowed
 [LOGGER] 2024-01-14 12:26:55.996 AM error : Error: "email" is not allowed to be empty. "password" is required. "confirmPassword" is required. "name" is required. "dataValues" is not allowed. "_previousDataValues" is not allowed. "uniqno" is not allowed. "_changed" is not allowed. "_options" is not allowed. "isNewRecord" is not allowed
    at validate (file:///D:/belajar/JavaScript/rest%20api/Pojok%20Code/3.%20rest-api/fullstack-skripsi/be/src/validation/validation.js:9:15)
    at updateUser (file:///D:/belajar/JavaScript/rest%20api/Pojok%20Code/3.%20rest-api/fullstack-skripsi/be/src/controller/user-controller.js:237:28)
    at process.processTicksAndRejections (node:internal/process/task_queues:95:5)
 [LOGGER] 2024-01-14 12:27:06.379 AM error : Error in update user function: "email" must be a valid email. "password" is required. "confirmPassword" is required. "name" is required. "dataValues" is not allowed. "_previousDataValues" is not allowed. "uniqno" is not allowed. "_changed" is not allowed. "_options" is not allowed. "isNewRecord" is not allowed
 [LOGGER] 2024-01-14 12:27:06.380 AM error : Error: "email" must be a valid email. "password" is required. "confirmPassword" is required. "name" is required. "dataValues" is not allowed. "_previousDataValues" is not allowed. "uniqno" is not allowed. "_changed" is not allowed. "_options" is not allowed. "isNewRecord" is not allowed
    at validate (file:///D:/belajar/JavaScript/rest%20api/Pojok%20Code/3.%20rest-api/fullstack-skripsi/be/src/validation/validation.js:9:15)
    at updateUser (file:///D:/belajar/JavaScript/rest%20api/Pojok%20Code/3.%20rest-api/fullstack-skripsi/be/src/controller/user-controller.js:237:28)
    at process.processTicksAndRejections (node:internal/process/task_queues:95:5)
 [LOGGER] 2024-01-14 12:27:57.634 AM error : Error in update user function: "email" must be a valid email. "password" is required. "confirmPassword" is required. "name" is required. "dataValues" is not allowed. "_previousDataValues" is not allowed. "uniqno" is not allowed. "_changed" is not allowed. "_options" is not allowed. "isNewRecord" is not allowed
 [LOGGER] 2024-01-14 12:27:57.635 AM error : Error: "email" must be a valid email. "password" is required. "confirmPassword" is required. "name" is required. "dataValues" is not allowed. "_previousDataValues" is not allowed. "uniqno" is not allowed. "_changed" is not allowed. "_options" is not allowed. "isNewRecord" is not allowed
    at validate (file:///D:/belajar/JavaScript/rest%20api/Pojok%20Code/3.%20rest-api/fullstack-skripsi/be/src/validation/validation.js:9:15)
    at updateUser (file:///D:/belajar/JavaScript/rest%20api/Pojok%20Code/3.%20rest-api/fullstack-skripsi/be/src/controller/user-controller.js:237:28)
    at process.processTicksAndRejections (node:internal/process/task_queues:95:5)
 [LOGGER] 2024-01-14 12:29:51.789 AM error : Error in update user function: "email" must be a valid email. "password" is required. "confirmPassword" is required. "name" is required. "dataValues" is not allowed. "_previousDataValues" is not allowed. "uniqno" is not allowed. "_changed" is not allowed. "_options" is not allowed. "isNewRecord" is not allowed
 [LOGGER] 2024-01-14 12:29:51.792 AM error : Error: "email" must be a valid email. "password" is required. "confirmPassword" is required. "name" is required. "dataValues" is not allowed. "_previousDataValues" is not allowed. "uniqno" is not allowed. "_changed" is not allowed. "_options" is not allowed. "isNewRecord" is not allowed
    at validate (file:///D:/belajar/JavaScript/rest%20api/Pojok%20Code/3.%20rest-api/fullstack-skripsi/be/src/validation/validation.js:9:15)
    at updateUser (file:///D:/belajar/JavaScript/rest%20api/Pojok%20Code/3.%20rest-api/fullstack-skripsi/be/src/controller/user-controller.js:237:28)
    at process.processTicksAndRejections (node:internal/process/task_queues:95:5)
 [LOGGER] 2024-01-14 12:30:15.488 AM error : Error in update user function: "email" must be a valid email. "password" is required. "confirmPassword" is required. "name" is required. "dataValues" is not allowed. "_previousDataValues" is not allowed. "uniqno" is not allowed. "_changed" is not allowed. "_options" is not allowed. "isNewRecord" is not allowed
 [LOGGER] 2024-01-14 12:30:15.492 AM error : Error: "email" must be a valid email. "password" is required. "confirmPassword" is required. "name" is required. "dataValues" is not allowed. "_previousDataValues" is not allowed. "uniqno" is not allowed. "_changed" is not allowed. "_options" is not allowed. "isNewRecord" is not allowed
    at validate (file:///D:/belajar/JavaScript/rest%20api/Pojok%20Code/3.%20rest-api/fullstack-skripsi/be/src/validation/validation.js:9:15)
    at updateUser (file:///D:/belajar/JavaScript/rest%20api/Pojok%20Code/3.%20rest-api/fullstack-skripsi/be/src/controller/user-controller.js:237:28)
    at process.processTicksAndRejections (node:internal/process/task_queues:95:5)
 [LOGGER] 2024-01-14 12:36:59.102 AM error : Error in update user function: "email" must be a valid email. "password" is required. "confirmPassword" is required. "name" is required. "dataValues" is not allowed. "_previousDataValues" is not allowed. "uniqno" is not allowed. "_changed" is not allowed. "_options" is not allowed. "isNewRecord" is not allowed
 [LOGGER] 2024-01-14 12:36:59.107 AM error : Error: "email" must be a valid email. "password" is required. "confirmPassword" is required. "name" is required. "dataValues" is not allowed. "_previousDataValues" is not allowed. "uniqno" is not allowed. "_changed" is not allowed. "_options" is not allowed. "isNewRecord" is not allowed
    at validate (file:///D:/belajar/JavaScript/rest%20api/Pojok%20Code/3.%20rest-api/fullstack-skripsi/be/src/validation/validation.js:9:15)
    at updateUser (file:///D:/belajar/JavaScript/rest%20api/Pojok%20Code/3.%20rest-api/fullstack-skripsi/be/src/controller/user-controller.js:237:28)
    at process.processTicksAndRejections (node:internal/process/task_queues:95:5)
 [LOGGER] 2024-01-14 12:37:59.643 AM error : Error in update user function: Argument passed to findByPk is invalid: [object Object]
 [LOGGER] 2024-01-14 12:37:59.645 AM error : Error: Argument passed to findByPk is invalid: [object Object]
    at User.findByPk (D:\belajar\JavaScript\rest api\Pojok Code\3. rest-api\fullstack-skripsi\be\node_modules\sequelize\lib\model.js:1219:13)
    at updateUser (file:///D:/belajar/JavaScript/rest%20api/Pojok%20Code/3.%20rest-api/fullstack-skripsi/be/src/controller/user-controller.js:227:33)
    at Layer.handle [as handle_request] (D:\belajar\JavaScript\rest api\Pojok Code\3. rest-api\fullstack-skripsi\be\node_modules\express\lib\router\layer.js:95:5)
    at next (D:\belajar\JavaScript\rest api\Pojok Code\3. rest-api\fullstack-skripsi\be\node_modules\express\lib\router\route.js:144:13)
    at Route.dispatch (D:\belajar\JavaScript\rest api\Pojok Code\3. rest-api\fullstack-skripsi\be\node_modules\express\lib\router\route.js:114:3)
    at Layer.handle [as handle_request] (D:\belajar\JavaScript\rest api\Pojok Code\3. rest-api\fullstack-skripsi\be\node_modules\express\lib\router\layer.js:95:5)
    at D:\belajar\JavaScript\rest api\Pojok Code\3. rest-api\fullstack-skripsi\be\node_modules\express\lib\router\index.js:284:15
    at param (D:\belajar\JavaScript\rest api\Pojok Code\3. rest-api\fullstack-skripsi\be\node_modules\express\lib\router\index.js:365:14)
    at param (D:\belajar\JavaScript\rest api\Pojok Code\3. rest-api\fullstack-skripsi\be\node_modules\express\lib\router\index.js:376:14)
    at Function.process_params (D:\belajar\JavaScript\rest api\Pojok Code\3. rest-api\fullstack-skripsi\be\node_modules\express\lib\router\index.js:421:3)
 [LOGGER] 2024-01-14 12:38:15.899 AM error : Error in update user function: "email" must be a valid email. "password" is required. "confirmPassword" is required. "name" is required. "dataValues" is not allowed. "_previousDataValues" is not allowed. "uniqno" is not allowed. "_changed" is not allowed. "_options" is not allowed. "isNewRecord" is not allowed
 [LOGGER] 2024-01-14 12:38:15.902 AM error : Error: "email" must be a valid email. "password" is required. "confirmPassword" is required. "name" is required. "dataValues" is not allowed. "_previousDataValues" is not allowed. "uniqno" is not allowed. "_changed" is not allowed. "_options" is not allowed. "isNewRecord" is not allowed
    at validate (file:///D:/belajar/JavaScript/rest%20api/Pojok%20Code/3.%20rest-api/fullstack-skripsi/be/src/validation/validation.js:9:15)
    at updateUser (file:///D:/belajar/JavaScript/rest%20api/Pojok%20Code/3.%20rest-api/fullstack-skripsi/be/src/controller/user-controller.js:237:28)
    at process.processTicksAndRejections (node:internal/process/task_queues:95:5)
 [LOGGER] 2024-01-14 12:39:17.463 AM error : Error in update user function: "email" must be a valid email. "password" is required. "confirmPassword" is required. "name" is required. "dataValues" is not allowed. "_previousDataValues" is not allowed. "uniqno" is not allowed. "_changed" is not allowed. "_options" is not allowed. "isNewRecord" is not allowed
 [LOGGER] 2024-01-14 12:39:17.467 AM error : Error: "email" must be a valid email. "password" is required. "confirmPassword" is required. "name" is required. "dataValues" is not allowed. "_previousDataValues" is not allowed. "uniqno" is not allowed. "_changed" is not allowed. "_options" is not allowed. "isNewRecord" is not allowed
    at validate (file:///D:/belajar/JavaScript/rest%20api/Pojok%20Code/3.%20rest-api/fullstack-skripsi/be/src/validation/validation.js:9:15)
    at updateUser (file:///D:/belajar/JavaScript/rest%20api/Pojok%20Code/3.%20rest-api/fullstack-skripsi/be/src/controller/user-controller.js:237:28)
    at process.processTicksAndRejections (node:internal/process/task_queues:95:5)
 [LOGGER] 2024-01-14 12:47:36.735 AM error : Error in update user function: "email" must be a valid email. "password" is required. "confirmPassword" is required. "name" is required
 [LOGGER] 2024-01-14 12:47:36.739 AM error : Error: "email" must be a valid email. "password" is required. "confirmPassword" is required. "name" is required
    at validate (file:///D:/belajar/JavaScript/rest%20api/Pojok%20Code/3.%20rest-api/fullstack-skripsi/be/src/validation/validation.js:9:15)
    at updateUser (file:///D:/belajar/JavaScript/rest%20api/Pojok%20Code/3.%20rest-api/fullstack-skripsi/be/src/controller/user-controller.js:237:28)
    at process.processTicksAndRejections (node:internal/process/task_queues:95:5)
 [LOGGER] 2024-01-14 08:15:56.199 AM error : Error in register function: Email already activated
 [LOGGER] 2024-01-14 08:15:56.204 AM error : Error: Email already activated
    at register (file:///D:/belajar/JavaScript/rest%20api/Pojok%20Code/3.%20rest-api/fullstack-skripsi/be/src/controller/user-controller.js:23:19)
    at process.processTicksAndRejections (node:internal/process/task_queues:95:5)
 [LOGGER] 2024-01-14 08:18:52.076 AM error : Error in update user function: "email" is required. "password" is required. "confirmPassword" is required
 [LOGGER] 2024-01-14 08:18:52.077 AM error : Error: "email" is required. "password" is required. "confirmPassword" is required
    at validate (file:///D:/belajar/JavaScript/rest%20api/Pojok%20Code/3.%20rest-api/fullstack-skripsi/be/src/validation/validation.js:9:15)
    at updateUser (file:///D:/belajar/JavaScript/rest%20api/Pojok%20Code/3.%20rest-api/fullstack-skripsi/be/src/controller/user-controller.js:237:28)
    at process.processTicksAndRejections (node:internal/process/task_queues:95:5)
 [LOGGER] 2024-01-14 08:27:00.009 AM error : Error in update user function: "name" is not allowed to be empty
 [LOGGER] 2024-01-14 08:27:00.014 AM error : Error: "name" is not allowed to be empty
    at validate (file:///D:/belajar/JavaScript/rest%20api/Pojok%20Code/3.%20rest-api/fullstack-skripsi/be/src/validation/validation.js:9:15)
    at updateUser (file:///D:/belajar/JavaScript/rest%20api/Pojok%20Code/3.%20rest-api/fullstack-skripsi/be/src/controller/user-controller.js:230:39)
    at process.processTicksAndRejections (node:internal/process/task_queues:95:5)
 [LOGGER] 2024-01-14 08:28:17.493 AM error : Error in update user function: "name" is not allowed to be empty
 [LOGGER] 2024-01-14 08:28:17.496 AM error : Error: "name" is not allowed to be empty
    at validate (file:///D:/belajar/JavaScript/rest%20api/Pojok%20Code/3.%20rest-api/fullstack-skripsi/be/src/validation/validation.js:9:15)
    at updateUser (file:///D:/belajar/JavaScript/rest%20api/Pojok%20Code/3.%20rest-api/fullstack-skripsi/be/src/controller/user-controller.js:230:39)
    at process.processTicksAndRejections (node:internal/process/task_queues:95:5)
 [LOGGER] 2024-01-14 08:28:57.847 AM error : Error in update user function: "name" is not allowed to be empty
 [LOGGER] 2024-01-14 08:28:57.848 AM error : Error: "name" is not allowed to be empty
    at validate (file:///D:/belajar/JavaScript/rest%20api/Pojok%20Code/3.%20rest-api/fullstack-skripsi/be/src/validation/validation.js:9:15)
    at updateUser (file:///D:/belajar/JavaScript/rest%20api/Pojok%20Code/3.%20rest-api/fullstack-skripsi/be/src/controller/user-controller.js:230:39)
    at process.processTicksAndRejections (node:internal/process/task_queues:95:5)
 [LOGGER] 2024-01-14 08:30:42.043 AM error : Error in update user function: User is not found
 [LOGGER] 2024-01-14 08:30:42.045 AM error : Error: User is not found
    at updateUser (file:///D:/belajar/JavaScript/rest%20api/Pojok%20Code/3.%20rest-api/fullstack-skripsi/be/src/controller/user-controller.js:234:19)
    at process.processTicksAndRejections (node:internal/process/task_queues:95:5)
 [LOGGER] 2024-01-14 08:30:48.925 AM error : Error in update user function: "name" is not allowed to be empty
 [LOGGER] 2024-01-14 08:30:48.926 AM error : Error: "name" is not allowed to be empty
    at validate (file:///D:/belajar/JavaScript/rest%20api/Pojok%20Code/3.%20rest-api/fullstack-skripsi/be/src/validation/validation.js:9:15)
    at updateUser (file:///D:/belajar/JavaScript/rest%20api/Pojok%20Code/3.%20rest-api/fullstack-skripsi/be/src/controller/user-controller.js:237:28)
    at process.processTicksAndRejections (node:internal/process/task_queues:95:5)
 [LOGGER] 2024-01-14 08:41:18.646 AM error : Error in update user function: "password" length must be at least 8 characters long
 [LOGGER] 2024-01-14 08:41:18.649 AM error : Error: "password" length must be at least 8 characters long
    at validate (file:///D:/belajar/JavaScript/rest%20api/Pojok%20Code/3.%20rest-api/fullstack-skripsi/be/src/validation/validation.js:9:15)
    at updateUser (file:///D:/belajar/JavaScript/rest%20api/Pojok%20Code/3.%20rest-api/fullstack-skripsi/be/src/controller/user-controller.js:237:28)
    at process.processTicksAndRejections (node:internal/process/task_queues:95:5)
 [LOGGER] 2024-01-14 08:42:09.031 AM error : Error in update user function: "confirmPassword" is required
 [LOGGER] 2024-01-14 08:42:09.034 AM error : Error: "confirmPassword" is required
    at validate (file:///D:/belajar/JavaScript/rest%20api/Pojok%20Code/3.%20rest-api/fullstack-skripsi/be/src/validation/validation.js:9:15)
    at updateUser (file:///D:/belajar/JavaScript/rest%20api/Pojok%20Code/3.%20rest-api/fullstack-skripsi/be/src/controller/user-controller.js:237:28)
    at process.processTicksAndRejections (node:internal/process/task_queues:95:5)
 [LOGGER] 2024-01-14 08:46:21.055 AM error : Error in update user function: "confirmPassword" must be [ref:password]. "confirmPassword" is not allowed to be empty
 [LOGGER] 2024-01-14 08:46:21.059 AM error : Error: "confirmPassword" must be [ref:password]. "confirmPassword" is not allowed to be empty
    at validate (file:///D:/belajar/JavaScript/rest%20api/Pojok%20Code/3.%20rest-api/fullstack-skripsi/be/src/validation/validation.js:9:15)
    at updateUser (file:///D:/belajar/JavaScript/rest%20api/Pojok%20Code/3.%20rest-api/fullstack-skripsi/be/src/controller/user-controller.js:237:28)
    at process.processTicksAndRejections (node:internal/process/task_queues:95:5)
 [LOGGER] 2024-01-14 08:46:46.362 AM error : Error in update user function: "password" length must be at least 8 characters long. "confirmPassword" is required
 [LOGGER] 2024-01-14 08:46:46.363 AM error : Error: "password" length must be at least 8 characters long. "confirmPassword" is required
    at validate (file:///D:/belajar/JavaScript/rest%20api/Pojok%20Code/3.%20rest-api/fullstack-skripsi/be/src/validation/validation.js:9:15)
    at updateUser (file:///D:/belajar/JavaScript/rest%20api/Pojok%20Code/3.%20rest-api/fullstack-skripsi/be/src/controller/user-controller.js:237:28)
    at process.processTicksAndRejections (node:internal/process/task_queues:95:5)
 [LOGGER] 2024-01-14 08:47:03.733 AM error : Error in update user function: "password" length must be at least 8 characters long. "confirmPassword" is required
 [LOGGER] 2024-01-14 08:47:03.736 AM error : Error: "password" length must be at least 8 characters long. "confirmPassword" is required
    at validate (file:///D:/belajar/JavaScript/rest%20api/Pojok%20Code/3.%20rest-api/fullstack-skripsi/be/src/validation/validation.js:9:15)
    at updateUser (file:///D:/belajar/JavaScript/rest%20api/Pojok%20Code/3.%20rest-api/fullstack-skripsi/be/src/controller/user-controller.js:237:28)
    at process.processTicksAndRejections (node:internal/process/task_queues:95:5)
 [LOGGER] 2024-01-14 08:47:18.424 AM error : Error in update user function: "confirmPassword" is required
 [LOGGER] 2024-01-14 08:47:18.425 AM error : Error: "confirmPassword" is required
    at validate (file:///D:/belajar/JavaScript/rest%20api/Pojok%20Code/3.%20rest-api/fullstack-skripsi/be/src/validation/validation.js:9:15)
    at updateUser (file:///D:/belajar/JavaScript/rest%20api/Pojok%20Code/3.%20rest-api/fullstack-skripsi/be/src/controller/user-controller.js:237:28)
    at process.processTicksAndRejections (node:internal/process/task_queues:95:5)
 [LOGGER] 2024-01-14 08:47:41.245 AM error : Error in update user function: "confirmPassword" is required
 [LOGGER] 2024-01-14 08:47:41.248 AM error : Error: "confirmPassword" is required
    at validate (file:///D:/belajar/JavaScript/rest%20api/Pojok%20Code/3.%20rest-api/fullstack-skripsi/be/src/validation/validation.js:9:15)
    at updateUser (file:///D:/belajar/JavaScript/rest%20api/Pojok%20Code/3.%20rest-api/fullstack-skripsi/be/src/controller/user-controller.js:237:28)
    at process.processTicksAndRejections (node:internal/process/task_queues:95:5)
 [LOGGER] 2024-01-14 08:47:50.636 AM error : Error in update user function: "confirmPassword" is required
 [LOGGER] 2024-01-14 08:47:50.639 AM error : Error: "confirmPassword" is required
    at validate (file:///D:/belajar/JavaScript/rest%20api/Pojok%20Code/3.%20rest-api/fullstack-skripsi/be/src/validation/validation.js:9:15)
    at updateUser (file:///D:/belajar/JavaScript/rest%20api/Pojok%20Code/3.%20rest-api/fullstack-skripsi/be/src/controller/user-controller.js:237:28)
    at process.processTicksAndRejections (node:internal/process/task_queues:95:5)
 [LOGGER] 2024-01-14 08:48:12.551 AM error : Error in update user function: "confirmPassword" is required
 [LOGGER] 2024-01-14 08:48:12.551 AM error : Error: "confirmPassword" is required
    at validate (file:///D:/belajar/JavaScript/rest%20api/Pojok%20Code/3.%20rest-api/fullstack-skripsi/be/src/validation/validation.js:9:15)
    at updateUser (file:///D:/belajar/JavaScript/rest%20api/Pojok%20Code/3.%20rest-api/fullstack-skripsi/be/src/controller/user-controller.js:237:28)
    at process.processTicksAndRejections (node:internal/process/task_queues:95:5)
 [LOGGER] 2024-01-14 08:49:16.283 AM error : Error in update user function: "password" length must be at least 8 characters long
 [LOGGER] 2024-01-14 08:49:16.287 AM error : Error: "password" length must be at least 8 characters long
    at validate (file:///D:/belajar/JavaScript/rest%20api/Pojok%20Code/3.%20rest-api/fullstack-skripsi/be/src/validation/validation.js:9:15)
    at updateUser (file:///D:/belajar/JavaScript/rest%20api/Pojok%20Code/3.%20rest-api/fullstack-skripsi/be/src/controller/user-controller.js:237:28)
    at process.processTicksAndRejections (node:internal/process/task_queues:95:5)
 [LOGGER] 2024-01-14 08:49:44.234 AM error : Error in update user function: "password" is not allowed
 [LOGGER] 2024-01-14 08:49:44.237 AM error : Error: "password" is not allowed
    at validate (file:///D:/belajar/JavaScript/rest%20api/Pojok%20Code/3.%20rest-api/fullstack-skripsi/be/src/validation/validation.js:9:15)
    at updateUser (file:///D:/belajar/JavaScript/rest%20api/Pojok%20Code/3.%20rest-api/fullstack-skripsi/be/src/controller/user-controller.js:237:28)
    at process.processTicksAndRejections (node:internal/process/task_queues:95:5)
 [LOGGER] 2024-01-14 08:53:52.384 AM error : Error in update user function: "dataValues" is not allowed. "_previousDataValues" is not allowed. "uniqno" is not allowed. "_changed" is not allowed. "_options" is not allowed. "isNewRecord" is not allowed
 [LOGGER] 2024-01-14 08:53:52.387 AM error : Error: "dataValues" is not allowed. "_previousDataValues" is not allowed. "uniqno" is not allowed. "_changed" is not allowed. "_options" is not allowed. "isNewRecord" is not allowed
    at validate (file:///D:/belajar/JavaScript/rest%20api/Pojok%20Code/3.%20rest-api/fullstack-skripsi/be/src/validation/validation.js:9:15)
    at updateUser (file:///D:/belajar/JavaScript/rest%20api/Pojok%20Code/3.%20rest-api/fullstack-skripsi/be/src/controller/user-controller.js:237:28)
    at process.processTicksAndRejections (node:internal/process/task_queues:95:5)
 [LOGGER] 2024-01-14 09:11:47.431 AM error : Error in update user function: "value" must have at least 1 key
 [LOGGER] 2024-01-14 09:11:47.435 AM error : Error: "value" must have at least 1 key
    at validate (file:///D:/belajar/JavaScript/rest%20api/Pojok%20Code/3.%20rest-api/fullstack-skripsi/be/src/validation/validation.js:9:15)
    at updateUser (file:///D:/belajar/JavaScript/rest%20api/Pojok%20Code/3.%20rest-api/fullstack-skripsi/be/src/controller/user-controller.js:237:28)
    at process.processTicksAndRejections (node:internal/process/task_queues:95:5)
 [LOGGER] 2024-01-14 09:12:36.838 AM error : Error in update user function: "value" must have at least 1 key
 [LOGGER] 2024-01-14 09:12:36.849 AM error : Error: "value" must have at least 1 key
    at validate (file:///D:/belajar/JavaScript/rest%20api/Pojok%20Code/3.%20rest-api/fullstack-skripsi/be/src/validation/validation.js:9:15)
    at updateUser (file:///D:/belajar/JavaScript/rest%20api/Pojok%20Code/3.%20rest-api/fullstack-skripsi/be/src/controller/user-controller.js:237:28)
    at process.processTicksAndRejections (node:internal/process/task_queues:95:5)
