 [LOGGER] 2024-06-03 12:05:51.116 AM ERROR : Error in get review function: User is not associated to Reviews!
 [LOGGER] 2024-06-03 12:05:51.120 AM ERROR : SequelizeEagerLoadingError: User is not associated to Reviews!
    at Reviews._getIncludedAssociation (D:\tugas kuliah\skripsi\Website Skripsi\BE\node_modules\sequelize\lib\model.js:565:13)
    at Reviews._validateIncludedElement (D:\tugas kuliah\skripsi\Website Skripsi\BE\node_modules\sequelize\lib\model.js:502:53)
    at D:\tugas kuliah\skripsi\Website Skripsi\BE\node_modules\sequelize\lib\model.js:421:37
    at Array.map (<anonymous>)
    at Reviews._validateIncludedElements (D:\tugas kuliah\skripsi\Website Skripsi\BE\node_modules\sequelize\lib\model.js:417:39)
    at Reviews.findAll (D:\tugas kuliah\skripsi\Website Skripsi\BE\node_modules\sequelize\lib\model.js:1124:12)
    at process.processTicksAndRejections (node:internal/process/task_queues:95:5)
    at async getReview (file:///D:/tugas%20kuliah/skripsi/Website%20Skripsi/BE/src/controller/review-controller.js:33:24)
 [LOGGER] 2024-06-03 08:18:09.010 AM ERROR : Error in get review function: User is not associated to Reviews!
 [LOGGER] 2024-06-03 08:18:09.014 AM ERROR : SequelizeEagerLoadingError: User is not associated to Reviews!
    at Reviews._getIncludedAssociation (D:\tugas kuliah\skripsi\Website Skripsi\BE\node_modules\sequelize\lib\model.js:565:13)
    at Reviews._validateIncludedElement (D:\tugas kuliah\skripsi\Website Skripsi\BE\node_modules\sequelize\lib\model.js:502:53)
    at D:\tugas kuliah\skripsi\Website Skripsi\BE\node_modules\sequelize\lib\model.js:421:37
    at Array.map (<anonymous>)
    at Reviews._validateIncludedElements (D:\tugas kuliah\skripsi\Website Skripsi\BE\node_modules\sequelize\lib\model.js:417:39)
    at Reviews.findAll (D:\tugas kuliah\skripsi\Website Skripsi\BE\node_modules\sequelize\lib\model.js:1124:12)
    at process.processTicksAndRejections (node:internal/process/task_queues:95:5)
    at async getReview (file:///D:/tugas%20kuliah/skripsi/Website%20Skripsi/BE/src/controller/review-controller.js:33:24)
 [LOGGER] 2024-06-03 08:18:20.202 AM ERROR : Error in get review function: Menu is not associated to Reviews!
 [LOGGER] 2024-06-03 08:18:20.206 AM ERROR : SequelizeEagerLoadingError: Menu is not associated to Reviews!
    at Reviews._getIncludedAssociation (D:\tugas kuliah\skripsi\Website Skripsi\BE\node_modules\sequelize\lib\model.js:565:13)
    at Reviews._validateIncludedElement (D:\tugas kuliah\skripsi\Website Skripsi\BE\node_modules\sequelize\lib\model.js:502:53)
    at D:\tugas kuliah\skripsi\Website Skripsi\BE\node_modules\sequelize\lib\model.js:421:37
    at Array.map (<anonymous>)
    at Reviews._validateIncludedElements (D:\tugas kuliah\skripsi\Website Skripsi\BE\node_modules\sequelize\lib\model.js:417:39)
    at Reviews.findAll (D:\tugas kuliah\skripsi\Website Skripsi\BE\node_modules\sequelize\lib\model.js:1124:12)
    at process.processTicksAndRejections (node:internal/process/task_queues:95:5)
    at async getReview (file:///D:/tugas%20kuliah/skripsi/Website%20Skripsi/BE/src/controller/review-controller.js:33:24)
 [LOGGER] 2024-06-03 08:19:37.348 AM ERROR : Error in login function: [object Object]
 [LOGGER] 2024-06-03 08:19:37.351 AM ERROR : Error: [object Object]
    at validate (file:///D:/tugas%20kuliah/skripsi/Website%20Skripsi/BE/src/validation/validation.js:23:15)
    at login (file:///D:/tugas%20kuliah/skripsi/Website%20Skripsi/BE/src/controller/user-controller.js:190:33)
    at Layer.handle [as handle_request] (D:\tugas kuliah\skripsi\Website Skripsi\BE\node_modules\express\lib\router\layer.js:95:5)
    at next (D:\tugas kuliah\skripsi\Website Skripsi\BE\node_modules\express\lib\router\route.js:144:13)
    at Route.dispatch (D:\tugas kuliah\skripsi\Website Skripsi\BE\node_modules\express\lib\router\route.js:114:3)
    at Layer.handle [as handle_request] (D:\tugas kuliah\skripsi\Website Skripsi\BE\node_modules\express\lib\router\layer.js:95:5)
    at D:\tugas kuliah\skripsi\Website Skripsi\BE\node_modules\express\lib\router\index.js:284:15
    at Function.process_params (D:\tugas kuliah\skripsi\Website Skripsi\BE\node_modules\express\lib\router\index.js:346:12)
    at next (D:\tugas kuliah\skripsi\Website Skripsi\BE\node_modules\express\lib\router\index.js:280:10)
    at Function.handle (D:\tugas kuliah\skripsi\Website Skripsi\BE\node_modules\express\lib\router\index.js:175:3)
 [LOGGER] 2024-06-03 08:26:26.670 AM ERROR : uncaughtException: Cannot access 'Menu' before initialization
ReferenceError: Cannot access 'Menu' before initialization
    at file:///D:/tugas%20kuliah/skripsi/Website%20Skripsi/BE/src/model/review-model.js:24:20
    at ModuleJob.run (node:internal/modules/esm/module_job:194:25)
