 [LOGGER] 2024-04-26 08:55:01.211 AM ERROR : Error in get province function getaddrinfo ENOTFOUND api.rajaongkir.com
 [LOGGER] 2024-04-26 08:55:03.048 AM ERROR : Error: getaddrinfo ENOTFOUND api.rajaongkir.com
    at AxiosError.from (file:///D:/tugas%20kuliah/skripsi/Website%20Skripsi/BE/node_modules/axios/lib/core/AxiosError.js:89:14)
    at RedirectableRequest.handleRequestError (file:///D:/tugas%20kuliah/skripsi/Website%20Skripsi/BE/node_modules/axios/lib/adapters/http.js:610:25)
    at RedirectableRequest.emit (node:events:514:28)
    at eventHandlers.<computed> (D:\tugas kuliah\skripsi\Website Skripsi\BE\node_modules\follow-redirects\index.js:38:24)
    at ClientRequest.emit (node:events:514:28)
    at TLSSocket.socketErrorListener (node:_http_client:501:9)
    at TLSSocket.emit (node:events:514:28)
    at emitErrorNT (node:internal/streams/destroy:151:8)
    at emitErrorCloseNT (node:internal/streams/destroy:116:3)
    at process.processTicksAndRejections (node:internal/process/task_queues:82:21)
    at Axios.request (file:///D:/tugas%20kuliah/skripsi/Website%20Skripsi/BE/node_modules/axios/lib/core/Axios.js:45:41)
    at process.processTicksAndRejections (node:internal/process/task_queues:95:5)
    at async province (file:///D:/tugas%20kuliah/skripsi/Website%20Skripsi/BE/src/controller/ongkir-controller.js:12:26)
 [LOGGER] 2024-04-26 08:55:16.555 AM ERROR : Error in get province function getaddrinfo ENOTFOUND api.rajaongkir.com
 [LOGGER] 2024-04-26 08:55:16.561 AM ERROR : Error: getaddrinfo ENOTFOUND api.rajaongkir.com
    at AxiosError.from (file:///D:/tugas%20kuliah/skripsi/Website%20Skripsi/BE/node_modules/axios/lib/core/AxiosError.js:89:14)
    at RedirectableRequest.handleRequestError (file:///D:/tugas%20kuliah/skripsi/Website%20Skripsi/BE/node_modules/axios/lib/adapters/http.js:610:25)
    at RedirectableRequest.emit (node:events:514:28)
    at eventHandlers.<computed> (D:\tugas kuliah\skripsi\Website Skripsi\BE\node_modules\follow-redirects\index.js:38:24)
    at ClientRequest.emit (node:events:514:28)
    at TLSSocket.socketErrorListener (node:_http_client:501:9)
    at TLSSocket.emit (node:events:514:28)
    at emitErrorNT (node:internal/streams/destroy:151:8)
    at emitErrorCloseNT (node:internal/streams/destroy:116:3)
    at process.processTicksAndRejections (node:internal/process/task_queues:82:21)
    at Axios.request (file:///D:/tugas%20kuliah/skripsi/Website%20Skripsi/BE/node_modules/axios/lib/core/Axios.js:45:41)
    at process.processTicksAndRejections (node:internal/process/task_queues:95:5)
    at async province (file:///D:/tugas%20kuliah/skripsi/Website%20Skripsi/BE/src/controller/ongkir-controller.js:12:26)
 [LOGGER] 2024-04-26 08:55:59.093 AM ERROR : Error in get province function getaddrinfo ENOTFOUND api.rajaongkir.com
 [LOGGER] 2024-04-26 08:55:59.094 AM ERROR : Error: getaddrinfo ENOTFOUND api.rajaongkir.com
    at AxiosError.from (file:///D:/tugas%20kuliah/skripsi/Website%20Skripsi/BE/node_modules/axios/lib/core/AxiosError.js:89:14)
    at RedirectableRequest.handleRequestError (file:///D:/tugas%20kuliah/skripsi/Website%20Skripsi/BE/node_modules/axios/lib/adapters/http.js:610:25)
    at RedirectableRequest.emit (node:events:514:28)
    at eventHandlers.<computed> (D:\tugas kuliah\skripsi\Website Skripsi\BE\node_modules\follow-redirects\index.js:38:24)
    at ClientRequest.emit (node:events:514:28)
    at TLSSocket.socketErrorListener (node:_http_client:501:9)
    at TLSSocket.emit (node:events:514:28)
    at emitErrorNT (node:internal/streams/destroy:151:8)
    at emitErrorCloseNT (node:internal/streams/destroy:116:3)
    at process.processTicksAndRejections (node:internal/process/task_queues:82:21)
    at Axios.request (file:///D:/tugas%20kuliah/skripsi/Website%20Skripsi/BE/node_modules/axios/lib/core/Axios.js:45:41)
    at process.processTicksAndRejections (node:internal/process/task_queues:95:5)
    at async province (file:///D:/tugas%20kuliah/skripsi/Website%20Skripsi/BE/src/controller/ongkir-controller.js:12:26)
 [LOGGER] 2024-04-26 08:57:59.357 AM ERROR : Error in get province function getaddrinfo ENOTFOUND api.rajaongkir.com
 [LOGGER] 2024-04-26 08:57:59.357 AM ERROR : Error: getaddrinfo ENOTFOUND api.rajaongkir.com
    at AxiosError.from (file:///D:/tugas%20kuliah/skripsi/Website%20Skripsi/BE/node_modules/axios/lib/core/AxiosError.js:89:14)
    at RedirectableRequest.handleRequestError (file:///D:/tugas%20kuliah/skripsi/Website%20Skripsi/BE/node_modules/axios/lib/adapters/http.js:610:25)
    at RedirectableRequest.emit (node:events:514:28)
    at eventHandlers.<computed> (D:\tugas kuliah\skripsi\Website Skripsi\BE\node_modules\follow-redirects\index.js:38:24)
    at ClientRequest.emit (node:events:514:28)
    at TLSSocket.socketErrorListener (node:_http_client:501:9)
    at TLSSocket.emit (node:events:514:28)
    at emitErrorNT (node:internal/streams/destroy:151:8)
    at emitErrorCloseNT (node:internal/streams/destroy:116:3)
    at process.processTicksAndRejections (node:internal/process/task_queues:82:21)
    at Axios.request (file:///D:/tugas%20kuliah/skripsi/Website%20Skripsi/BE/node_modules/axios/lib/core/Axios.js:45:41)
    at process.processTicksAndRejections (node:internal/process/task_queues:95:5)
    at async province (file:///D:/tugas%20kuliah/skripsi/Website%20Skripsi/BE/src/controller/ongkir-controller.js:12:26)
 [LOGGER] 2024-04-26 08:59:30.036 AM ERROR : Error in get province function getaddrinfo ENOTFOUND api.rajaongkir.com
 [LOGGER] 2024-04-26 08:59:30.038 AM ERROR : Error: getaddrinfo ENOTFOUND api.rajaongkir.com
    at AxiosError.from (file:///D:/tugas%20kuliah/skripsi/Website%20Skripsi/BE/node_modules/axios/lib/core/AxiosError.js:89:14)
    at RedirectableRequest.handleRequestError (file:///D:/tugas%20kuliah/skripsi/Website%20Skripsi/BE/node_modules/axios/lib/adapters/http.js:610:25)
    at RedirectableRequest.emit (node:events:514:28)
    at eventHandlers.<computed> (D:\tugas kuliah\skripsi\Website Skripsi\BE\node_modules\follow-redirects\index.js:38:24)
    at ClientRequest.emit (node:events:514:28)
    at TLSSocket.socketErrorListener (node:_http_client:501:9)
    at TLSSocket.emit (node:events:514:28)
    at emitErrorNT (node:internal/streams/destroy:151:8)
    at emitErrorCloseNT (node:internal/streams/destroy:116:3)
    at process.processTicksAndRejections (node:internal/process/task_queues:82:21)
    at Axios.request (file:///D:/tugas%20kuliah/skripsi/Website%20Skripsi/BE/node_modules/axios/lib/core/Axios.js:45:41)
    at process.processTicksAndRejections (node:internal/process/task_queues:95:5)
    at async province (file:///D:/tugas%20kuliah/skripsi/Website%20Skripsi/BE/src/controller/ongkir-controller.js:12:26)
 [LOGGER] 2024-04-26 09:01:23.676 AM ERROR : Error in get province function getaddrinfo ENOTFOUND api.rajaongkir.com
 [LOGGER] 2024-04-26 09:01:23.677 AM ERROR : Error: getaddrinfo ENOTFOUND api.rajaongkir.com
    at AxiosError.from (file:///D:/tugas%20kuliah/skripsi/Website%20Skripsi/BE/node_modules/axios/lib/core/AxiosError.js:89:14)
    at RedirectableRequest.handleRequestError (file:///D:/tugas%20kuliah/skripsi/Website%20Skripsi/BE/node_modules/axios/lib/adapters/http.js:610:25)
    at RedirectableRequest.emit (node:events:514:28)
    at eventHandlers.<computed> (D:\tugas kuliah\skripsi\Website Skripsi\BE\node_modules\follow-redirects\index.js:38:24)
    at ClientRequest.emit (node:events:514:28)
    at TLSSocket.socketErrorListener (node:_http_client:501:9)
    at TLSSocket.emit (node:events:514:28)
    at emitErrorNT (node:internal/streams/destroy:151:8)
    at emitErrorCloseNT (node:internal/streams/destroy:116:3)
    at process.processTicksAndRejections (node:internal/process/task_queues:82:21)
    at Axios.request (file:///D:/tugas%20kuliah/skripsi/Website%20Skripsi/BE/node_modules/axios/lib/core/Axios.js:45:41)
    at process.processTicksAndRejections (node:internal/process/task_queues:95:5)
    at async province (file:///D:/tugas%20kuliah/skripsi/Website%20Skripsi/BE/src/controller/ongkir-controller.js:12:26)
 [LOGGER] 2024-04-26 09:48:22.439 AM ERROR : Error in get province function getaddrinfo ENOTFOUND api.rajaongkir.com
 [LOGGER] 2024-04-26 09:48:22.441 AM ERROR : Error: getaddrinfo ENOTFOUND api.rajaongkir.com
    at AxiosError.from (file:///D:/tugas%20kuliah/skripsi/Website%20Skripsi/BE/node_modules/axios/lib/core/AxiosError.js:89:14)
    at RedirectableRequest.handleRequestError (file:///D:/tugas%20kuliah/skripsi/Website%20Skripsi/BE/node_modules/axios/lib/adapters/http.js:610:25)
    at RedirectableRequest.emit (node:events:514:28)
    at eventHandlers.<computed> (D:\tugas kuliah\skripsi\Website Skripsi\BE\node_modules\follow-redirects\index.js:38:24)
    at ClientRequest.emit (node:events:514:28)
    at TLSSocket.socketErrorListener (node:_http_client:501:9)
    at TLSSocket.emit (node:events:514:28)
    at emitErrorNT (node:internal/streams/destroy:151:8)
    at emitErrorCloseNT (node:internal/streams/destroy:116:3)
    at process.processTicksAndRejections (node:internal/process/task_queues:82:21)
    at Axios.request (file:///D:/tugas%20kuliah/skripsi/Website%20Skripsi/BE/node_modules/axios/lib/core/Axios.js:45:41)
    at process.processTicksAndRejections (node:internal/process/task_queues:95:5)
    at async province (file:///D:/tugas%20kuliah/skripsi/Website%20Skripsi/BE/src/controller/ongkir-controller.js:12:26)
 [LOGGER] 2024-04-26 09:48:30.109 AM ERROR : Error in get province function getaddrinfo ENOTFOUND api.rajaongkir.com
 [LOGGER] 2024-04-26 09:48:30.110 AM ERROR : Error: getaddrinfo ENOTFOUND api.rajaongkir.com
    at AxiosError.from (file:///D:/tugas%20kuliah/skripsi/Website%20Skripsi/BE/node_modules/axios/lib/core/AxiosError.js:89:14)
    at RedirectableRequest.handleRequestError (file:///D:/tugas%20kuliah/skripsi/Website%20Skripsi/BE/node_modules/axios/lib/adapters/http.js:610:25)
    at RedirectableRequest.emit (node:events:514:28)
    at eventHandlers.<computed> (D:\tugas kuliah\skripsi\Website Skripsi\BE\node_modules\follow-redirects\index.js:38:24)
    at ClientRequest.emit (node:events:514:28)
    at TLSSocket.socketErrorListener (node:_http_client:501:9)
    at TLSSocket.emit (node:events:514:28)
    at emitErrorNT (node:internal/streams/destroy:151:8)
    at emitErrorCloseNT (node:internal/streams/destroy:116:3)
    at process.processTicksAndRejections (node:internal/process/task_queues:82:21)
    at Axios.request (file:///D:/tugas%20kuliah/skripsi/Website%20Skripsi/BE/node_modules/axios/lib/core/Axios.js:45:41)
    at process.processTicksAndRejections (node:internal/process/task_queues:95:5)
    at async province (file:///D:/tugas%20kuliah/skripsi/Website%20Skripsi/BE/src/controller/ongkir-controller.js:12:26)
 [LOGGER] 2024-04-26 09:48:37.096 AM ERROR : Error in get province function getaddrinfo ENOTFOUND api.rajaongkir.com
 [LOGGER] 2024-04-26 09:48:37.102 AM ERROR : Error: getaddrinfo ENOTFOUND api.rajaongkir.com
    at AxiosError.from (file:///D:/tugas%20kuliah/skripsi/Website%20Skripsi/BE/node_modules/axios/lib/core/AxiosError.js:89:14)
    at RedirectableRequest.handleRequestError (file:///D:/tugas%20kuliah/skripsi/Website%20Skripsi/BE/node_modules/axios/lib/adapters/http.js:610:25)
    at RedirectableRequest.emit (node:events:514:28)
    at eventHandlers.<computed> (D:\tugas kuliah\skripsi\Website Skripsi\BE\node_modules\follow-redirects\index.js:38:24)
    at ClientRequest.emit (node:events:514:28)
    at TLSSocket.socketErrorListener (node:_http_client:501:9)
    at TLSSocket.emit (node:events:514:28)
    at emitErrorNT (node:internal/streams/destroy:151:8)
    at emitErrorCloseNT (node:internal/streams/destroy:116:3)
    at process.processTicksAndRejections (node:internal/process/task_queues:82:21)
    at Axios.request (file:///D:/tugas%20kuliah/skripsi/Website%20Skripsi/BE/node_modules/axios/lib/core/Axios.js:45:41)
    at process.processTicksAndRejections (node:internal/process/task_queues:95:5)
    at async province (file:///D:/tugas%20kuliah/skripsi/Website%20Skripsi/BE/src/controller/ongkir-controller.js:12:26)
 [LOGGER] 2024-04-26 09:51:07.712 AM ERROR : Error in get province function getaddrinfo ENOTFOUND api.rajaongkir.com
 [LOGGER] 2024-04-26 09:51:07.712 AM ERROR : Error: getaddrinfo ENOTFOUND api.rajaongkir.com
    at AxiosError.from (file:///D:/tugas%20kuliah/skripsi/Website%20Skripsi/BE/node_modules/axios/lib/core/AxiosError.js:89:14)
    at RedirectableRequest.handleRequestError (file:///D:/tugas%20kuliah/skripsi/Website%20Skripsi/BE/node_modules/axios/lib/adapters/http.js:610:25)
    at RedirectableRequest.emit (node:events:514:28)
    at eventHandlers.<computed> (D:\tugas kuliah\skripsi\Website Skripsi\BE\node_modules\follow-redirects\index.js:38:24)
    at ClientRequest.emit (node:events:514:28)
    at TLSSocket.socketErrorListener (node:_http_client:501:9)
    at TLSSocket.emit (node:events:514:28)
    at emitErrorNT (node:internal/streams/destroy:151:8)
    at emitErrorCloseNT (node:internal/streams/destroy:116:3)
    at process.processTicksAndRejections (node:internal/process/task_queues:82:21)
    at Axios.request (file:///D:/tugas%20kuliah/skripsi/Website%20Skripsi/BE/node_modules/axios/lib/core/Axios.js:45:41)
    at process.processTicksAndRejections (node:internal/process/task_queues:95:5)
    at async province (file:///D:/tugas%20kuliah/skripsi/Website%20Skripsi/BE/src/controller/ongkir-controller.js:12:26)
 [LOGGER] 2024-04-26 09:51:10.616 AM ERROR : Error in get province function getaddrinfo ENOTFOUND api.rajaongkir.com
 [LOGGER] 2024-04-26 09:51:10.617 AM ERROR : Error: getaddrinfo ENOTFOUND api.rajaongkir.com
    at AxiosError.from (file:///D:/tugas%20kuliah/skripsi/Website%20Skripsi/BE/node_modules/axios/lib/core/AxiosError.js:89:14)
    at RedirectableRequest.handleRequestError (file:///D:/tugas%20kuliah/skripsi/Website%20Skripsi/BE/node_modules/axios/lib/adapters/http.js:610:25)
    at RedirectableRequest.emit (node:events:514:28)
    at eventHandlers.<computed> (D:\tugas kuliah\skripsi\Website Skripsi\BE\node_modules\follow-redirects\index.js:38:24)
    at ClientRequest.emit (node:events:514:28)
    at TLSSocket.socketErrorListener (node:_http_client:501:9)
    at TLSSocket.emit (node:events:514:28)
    at emitErrorNT (node:internal/streams/destroy:151:8)
    at emitErrorCloseNT (node:internal/streams/destroy:116:3)
    at process.processTicksAndRejections (node:internal/process/task_queues:82:21)
    at Axios.request (file:///D:/tugas%20kuliah/skripsi/Website%20Skripsi/BE/node_modules/axios/lib/core/Axios.js:45:41)
    at process.processTicksAndRejections (node:internal/process/task_queues:95:5)
    at async province (file:///D:/tugas%20kuliah/skripsi/Website%20Skripsi/BE/src/controller/ongkir-controller.js:12:26)
 [LOGGER] 2024-04-26 09:51:50.296 AM ERROR : Error in get province function getaddrinfo ENOTFOUND api.rajaongkir.com
 [LOGGER] 2024-04-26 09:51:50.297 AM ERROR : Error: getaddrinfo ENOTFOUND api.rajaongkir.com
    at AxiosError.from (file:///D:/tugas%20kuliah/skripsi/Website%20Skripsi/BE/node_modules/axios/lib/core/AxiosError.js:89:14)
    at RedirectableRequest.handleRequestError (file:///D:/tugas%20kuliah/skripsi/Website%20Skripsi/BE/node_modules/axios/lib/adapters/http.js:610:25)
    at RedirectableRequest.emit (node:events:514:28)
    at eventHandlers.<computed> (D:\tugas kuliah\skripsi\Website Skripsi\BE\node_modules\follow-redirects\index.js:38:24)
    at ClientRequest.emit (node:events:514:28)
    at TLSSocket.socketErrorListener (node:_http_client:501:9)
    at TLSSocket.emit (node:events:514:28)
    at emitErrorNT (node:internal/streams/destroy:151:8)
    at emitErrorCloseNT (node:internal/streams/destroy:116:3)
    at process.processTicksAndRejections (node:internal/process/task_queues:82:21)
    at Axios.request (file:///D:/tugas%20kuliah/skripsi/Website%20Skripsi/BE/node_modules/axios/lib/core/Axios.js:45:41)
    at process.processTicksAndRejections (node:internal/process/task_queues:95:5)
    at async province (file:///D:/tugas%20kuliah/skripsi/Website%20Skripsi/BE/src/controller/ongkir-controller.js:12:26)
 [LOGGER] 2024-04-26 09:52:00.770 AM ERROR : Error in get province function getaddrinfo ENOTFOUND api.rajaongkir.com
 [LOGGER] 2024-04-26 09:52:00.771 AM ERROR : Error: getaddrinfo ENOTFOUND api.rajaongkir.com
    at AxiosError.from (file:///D:/tugas%20kuliah/skripsi/Website%20Skripsi/BE/node_modules/axios/lib/core/AxiosError.js:89:14)
    at RedirectableRequest.handleRequestError (file:///D:/tugas%20kuliah/skripsi/Website%20Skripsi/BE/node_modules/axios/lib/adapters/http.js:610:25)
    at RedirectableRequest.emit (node:events:514:28)
    at eventHandlers.<computed> (D:\tugas kuliah\skripsi\Website Skripsi\BE\node_modules\follow-redirects\index.js:38:24)
    at ClientRequest.emit (node:events:514:28)
    at TLSSocket.socketErrorListener (node:_http_client:501:9)
    at TLSSocket.emit (node:events:514:28)
    at emitErrorNT (node:internal/streams/destroy:151:8)
    at emitErrorCloseNT (node:internal/streams/destroy:116:3)
    at process.processTicksAndRejections (node:internal/process/task_queues:82:21)
    at Axios.request (file:///D:/tugas%20kuliah/skripsi/Website%20Skripsi/BE/node_modules/axios/lib/core/Axios.js:45:41)
    at process.processTicksAndRejections (node:internal/process/task_queues:95:5)
    at async province (file:///D:/tugas%20kuliah/skripsi/Website%20Skripsi/BE/src/controller/ongkir-controller.js:12:26)
 [LOGGER] 2024-04-26 09:57:00.809 AM ERROR : Error in get province function getaddrinfo ENOTFOUND api.rajaongkir.com
 [LOGGER] 2024-04-26 09:57:00.810 AM ERROR : Error: getaddrinfo ENOTFOUND api.rajaongkir.com
    at AxiosError.from (file:///D:/tugas%20kuliah/skripsi/Website%20Skripsi/BE/node_modules/axios/lib/core/AxiosError.js:89:14)
    at RedirectableRequest.handleRequestError (file:///D:/tugas%20kuliah/skripsi/Website%20Skripsi/BE/node_modules/axios/lib/adapters/http.js:610:25)
    at RedirectableRequest.emit (node:events:514:28)
    at eventHandlers.<computed> (D:\tugas kuliah\skripsi\Website Skripsi\BE\node_modules\follow-redirects\index.js:38:24)
    at ClientRequest.emit (node:events:514:28)
    at TLSSocket.socketErrorListener (node:_http_client:501:9)
    at TLSSocket.emit (node:events:514:28)
    at emitErrorNT (node:internal/streams/destroy:151:8)
    at emitErrorCloseNT (node:internal/streams/destroy:116:3)
    at process.processTicksAndRejections (node:internal/process/task_queues:82:21)
    at Axios.request (file:///D:/tugas%20kuliah/skripsi/Website%20Skripsi/BE/node_modules/axios/lib/core/Axios.js:45:41)
    at process.processTicksAndRejections (node:internal/process/task_queues:95:5)
    at async province (file:///D:/tugas%20kuliah/skripsi/Website%20Skripsi/BE/src/controller/ongkir-controller.js:12:26)
 [LOGGER] 2024-04-26 10:05:14.021 AM ERROR : Error in get province function getaddrinfo ENOTFOUND api.rajaongkir.com
 [LOGGER] 2024-04-26 10:05:14.022 AM ERROR : Error: getaddrinfo ENOTFOUND api.rajaongkir.com
    at AxiosError.from (file:///D:/tugas%20kuliah/skripsi/Website%20Skripsi/BE/node_modules/axios/lib/core/AxiosError.js:89:14)
    at RedirectableRequest.handleRequestError (file:///D:/tugas%20kuliah/skripsi/Website%20Skripsi/BE/node_modules/axios/lib/adapters/http.js:610:25)
    at RedirectableRequest.emit (node:events:514:28)
    at eventHandlers.<computed> (D:\tugas kuliah\skripsi\Website Skripsi\BE\node_modules\follow-redirects\index.js:38:24)
    at ClientRequest.emit (node:events:514:28)
    at TLSSocket.socketErrorListener (node:_http_client:501:9)
    at TLSSocket.emit (node:events:514:28)
    at emitErrorNT (node:internal/streams/destroy:151:8)
    at emitErrorCloseNT (node:internal/streams/destroy:116:3)
    at process.processTicksAndRejections (node:internal/process/task_queues:82:21)
    at Axios.request (file:///D:/tugas%20kuliah/skripsi/Website%20Skripsi/BE/node_modules/axios/lib/core/Axios.js:45:41)
    at process.processTicksAndRejections (node:internal/process/task_queues:95:5)
    at async province (file:///D:/tugas%20kuliah/skripsi/Website%20Skripsi/BE/src/controller/ongkir-controller.js:12:26)
 [LOGGER] 2024-04-26 10:06:21.702 AM ERROR : Error in get province function getaddrinfo ENOTFOUND api.rajaongkir.com
 [LOGGER] 2024-04-26 10:06:21.702 AM ERROR : Error: getaddrinfo ENOTFOUND api.rajaongkir.com
    at AxiosError.from (file:///D:/tugas%20kuliah/skripsi/Website%20Skripsi/BE/node_modules/axios/lib/core/AxiosError.js:89:14)
    at RedirectableRequest.handleRequestError (file:///D:/tugas%20kuliah/skripsi/Website%20Skripsi/BE/node_modules/axios/lib/adapters/http.js:610:25)
    at RedirectableRequest.emit (node:events:514:28)
    at eventHandlers.<computed> (D:\tugas kuliah\skripsi\Website Skripsi\BE\node_modules\follow-redirects\index.js:38:24)
    at ClientRequest.emit (node:events:514:28)
    at TLSSocket.socketErrorListener (node:_http_client:501:9)
    at TLSSocket.emit (node:events:514:28)
    at emitErrorNT (node:internal/streams/destroy:151:8)
    at emitErrorCloseNT (node:internal/streams/destroy:116:3)
    at process.processTicksAndRejections (node:internal/process/task_queues:82:21)
    at Axios.request (file:///D:/tugas%20kuliah/skripsi/Website%20Skripsi/BE/node_modules/axios/lib/core/Axios.js:45:41)
    at process.processTicksAndRejections (node:internal/process/task_queues:95:5)
    at async province (file:///D:/tugas%20kuliah/skripsi/Website%20Skripsi/BE/src/controller/ongkir-controller.js:12:26)
 [LOGGER] 2024-04-26 10:07:15.667 AM ERROR : Error in get province function getaddrinfo ENOTFOUND api.rajaongkir.com
 [LOGGER] 2024-04-26 10:07:15.668 AM ERROR : Error: getaddrinfo ENOTFOUND api.rajaongkir.com
    at AxiosError.from (file:///D:/tugas%20kuliah/skripsi/Website%20Skripsi/BE/node_modules/axios/lib/core/AxiosError.js:89:14)
    at RedirectableRequest.handleRequestError (file:///D:/tugas%20kuliah/skripsi/Website%20Skripsi/BE/node_modules/axios/lib/adapters/http.js:610:25)
    at RedirectableRequest.emit (node:events:514:28)
    at eventHandlers.<computed> (D:\tugas kuliah\skripsi\Website Skripsi\BE\node_modules\follow-redirects\index.js:38:24)
    at ClientRequest.emit (node:events:514:28)
    at TLSSocket.socketErrorListener (node:_http_client:501:9)
    at TLSSocket.emit (node:events:514:28)
    at emitErrorNT (node:internal/streams/destroy:151:8)
    at emitErrorCloseNT (node:internal/streams/destroy:116:3)
    at process.processTicksAndRejections (node:internal/process/task_queues:82:21)
    at Axios.request (file:///D:/tugas%20kuliah/skripsi/Website%20Skripsi/BE/node_modules/axios/lib/core/Axios.js:45:41)
    at process.processTicksAndRejections (node:internal/process/task_queues:95:5)
    at async province (file:///D:/tugas%20kuliah/skripsi/Website%20Skripsi/BE/src/controller/ongkir-controller.js:12:26)
 [LOGGER] 2024-04-26 10:07:46.556 AM ERROR : Error in get province function getaddrinfo ENOTFOUND api.rajaongkir.com
 [LOGGER] 2024-04-26 10:07:46.557 AM ERROR : Error: getaddrinfo ENOTFOUND api.rajaongkir.com
    at AxiosError.from (file:///D:/tugas%20kuliah/skripsi/Website%20Skripsi/BE/node_modules/axios/lib/core/AxiosError.js:89:14)
    at RedirectableRequest.handleRequestError (file:///D:/tugas%20kuliah/skripsi/Website%20Skripsi/BE/node_modules/axios/lib/adapters/http.js:610:25)
    at RedirectableRequest.emit (node:events:514:28)
    at eventHandlers.<computed> (D:\tugas kuliah\skripsi\Website Skripsi\BE\node_modules\follow-redirects\index.js:38:24)
    at ClientRequest.emit (node:events:514:28)
    at TLSSocket.socketErrorListener (node:_http_client:501:9)
    at TLSSocket.emit (node:events:514:28)
    at emitErrorNT (node:internal/streams/destroy:151:8)
    at emitErrorCloseNT (node:internal/streams/destroy:116:3)
    at process.processTicksAndRejections (node:internal/process/task_queues:82:21)
    at Axios.request (file:///D:/tugas%20kuliah/skripsi/Website%20Skripsi/BE/node_modules/axios/lib/core/Axios.js:45:41)
    at process.processTicksAndRejections (node:internal/process/task_queues:95:5)
    at async province (file:///D:/tugas%20kuliah/skripsi/Website%20Skripsi/BE/src/controller/ongkir-controller.js:12:26)
 [LOGGER] 2024-04-26 10:11:21.181 AM ERROR : Error in get province function getaddrinfo ENOTFOUND api.rajaongkir.com
 [LOGGER] 2024-04-26 10:11:21.181 AM ERROR : Error: getaddrinfo ENOTFOUND api.rajaongkir.com
    at AxiosError.from (file:///D:/tugas%20kuliah/skripsi/Website%20Skripsi/BE/node_modules/axios/lib/core/AxiosError.js:89:14)
    at RedirectableRequest.handleRequestError (file:///D:/tugas%20kuliah/skripsi/Website%20Skripsi/BE/node_modules/axios/lib/adapters/http.js:610:25)
    at RedirectableRequest.emit (node:events:514:28)
    at eventHandlers.<computed> (D:\tugas kuliah\skripsi\Website Skripsi\BE\node_modules\follow-redirects\index.js:38:24)
    at ClientRequest.emit (node:events:514:28)
    at TLSSocket.socketErrorListener (node:_http_client:501:9)
    at TLSSocket.emit (node:events:514:28)
    at emitErrorNT (node:internal/streams/destroy:151:8)
    at emitErrorCloseNT (node:internal/streams/destroy:116:3)
    at process.processTicksAndRejections (node:internal/process/task_queues:82:21)
    at Axios.request (file:///D:/tugas%20kuliah/skripsi/Website%20Skripsi/BE/node_modules/axios/lib/core/Axios.js:45:41)
    at process.processTicksAndRejections (node:internal/process/task_queues:95:5)
    at async province (file:///D:/tugas%20kuliah/skripsi/Website%20Skripsi/BE/src/controller/ongkir-controller.js:12:26)
 [LOGGER] 2024-04-26 10:11:53.266 AM ERROR : Error in get province function getaddrinfo ENOTFOUND api.rajaongkir.com
 [LOGGER] 2024-04-26 10:11:53.267 AM ERROR : Error: getaddrinfo ENOTFOUND api.rajaongkir.com
    at AxiosError.from (file:///D:/tugas%20kuliah/skripsi/Website%20Skripsi/BE/node_modules/axios/lib/core/AxiosError.js:89:14)
    at RedirectableRequest.handleRequestError (file:///D:/tugas%20kuliah/skripsi/Website%20Skripsi/BE/node_modules/axios/lib/adapters/http.js:610:25)
    at RedirectableRequest.emit (node:events:514:28)
    at eventHandlers.<computed> (D:\tugas kuliah\skripsi\Website Skripsi\BE\node_modules\follow-redirects\index.js:38:24)
    at ClientRequest.emit (node:events:514:28)
    at TLSSocket.socketErrorListener (node:_http_client:501:9)
    at TLSSocket.emit (node:events:514:28)
    at emitErrorNT (node:internal/streams/destroy:151:8)
    at emitErrorCloseNT (node:internal/streams/destroy:116:3)
    at process.processTicksAndRejections (node:internal/process/task_queues:82:21)
    at Axios.request (file:///D:/tugas%20kuliah/skripsi/Website%20Skripsi/BE/node_modules/axios/lib/core/Axios.js:45:41)
    at process.processTicksAndRejections (node:internal/process/task_queues:95:5)
    at async province (file:///D:/tugas%20kuliah/skripsi/Website%20Skripsi/BE/src/controller/ongkir-controller.js:12:26)
 [LOGGER] 2024-04-26 10:12:21.373 AM ERROR : Error in get province function getaddrinfo ENOTFOUND api.rajaongkir.com
 [LOGGER] 2024-04-26 10:12:21.373 AM ERROR : Error: getaddrinfo ENOTFOUND api.rajaongkir.com
    at AxiosError.from (file:///D:/tugas%20kuliah/skripsi/Website%20Skripsi/BE/node_modules/axios/lib/core/AxiosError.js:89:14)
    at RedirectableRequest.handleRequestError (file:///D:/tugas%20kuliah/skripsi/Website%20Skripsi/BE/node_modules/axios/lib/adapters/http.js:610:25)
    at RedirectableRequest.emit (node:events:514:28)
    at eventHandlers.<computed> (D:\tugas kuliah\skripsi\Website Skripsi\BE\node_modules\follow-redirects\index.js:38:24)
    at ClientRequest.emit (node:events:514:28)
    at TLSSocket.socketErrorListener (node:_http_client:501:9)
    at TLSSocket.emit (node:events:514:28)
    at emitErrorNT (node:internal/streams/destroy:151:8)
    at emitErrorCloseNT (node:internal/streams/destroy:116:3)
    at process.processTicksAndRejections (node:internal/process/task_queues:82:21)
    at Axios.request (file:///D:/tugas%20kuliah/skripsi/Website%20Skripsi/BE/node_modules/axios/lib/core/Axios.js:45:41)
    at process.processTicksAndRejections (node:internal/process/task_queues:95:5)
    at async province (file:///D:/tugas%20kuliah/skripsi/Website%20Skripsi/BE/src/controller/ongkir-controller.js:12:26)
 [LOGGER] 2024-04-26 10:13:45.740 AM ERROR : Error in get province function getaddrinfo ENOTFOUND api.rajaongkir.com
 [LOGGER] 2024-04-26 10:13:45.757 AM ERROR : Error: getaddrinfo ENOTFOUND api.rajaongkir.com
    at AxiosError.from (file:///D:/tugas%20kuliah/skripsi/Website%20Skripsi/BE/node_modules/axios/lib/core/AxiosError.js:89:14)
    at RedirectableRequest.handleRequestError (file:///D:/tugas%20kuliah/skripsi/Website%20Skripsi/BE/node_modules/axios/lib/adapters/http.js:610:25)
    at RedirectableRequest.emit (node:events:514:28)
    at eventHandlers.<computed> (D:\tugas kuliah\skripsi\Website Skripsi\BE\node_modules\follow-redirects\index.js:38:24)
    at ClientRequest.emit (node:events:514:28)
    at TLSSocket.socketErrorListener (node:_http_client:501:9)
    at TLSSocket.emit (node:events:514:28)
    at emitErrorNT (node:internal/streams/destroy:151:8)
    at emitErrorCloseNT (node:internal/streams/destroy:116:3)
    at process.processTicksAndRejections (node:internal/process/task_queues:82:21)
    at Axios.request (file:///D:/tugas%20kuliah/skripsi/Website%20Skripsi/BE/node_modules/axios/lib/core/Axios.js:45:41)
    at process.processTicksAndRejections (node:internal/process/task_queues:95:5)
    at async province (file:///D:/tugas%20kuliah/skripsi/Website%20Skripsi/BE/src/controller/ongkir-controller.js:12:26)
 [LOGGER] 2024-04-26 10:14:38.211 AM ERROR : Error in get province function getaddrinfo ENOTFOUND api.rajaongkir.com
 [LOGGER] 2024-04-26 10:14:38.211 AM ERROR : Error: getaddrinfo ENOTFOUND api.rajaongkir.com
    at AxiosError.from (file:///D:/tugas%20kuliah/skripsi/Website%20Skripsi/BE/node_modules/axios/lib/core/AxiosError.js:89:14)
    at RedirectableRequest.handleRequestError (file:///D:/tugas%20kuliah/skripsi/Website%20Skripsi/BE/node_modules/axios/lib/adapters/http.js:610:25)
    at RedirectableRequest.emit (node:events:514:28)
    at eventHandlers.<computed> (D:\tugas kuliah\skripsi\Website Skripsi\BE\node_modules\follow-redirects\index.js:38:24)
    at ClientRequest.emit (node:events:514:28)
    at TLSSocket.socketErrorListener (node:_http_client:501:9)
    at TLSSocket.emit (node:events:514:28)
    at emitErrorNT (node:internal/streams/destroy:151:8)
    at emitErrorCloseNT (node:internal/streams/destroy:116:3)
    at process.processTicksAndRejections (node:internal/process/task_queues:82:21)
    at Axios.request (file:///D:/tugas%20kuliah/skripsi/Website%20Skripsi/BE/node_modules/axios/lib/core/Axios.js:45:41)
    at process.processTicksAndRejections (node:internal/process/task_queues:95:5)
    at async province (file:///D:/tugas%20kuliah/skripsi/Website%20Skripsi/BE/src/controller/ongkir-controller.js:12:26)
 [LOGGER] 2024-04-26 10:15:18.845 AM ERROR : Error in get province function getaddrinfo ENOTFOUND api.rajaongkir.com
 [LOGGER] 2024-04-26 10:15:18.847 AM ERROR : Error: getaddrinfo ENOTFOUND api.rajaongkir.com
    at AxiosError.from (file:///D:/tugas%20kuliah/skripsi/Website%20Skripsi/BE/node_modules/axios/lib/core/AxiosError.js:89:14)
    at RedirectableRequest.handleRequestError (file:///D:/tugas%20kuliah/skripsi/Website%20Skripsi/BE/node_modules/axios/lib/adapters/http.js:610:25)
    at RedirectableRequest.emit (node:events:514:28)
    at eventHandlers.<computed> (D:\tugas kuliah\skripsi\Website Skripsi\BE\node_modules\follow-redirects\index.js:38:24)
    at ClientRequest.emit (node:events:514:28)
    at TLSSocket.socketErrorListener (node:_http_client:501:9)
    at TLSSocket.emit (node:events:514:28)
    at emitErrorNT (node:internal/streams/destroy:151:8)
    at emitErrorCloseNT (node:internal/streams/destroy:116:3)
    at process.processTicksAndRejections (node:internal/process/task_queues:82:21)
    at Axios.request (file:///D:/tugas%20kuliah/skripsi/Website%20Skripsi/BE/node_modules/axios/lib/core/Axios.js:45:41)
    at process.processTicksAndRejections (node:internal/process/task_queues:95:5)
    at async province (file:///D:/tugas%20kuliah/skripsi/Website%20Skripsi/BE/src/controller/ongkir-controller.js:12:26)
 [LOGGER] 2024-04-26 10:16:18.193 AM ERROR : Error in get province function getaddrinfo ENOTFOUND api.rajaongkir.com
 [LOGGER] 2024-04-26 10:16:18.194 AM ERROR : Error: getaddrinfo ENOTFOUND api.rajaongkir.com
    at AxiosError.from (file:///D:/tugas%20kuliah/skripsi/Website%20Skripsi/BE/node_modules/axios/lib/core/AxiosError.js:89:14)
    at RedirectableRequest.handleRequestError (file:///D:/tugas%20kuliah/skripsi/Website%20Skripsi/BE/node_modules/axios/lib/adapters/http.js:610:25)
    at RedirectableRequest.emit (node:events:514:28)
    at eventHandlers.<computed> (D:\tugas kuliah\skripsi\Website Skripsi\BE\node_modules\follow-redirects\index.js:38:24)
    at ClientRequest.emit (node:events:514:28)
    at TLSSocket.socketErrorListener (node:_http_client:501:9)
    at TLSSocket.emit (node:events:514:28)
    at emitErrorNT (node:internal/streams/destroy:151:8)
    at emitErrorCloseNT (node:internal/streams/destroy:116:3)
    at process.processTicksAndRejections (node:internal/process/task_queues:82:21)
    at Axios.request (file:///D:/tugas%20kuliah/skripsi/Website%20Skripsi/BE/node_modules/axios/lib/core/Axios.js:45:41)
    at process.processTicksAndRejections (node:internal/process/task_queues:95:5)
    at async province (file:///D:/tugas%20kuliah/skripsi/Website%20Skripsi/BE/src/controller/ongkir-controller.js:12:26)
 [LOGGER] 2024-04-26 10:19:12.687 AM ERROR : Error in get province function getaddrinfo ENOTFOUND api.rajaongkir.com
 [LOGGER] 2024-04-26 10:19:12.688 AM ERROR : Error: getaddrinfo ENOTFOUND api.rajaongkir.com
    at AxiosError.from (file:///D:/tugas%20kuliah/skripsi/Website%20Skripsi/BE/node_modules/axios/lib/core/AxiosError.js:89:14)
    at RedirectableRequest.handleRequestError (file:///D:/tugas%20kuliah/skripsi/Website%20Skripsi/BE/node_modules/axios/lib/adapters/http.js:610:25)
    at RedirectableRequest.emit (node:events:514:28)
    at eventHandlers.<computed> (D:\tugas kuliah\skripsi\Website Skripsi\BE\node_modules\follow-redirects\index.js:38:24)
    at ClientRequest.emit (node:events:514:28)
    at TLSSocket.socketErrorListener (node:_http_client:501:9)
    at TLSSocket.emit (node:events:514:28)
    at emitErrorNT (node:internal/streams/destroy:151:8)
    at emitErrorCloseNT (node:internal/streams/destroy:116:3)
    at process.processTicksAndRejections (node:internal/process/task_queues:82:21)
    at Axios.request (file:///D:/tugas%20kuliah/skripsi/Website%20Skripsi/BE/node_modules/axios/lib/core/Axios.js:45:41)
    at process.processTicksAndRejections (node:internal/process/task_queues:95:5)
    at async province (file:///D:/tugas%20kuliah/skripsi/Website%20Skripsi/BE/src/controller/ongkir-controller.js:12:26)
 [LOGGER] 2024-04-26 10:20:08.457 AM ERROR : Error in get province function getaddrinfo ENOTFOUND api.rajaongkir.com
 [LOGGER] 2024-04-26 10:20:08.458 AM ERROR : Error: getaddrinfo ENOTFOUND api.rajaongkir.com
    at AxiosError.from (file:///D:/tugas%20kuliah/skripsi/Website%20Skripsi/BE/node_modules/axios/lib/core/AxiosError.js:89:14)
    at RedirectableRequest.handleRequestError (file:///D:/tugas%20kuliah/skripsi/Website%20Skripsi/BE/node_modules/axios/lib/adapters/http.js:610:25)
    at RedirectableRequest.emit (node:events:514:28)
    at eventHandlers.<computed> (D:\tugas kuliah\skripsi\Website Skripsi\BE\node_modules\follow-redirects\index.js:38:24)
    at ClientRequest.emit (node:events:514:28)
    at TLSSocket.socketErrorListener (node:_http_client:501:9)
    at TLSSocket.emit (node:events:514:28)
    at emitErrorNT (node:internal/streams/destroy:151:8)
    at emitErrorCloseNT (node:internal/streams/destroy:116:3)
    at process.processTicksAndRejections (node:internal/process/task_queues:82:21)
    at Axios.request (file:///D:/tugas%20kuliah/skripsi/Website%20Skripsi/BE/node_modules/axios/lib/core/Axios.js:45:41)
    at process.processTicksAndRejections (node:internal/process/task_queues:95:5)
    at async province (file:///D:/tugas%20kuliah/skripsi/Website%20Skripsi/BE/src/controller/ongkir-controller.js:12:26)
 [LOGGER] 2024-04-26 10:21:11.057 AM ERROR : Error in get province function getaddrinfo ENOTFOUND api.rajaongkir.com
 [LOGGER] 2024-04-26 10:21:11.058 AM ERROR : Error: getaddrinfo ENOTFOUND api.rajaongkir.com
    at AxiosError.from (file:///D:/tugas%20kuliah/skripsi/Website%20Skripsi/BE/node_modules/axios/lib/core/AxiosError.js:89:14)
    at RedirectableRequest.handleRequestError (file:///D:/tugas%20kuliah/skripsi/Website%20Skripsi/BE/node_modules/axios/lib/adapters/http.js:610:25)
    at RedirectableRequest.emit (node:events:514:28)
    at eventHandlers.<computed> (D:\tugas kuliah\skripsi\Website Skripsi\BE\node_modules\follow-redirects\index.js:38:24)
    at ClientRequest.emit (node:events:514:28)
    at TLSSocket.socketErrorListener (node:_http_client:501:9)
    at TLSSocket.emit (node:events:514:28)
    at emitErrorNT (node:internal/streams/destroy:151:8)
    at emitErrorCloseNT (node:internal/streams/destroy:116:3)
    at process.processTicksAndRejections (node:internal/process/task_queues:82:21)
    at Axios.request (file:///D:/tugas%20kuliah/skripsi/Website%20Skripsi/BE/node_modules/axios/lib/core/Axios.js:45:41)
    at process.processTicksAndRejections (node:internal/process/task_queues:95:5)
    at async province (file:///D:/tugas%20kuliah/skripsi/Website%20Skripsi/BE/src/controller/ongkir-controller.js:12:26)
 [LOGGER] 2024-04-26 10:32:52.130 AM ERROR : Error in create order function: Midtrans API is returning API error. HTTP status code: 400. API response: {"error_messages":["item_details Price is not a number","item_details Price is not a number","item_details Price is not a number","transaction_details.gross_amount is not equal to the sum of item_details"]}
 [LOGGER] 2024-04-26 10:32:52.130 AM ERROR : MidtransError: Midtrans API is returning API error. HTTP status code: 400. API response: {"error_messages":["item_details Price is not a number","item_details Price is not a number","item_details Price is not a number","transaction_details.gross_amount is not equal to the sum of item_details"]}
    at D:\tugas kuliah\skripsi\Website Skripsi\BE\node_modules\midtrans-client\lib\httpClient.js:85:13
    at process.processTicksAndRejections (node:internal/process/task_queues:95:5)
 [LOGGER] 2024-04-26 10:34:57.498 AM ERROR : Error in create order function: Midtrans API is returning API error. HTTP status code: 400. API response: {"error_messages":["item_details Price is not a number","item_details Price is not a number","item_details Price is not a number","transaction_details.gross_amount is not equal to the sum of item_details"]}
 [LOGGER] 2024-04-26 10:34:57.501 AM ERROR : MidtransError: Midtrans API is returning API error. HTTP status code: 400. API response: {"error_messages":["item_details Price is not a number","item_details Price is not a number","item_details Price is not a number","transaction_details.gross_amount is not equal to the sum of item_details"]}
    at D:\tugas kuliah\skripsi\Website Skripsi\BE\node_modules\midtrans-client\lib\httpClient.js:85:13
    at process.processTicksAndRejections (node:internal/process/task_queues:95:5)
 [LOGGER] 2024-04-26 10:35:50.750 AM ERROR : Error in create order function: Midtrans API is returning API error. HTTP status code: 400. API response: {"error_messages":["item_details Price is not a number","item_details Price is not a number","item_details Price is not a number","transaction_details.gross_amount is not equal to the sum of item_details"]}
 [LOGGER] 2024-04-26 10:35:50.750 AM ERROR : MidtransError: Midtrans API is returning API error. HTTP status code: 400. API response: {"error_messages":["item_details Price is not a number","item_details Price is not a number","item_details Price is not a number","transaction_details.gross_amount is not equal to the sum of item_details"]}
    at D:\tugas kuliah\skripsi\Website Skripsi\BE\node_modules\midtrans-client\lib\httpClient.js:85:13
    at process.processTicksAndRejections (node:internal/process/task_queues:95:5)
 [LOGGER] 2024-04-26 10:36:33.052 AM ERROR : Error in create order function: Midtrans API is returning API error. HTTP status code: 400. API response: {"error_messages":["item_details Price is required","item_details Price is not a number","item_details Price is required","item_details Price is not a number","item_details Price is required","item_details Price is not a number","transaction_details.gross_amount is not equal to the sum of item_details"]}
 [LOGGER] 2024-04-26 10:36:33.053 AM ERROR : MidtransError: Midtrans API is returning API error. HTTP status code: 400. API response: {"error_messages":["item_details Price is required","item_details Price is not a number","item_details Price is required","item_details Price is not a number","item_details Price is required","item_details Price is not a number","transaction_details.gross_amount is not equal to the sum of item_details"]}
    at D:\tugas kuliah\skripsi\Website Skripsi\BE\node_modules\midtrans-client\lib\httpClient.js:85:13
    at process.processTicksAndRejections (node:internal/process/task_queues:95:5)
 [LOGGER] 2024-04-26 10:43:45.793 AM ERROR : Error in create order function: Midtrans API is returning API error. HTTP status code: 400. API response: {"error_messages":["item_details Price is required","item_details Price is not a number","item_details Price is required","item_details Price is not a number","item_details Price is required","item_details Price is not a number","transaction_details.gross_amount is not equal to the sum of item_details"]}
 [LOGGER] 2024-04-26 10:43:45.794 AM ERROR : MidtransError: Midtrans API is returning API error. HTTP status code: 400. API response: {"error_messages":["item_details Price is required","item_details Price is not a number","item_details Price is required","item_details Price is not a number","item_details Price is required","item_details Price is not a number","transaction_details.gross_amount is not equal to the sum of item_details"]}
    at D:\tugas kuliah\skripsi\Website Skripsi\BE\node_modules\midtrans-client\lib\httpClient.js:85:13
    at process.processTicksAndRejections (node:internal/process/task_queues:95:5)
 [LOGGER] 2024-04-26 10:45:19.014 AM ERROR : Error in processing Midtrans webhook: Unknown column 'subtotal' in 'field list'
 [LOGGER] 2024-04-26 10:45:19.014 AM ERROR : Error
    at Query.run (D:\tugas kuliah\skripsi\Website Skripsi\BE\node_modules\sequelize\lib\dialects\mysql\query.js:52:25)
    at D:\tugas kuliah\skripsi\Website Skripsi\BE\node_modules\sequelize\lib\sequelize.js:315:28
    at process.processTicksAndRejections (node:internal/process/task_queues:95:5)
    at async MySQLQueryInterface.select (D:\tugas kuliah\skripsi\Website Skripsi\BE\node_modules\sequelize\lib\dialects\abstract\query-interface.js:407:12)
    at async order.findAll (D:\tugas kuliah\skripsi\Website Skripsi\BE\node_modules\sequelize\lib\model.js:1140:21)
    at async order.findOne (D:\tugas kuliah\skripsi\Website Skripsi\BE\node_modules\sequelize\lib\model.js:1240:12)
    at async midtransWebhook (file:///D:/tugas%20kuliah/skripsi/Website%20Skripsi/BE/src/controller/order-cotroller.js:109:27)
 [LOGGER] 2024-04-26 10:45:42.534 AM ERROR : Error in processing Midtrans webhook: Unknown column 'subtotal' in 'field list'
 [LOGGER] 2024-04-26 10:45:42.535 AM ERROR : Error
    at Query.run (D:\tugas kuliah\skripsi\Website Skripsi\BE\node_modules\sequelize\lib\dialects\mysql\query.js:52:25)
    at D:\tugas kuliah\skripsi\Website Skripsi\BE\node_modules\sequelize\lib\sequelize.js:315:28
    at process.processTicksAndRejections (node:internal/process/task_queues:95:5)
    at async MySQLQueryInterface.select (D:\tugas kuliah\skripsi\Website Skripsi\BE\node_modules\sequelize\lib\dialects\abstract\query-interface.js:407:12)
    at async order.findAll (D:\tugas kuliah\skripsi\Website Skripsi\BE\node_modules\sequelize\lib\model.js:1140:21)
    at async order.findOne (D:\tugas kuliah\skripsi\Website Skripsi\BE\node_modules\sequelize\lib\model.js:1240:12)
    at async midtransWebhook (file:///D:/tugas%20kuliah/skripsi/Website%20Skripsi/BE/src/controller/order-cotroller.js:109:27)
 [LOGGER] 2024-04-26 10:46:26.665 AM ERROR : Error in processing Midtrans webhook: Unknown column 'subtotal' in 'field list'
 [LOGGER] 2024-04-26 10:46:26.666 AM ERROR : Error
    at Query.run (D:\tugas kuliah\skripsi\Website Skripsi\BE\node_modules\sequelize\lib\dialects\mysql\query.js:52:25)
    at D:\tugas kuliah\skripsi\Website Skripsi\BE\node_modules\sequelize\lib\sequelize.js:315:28
    at process.processTicksAndRejections (node:internal/process/task_queues:95:5)
    at async MySQLQueryInterface.select (D:\tugas kuliah\skripsi\Website Skripsi\BE\node_modules\sequelize\lib\dialects\abstract\query-interface.js:407:12)
    at async order.findAll (D:\tugas kuliah\skripsi\Website Skripsi\BE\node_modules\sequelize\lib\model.js:1140:21)
    at async order.findOne (D:\tugas kuliah\skripsi\Website Skripsi\BE\node_modules\sequelize\lib\model.js:1240:12)
    at async midtransWebhook (file:///D:/tugas%20kuliah/skripsi/Website%20Skripsi/BE/src/controller/order-cotroller.js:109:27)
 [LOGGER] 2024-04-26 10:56:17.549 AM ERROR : Error in processing Midtrans webhook: Operation timeout
 [LOGGER] 2024-04-26 12:35:32.542 PM ERROR : Error in get province function getaddrinfo ENOTFOUND api.rajaongkir.com
 [LOGGER] 2024-04-26 12:35:32.544 PM ERROR : Error: getaddrinfo ENOTFOUND api.rajaongkir.com
    at AxiosError.from (file:///D:/tugas%20kuliah/skripsi/Website%20Skripsi/BE/node_modules/axios/lib/core/AxiosError.js:89:14)
    at RedirectableRequest.handleRequestError (file:///D:/tugas%20kuliah/skripsi/Website%20Skripsi/BE/node_modules/axios/lib/adapters/http.js:610:25)
    at RedirectableRequest.emit (node:events:514:28)
    at eventHandlers.<computed> (D:\tugas kuliah\skripsi\Website Skripsi\BE\node_modules\follow-redirects\index.js:38:24)
    at ClientRequest.emit (node:events:514:28)
    at TLSSocket.socketErrorListener (node:_http_client:501:9)
    at TLSSocket.emit (node:events:514:28)
    at emitErrorNT (node:internal/streams/destroy:151:8)
    at emitErrorCloseNT (node:internal/streams/destroy:116:3)
    at process.processTicksAndRejections (node:internal/process/task_queues:82:21)
    at Axios.request (file:///D:/tugas%20kuliah/skripsi/Website%20Skripsi/BE/node_modules/axios/lib/core/Axios.js:45:41)
    at process.processTicksAndRejections (node:internal/process/task_queues:95:5)
    at async province (file:///D:/tugas%20kuliah/skripsi/Website%20Skripsi/BE/src/controller/ongkir-controller.js:12:26)
