 [LOGGER] 2024-02-18 01:33:26.073 AM error : uncaughtException: Data truncated for column 'paymentStatus' at row 1
Error
    at Query.run (D:\belajar\JavaScript\rest api\Pojok Code\3. rest-api\fullstack-skripsi\BE\node_modules\sequelize\lib\dialects\mysql\query.js:52:25)
    at D:\belajar\JavaScript\rest api\Pojok Code\3. rest-api\fullstack-skripsi\BE\node_modules\sequelize\lib\sequelize.js:315:28
    at process.processTicksAndRejections (node:internal/process/task_queues:95:5)
    at async MySQLQueryInterface.insert (D:\belajar\JavaScript\rest api\Pojok Code\3. rest-api\fullstack-skripsi\BE\node_modules\sequelize\lib\dialects\abstract\query-interface.js:308:21)
    at async model.save (D:\belajar\JavaScript\rest api\Pojok Code\3. rest-api\fullstack-skripsi\BE\node_modules\sequelize\lib\model.js:2490:35)
    at async order.create (D:\belajar\JavaScript\rest api\Pojok Code\3. rest-api\fullstack-skripsi\BE\node_modules\sequelize\lib\model.js:1362:12)
    at async file:///D:/belajar/JavaScript/rest%20api/Pojok%20Code/3.%20rest-api/fullstack-skripsi/BE/src/controller/order-cotroller.js:24:28
 [LOGGER] 2024-02-18 01:44:32.378 AM error : uncaughtException: Midtrans API is returning API error. HTTP status code: 406. API response: {"status_code":"406","status_message":"The request could not be completed due to a conflict with the current state of the target resource, please try again","id":"cfb785c6-2b59-4c5e-9e24-9ffe6f6f3ecb"}
MidtransError: Midtrans API is returning API error. HTTP status code: 406. API response: {"status_code":"406","status_message":"The request could not be completed due to a conflict with the current state of the target resource, please try again","id":"cfb785c6-2b59-4c5e-9e24-9ffe6f6f3ecb"}
    at D:\belajar\JavaScript\rest api\Pojok Code\3. rest-api\fullstack-skripsi\BE\node_modules\midtrans-client\lib\httpClient.js:71:13
    at process.processTicksAndRejections (node:internal/process/task_queues:95:5)
 [LOGGER] 2024-02-18 02:57:00.857 AM error : uncaughtException: Midtrans API is returning API error. HTTP status code: 500. API response: {"status_code":"500","status_message":"Sorry. Our system is recovering from unexpected issues. Please retry.","id":"eff84593-63d2-400a-9425-2cfa2b657e65"}
MidtransError: Midtrans API is returning API error. HTTP status code: 500. API response: {"status_code":"500","status_message":"Sorry. Our system is recovering from unexpected issues. Please retry.","id":"eff84593-63d2-400a-9425-2cfa2b657e65"}
    at D:\belajar\JavaScript\rest api\Pojok Code\3. rest-api\fullstack-skripsi\BE\node_modules\midtrans-client\lib\httpClient.js:85:13
    at process.processTicksAndRejections (node:internal/process/task_queues:95:5)
 [LOGGER] 2024-02-18 02:59:38.790 AM error : uncaughtException: Midtrans API is returning API error. HTTP status code: 500. API response: {"status_code":"500","status_message":"Sorry. Our system is recovering from unexpected issues. Please retry.","id":"a74f4d6f-df0c-49c7-b745-d279a90fd2ba"}
MidtransError: Midtrans API is returning API error. HTTP status code: 500. API response: {"status_code":"500","status_message":"Sorry. Our system is recovering from unexpected issues. Please retry.","id":"a74f4d6f-df0c-49c7-b745-d279a90fd2ba"}
    at D:\belajar\JavaScript\rest api\Pojok Code\3. rest-api\fullstack-skripsi\BE\node_modules\midtrans-client\lib\httpClient.js:85:13
    at process.processTicksAndRejections (node:internal/process/task_queues:95:5)
 [LOGGER] 2024-02-18 03:10:22.412 AM error : uncaughtException: Midtrans API is returning API error. HTTP status code: 400. API response: {"status_code":"400","status_message":"One or more parameters in the payload is invalid.","validation_messages":["transaction_details.gross_amount is required"],"id":"291680c4-b615-4945-ab2d-d64a13d9197b"}
MidtransError: Midtrans API is returning API error. HTTP status code: 400. API response: {"status_code":"400","status_message":"One or more parameters in the payload is invalid.","validation_messages":["transaction_details.gross_amount is required"],"id":"291680c4-b615-4945-ab2d-d64a13d9197b"}
    at D:\belajar\JavaScript\rest api\Pojok Code\3. rest-api\fullstack-skripsi\BE\node_modules\midtrans-client\lib\httpClient.js:85:13
    at process.processTicksAndRejections (node:internal/process/task_queues:95:5)
 [LOGGER] 2024-02-18 03:11:55.870 AM error : uncaughtException: Midtrans API is returning API error. HTTP status code: 400. API response: {"status_code":"400","status_message":"One or more parameters in the payload is invalid.","validation_messages":["transaction_details.gross_amount is required"],"id":"db4cdc51-edbd-4189-aefd-3c6faee1d2cd"}
MidtransError: Midtrans API is returning API error. HTTP status code: 400. API response: {"status_code":"400","status_message":"One or more parameters in the payload is invalid.","validation_messages":["transaction_details.gross_amount is required"],"id":"db4cdc51-edbd-4189-aefd-3c6faee1d2cd"}
    at D:\belajar\JavaScript\rest api\Pojok Code\3. rest-api\fullstack-skripsi\BE\node_modules\midtrans-client\lib\httpClient.js:85:13
    at process.processTicksAndRejections (node:internal/process/task_queues:95:5)
 [LOGGER] 2024-02-18 03:14:59.369 AM error : uncaughtException: uuid is not defined
ReferenceError: uuid is not defined
    at file:///D:/belajar/JavaScript/rest%20api/Pojok%20Code/3.%20rest-api/fullstack-skripsi/BE/src/controller/order-cotroller.js:5:15
    at ModuleJob.run (node:internal/modules/esm/module_job:194:25)
 [LOGGER] 2024-02-18 03:15:47.630 AM error : uncaughtException: logger is not defined
ReferenceError: logger is not defined
    at createOrder (file:///D:/belajar/JavaScript/rest%20api/Pojok%20Code/3.%20rest-api/fullstack-skripsi/BE/src/controller/order-cotroller.js:86:9)
    at Layer.handle [as handle_request] (D:\belajar\JavaScript\rest api\Pojok Code\3. rest-api\fullstack-skripsi\BE\node_modules\express\lib\router\layer.js:95:5)
    at next (D:\belajar\JavaScript\rest api\Pojok Code\3. rest-api\fullstack-skripsi\BE\node_modules\express\lib\router\route.js:144:13)
    at authentication (file:///D:/belajar/JavaScript/rest%20api/Pojok%20Code/3.%20rest-api/fullstack-skripsi/BE/src/middleware/auth-middleware.js:19:5)
    at Layer.handle [as handle_request] (D:\belajar\JavaScript\rest api\Pojok Code\3. rest-api\fullstack-skripsi\BE\node_modules\express\lib\router\layer.js:95:5)
    at next (D:\belajar\JavaScript\rest api\Pojok Code\3. rest-api\fullstack-skripsi\BE\node_modules\express\lib\router\route.js:144:13)
    at Route.dispatch (D:\belajar\JavaScript\rest api\Pojok Code\3. rest-api\fullstack-skripsi\BE\node_modules\express\lib\router\route.js:114:3)
    at Layer.handle [as handle_request] (D:\belajar\JavaScript\rest api\Pojok Code\3. rest-api\fullstack-skripsi\BE\node_modules\express\lib\router\layer.js:95:5)
    at D:\belajar\JavaScript\rest api\Pojok Code\3. rest-api\fullstack-skripsi\BE\node_modules\express\lib\router\index.js:284:15
    at Function.process_params (D:\belajar\JavaScript\rest api\Pojok Code\3. rest-api\fullstack-skripsi\BE\node_modules\express\lib\router\index.js:346:12)
 [LOGGER] 2024-02-18 03:17:31.353 AM error : uncaughtException: logger is not defined
ReferenceError: logger is not defined
    at createOrder (file:///D:/belajar/JavaScript/rest%20api/Pojok%20Code/3.%20rest-api/fullstack-skripsi/BE/src/controller/order-cotroller.js:86:9)
    at Layer.handle [as handle_request] (D:\belajar\JavaScript\rest api\Pojok Code\3. rest-api\fullstack-skripsi\BE\node_modules\express\lib\router\layer.js:95:5)
    at next (D:\belajar\JavaScript\rest api\Pojok Code\3. rest-api\fullstack-skripsi\BE\node_modules\express\lib\router\route.js:144:13)
    at authentication (file:///D:/belajar/JavaScript/rest%20api/Pojok%20Code/3.%20rest-api/fullstack-skripsi/BE/src/middleware/auth-middleware.js:19:5)
    at Layer.handle [as handle_request] (D:\belajar\JavaScript\rest api\Pojok Code\3. rest-api\fullstack-skripsi\BE\node_modules\express\lib\router\layer.js:95:5)
    at next (D:\belajar\JavaScript\rest api\Pojok Code\3. rest-api\fullstack-skripsi\BE\node_modules\express\lib\router\route.js:144:13)
    at Route.dispatch (D:\belajar\JavaScript\rest api\Pojok Code\3. rest-api\fullstack-skripsi\BE\node_modules\express\lib\router\route.js:114:3)
    at Layer.handle [as handle_request] (D:\belajar\JavaScript\rest api\Pojok Code\3. rest-api\fullstack-skripsi\BE\node_modules\express\lib\router\layer.js:95:5)
    at D:\belajar\JavaScript\rest api\Pojok Code\3. rest-api\fullstack-skripsi\BE\node_modules\express\lib\router\index.js:284:15
    at Function.process_params (D:\belajar\JavaScript\rest api\Pojok Code\3. rest-api\fullstack-skripsi\BE\node_modules\express\lib\router\index.js:346:12)
 [LOGGER] 2024-02-18 03:18:18.060 AM error : uncaughtException: Midtrans API is returning API error. HTTP status code: 400. API response: {"status_code":"400","status_message":"One or more parameters in the payload is invalid.","validation_messages":["transaction_details.gross_amount is required"],"id":"367315ce-bf57-4469-8c6d-59b547e5e348"}
MidtransError: Midtrans API is returning API error. HTTP status code: 400. API response: {"status_code":"400","status_message":"One or more parameters in the payload is invalid.","validation_messages":["transaction_details.gross_amount is required"],"id":"367315ce-bf57-4469-8c6d-59b547e5e348"}
    at D:\belajar\JavaScript\rest api\Pojok Code\3. rest-api\fullstack-skripsi\BE\node_modules\midtrans-client\lib\httpClient.js:85:13
    at process.processTicksAndRejections (node:internal/process/task_queues:95:5)
 [LOGGER] 2024-02-18 03:23:44.521 AM error : uncaughtException: Midtrans API is returning API error. HTTP status code: 400. API response: {"status_code":"400","status_message":"One or more parameters in the payload is invalid.","validation_messages":["transaction_details.gross_amount is required"],"id":"7b06a172-2874-451b-bbac-eae16d0a1edb"}
MidtransError: Midtrans API is returning API error. HTTP status code: 400. API response: {"status_code":"400","status_message":"One or more parameters in the payload is invalid.","validation_messages":["transaction_details.gross_amount is required"],"id":"7b06a172-2874-451b-bbac-eae16d0a1edb"}
    at D:\belajar\JavaScript\rest api\Pojok Code\3. rest-api\fullstack-skripsi\BE\node_modules\midtrans-client\lib\httpClient.js:85:13
    at process.processTicksAndRejections (node:internal/process/task_queues:95:5)
 [LOGGER] 2024-02-18 03:30:37.561 AM error : uncaughtException: Midtrans API is returning API error. HTTP status code: 400. API response: {"status_code":"400","status_message":"One or more parameters in the payload is invalid.","validation_messages":["transaction_details.gross_amount is not equal to the sum of item_details"],"id":"d67a4c56-1598-4270-b403-128cdcb1c06e"}
MidtransError: Midtrans API is returning API error. HTTP status code: 400. API response: {"status_code":"400","status_message":"One or more parameters in the payload is invalid.","validation_messages":["transaction_details.gross_amount is not equal to the sum of item_details"],"id":"d67a4c56-1598-4270-b403-128cdcb1c06e"}
    at D:\belajar\JavaScript\rest api\Pojok Code\3. rest-api\fullstack-skripsi\BE\node_modules\midtrans-client\lib\httpClient.js:85:13
    at process.processTicksAndRejections (node:internal/process/task_queues:95:5)
 [LOGGER] 2024-02-18 03:33:49.211 AM error : uncaughtException: logger is not defined
ReferenceError: logger is not defined
    at file:///D:/belajar/JavaScript/rest%20api/Pojok%20Code/3.%20rest-api/fullstack-skripsi/BE/src/controller/order-cotroller.js:83:13
    at process.processTicksAndRejections (node:internal/process/task_queues:95:5)
 [LOGGER] 2024-02-18 03:39:24.240 AM error : uncaughtException: Midtrans API is returning API error. HTTP status code: 400. API response: {"status_code":"400","status_message":"One or more parameters in the payload is invalid.","validation_messages":["transaction_details.order_id is required"],"id":"448e2d1b-0a48-42f5-96df-7fe9ff15eb15"}
MidtransError: Midtrans API is returning API error. HTTP status code: 400. API response: {"status_code":"400","status_message":"One or more parameters in the payload is invalid.","validation_messages":["transaction_details.order_id is required"],"id":"448e2d1b-0a48-42f5-96df-7fe9ff15eb15"}
    at D:\belajar\JavaScript\rest api\Pojok Code\3. rest-api\fullstack-skripsi\BE\node_modules\midtrans-client\lib\httpClient.js:85:13
    at process.processTicksAndRejections (node:internal/process/task_queues:95:5)
 [LOGGER] 2024-02-18 03:40:27.455 AM error : uncaughtException: Midtrans API is returning API error. HTTP status code: 400. API response: {"status_code":"400","status_message":"One or more parameters in the payload is invalid.","validation_messages":["transaction_details.order_id is required"],"id":"d3d07acf-2721-47db-b565-7f5598b11595"}
MidtransError: Midtrans API is returning API error. HTTP status code: 400. API response: {"status_code":"400","status_message":"One or more parameters in the payload is invalid.","validation_messages":["transaction_details.order_id is required"],"id":"d3d07acf-2721-47db-b565-7f5598b11595"}
    at D:\belajar\JavaScript\rest api\Pojok Code\3. rest-api\fullstack-skripsi\BE\node_modules\midtrans-client\lib\httpClient.js:85:13
    at process.processTicksAndRejections (node:internal/process/task_queues:95:5)
 [LOGGER] 2024-02-18 03:42:22.041 AM error : uncaughtException: Midtrans API is returning API error. HTTP status code: 400. API response: {"status_code":"400","status_message":"One or more parameters in the payload is invalid.","validation_messages":["transaction_details.order_id is required"],"id":"d821fb4e-058e-40dd-8b63-56392da8d443"}
MidtransError: Midtrans API is returning API error. HTTP status code: 400. API response: {"status_code":"400","status_message":"One or more parameters in the payload is invalid.","validation_messages":["transaction_details.order_id is required"],"id":"d821fb4e-058e-40dd-8b63-56392da8d443"}
    at D:\belajar\JavaScript\rest api\Pojok Code\3. rest-api\fullstack-skripsi\BE\node_modules\midtrans-client\lib\httpClient.js:85:13
    at process.processTicksAndRejections (node:internal/process/task_queues:95:5)
 [LOGGER] 2024-02-18 03:43:42.227 AM error : uncaughtException: Midtrans API is returning API error. HTTP status code: 400. API response: {"status_code":"400","status_message":"One or more parameters in the payload is invalid.","validation_messages":["transaction_details.order_id is required"],"id":"20bcdd72-4507-44b5-9592-370cb0647f41"}
MidtransError: Midtrans API is returning API error. HTTP status code: 400. API response: {"status_code":"400","status_message":"One or more parameters in the payload is invalid.","validation_messages":["transaction_details.order_id is required"],"id":"20bcdd72-4507-44b5-9592-370cb0647f41"}
    at D:\belajar\JavaScript\rest api\Pojok Code\3. rest-api\fullstack-skripsi\BE\node_modules\midtrans-client\lib\httpClient.js:85:13
    at process.processTicksAndRejections (node:internal/process/task_queues:95:5)
