 [LOGGER] 2024-01-08 12:48:46.807 AM error : uncaughtException: connect ECONNREFUSED ::1:3306
SequelizeConnectionRefusedError: connect ECONNREFUSED ::1:3306
    at ConnectionManager.connect (D:\belajar\JavaScript\rest api\Pojok Code\3. rest-api\fullstack-skripsi\be\node_modules\sequelize\lib\dialects\mysql\connection-manager.js:92:17)
    at process.processTicksAndRejections (node:internal/process/task_queues:95:5)
    at async ConnectionManager._connect (D:\belajar\JavaScript\rest api\Pojok Code\3. rest-api\fullstack-skripsi\be\node_modules\sequelize\lib\dialects\abstract\connection-manager.js:222:24)
    at async D:\belajar\JavaScript\rest api\Pojok Code\3. rest-api\fullstack-skripsi\be\node_modules\sequelize\lib\dialects\abstract\connection-manager.js:174:32
    at async ConnectionManager.getConnection (D:\belajar\JavaScript\rest api\Pojok Code\3. rest-api\fullstack-skripsi\be\node_modules\sequelize\lib\dialects\abstract\connection-manager.js:197:7)
    at async D:\belajar\JavaScript\rest api\Pojok Code\3. rest-api\fullstack-skripsi\be\node_modules\sequelize\lib\sequelize.js:305:26
    at async MySQLQueryInterface.tableExists (D:\belajar\JavaScript\rest api\Pojok Code\3. rest-api\fullstack-skripsi\be\node_modules\sequelize\lib\dialects\abstract\query-interface.js:102:17)
    at async User.sync (D:\belajar\JavaScript\rest api\Pojok Code\3. rest-api\fullstack-skripsi\be\node_modules\sequelize\lib\model.js:939:21)
    at async Sequelize.sync (D:\belajar\JavaScript\rest api\Pojok Code\3. rest-api\fullstack-skripsi\be\node_modules\sequelize\lib\sequelize.js:377:9)
 [LOGGER] 2024-01-08 12:51:45.364 AM error : Error in register function: Register Field
 [LOGGER] 2024-01-08 12:51:45.369 AM error : Error: Register Field
    at register (file:///D:/belajar/JavaScript/rest%20api/Pojok%20Code/3.%20rest-api/fullstack-skripsi/be/src/controller/user-controller.js:25:19)
    at process.processTicksAndRejections (node:internal/process/task_queues:95:5)
 [LOGGER] 2024-01-08 02:00:19.022 AM error : Error in register function: Register Field
 [LOGGER] 2024-01-08 02:00:19.025 AM error : Error: Register Field
    at register (file:///D:/belajar/JavaScript/rest%20api/Pojok%20Code/3.%20rest-api/fullstack-skripsi/be/src/controller/user-controller.js:36:19)
    at process.processTicksAndRejections (node:internal/process/task_queues:95:5)
 [LOGGER] 2024-01-08 02:05:07.306 AM error : Error in register function: Register Field
 [LOGGER] 2024-01-08 02:05:07.309 AM error : Error: Register Field
    at register (file:///D:/belajar/JavaScript/rest%20api/Pojok%20Code/3.%20rest-api/fullstack-skripsi/be/src/controller/user-controller.js:36:19)
    at process.processTicksAndRejections (node:internal/process/task_queues:95:5)
 [LOGGER] 2024-01-08 02:05:09.672 AM error : Error in register function: Register Field
 [LOGGER] 2024-01-08 02:05:09.673 AM error : Error: Register Field
    at register (file:///D:/belajar/JavaScript/rest%20api/Pojok%20Code/3.%20rest-api/fullstack-skripsi/be/src/controller/user-controller.js:36:19)
    at process.processTicksAndRejections (node:internal/process/task_queues:95:5)
 [LOGGER] 2024-01-08 11:19:01.976 AM error : uncaughtException: connect ECONNREFUSED ::1:3306
SequelizeConnectionRefusedError: connect ECONNREFUSED ::1:3306
    at ConnectionManager.connect (D:\belajar\JavaScript\rest api\Pojok Code\3. rest-api\fullstack-skripsi\be\node_modules\sequelize\lib\dialects\mysql\connection-manager.js:92:17)
    at process.processTicksAndRejections (node:internal/process/task_queues:95:5)
    at async ConnectionManager._connect (D:\belajar\JavaScript\rest api\Pojok Code\3. rest-api\fullstack-skripsi\be\node_modules\sequelize\lib\dialects\abstract\connection-manager.js:222:24)
    at async D:\belajar\JavaScript\rest api\Pojok Code\3. rest-api\fullstack-skripsi\be\node_modules\sequelize\lib\dialects\abstract\connection-manager.js:174:32
    at async ConnectionManager.getConnection (D:\belajar\JavaScript\rest api\Pojok Code\3. rest-api\fullstack-skripsi\be\node_modules\sequelize\lib\dialects\abstract\connection-manager.js:197:7)
    at async D:\belajar\JavaScript\rest api\Pojok Code\3. rest-api\fullstack-skripsi\be\node_modules\sequelize\lib\sequelize.js:305:26
    at async MySQLQueryInterface.tableExists (D:\belajar\JavaScript\rest api\Pojok Code\3. rest-api\fullstack-skripsi\be\node_modules\sequelize\lib\dialects\abstract\query-interface.js:102:17)
    at async User.sync (D:\belajar\JavaScript\rest api\Pojok Code\3. rest-api\fullstack-skripsi\be\node_modules\sequelize\lib\model.js:939:21)
    at async Sequelize.sync (D:\belajar\JavaScript\rest api\Pojok Code\3. rest-api\fullstack-skripsi\be\node_modules\sequelize\lib\sequelize.js:377:9)
 [LOGGER] 2024-01-08 12:22:57.913 PM error : uncaughtException: connect ECONNREFUSED ::1:3306
SequelizeConnectionRefusedError: connect ECONNREFUSED ::1:3306
    at ConnectionManager.connect (D:\belajar\JavaScript\rest api\Pojok Code\3. rest-api\fullstack-skripsi\be\node_modules\sequelize\lib\dialects\mysql\connection-manager.js:92:17)
    at process.processTicksAndRejections (node:internal/process/task_queues:95:5)
    at async ConnectionManager._connect (D:\belajar\JavaScript\rest api\Pojok Code\3. rest-api\fullstack-skripsi\be\node_modules\sequelize\lib\dialects\abstract\connection-manager.js:222:24)
    at async D:\belajar\JavaScript\rest api\Pojok Code\3. rest-api\fullstack-skripsi\be\node_modules\sequelize\lib\dialects\abstract\connection-manager.js:174:32
    at async ConnectionManager.getConnection (D:\belajar\JavaScript\rest api\Pojok Code\3. rest-api\fullstack-skripsi\be\node_modules\sequelize\lib\dialects\abstract\connection-manager.js:197:7)
    at async D:\belajar\JavaScript\rest api\Pojok Code\3. rest-api\fullstack-skripsi\be\node_modules\sequelize\lib\sequelize.js:305:26
    at async MySQLQueryInterface.tableExists (D:\belajar\JavaScript\rest api\Pojok Code\3. rest-api\fullstack-skripsi\be\node_modules\sequelize\lib\dialects\abstract\query-interface.js:102:17)
    at async User.sync (D:\belajar\JavaScript\rest api\Pojok Code\3. rest-api\fullstack-skripsi\be\node_modules\sequelize\lib\model.js:939:21)
    at async Sequelize.sync (D:\belajar\JavaScript\rest api\Pojok Code\3. rest-api\fullstack-skripsi\be\node_modules\sequelize\lib\sequelize.js:377:9)
 [LOGGER] 2024-01-08 12:23:40.203 PM error : Error in register function: Register Field
 [LOGGER] 2024-01-08 12:23:40.206 PM error : Error: Register Field
    at register (file:///D:/belajar/JavaScript/rest%20api/Pojok%20Code/3.%20rest-api/fullstack-skripsi/be/src/controller/user-controller.js:36:19)
    at process.processTicksAndRejections (node:internal/process/task_queues:95:5)
 [LOGGER] 2024-01-08 12:24:59.899 PM error : Error in register function: Register Field
 [LOGGER] 2024-01-08 12:24:59.902 PM error : Error: Register Field
    at register (file:///D:/belajar/JavaScript/rest%20api/Pojok%20Code/3.%20rest-api/fullstack-skripsi/be/src/controller/user-controller.js:36:19)
    at process.processTicksAndRejections (node:internal/process/task_queues:95:5)
 [LOGGER] 2024-01-08 05:36:58.964 PM error : uncaughtException: connect ECONNREFUSED ::1:3306
SequelizeConnectionRefusedError: connect ECONNREFUSED ::1:3306
    at ConnectionManager.connect (D:\belajar\JavaScript\rest api\Pojok Code\3. rest-api\fullstack-skripsi\be\node_modules\sequelize\lib\dialects\mysql\connection-manager.js:92:17)
    at process.processTicksAndRejections (node:internal/process/task_queues:95:5)
    at async ConnectionManager._connect (D:\belajar\JavaScript\rest api\Pojok Code\3. rest-api\fullstack-skripsi\be\node_modules\sequelize\lib\dialects\abstract\connection-manager.js:222:24)
    at async D:\belajar\JavaScript\rest api\Pojok Code\3. rest-api\fullstack-skripsi\be\node_modules\sequelize\lib\dialects\abstract\connection-manager.js:174:32
    at async ConnectionManager.getConnection (D:\belajar\JavaScript\rest api\Pojok Code\3. rest-api\fullstack-skripsi\be\node_modules\sequelize\lib\dialects\abstract\connection-manager.js:197:7)
    at async D:\belajar\JavaScript\rest api\Pojok Code\3. rest-api\fullstack-skripsi\be\node_modules\sequelize\lib\sequelize.js:305:26
    at async MySQLQueryInterface.tableExists (D:\belajar\JavaScript\rest api\Pojok Code\3. rest-api\fullstack-skripsi\be\node_modules\sequelize\lib\dialects\abstract\query-interface.js:102:17)
    at async User.sync (D:\belajar\JavaScript\rest api\Pojok Code\3. rest-api\fullstack-skripsi\be\node_modules\sequelize\lib\model.js:939:21)
    at async Sequelize.sync (D:\belajar\JavaScript\rest api\Pojok Code\3. rest-api\fullstack-skripsi\be\node_modules\sequelize\lib\sequelize.js:377:9)
 [LOGGER] 2024-01-08 05:39:09.537 PM error : Error in setActivateUser function: WHERE parameter "id" has invalid "undefined" value
 [LOGGER] 2024-01-08 05:39:09.542 PM error : Error: WHERE parameter "id" has invalid "undefined" value
    at MySQLQueryGenerator.whereItemQuery (D:\belajar\JavaScript\rest api\Pojok Code\3. rest-api\fullstack-skripsi\be\node_modules\sequelize\lib\dialects\abstract\query-generator.js:1743:13)
    at D:\belajar\JavaScript\rest api\Pojok Code\3. rest-api\fullstack-skripsi\be\node_modules\sequelize\lib\dialects\abstract\query-generator.js:1734:25
    at Array.forEach (<anonymous>)
    at MySQLQueryGenerator.whereItemsQuery (D:\belajar\JavaScript\rest api\Pojok Code\3. rest-api\fullstack-skripsi\be\node_modules\sequelize\lib\dialects\abstract\query-generator.js:1732:35)
    at MySQLQueryGenerator.getWhereConditions (D:\belajar\JavaScript\rest api\Pojok Code\3. rest-api\fullstack-skripsi\be\node_modules\sequelize\lib\dialects\abstract\query-generator.js:2075:19)
    at MySQLQueryGenerator.selectQuery (D:\belajar\JavaScript\rest api\Pojok Code\3. rest-api\fullstack-skripsi\be\node_modules\sequelize\lib\dialects\abstract\query-generator.js:988:28)
    at MySQLQueryInterface.select (D:\belajar\JavaScript\rest api\Pojok Code\3. rest-api\fullstack-skripsi\be\node_modules\sequelize\lib\dialects\abstract\query-interface.js:407:59)
    at User.findAll (D:\belajar\JavaScript\rest api\Pojok Code\3. rest-api\fullstack-skripsi\be\node_modules\sequelize\lib\model.js:1140:47)
    at process.processTicksAndRejections (node:internal/process/task_queues:95:5)
    at async User.findOne (D:\belajar\JavaScript\rest api\Pojok Code\3. rest-api\fullstack-skripsi\be\node_modules\sequelize\lib\model.js:1240:12)
 [LOGGER] 2024-01-08 05:55:58.185 PM error : Error in register function: Register Field
 [LOGGER] 2024-01-08 05:55:58.189 PM error : Error: Register Field
    at register (file:///D:/belajar/JavaScript/rest%20api/Pojok%20Code/3.%20rest-api/fullstack-skripsi/be/src/controller/user-controller.js:35:19)
    at process.processTicksAndRejections (node:internal/process/task_queues:95:5)
 [LOGGER] 2024-01-08 06:02:37.205 PM error : Error in setActivateUser function: Activate User Field
 [LOGGER] 2024-01-08 06:02:37.206 PM error : Error: Activate User Field
    at setActivateUser (file:///D:/belajar/JavaScript/rest%20api/Pojok%20Code/3.%20rest-api/fullstack-skripsi/be/src/controller/user-controller.js:127:19)
    at process.processTicksAndRejections (node:internal/process/task_queues:95:5)
