 [LOGGER] 2024-04-24 01:36:33.066 PM ERROR : Error in get province function getaddrinfo ENOTFOUND api.rajaongkir.com
 [LOGGER] 2024-04-24 01:36:33.070 PM ERROR : Error: getaddrinfo ENOTFOUND api.rajaongkir.com
    at AxiosError.from (file:///D:/tugas%20kuliah/skripsi/Website%20Skripsi/BE/node_modules/axios/lib/core/AxiosError.js:89:14)
    at RedirectableRequest.handleRequestError (file:///D:/tugas%20kuliah/skripsi/Website%20Skripsi/BE/node_modules/axios/lib/adapters/http.js:610:25)
    at RedirectableRequest.emit (node:events:514:28)
    at eventHandlers.<computed> (D:\tugas kuliah\skripsi\Website Skripsi\BE\node_modules\follow-redirects\index.js:38:24)
    at ClientRequest.emit (node:events:514:28)
    at TLSSocket.socketErrorListener (node:_http_client:501:9)
    at TLSSocket.emit (node:events:514:28)
    at emitErrorNT (node:internal/streams/destroy:151:8)
    at emitErrorCloseNT (node:internal/streams/destroy:116:3)
    at process.processTicksAndRejections (node:internal/process/task_queues:82:21)
    at Axios.request (file:///D:/tugas%20kuliah/skripsi/Website%20Skripsi/BE/node_modules/axios/lib/core/Axios.js:45:41)
    at process.processTicksAndRejections (node:internal/process/task_queues:95:5)
    at async province (file:///D:/tugas%20kuliah/skripsi/Website%20Skripsi/BE/src/controller/ongkir-controller.js:12:26)
 [LOGGER] 2024-04-24 01:38:07.807 PM ERROR : Error in get province function getaddrinfo ENOTFOUND api.rajaongkir.com
 [LOGGER] 2024-04-24 01:38:07.810 PM ERROR : Error: getaddrinfo ENOTFOUND api.rajaongkir.com
    at AxiosError.from (file:///D:/tugas%20kuliah/skripsi/Website%20Skripsi/BE/node_modules/axios/lib/core/AxiosError.js:89:14)
    at RedirectableRequest.handleRequestError (file:///D:/tugas%20kuliah/skripsi/Website%20Skripsi/BE/node_modules/axios/lib/adapters/http.js:610:25)
    at RedirectableRequest.emit (node:events:514:28)
    at eventHandlers.<computed> (D:\tugas kuliah\skripsi\Website Skripsi\BE\node_modules\follow-redirects\index.js:38:24)
    at ClientRequest.emit (node:events:514:28)
    at TLSSocket.socketErrorListener (node:_http_client:501:9)
    at TLSSocket.emit (node:events:514:28)
    at emitErrorNT (node:internal/streams/destroy:151:8)
    at emitErrorCloseNT (node:internal/streams/destroy:116:3)
    at process.processTicksAndRejections (node:internal/process/task_queues:82:21)
    at Axios.request (file:///D:/tugas%20kuliah/skripsi/Website%20Skripsi/BE/node_modules/axios/lib/core/Axios.js:45:41)
    at process.processTicksAndRejections (node:internal/process/task_queues:95:5)
    at async province (file:///D:/tugas%20kuliah/skripsi/Website%20Skripsi/BE/src/controller/ongkir-controller.js:12:26)
 [LOGGER] 2024-04-24 01:39:14.741 PM ERROR : Error in get province function getaddrinfo ENOTFOUND api.rajaongkir.com
 [LOGGER] 2024-04-24 01:39:14.742 PM ERROR : Error: getaddrinfo ENOTFOUND api.rajaongkir.com
    at AxiosError.from (file:///D:/tugas%20kuliah/skripsi/Website%20Skripsi/BE/node_modules/axios/lib/core/AxiosError.js:89:14)
    at RedirectableRequest.handleRequestError (file:///D:/tugas%20kuliah/skripsi/Website%20Skripsi/BE/node_modules/axios/lib/adapters/http.js:610:25)
    at RedirectableRequest.emit (node:events:514:28)
    at eventHandlers.<computed> (D:\tugas kuliah\skripsi\Website Skripsi\BE\node_modules\follow-redirects\index.js:38:24)
    at ClientRequest.emit (node:events:514:28)
    at TLSSocket.socketErrorListener (node:_http_client:501:9)
    at TLSSocket.emit (node:events:514:28)
    at emitErrorNT (node:internal/streams/destroy:151:8)
    at emitErrorCloseNT (node:internal/streams/destroy:116:3)
    at process.processTicksAndRejections (node:internal/process/task_queues:82:21)
    at Axios.request (file:///D:/tugas%20kuliah/skripsi/Website%20Skripsi/BE/node_modules/axios/lib/core/Axios.js:45:41)
    at process.processTicksAndRejections (node:internal/process/task_queues:95:5)
    at async province (file:///D:/tugas%20kuliah/skripsi/Website%20Skripsi/BE/src/controller/ongkir-controller.js:12:26)
 [LOGGER] 2024-04-24 02:50:42.762 PM ERROR : Error in get ongkir function Request failed with status code 400
 [LOGGER] 2024-04-24 02:50:42.764 PM ERROR : AxiosError: Request failed with status code 400
    at settle (file:///D:/tugas%20kuliah/skripsi/Website%20Skripsi/BE/node_modules/axios/lib/core/settle.js:19:12)
    at IncomingMessage.handleStreamEnd (file:///D:/tugas%20kuliah/skripsi/Website%20Skripsi/BE/node_modules/axios/lib/adapters/http.js:589:11)
    at IncomingMessage.emit (node:events:526:35)
    at endReadableNT (node:internal/streams/readable:1359:12)
    at process.processTicksAndRejections (node:internal/process/task_queues:82:21)
    at Axios.request (file:///D:/tugas%20kuliah/skripsi/Website%20Skripsi/BE/node_modules/axios/lib/core/Axios.js:45:41)
    at process.processTicksAndRejections (node:internal/process/task_queues:95:5)
    at async ongkir (file:///D:/tugas%20kuliah/skripsi/Website%20Skripsi/BE/src/controller/ongkir-controller.js:34:26)
 [LOGGER] 2024-04-24 02:52:21.341 PM ERROR : Error in get ongkir function Request failed with status code 400
 [LOGGER] 2024-04-24 02:52:21.342 PM ERROR : AxiosError: Request failed with status code 400
    at settle (file:///D:/tugas%20kuliah/skripsi/Website%20Skripsi/BE/node_modules/axios/lib/core/settle.js:19:12)
    at IncomingMessage.handleStreamEnd (file:///D:/tugas%20kuliah/skripsi/Website%20Skripsi/BE/node_modules/axios/lib/adapters/http.js:589:11)
    at IncomingMessage.emit (node:events:526:35)
    at endReadableNT (node:internal/streams/readable:1359:12)
    at process.processTicksAndRejections (node:internal/process/task_queues:82:21)
    at Axios.request (file:///D:/tugas%20kuliah/skripsi/Website%20Skripsi/BE/node_modules/axios/lib/core/Axios.js:45:41)
    at process.processTicksAndRejections (node:internal/process/task_queues:95:5)
    at async ongkir (file:///D:/tugas%20kuliah/skripsi/Website%20Skripsi/BE/src/controller/ongkir-controller.js:34:26)
 [LOGGER] 2024-04-24 02:52:56.601 PM ERROR : Error in get ongkir function Request failed with status code 400
 [LOGGER] 2024-04-24 02:52:56.601 PM ERROR : AxiosError: Request failed with status code 400
    at settle (file:///D:/tugas%20kuliah/skripsi/Website%20Skripsi/BE/node_modules/axios/lib/core/settle.js:19:12)
    at IncomingMessage.handleStreamEnd (file:///D:/tugas%20kuliah/skripsi/Website%20Skripsi/BE/node_modules/axios/lib/adapters/http.js:589:11)
    at IncomingMessage.emit (node:events:526:35)
    at endReadableNT (node:internal/streams/readable:1359:12)
    at process.processTicksAndRejections (node:internal/process/task_queues:82:21)
    at Axios.request (file:///D:/tugas%20kuliah/skripsi/Website%20Skripsi/BE/node_modules/axios/lib/core/Axios.js:45:41)
    at process.processTicksAndRejections (node:internal/process/task_queues:95:5)
    at async ongkir (file:///D:/tugas%20kuliah/skripsi/Website%20Skripsi/BE/src/controller/ongkir-controller.js:34:26)
 [LOGGER] 2024-04-24 03:00:22.150 PM ERROR : Error in get ongkir function Request failed with status code 400
 [LOGGER] 2024-04-24 03:00:22.151 PM ERROR : AxiosError: Request failed with status code 400
    at settle (file:///D:/tugas%20kuliah/skripsi/Website%20Skripsi/BE/node_modules/axios/lib/core/settle.js:19:12)
    at IncomingMessage.handleStreamEnd (file:///D:/tugas%20kuliah/skripsi/Website%20Skripsi/BE/node_modules/axios/lib/adapters/http.js:589:11)
    at IncomingMessage.emit (node:events:526:35)
    at endReadableNT (node:internal/streams/readable:1359:12)
    at process.processTicksAndRejections (node:internal/process/task_queues:82:21)
    at Axios.request (file:///D:/tugas%20kuliah/skripsi/Website%20Skripsi/BE/node_modules/axios/lib/core/Axios.js:45:41)
    at process.processTicksAndRejections (node:internal/process/task_queues:95:5)
    at async ongkir (file:///D:/tugas%20kuliah/skripsi/Website%20Skripsi/BE/src/controller/ongkir-controller.js:34:26)
 [LOGGER] 2024-04-24 03:00:30.859 PM ERROR : Error in get ongkir function Request failed with status code 400
 [LOGGER] 2024-04-24 03:00:30.860 PM ERROR : AxiosError: Request failed with status code 400
    at settle (file:///D:/tugas%20kuliah/skripsi/Website%20Skripsi/BE/node_modules/axios/lib/core/settle.js:19:12)
    at IncomingMessage.handleStreamEnd (file:///D:/tugas%20kuliah/skripsi/Website%20Skripsi/BE/node_modules/axios/lib/adapters/http.js:589:11)
    at IncomingMessage.emit (node:events:526:35)
    at endReadableNT (node:internal/streams/readable:1359:12)
    at process.processTicksAndRejections (node:internal/process/task_queues:82:21)
    at Axios.request (file:///D:/tugas%20kuliah/skripsi/Website%20Skripsi/BE/node_modules/axios/lib/core/Axios.js:45:41)
    at process.processTicksAndRejections (node:internal/process/task_queues:95:5)
    at async ongkir (file:///D:/tugas%20kuliah/skripsi/Website%20Skripsi/BE/src/controller/ongkir-controller.js:34:26)
 [LOGGER] 2024-04-24 03:02:04.288 PM ERROR : Error in get ongkir function Request failed with status code 400
 [LOGGER] 2024-04-24 03:02:04.288 PM ERROR : AxiosError: Request failed with status code 400
    at settle (file:///D:/tugas%20kuliah/skripsi/Website%20Skripsi/BE/node_modules/axios/lib/core/settle.js:19:12)
    at IncomingMessage.handleStreamEnd (file:///D:/tugas%20kuliah/skripsi/Website%20Skripsi/BE/node_modules/axios/lib/adapters/http.js:589:11)
    at IncomingMessage.emit (node:events:526:35)
    at endReadableNT (node:internal/streams/readable:1359:12)
    at process.processTicksAndRejections (node:internal/process/task_queues:82:21)
    at Axios.request (file:///D:/tugas%20kuliah/skripsi/Website%20Skripsi/BE/node_modules/axios/lib/core/Axios.js:45:41)
    at process.processTicksAndRejections (node:internal/process/task_queues:95:5)
    at async ongkir (file:///D:/tugas%20kuliah/skripsi/Website%20Skripsi/BE/src/controller/ongkir-controller.js:34:26)
 [LOGGER] 2024-04-24 03:46:44.691 PM ERROR : Error in get ongkir function Request failed with status code 400
 [LOGGER] 2024-04-24 03:46:44.693 PM ERROR : AxiosError: Request failed with status code 400
    at settle (file:///D:/tugas%20kuliah/skripsi/Website%20Skripsi/BE/node_modules/axios/lib/core/settle.js:19:12)
    at IncomingMessage.handleStreamEnd (file:///D:/tugas%20kuliah/skripsi/Website%20Skripsi/BE/node_modules/axios/lib/adapters/http.js:589:11)
    at IncomingMessage.emit (node:events:526:35)
    at endReadableNT (node:internal/streams/readable:1359:12)
    at process.processTicksAndRejections (node:internal/process/task_queues:82:21)
    at Axios.request (file:///D:/tugas%20kuliah/skripsi/Website%20Skripsi/BE/node_modules/axios/lib/core/Axios.js:45:41)
    at process.processTicksAndRejections (node:internal/process/task_queues:95:5)
    at async ongkir (file:///D:/tugas%20kuliah/skripsi/Website%20Skripsi/BE/src/controller/ongkir-controller.js:34:26)
 [LOGGER] 2024-04-24 03:47:13.814 PM ERROR : Error in get ongkir function Request failed with status code 400
 [LOGGER] 2024-04-24 03:47:13.814 PM ERROR : AxiosError: Request failed with status code 400
    at settle (file:///D:/tugas%20kuliah/skripsi/Website%20Skripsi/BE/node_modules/axios/lib/core/settle.js:19:12)
    at IncomingMessage.handleStreamEnd (file:///D:/tugas%20kuliah/skripsi/Website%20Skripsi/BE/node_modules/axios/lib/adapters/http.js:589:11)
    at IncomingMessage.emit (node:events:526:35)
    at endReadableNT (node:internal/streams/readable:1359:12)
    at process.processTicksAndRejections (node:internal/process/task_queues:82:21)
    at Axios.request (file:///D:/tugas%20kuliah/skripsi/Website%20Skripsi/BE/node_modules/axios/lib/core/Axios.js:45:41)
    at process.processTicksAndRejections (node:internal/process/task_queues:95:5)
    at async ongkir (file:///D:/tugas%20kuliah/skripsi/Website%20Skripsi/BE/src/controller/ongkir-controller.js:34:26)
 [LOGGER] 2024-04-24 03:51:46.410 PM ERROR : Error in get city function connect ETIMEDOUT 68.183.25.19:443
 [LOGGER] 2024-04-24 03:51:46.412 PM ERROR : Error: connect ETIMEDOUT 68.183.25.19:443
    at AxiosError.from (file:///D:/tugas%20kuliah/skripsi/Website%20Skripsi/BE/node_modules/axios/lib/core/AxiosError.js:89:14)
    at RedirectableRequest.handleRequestError (file:///D:/tugas%20kuliah/skripsi/Website%20Skripsi/BE/node_modules/axios/lib/adapters/http.js:610:25)
    at RedirectableRequest.emit (node:events:514:28)
    at eventHandlers.<computed> (D:\tugas kuliah\skripsi\Website Skripsi\BE\node_modules\follow-redirects\index.js:38:24)
    at ClientRequest.emit (node:events:514:28)
    at TLSSocket.socketErrorListener (node:_http_client:501:9)
    at TLSSocket.emit (node:events:514:28)
    at emitErrorNT (node:internal/streams/destroy:151:8)
    at emitErrorCloseNT (node:internal/streams/destroy:116:3)
    at process.processTicksAndRejections (node:internal/process/task_queues:82:21)
    at Axios.request (file:///D:/tugas%20kuliah/skripsi/Website%20Skripsi/BE/node_modules/axios/lib/core/Axios.js:45:41)
    at process.processTicksAndRejections (node:internal/process/task_queues:95:5)
    at async city (file:///D:/tugas%20kuliah/skripsi/Website%20Skripsi/BE/src/controller/ongkir-controller.js:23:26)
 [LOGGER] 2024-04-24 05:03:35.650 PM ERROR : Error in get ongkir function Request failed with status code 400
 [LOGGER] 2024-04-24 05:03:35.652 PM ERROR : AxiosError: Request failed with status code 400
    at settle (file:///D:/tugas%20kuliah/skripsi/Website%20Skripsi/BE/node_modules/axios/lib/core/settle.js:19:12)
    at IncomingMessage.handleStreamEnd (file:///D:/tugas%20kuliah/skripsi/Website%20Skripsi/BE/node_modules/axios/lib/adapters/http.js:589:11)
    at IncomingMessage.emit (node:events:526:35)
    at endReadableNT (node:internal/streams/readable:1359:12)
    at process.processTicksAndRejections (node:internal/process/task_queues:82:21)
    at Axios.request (file:///D:/tugas%20kuliah/skripsi/Website%20Skripsi/BE/node_modules/axios/lib/core/Axios.js:45:41)
    at process.processTicksAndRejections (node:internal/process/task_queues:95:5)
    at async ongkir (file:///D:/tugas%20kuliah/skripsi/Website%20Skripsi/BE/src/controller/ongkir-controller.js:34:26)
 [LOGGER] 2024-04-24 05:04:01.713 PM ERROR : Error in get ongkir function Request failed with status code 400
 [LOGGER] 2024-04-24 05:04:01.714 PM ERROR : AxiosError: Request failed with status code 400
    at settle (file:///D:/tugas%20kuliah/skripsi/Website%20Skripsi/BE/node_modules/axios/lib/core/settle.js:19:12)
    at IncomingMessage.handleStreamEnd (file:///D:/tugas%20kuliah/skripsi/Website%20Skripsi/BE/node_modules/axios/lib/adapters/http.js:589:11)
    at IncomingMessage.emit (node:events:526:35)
    at endReadableNT (node:internal/streams/readable:1359:12)
    at process.processTicksAndRejections (node:internal/process/task_queues:82:21)
    at Axios.request (file:///D:/tugas%20kuliah/skripsi/Website%20Skripsi/BE/node_modules/axios/lib/core/Axios.js:45:41)
    at process.processTicksAndRejections (node:internal/process/task_queues:95:5)
    at async ongkir (file:///D:/tugas%20kuliah/skripsi/Website%20Skripsi/BE/src/controller/ongkir-controller.js:34:26)
 [LOGGER] 2024-04-24 05:04:12.994 PM ERROR : Error in get ongkir function Request failed with status code 400
 [LOGGER] 2024-04-24 05:04:12.995 PM ERROR : AxiosError: Request failed with status code 400
    at settle (file:///D:/tugas%20kuliah/skripsi/Website%20Skripsi/BE/node_modules/axios/lib/core/settle.js:19:12)
    at IncomingMessage.handleStreamEnd (file:///D:/tugas%20kuliah/skripsi/Website%20Skripsi/BE/node_modules/axios/lib/adapters/http.js:589:11)
    at IncomingMessage.emit (node:events:526:35)
    at endReadableNT (node:internal/streams/readable:1359:12)
    at process.processTicksAndRejections (node:internal/process/task_queues:82:21)
    at Axios.request (file:///D:/tugas%20kuliah/skripsi/Website%20Skripsi/BE/node_modules/axios/lib/core/Axios.js:45:41)
    at process.processTicksAndRejections (node:internal/process/task_queues:95:5)
    at async ongkir (file:///D:/tugas%20kuliah/skripsi/Website%20Skripsi/BE/src/controller/ongkir-controller.js:34:26)
 [LOGGER] 2024-04-24 05:04:16.537 PM ERROR : Error in get ongkir function Request failed with status code 400
 [LOGGER] 2024-04-24 05:04:16.538 PM ERROR : AxiosError: Request failed with status code 400
    at settle (file:///D:/tugas%20kuliah/skripsi/Website%20Skripsi/BE/node_modules/axios/lib/core/settle.js:19:12)
    at IncomingMessage.handleStreamEnd (file:///D:/tugas%20kuliah/skripsi/Website%20Skripsi/BE/node_modules/axios/lib/adapters/http.js:589:11)
    at IncomingMessage.emit (node:events:526:35)
    at endReadableNT (node:internal/streams/readable:1359:12)
    at process.processTicksAndRejections (node:internal/process/task_queues:82:21)
    at Axios.request (file:///D:/tugas%20kuliah/skripsi/Website%20Skripsi/BE/node_modules/axios/lib/core/Axios.js:45:41)
    at process.processTicksAndRejections (node:internal/process/task_queues:95:5)
    at async ongkir (file:///D:/tugas%20kuliah/skripsi/Website%20Skripsi/BE/src/controller/ongkir-controller.js:34:26)
 [LOGGER] 2024-04-24 08:20:57.316 PM ERROR : Error in get province function getaddrinfo ENOTFOUND api.rajaongkir.com
 [LOGGER] 2024-04-24 08:20:57.318 PM ERROR : Error: getaddrinfo ENOTFOUND api.rajaongkir.com
    at AxiosError.from (file:///D:/tugas%20kuliah/skripsi/Website%20Skripsi/BE/node_modules/axios/lib/core/AxiosError.js:89:14)
    at RedirectableRequest.handleRequestError (file:///D:/tugas%20kuliah/skripsi/Website%20Skripsi/BE/node_modules/axios/lib/adapters/http.js:610:25)
    at RedirectableRequest.emit (node:events:514:28)
    at eventHandlers.<computed> (D:\tugas kuliah\skripsi\Website Skripsi\BE\node_modules\follow-redirects\index.js:38:24)
    at ClientRequest.emit (node:events:514:28)
    at TLSSocket.socketErrorListener (node:_http_client:501:9)
    at TLSSocket.emit (node:events:514:28)
    at emitErrorNT (node:internal/streams/destroy:151:8)
    at emitErrorCloseNT (node:internal/streams/destroy:116:3)
    at process.processTicksAndRejections (node:internal/process/task_queues:82:21)
    at Axios.request (file:///D:/tugas%20kuliah/skripsi/Website%20Skripsi/BE/node_modules/axios/lib/core/Axios.js:45:41)
    at process.processTicksAndRejections (node:internal/process/task_queues:95:5)
    at async province (file:///D:/tugas%20kuliah/skripsi/Website%20Skripsi/BE/src/controller/ongkir-controller.js:12:26)
 [LOGGER] 2024-04-24 09:28:05.449 PM ERROR : Error in login function: Email or password wrong
 [LOGGER] 2024-04-24 09:28:05.452 PM ERROR : Error: Email or password wrong
    at login (file:///D:/tugas%20kuliah/skripsi/Website%20Skripsi/BE/src/controller/user-controller.js:204:19)
    at process.processTicksAndRejections (node:internal/process/task_queues:95:5)
