 [LOGGER] 2024-04-09 12:41:36.163 AM error : Error in login function: Email or password wrong
 [LOGGER] 2024-04-09 12:41:36.177 AM error : Error: Email or password wrong
    at login (file:///D:/belajar/JavaScript/rest%20api/Pojok%20Code/3.%20rest-api/fullstack-skripsi/BE/src/controller/user-controller.js:204:19)
    at process.processTicksAndRejections (node:internal/process/task_queues:95:5)
 [LOGGER] 2024-04-09 12:41:38.533 AM error : Error in login function: Email or password wrong
 [LOGGER] 2024-04-09 12:41:38.534 AM error : Error: Email or password wrong
    at login (file:///D:/belajar/JavaScript/rest%20api/Pojok%20Code/3.%20rest-api/fullstack-skripsi/BE/src/controller/user-controller.js:204:19)
    at process.processTicksAndRejections (node:internal/process/task_queues:95:5)
 [LOGGER] 2024-04-09 01:05:51.226 AM error : Error in create order function: Midtrans API is returning API error. HTTP status code: 400. API response: {"error_messages":["item_details Price is not a number","item_details Price is not a number","item_details Price is not a number","transaction_details.gross_amount is not equal to the sum of item_details"]}
 [LOGGER] 2024-04-09 01:05:51.228 AM error : MidtransError: Midtrans API is returning API error. HTTP status code: 400. API response: {"error_messages":["item_details Price is not a number","item_details Price is not a number","item_details Price is not a number","transaction_details.gross_amount is not equal to the sum of item_details"]}
    at D:\belajar\JavaScript\rest api\Pojok Code\3. rest-api\fullstack-skripsi\BE\node_modules\midtrans-client\lib\httpClient.js:85:13
    at process.processTicksAndRejections (node:internal/process/task_queues:95:5)
 [LOGGER] 2024-04-09 01:05:57.365 AM error : Error in create order function: Midtrans API is returning API error. HTTP status code: 400. API response: {"error_messages":["item_details Price is not a number","item_details Price is not a number","item_details Price is not a number","transaction_details.gross_amount is not equal to the sum of item_details"]}
 [LOGGER] 2024-04-09 01:05:57.366 AM error : MidtransError: Midtrans API is returning API error. HTTP status code: 400. API response: {"error_messages":["item_details Price is not a number","item_details Price is not a number","item_details Price is not a number","transaction_details.gross_amount is not equal to the sum of item_details"]}
    at D:\belajar\JavaScript\rest api\Pojok Code\3. rest-api\fullstack-skripsi\BE\node_modules\midtrans-client\lib\httpClient.js:85:13
    at process.processTicksAndRejections (node:internal/process/task_queues:95:5)
 [LOGGER] 2024-04-09 01:06:18.099 AM error : Error in create order function: Midtrans API is returning API error. HTTP status code: 400. API response: {"error_messages":["item_details Price is not a number","item_details Price is not a number","item_details Price is not a number","transaction_details.gross_amount is not equal to the sum of item_details"]}
 [LOGGER] 2024-04-09 01:06:18.100 AM error : MidtransError: Midtrans API is returning API error. HTTP status code: 400. API response: {"error_messages":["item_details Price is not a number","item_details Price is not a number","item_details Price is not a number","transaction_details.gross_amount is not equal to the sum of item_details"]}
    at D:\belajar\JavaScript\rest api\Pojok Code\3. rest-api\fullstack-skripsi\BE\node_modules\midtrans-client\lib\httpClient.js:85:13
    at process.processTicksAndRejections (node:internal/process/task_queues:95:5)
 [LOGGER] 2024-04-09 01:10:04.542 AM error : Error in cari menu function Menu is not found
 [LOGGER] 2024-04-09 01:10:04.546 AM error : Error: Menu is not found
    at cariMenu (file:///D:/belajar/JavaScript/rest%20api/Pojok%20Code/3.%20rest-api/fullstack-skripsi/BE/src/controller/menu-controller.js:192:19)
    at Layer.handle [as handle_request] (D:\belajar\JavaScript\rest api\Pojok Code\3. rest-api\fullstack-skripsi\BE\node_modules\express\lib\router\layer.js:95:5)
    at next (D:\belajar\JavaScript\rest api\Pojok Code\3. rest-api\fullstack-skripsi\BE\node_modules\express\lib\router\route.js:144:13)
    at Route.dispatch (D:\belajar\JavaScript\rest api\Pojok Code\3. rest-api\fullstack-skripsi\BE\node_modules\express\lib\router\route.js:114:3)
    at Layer.handle [as handle_request] (D:\belajar\JavaScript\rest api\Pojok Code\3. rest-api\fullstack-skripsi\BE\node_modules\express\lib\router\layer.js:95:5)
    at D:\belajar\JavaScript\rest api\Pojok Code\3. rest-api\fullstack-skripsi\BE\node_modules\express\lib\router\index.js:284:15
    at Function.process_params (D:\belajar\JavaScript\rest api\Pojok Code\3. rest-api\fullstack-skripsi\BE\node_modules\express\lib\router\index.js:346:12)
    at next (D:\belajar\JavaScript\rest api\Pojok Code\3. rest-api\fullstack-skripsi\BE\node_modules\express\lib\router\index.js:280:10)
    at Function.handle (D:\belajar\JavaScript\rest api\Pojok Code\3. rest-api\fullstack-skripsi\BE\node_modules\express\lib\router\index.js:175:3)
    at router (D:\belajar\JavaScript\rest api\Pojok Code\3. rest-api\fullstack-skripsi\BE\node_modules\express\lib\router\index.js:47:12)
 [LOGGER] 2024-04-09 01:10:06.747 AM error : Error in cari menu function Menu is not found
 [LOGGER] 2024-04-09 01:10:06.749 AM error : Error: Menu is not found
    at cariMenu (file:///D:/belajar/JavaScript/rest%20api/Pojok%20Code/3.%20rest-api/fullstack-skripsi/BE/src/controller/menu-controller.js:192:19)
    at Layer.handle [as handle_request] (D:\belajar\JavaScript\rest api\Pojok Code\3. rest-api\fullstack-skripsi\BE\node_modules\express\lib\router\layer.js:95:5)
    at next (D:\belajar\JavaScript\rest api\Pojok Code\3. rest-api\fullstack-skripsi\BE\node_modules\express\lib\router\route.js:144:13)
    at Route.dispatch (D:\belajar\JavaScript\rest api\Pojok Code\3. rest-api\fullstack-skripsi\BE\node_modules\express\lib\router\route.js:114:3)
    at Layer.handle [as handle_request] (D:\belajar\JavaScript\rest api\Pojok Code\3. rest-api\fullstack-skripsi\BE\node_modules\express\lib\router\layer.js:95:5)
    at D:\belajar\JavaScript\rest api\Pojok Code\3. rest-api\fullstack-skripsi\BE\node_modules\express\lib\router\index.js:284:15
    at Function.process_params (D:\belajar\JavaScript\rest api\Pojok Code\3. rest-api\fullstack-skripsi\BE\node_modules\express\lib\router\index.js:346:12)
    at next (D:\belajar\JavaScript\rest api\Pojok Code\3. rest-api\fullstack-skripsi\BE\node_modules\express\lib\router\index.js:280:10)
    at Function.handle (D:\belajar\JavaScript\rest api\Pojok Code\3. rest-api\fullstack-skripsi\BE\node_modules\express\lib\router\index.js:175:3)
    at router (D:\belajar\JavaScript\rest api\Pojok Code\3. rest-api\fullstack-skripsi\BE\node_modules\express\lib\router\index.js:47:12)
 [LOGGER] 2024-04-09 01:10:09.125 AM error : Error in cari menu function Menu is not found
 [LOGGER] 2024-04-09 01:10:09.132 AM error : Error: Menu is not found
    at cariMenu (file:///D:/belajar/JavaScript/rest%20api/Pojok%20Code/3.%20rest-api/fullstack-skripsi/BE/src/controller/menu-controller.js:192:19)
    at Layer.handle [as handle_request] (D:\belajar\JavaScript\rest api\Pojok Code\3. rest-api\fullstack-skripsi\BE\node_modules\express\lib\router\layer.js:95:5)
    at next (D:\belajar\JavaScript\rest api\Pojok Code\3. rest-api\fullstack-skripsi\BE\node_modules\express\lib\router\route.js:144:13)
    at Route.dispatch (D:\belajar\JavaScript\rest api\Pojok Code\3. rest-api\fullstack-skripsi\BE\node_modules\express\lib\router\route.js:114:3)
    at Layer.handle [as handle_request] (D:\belajar\JavaScript\rest api\Pojok Code\3. rest-api\fullstack-skripsi\BE\node_modules\express\lib\router\layer.js:95:5)
    at D:\belajar\JavaScript\rest api\Pojok Code\3. rest-api\fullstack-skripsi\BE\node_modules\express\lib\router\index.js:284:15
    at Function.process_params (D:\belajar\JavaScript\rest api\Pojok Code\3. rest-api\fullstack-skripsi\BE\node_modules\express\lib\router\index.js:346:12)
    at next (D:\belajar\JavaScript\rest api\Pojok Code\3. rest-api\fullstack-skripsi\BE\node_modules\express\lib\router\index.js:280:10)
    at Function.handle (D:\belajar\JavaScript\rest api\Pojok Code\3. rest-api\fullstack-skripsi\BE\node_modules\express\lib\router\index.js:175:3)
    at router (D:\belajar\JavaScript\rest api\Pojok Code\3. rest-api\fullstack-skripsi\BE\node_modules\express\lib\router\index.js:47:12)
 [LOGGER] 2024-04-09 01:11:30.411 AM error : Error in cari menu function Menu is not found
 [LOGGER] 2024-04-09 01:11:30.412 AM error : Error: Menu is not found
    at cariMenu (file:///D:/belajar/JavaScript/rest%20api/Pojok%20Code/3.%20rest-api/fullstack-skripsi/BE/src/controller/menu-controller.js:192:19)
    at Layer.handle [as handle_request] (D:\belajar\JavaScript\rest api\Pojok Code\3. rest-api\fullstack-skripsi\BE\node_modules\express\lib\router\layer.js:95:5)
    at next (D:\belajar\JavaScript\rest api\Pojok Code\3. rest-api\fullstack-skripsi\BE\node_modules\express\lib\router\route.js:144:13)
    at Route.dispatch (D:\belajar\JavaScript\rest api\Pojok Code\3. rest-api\fullstack-skripsi\BE\node_modules\express\lib\router\route.js:114:3)
    at Layer.handle [as handle_request] (D:\belajar\JavaScript\rest api\Pojok Code\3. rest-api\fullstack-skripsi\BE\node_modules\express\lib\router\layer.js:95:5)
    at D:\belajar\JavaScript\rest api\Pojok Code\3. rest-api\fullstack-skripsi\BE\node_modules\express\lib\router\index.js:284:15
    at Function.process_params (D:\belajar\JavaScript\rest api\Pojok Code\3. rest-api\fullstack-skripsi\BE\node_modules\express\lib\router\index.js:346:12)
    at next (D:\belajar\JavaScript\rest api\Pojok Code\3. rest-api\fullstack-skripsi\BE\node_modules\express\lib\router\index.js:280:10)
    at Function.handle (D:\belajar\JavaScript\rest api\Pojok Code\3. rest-api\fullstack-skripsi\BE\node_modules\express\lib\router\index.js:175:3)
    at router (D:\belajar\JavaScript\rest api\Pojok Code\3. rest-api\fullstack-skripsi\BE\node_modules\express\lib\router\index.js:47:12)
 [LOGGER] 2024-04-09 02:20:57.134 AM error : Error in login function: Email or password wrong
 [LOGGER] 2024-04-09 02:20:57.136 AM error : Error: Email or password wrong
    at login (file:///D:/tugas%20kuliah/skripsi/Website%20Skripsi/be/src/controller/user-controller.js:204:19)
    at process.processTicksAndRejections (node:internal/process/task_queues:95:5)
