 [LOGGER] 2024-02-08 12:00:41.316 AM error : uncaughtException: Cannot add foreign key constraint
Error
    at Query.run (D:\belajar\JavaScript\rest api\Pojok Code\3. rest-api\fullstack-skripsi\BE\node_modules\sequelize\lib\dialects\mysql\query.js:52:25)
    at D:\belajar\JavaScript\rest api\Pojok Code\3. rest-api\fullstack-skripsi\BE\node_modules\sequelize\lib\sequelize.js:315:28
    at process.processTicksAndRejections (node:internal/process/task_queues:95:5)
    at async MySQLQueryInterface.createTable (D:\belajar\JavaScript\rest api\Pojok Code\3. rest-api\fullstack-skripsi\BE\node_modules\sequelize\lib\dialects\abstract\query-interface.js:98:12)
    at async Cart.sync (D:\belajar\JavaScript\rest api\Pojok Code\3. rest-api\fullstack-skripsi\BE\node_modules\sequelize\lib\model.js:942:7)
    at async Sequelize.sync (D:\belajar\JavaScript\rest api\Pojok Code\3. rest-api\fullstack-skripsi\BE\node_modules\sequelize\lib\sequelize.js:377:9)
    at async file:///D:/belajar/JavaScript/rest%20api/Pojok%20Code/3.%20rest-api/fullstack-skripsi/BE/src/model/testimonial-model.js:43:5
 [LOGGER] 2024-02-08 12:00:41.346 AM error : uncaughtException: Cannot add foreign key constraint
Error
    at Query.run (D:\belajar\JavaScript\rest api\Pojok Code\3. rest-api\fullstack-skripsi\BE\node_modules\sequelize\lib\dialects\mysql\query.js:52:25)
    at D:\belajar\JavaScript\rest api\Pojok Code\3. rest-api\fullstack-skripsi\BE\node_modules\sequelize\lib\sequelize.js:315:28
    at process.processTicksAndRejections (node:internal/process/task_queues:95:5)
    at async MySQLQueryInterface.createTable (D:\belajar\JavaScript\rest api\Pojok Code\3. rest-api\fullstack-skripsi\BE\node_modules\sequelize\lib\dialects\abstract\query-interface.js:98:12)
    at async Cart.sync (D:\belajar\JavaScript\rest api\Pojok Code\3. rest-api\fullstack-skripsi\BE\node_modules\sequelize\lib\model.js:942:7)
    at async Sequelize.sync (D:\belajar\JavaScript\rest api\Pojok Code\3. rest-api\fullstack-skripsi\BE\node_modules\sequelize\lib\sequelize.js:377:9)
    at async file:///D:/belajar/JavaScript/rest%20api/Pojok%20Code/3.%20rest-api/fullstack-skripsi/BE/src/model/user-model.js:85:5
 [LOGGER] 2024-02-08 12:01:56.771 AM error : uncaughtException: Cannot add foreign key constraint
Error
    at Query.run (D:\belajar\JavaScript\rest api\Pojok Code\3. rest-api\fullstack-skripsi\BE\node_modules\sequelize\lib\dialects\mysql\query.js:52:25)
    at D:\belajar\JavaScript\rest api\Pojok Code\3. rest-api\fullstack-skripsi\BE\node_modules\sequelize\lib\sequelize.js:315:28
    at process.processTicksAndRejections (node:internal/process/task_queues:95:5)
    at async MySQLQueryInterface.createTable (D:\belajar\JavaScript\rest api\Pojok Code\3. rest-api\fullstack-skripsi\BE\node_modules\sequelize\lib\dialects\abstract\query-interface.js:98:12)
    at async cart.sync (D:\belajar\JavaScript\rest api\Pojok Code\3. rest-api\fullstack-skripsi\BE\node_modules\sequelize\lib\model.js:942:7)
    at async Sequelize.sync (D:\belajar\JavaScript\rest api\Pojok Code\3. rest-api\fullstack-skripsi\BE\node_modules\sequelize\lib\sequelize.js:377:9)
    at async file:///D:/belajar/JavaScript/rest%20api/Pojok%20Code/3.%20rest-api/fullstack-skripsi/BE/src/model/user-model.js:85:5
 [LOGGER] 2024-02-08 12:01:56.791 AM error : uncaughtException: Cannot add foreign key constraint
Error
    at Query.run (D:\belajar\JavaScript\rest api\Pojok Code\3. rest-api\fullstack-skripsi\BE\node_modules\sequelize\lib\dialects\mysql\query.js:52:25)
    at D:\belajar\JavaScript\rest api\Pojok Code\3. rest-api\fullstack-skripsi\BE\node_modules\sequelize\lib\sequelize.js:315:28
    at process.processTicksAndRejections (node:internal/process/task_queues:95:5)
    at async MySQLQueryInterface.createTable (D:\belajar\JavaScript\rest api\Pojok Code\3. rest-api\fullstack-skripsi\BE\node_modules\sequelize\lib\dialects\abstract\query-interface.js:98:12)
    at async cart.sync (D:\belajar\JavaScript\rest api\Pojok Code\3. rest-api\fullstack-skripsi\BE\node_modules\sequelize\lib\model.js:942:7)
    at async Sequelize.sync (D:\belajar\JavaScript\rest api\Pojok Code\3. rest-api\fullstack-skripsi\BE\node_modules\sequelize\lib\sequelize.js:377:9)
    at async file:///D:/belajar/JavaScript/rest%20api/Pojok%20Code/3.%20rest-api/fullstack-skripsi/BE/src/model/testimonial-model.js:43:5
 [LOGGER] 2024-02-08 12:06:50.407 AM error : uncaughtException: Testimonial is not defined
ReferenceError: Testimonial is not defined
    at file:///D:/belajar/JavaScript/rest%20api/Pojok%20Code/3.%20rest-api/fullstack-skripsi/BE/src/model/cart-model.js:41:14
    at ModuleJob.run (node:internal/modules/esm/module_job:194:25)
 [LOGGER] 2024-02-08 12:08:13.721 AM error : uncaughtException: Testimonial is not defined
ReferenceError: Testimonial is not defined
    at file:///D:/belajar/JavaScript/rest%20api/Pojok%20Code/3.%20rest-api/fullstack-skripsi/BE/src/model/cart-model.js:41:14
    at ModuleJob.run (node:internal/modules/esm/module_job:194:25)
 [LOGGER] 2024-02-08 12:10:15.226 AM error : uncaughtException: Cannot add foreign key constraint
Error
    at Query.run (D:\belajar\JavaScript\rest api\Pojok Code\3. rest-api\fullstack-skripsi\BE\node_modules\sequelize\lib\dialects\mysql\query.js:52:25)
    at D:\belajar\JavaScript\rest api\Pojok Code\3. rest-api\fullstack-skripsi\BE\node_modules\sequelize\lib\sequelize.js:315:28
    at process.processTicksAndRejections (node:internal/process/task_queues:95:5)
    at async MySQLQueryInterface.createTable (D:\belajar\JavaScript\rest api\Pojok Code\3. rest-api\fullstack-skripsi\BE\node_modules\sequelize\lib\dialects\abstract\query-interface.js:98:12)
    at async Carts.sync (D:\belajar\JavaScript\rest api\Pojok Code\3. rest-api\fullstack-skripsi\BE\node_modules\sequelize\lib\model.js:942:7)
    at async Sequelize.sync (D:\belajar\JavaScript\rest api\Pojok Code\3. rest-api\fullstack-skripsi\BE\node_modules\sequelize\lib\sequelize.js:377:9)
    at async file:///D:/belajar/JavaScript/rest%20api/Pojok%20Code/3.%20rest-api/fullstack-skripsi/BE/src/model/user-model.js:85:5
 [LOGGER] 2024-02-08 12:10:15.253 AM error : uncaughtException: Cannot add foreign key constraint
Error
    at Query.run (D:\belajar\JavaScript\rest api\Pojok Code\3. rest-api\fullstack-skripsi\BE\node_modules\sequelize\lib\dialects\mysql\query.js:52:25)
    at D:\belajar\JavaScript\rest api\Pojok Code\3. rest-api\fullstack-skripsi\BE\node_modules\sequelize\lib\sequelize.js:315:28
    at process.processTicksAndRejections (node:internal/process/task_queues:95:5)
    at async MySQLQueryInterface.createTable (D:\belajar\JavaScript\rest api\Pojok Code\3. rest-api\fullstack-skripsi\BE\node_modules\sequelize\lib\dialects\abstract\query-interface.js:98:12)
    at async Carts.sync (D:\belajar\JavaScript\rest api\Pojok Code\3. rest-api\fullstack-skripsi\BE\node_modules\sequelize\lib\model.js:942:7)
    at async Sequelize.sync (D:\belajar\JavaScript\rest api\Pojok Code\3. rest-api\fullstack-skripsi\BE\node_modules\sequelize\lib\sequelize.js:377:9)
    at async file:///D:/belajar/JavaScript/rest%20api/Pojok%20Code/3.%20rest-api/fullstack-skripsi/BE/src/model/testimonial-model.js:43:5
 [LOGGER] 2024-02-08 12:10:15.281 AM error : uncaughtException: Cannot add foreign key constraint
Error
    at Query.run (D:\belajar\JavaScript\rest api\Pojok Code\3. rest-api\fullstack-skripsi\BE\node_modules\sequelize\lib\dialects\mysql\query.js:52:25)
    at D:\belajar\JavaScript\rest api\Pojok Code\3. rest-api\fullstack-skripsi\BE\node_modules\sequelize\lib\sequelize.js:315:28
    at process.processTicksAndRejections (node:internal/process/task_queues:95:5)
    at async MySQLQueryInterface.createTable (D:\belajar\JavaScript\rest api\Pojok Code\3. rest-api\fullstack-skripsi\BE\node_modules\sequelize\lib\dialects\abstract\query-interface.js:98:12)
    at async Carts.sync (D:\belajar\JavaScript\rest api\Pojok Code\3. rest-api\fullstack-skripsi\BE\node_modules\sequelize\lib\model.js:942:7)
    at async Sequelize.sync (D:\belajar\JavaScript\rest api\Pojok Code\3. rest-api\fullstack-skripsi\BE\node_modules\sequelize\lib\sequelize.js:377:9)
    at async file:///D:/belajar/JavaScript/rest%20api/Pojok%20Code/3.%20rest-api/fullstack-skripsi/BE/src/model/cart-model.js:58:5
 [LOGGER] 2024-02-08 12:10:15.314 AM error : uncaughtException: Cannot add foreign key constraint
Error
    at Query.run (D:\belajar\JavaScript\rest api\Pojok Code\3. rest-api\fullstack-skripsi\BE\node_modules\sequelize\lib\dialects\mysql\query.js:52:25)
    at D:\belajar\JavaScript\rest api\Pojok Code\3. rest-api\fullstack-skripsi\BE\node_modules\sequelize\lib\sequelize.js:315:28
    at process.processTicksAndRejections (node:internal/process/task_queues:95:5)
    at async MySQLQueryInterface.createTable (D:\belajar\JavaScript\rest api\Pojok Code\3. rest-api\fullstack-skripsi\BE\node_modules\sequelize\lib\dialects\abstract\query-interface.js:98:12)
    at async Carts.sync (D:\belajar\JavaScript\rest api\Pojok Code\3. rest-api\fullstack-skripsi\BE\node_modules\sequelize\lib\model.js:942:7)
    at async Sequelize.sync (D:\belajar\JavaScript\rest api\Pojok Code\3. rest-api\fullstack-skripsi\BE\node_modules\sequelize\lib\sequelize.js:377:9)
    at async file:///D:/belajar/JavaScript/rest%20api/Pojok%20Code/3.%20rest-api/fullstack-skripsi/BE/src/model/menu-model.js:42:5
 [LOGGER] 2024-02-08 12:10:43.931 AM error : uncaughtException: Cannot add foreign key constraint
Error
    at Query.run (D:\belajar\JavaScript\rest api\Pojok Code\3. rest-api\fullstack-skripsi\BE\node_modules\sequelize\lib\dialects\mysql\query.js:52:25)
    at D:\belajar\JavaScript\rest api\Pojok Code\3. rest-api\fullstack-skripsi\BE\node_modules\sequelize\lib\sequelize.js:315:28
    at process.processTicksAndRejections (node:internal/process/task_queues:95:5)
    at async MySQLQueryInterface.createTable (D:\belajar\JavaScript\rest api\Pojok Code\3. rest-api\fullstack-skripsi\BE\node_modules\sequelize\lib\dialects\abstract\query-interface.js:98:12)
    at async Carts.sync (D:\belajar\JavaScript\rest api\Pojok Code\3. rest-api\fullstack-skripsi\BE\node_modules\sequelize\lib\model.js:942:7)
    at async Sequelize.sync (D:\belajar\JavaScript\rest api\Pojok Code\3. rest-api\fullstack-skripsi\BE\node_modules\sequelize\lib\sequelize.js:377:9)
    at async file:///D:/belajar/JavaScript/rest%20api/Pojok%20Code/3.%20rest-api/fullstack-skripsi/BE/src/model/user-model.js:85:5
 [LOGGER] 2024-02-08 12:10:43.961 AM error : uncaughtException: Cannot add foreign key constraint
Error
    at Query.run (D:\belajar\JavaScript\rest api\Pojok Code\3. rest-api\fullstack-skripsi\BE\node_modules\sequelize\lib\dialects\mysql\query.js:52:25)
    at D:\belajar\JavaScript\rest api\Pojok Code\3. rest-api\fullstack-skripsi\BE\node_modules\sequelize\lib\sequelize.js:315:28
    at process.processTicksAndRejections (node:internal/process/task_queues:95:5)
    at async MySQLQueryInterface.createTable (D:\belajar\JavaScript\rest api\Pojok Code\3. rest-api\fullstack-skripsi\BE\node_modules\sequelize\lib\dialects\abstract\query-interface.js:98:12)
    at async Carts.sync (D:\belajar\JavaScript\rest api\Pojok Code\3. rest-api\fullstack-skripsi\BE\node_modules\sequelize\lib\model.js:942:7)
    at async Sequelize.sync (D:\belajar\JavaScript\rest api\Pojok Code\3. rest-api\fullstack-skripsi\BE\node_modules\sequelize\lib\sequelize.js:377:9)
    at async file:///D:/belajar/JavaScript/rest%20api/Pojok%20Code/3.%20rest-api/fullstack-skripsi/BE/src/model/cart-model.js:58:5
 [LOGGER] 2024-02-08 12:10:43.990 AM error : uncaughtException: Cannot add foreign key constraint
Error
    at Query.run (D:\belajar\JavaScript\rest api\Pojok Code\3. rest-api\fullstack-skripsi\BE\node_modules\sequelize\lib\dialects\mysql\query.js:52:25)
    at D:\belajar\JavaScript\rest api\Pojok Code\3. rest-api\fullstack-skripsi\BE\node_modules\sequelize\lib\sequelize.js:315:28
    at process.processTicksAndRejections (node:internal/process/task_queues:95:5)
    at async MySQLQueryInterface.createTable (D:\belajar\JavaScript\rest api\Pojok Code\3. rest-api\fullstack-skripsi\BE\node_modules\sequelize\lib\dialects\abstract\query-interface.js:98:12)
    at async Carts.sync (D:\belajar\JavaScript\rest api\Pojok Code\3. rest-api\fullstack-skripsi\BE\node_modules\sequelize\lib\model.js:942:7)
    at async Sequelize.sync (D:\belajar\JavaScript\rest api\Pojok Code\3. rest-api\fullstack-skripsi\BE\node_modules\sequelize\lib\sequelize.js:377:9)
    at async file:///D:/belajar/JavaScript/rest%20api/Pojok%20Code/3.%20rest-api/fullstack-skripsi/BE/src/model/testimonial-model.js:43:5
 [LOGGER] 2024-02-08 12:10:48.160 AM error : uncaughtException: Cannot add foreign key constraint
Error
    at Query.run (D:\belajar\JavaScript\rest api\Pojok Code\3. rest-api\fullstack-skripsi\BE\node_modules\sequelize\lib\dialects\mysql\query.js:52:25)
    at D:\belajar\JavaScript\rest api\Pojok Code\3. rest-api\fullstack-skripsi\BE\node_modules\sequelize\lib\sequelize.js:315:28
    at process.processTicksAndRejections (node:internal/process/task_queues:95:5)
    at async MySQLQueryInterface.createTable (D:\belajar\JavaScript\rest api\Pojok Code\3. rest-api\fullstack-skripsi\BE\node_modules\sequelize\lib\dialects\abstract\query-interface.js:98:12)
    at async Carts.sync (D:\belajar\JavaScript\rest api\Pojok Code\3. rest-api\fullstack-skripsi\BE\node_modules\sequelize\lib\model.js:942:7)
    at async Sequelize.sync (D:\belajar\JavaScript\rest api\Pojok Code\3. rest-api\fullstack-skripsi\BE\node_modules\sequelize\lib\sequelize.js:377:9)
    at async file:///D:/belajar/JavaScript/rest%20api/Pojok%20Code/3.%20rest-api/fullstack-skripsi/BE/src/model/user-model.js:85:5
 [LOGGER] 2024-02-08 12:10:48.185 AM error : uncaughtException: Cannot add foreign key constraint
Error
    at Query.run (D:\belajar\JavaScript\rest api\Pojok Code\3. rest-api\fullstack-skripsi\BE\node_modules\sequelize\lib\dialects\mysql\query.js:52:25)
    at D:\belajar\JavaScript\rest api\Pojok Code\3. rest-api\fullstack-skripsi\BE\node_modules\sequelize\lib\sequelize.js:315:28
    at process.processTicksAndRejections (node:internal/process/task_queues:95:5)
    at async MySQLQueryInterface.createTable (D:\belajar\JavaScript\rest api\Pojok Code\3. rest-api\fullstack-skripsi\BE\node_modules\sequelize\lib\dialects\abstract\query-interface.js:98:12)
    at async Carts.sync (D:\belajar\JavaScript\rest api\Pojok Code\3. rest-api\fullstack-skripsi\BE\node_modules\sequelize\lib\model.js:942:7)
    at async Sequelize.sync (D:\belajar\JavaScript\rest api\Pojok Code\3. rest-api\fullstack-skripsi\BE\node_modules\sequelize\lib\sequelize.js:377:9)
    at async file:///D:/belajar/JavaScript/rest%20api/Pojok%20Code/3.%20rest-api/fullstack-skripsi/BE/src/model/menu-model.js:42:5
 [LOGGER] 2024-02-08 12:10:48.216 AM error : uncaughtException: Cannot add foreign key constraint
Error
    at Query.run (D:\belajar\JavaScript\rest api\Pojok Code\3. rest-api\fullstack-skripsi\BE\node_modules\sequelize\lib\dialects\mysql\query.js:52:25)
    at D:\belajar\JavaScript\rest api\Pojok Code\3. rest-api\fullstack-skripsi\BE\node_modules\sequelize\lib\sequelize.js:315:28
    at process.processTicksAndRejections (node:internal/process/task_queues:95:5)
    at async MySQLQueryInterface.createTable (D:\belajar\JavaScript\rest api\Pojok Code\3. rest-api\fullstack-skripsi\BE\node_modules\sequelize\lib\dialects\abstract\query-interface.js:98:12)
    at async Carts.sync (D:\belajar\JavaScript\rest api\Pojok Code\3. rest-api\fullstack-skripsi\BE\node_modules\sequelize\lib\model.js:942:7)
    at async Sequelize.sync (D:\belajar\JavaScript\rest api\Pojok Code\3. rest-api\fullstack-skripsi\BE\node_modules\sequelize\lib\sequelize.js:377:9)
    at async file:///D:/belajar/JavaScript/rest%20api/Pojok%20Code/3.%20rest-api/fullstack-skripsi/BE/src/model/testimonial-model.js:43:5
 [LOGGER] 2024-02-08 12:10:48.247 AM error : uncaughtException: Cannot add foreign key constraint
Error
    at Query.run (D:\belajar\JavaScript\rest api\Pojok Code\3. rest-api\fullstack-skripsi\BE\node_modules\sequelize\lib\dialects\mysql\query.js:52:25)
    at D:\belajar\JavaScript\rest api\Pojok Code\3. rest-api\fullstack-skripsi\BE\node_modules\sequelize\lib\sequelize.js:315:28
    at process.processTicksAndRejections (node:internal/process/task_queues:95:5)
    at async MySQLQueryInterface.createTable (D:\belajar\JavaScript\rest api\Pojok Code\3. rest-api\fullstack-skripsi\BE\node_modules\sequelize\lib\dialects\abstract\query-interface.js:98:12)
    at async Carts.sync (D:\belajar\JavaScript\rest api\Pojok Code\3. rest-api\fullstack-skripsi\BE\node_modules\sequelize\lib\model.js:942:7)
    at async Sequelize.sync (D:\belajar\JavaScript\rest api\Pojok Code\3. rest-api\fullstack-skripsi\BE\node_modules\sequelize\lib\sequelize.js:377:9)
    at async file:///D:/belajar/JavaScript/rest%20api/Pojok%20Code/3.%20rest-api/fullstack-skripsi/BE/src/model/cart-model.js:58:5
 [LOGGER] 2024-02-08 12:10:59.080 AM error : uncaughtException: Cannot add foreign key constraint
Error
    at Query.run (D:\belajar\JavaScript\rest api\Pojok Code\3. rest-api\fullstack-skripsi\BE\node_modules\sequelize\lib\dialects\mysql\query.js:52:25)
    at D:\belajar\JavaScript\rest api\Pojok Code\3. rest-api\fullstack-skripsi\BE\node_modules\sequelize\lib\sequelize.js:315:28
    at process.processTicksAndRejections (node:internal/process/task_queues:95:5)
    at async MySQLQueryInterface.createTable (D:\belajar\JavaScript\rest api\Pojok Code\3. rest-api\fullstack-skripsi\BE\node_modules\sequelize\lib\dialects\abstract\query-interface.js:98:12)
    at async Carts.sync (D:\belajar\JavaScript\rest api\Pojok Code\3. rest-api\fullstack-skripsi\BE\node_modules\sequelize\lib\model.js:942:7)
    at async Sequelize.sync (D:\belajar\JavaScript\rest api\Pojok Code\3. rest-api\fullstack-skripsi\BE\node_modules\sequelize\lib\sequelize.js:377:9)
    at async file:///D:/belajar/JavaScript/rest%20api/Pojok%20Code/3.%20rest-api/fullstack-skripsi/BE/src/model/user-model.js:85:5
 [LOGGER] 2024-02-08 12:10:59.104 AM error : uncaughtException: Cannot add foreign key constraint
Error
    at Query.run (D:\belajar\JavaScript\rest api\Pojok Code\3. rest-api\fullstack-skripsi\BE\node_modules\sequelize\lib\dialects\mysql\query.js:52:25)
    at D:\belajar\JavaScript\rest api\Pojok Code\3. rest-api\fullstack-skripsi\BE\node_modules\sequelize\lib\sequelize.js:315:28
    at process.processTicksAndRejections (node:internal/process/task_queues:95:5)
    at async MySQLQueryInterface.createTable (D:\belajar\JavaScript\rest api\Pojok Code\3. rest-api\fullstack-skripsi\BE\node_modules\sequelize\lib\dialects\abstract\query-interface.js:98:12)
    at async Carts.sync (D:\belajar\JavaScript\rest api\Pojok Code\3. rest-api\fullstack-skripsi\BE\node_modules\sequelize\lib\model.js:942:7)
    at async Sequelize.sync (D:\belajar\JavaScript\rest api\Pojok Code\3. rest-api\fullstack-skripsi\BE\node_modules\sequelize\lib\sequelize.js:377:9)
    at async file:///D:/belajar/JavaScript/rest%20api/Pojok%20Code/3.%20rest-api/fullstack-skripsi/BE/src/model/menu-model.js:42:5
 [LOGGER] 2024-02-08 12:10:59.132 AM error : uncaughtException: Cannot add foreign key constraint
Error
    at Query.run (D:\belajar\JavaScript\rest api\Pojok Code\3. rest-api\fullstack-skripsi\BE\node_modules\sequelize\lib\dialects\mysql\query.js:52:25)
    at D:\belajar\JavaScript\rest api\Pojok Code\3. rest-api\fullstack-skripsi\BE\node_modules\sequelize\lib\sequelize.js:315:28
    at process.processTicksAndRejections (node:internal/process/task_queues:95:5)
    at async MySQLQueryInterface.createTable (D:\belajar\JavaScript\rest api\Pojok Code\3. rest-api\fullstack-skripsi\BE\node_modules\sequelize\lib\dialects\abstract\query-interface.js:98:12)
    at async Carts.sync (D:\belajar\JavaScript\rest api\Pojok Code\3. rest-api\fullstack-skripsi\BE\node_modules\sequelize\lib\model.js:942:7)
    at async Sequelize.sync (D:\belajar\JavaScript\rest api\Pojok Code\3. rest-api\fullstack-skripsi\BE\node_modules\sequelize\lib\sequelize.js:377:9)
    at async file:///D:/belajar/JavaScript/rest%20api/Pojok%20Code/3.%20rest-api/fullstack-skripsi/BE/src/model/testimonial-model.js:43:5
 [LOGGER] 2024-02-08 12:10:59.163 AM error : uncaughtException: Cannot add foreign key constraint
Error
    at Query.run (D:\belajar\JavaScript\rest api\Pojok Code\3. rest-api\fullstack-skripsi\BE\node_modules\sequelize\lib\dialects\mysql\query.js:52:25)
    at D:\belajar\JavaScript\rest api\Pojok Code\3. rest-api\fullstack-skripsi\BE\node_modules\sequelize\lib\sequelize.js:315:28
    at process.processTicksAndRejections (node:internal/process/task_queues:95:5)
    at async MySQLQueryInterface.createTable (D:\belajar\JavaScript\rest api\Pojok Code\3. rest-api\fullstack-skripsi\BE\node_modules\sequelize\lib\dialects\abstract\query-interface.js:98:12)
    at async Carts.sync (D:\belajar\JavaScript\rest api\Pojok Code\3. rest-api\fullstack-skripsi\BE\node_modules\sequelize\lib\model.js:942:7)
    at async Sequelize.sync (D:\belajar\JavaScript\rest api\Pojok Code\3. rest-api\fullstack-skripsi\BE\node_modules\sequelize\lib\sequelize.js:377:9)
    at async file:///D:/belajar/JavaScript/rest%20api/Pojok%20Code/3.%20rest-api/fullstack-skripsi/BE/src/model/cart-model.js:58:5
 [LOGGER] 2024-02-08 12:11:03.966 AM error : uncaughtException: Cannot add foreign key constraint
Error
    at Query.run (D:\belajar\JavaScript\rest api\Pojok Code\3. rest-api\fullstack-skripsi\BE\node_modules\sequelize\lib\dialects\mysql\query.js:52:25)
    at D:\belajar\JavaScript\rest api\Pojok Code\3. rest-api\fullstack-skripsi\BE\node_modules\sequelize\lib\sequelize.js:315:28
    at process.processTicksAndRejections (node:internal/process/task_queues:95:5)
    at async MySQLQueryInterface.createTable (D:\belajar\JavaScript\rest api\Pojok Code\3. rest-api\fullstack-skripsi\BE\node_modules\sequelize\lib\dialects\abstract\query-interface.js:98:12)
    at async Carts.sync (D:\belajar\JavaScript\rest api\Pojok Code\3. rest-api\fullstack-skripsi\BE\node_modules\sequelize\lib\model.js:942:7)
    at async Sequelize.sync (D:\belajar\JavaScript\rest api\Pojok Code\3. rest-api\fullstack-skripsi\BE\node_modules\sequelize\lib\sequelize.js:377:9)
    at async file:///D:/belajar/JavaScript/rest%20api/Pojok%20Code/3.%20rest-api/fullstack-skripsi/BE/src/model/user-model.js:85:5
 [LOGGER] 2024-02-08 12:11:03.983 AM error : uncaughtException: Cannot add foreign key constraint
Error
    at Query.run (D:\belajar\JavaScript\rest api\Pojok Code\3. rest-api\fullstack-skripsi\BE\node_modules\sequelize\lib\dialects\mysql\query.js:52:25)
    at D:\belajar\JavaScript\rest api\Pojok Code\3. rest-api\fullstack-skripsi\BE\node_modules\sequelize\lib\sequelize.js:315:28
    at process.processTicksAndRejections (node:internal/process/task_queues:95:5)
    at async MySQLQueryInterface.createTable (D:\belajar\JavaScript\rest api\Pojok Code\3. rest-api\fullstack-skripsi\BE\node_modules\sequelize\lib\dialects\abstract\query-interface.js:98:12)
    at async Carts.sync (D:\belajar\JavaScript\rest api\Pojok Code\3. rest-api\fullstack-skripsi\BE\node_modules\sequelize\lib\model.js:942:7)
    at async Sequelize.sync (D:\belajar\JavaScript\rest api\Pojok Code\3. rest-api\fullstack-skripsi\BE\node_modules\sequelize\lib\sequelize.js:377:9)
    at async file:///D:/belajar/JavaScript/rest%20api/Pojok%20Code/3.%20rest-api/fullstack-skripsi/BE/src/model/testimonial-model.js:43:5
 [LOGGER] 2024-02-08 12:11:04.015 AM error : uncaughtException: Cannot add foreign key constraint
Error
    at Query.run (D:\belajar\JavaScript\rest api\Pojok Code\3. rest-api\fullstack-skripsi\BE\node_modules\sequelize\lib\dialects\mysql\query.js:52:25)
    at D:\belajar\JavaScript\rest api\Pojok Code\3. rest-api\fullstack-skripsi\BE\node_modules\sequelize\lib\sequelize.js:315:28
    at process.processTicksAndRejections (node:internal/process/task_queues:95:5)
    at async MySQLQueryInterface.createTable (D:\belajar\JavaScript\rest api\Pojok Code\3. rest-api\fullstack-skripsi\BE\node_modules\sequelize\lib\dialects\abstract\query-interface.js:98:12)
    at async Carts.sync (D:\belajar\JavaScript\rest api\Pojok Code\3. rest-api\fullstack-skripsi\BE\node_modules\sequelize\lib\model.js:942:7)
    at async Sequelize.sync (D:\belajar\JavaScript\rest api\Pojok Code\3. rest-api\fullstack-skripsi\BE\node_modules\sequelize\lib\sequelize.js:377:9)
    at async file:///D:/belajar/JavaScript/rest%20api/Pojok%20Code/3.%20rest-api/fullstack-skripsi/BE/src/model/menu-model.js:42:5
 [LOGGER] 2024-02-08 12:11:04.047 AM error : uncaughtException: Cannot add foreign key constraint
Error
    at Query.run (D:\belajar\JavaScript\rest api\Pojok Code\3. rest-api\fullstack-skripsi\BE\node_modules\sequelize\lib\dialects\mysql\query.js:52:25)
    at D:\belajar\JavaScript\rest api\Pojok Code\3. rest-api\fullstack-skripsi\BE\node_modules\sequelize\lib\sequelize.js:315:28
    at process.processTicksAndRejections (node:internal/process/task_queues:95:5)
    at async MySQLQueryInterface.createTable (D:\belajar\JavaScript\rest api\Pojok Code\3. rest-api\fullstack-skripsi\BE\node_modules\sequelize\lib\dialects\abstract\query-interface.js:98:12)
    at async Carts.sync (D:\belajar\JavaScript\rest api\Pojok Code\3. rest-api\fullstack-skripsi\BE\node_modules\sequelize\lib\model.js:942:7)
    at async Sequelize.sync (D:\belajar\JavaScript\rest api\Pojok Code\3. rest-api\fullstack-skripsi\BE\node_modules\sequelize\lib\sequelize.js:377:9)
    at async file:///D:/belajar/JavaScript/rest%20api/Pojok%20Code/3.%20rest-api/fullstack-skripsi/BE/src/model/cart-model.js:58:5
 [LOGGER] 2024-02-08 12:11:08.449 AM error : uncaughtException: Testimonial is not defined
ReferenceError: Testimonial is not defined
    at file:///D:/belajar/JavaScript/rest%20api/Pojok%20Code/3.%20rest-api/fullstack-skripsi/BE/src/model/cart-model.js:41:14
    at ModuleJob.run (node:internal/modules/esm/module_job:194:25)
 [LOGGER] 2024-02-08 12:18:15.407 AM error : uncaughtException: Cannot add foreign key constraint
Error
    at Query.run (D:\belajar\JavaScript\rest api\Pojok Code\3. rest-api\fullstack-skripsi\BE\node_modules\sequelize\lib\dialects\mysql\query.js:52:25)
    at D:\belajar\JavaScript\rest api\Pojok Code\3. rest-api\fullstack-skripsi\BE\node_modules\sequelize\lib\sequelize.js:315:28
    at process.processTicksAndRejections (node:internal/process/task_queues:95:5)
    at async MySQLQueryInterface.createTable (D:\belajar\JavaScript\rest api\Pojok Code\3. rest-api\fullstack-skripsi\BE\node_modules\sequelize\lib\dialects\abstract\query-interface.js:98:12)
    at async Carts.sync (D:\belajar\JavaScript\rest api\Pojok Code\3. rest-api\fullstack-skripsi\BE\node_modules\sequelize\lib\model.js:942:7)
    at async Sequelize.sync (D:\belajar\JavaScript\rest api\Pojok Code\3. rest-api\fullstack-skripsi\BE\node_modules\sequelize\lib\sequelize.js:377:9)
    at async file:///D:/belajar/JavaScript/rest%20api/Pojok%20Code/3.%20rest-api/fullstack-skripsi/BE/src/model/user-model.js:85:5
 [LOGGER] 2024-02-08 12:18:15.433 AM error : uncaughtException: Cannot add foreign key constraint
Error
    at Query.run (D:\belajar\JavaScript\rest api\Pojok Code\3. rest-api\fullstack-skripsi\BE\node_modules\sequelize\lib\dialects\mysql\query.js:52:25)
    at D:\belajar\JavaScript\rest api\Pojok Code\3. rest-api\fullstack-skripsi\BE\node_modules\sequelize\lib\sequelize.js:315:28
    at process.processTicksAndRejections (node:internal/process/task_queues:95:5)
    at async MySQLQueryInterface.createTable (D:\belajar\JavaScript\rest api\Pojok Code\3. rest-api\fullstack-skripsi\BE\node_modules\sequelize\lib\dialects\abstract\query-interface.js:98:12)
    at async Carts.sync (D:\belajar\JavaScript\rest api\Pojok Code\3. rest-api\fullstack-skripsi\BE\node_modules\sequelize\lib\model.js:942:7)
    at async Sequelize.sync (D:\belajar\JavaScript\rest api\Pojok Code\3. rest-api\fullstack-skripsi\BE\node_modules\sequelize\lib\sequelize.js:377:9)
    at async file:///D:/belajar/JavaScript/rest%20api/Pojok%20Code/3.%20rest-api/fullstack-skripsi/BE/src/model/cart-model.js:45:5
 [LOGGER] 2024-02-08 12:18:15.467 AM error : uncaughtException: Cannot add foreign key constraint
Error
    at Query.run (D:\belajar\JavaScript\rest api\Pojok Code\3. rest-api\fullstack-skripsi\BE\node_modules\sequelize\lib\dialects\mysql\query.js:52:25)
    at D:\belajar\JavaScript\rest api\Pojok Code\3. rest-api\fullstack-skripsi\BE\node_modules\sequelize\lib\sequelize.js:315:28
    at process.processTicksAndRejections (node:internal/process/task_queues:95:5)
    at async MySQLQueryInterface.createTable (D:\belajar\JavaScript\rest api\Pojok Code\3. rest-api\fullstack-skripsi\BE\node_modules\sequelize\lib\dialects\abstract\query-interface.js:98:12)
    at async Carts.sync (D:\belajar\JavaScript\rest api\Pojok Code\3. rest-api\fullstack-skripsi\BE\node_modules\sequelize\lib\model.js:942:7)
    at async Sequelize.sync (D:\belajar\JavaScript\rest api\Pojok Code\3. rest-api\fullstack-skripsi\BE\node_modules\sequelize\lib\sequelize.js:377:9)
    at async file:///D:/belajar/JavaScript/rest%20api/Pojok%20Code/3.%20rest-api/fullstack-skripsi/BE/src/model/menu-model.js:42:5
 [LOGGER] 2024-02-08 12:18:15.495 AM error : uncaughtException: Cannot add foreign key constraint
Error
    at Query.run (D:\belajar\JavaScript\rest api\Pojok Code\3. rest-api\fullstack-skripsi\BE\node_modules\sequelize\lib\dialects\mysql\query.js:52:25)
    at D:\belajar\JavaScript\rest api\Pojok Code\3. rest-api\fullstack-skripsi\BE\node_modules\sequelize\lib\sequelize.js:315:28
    at process.processTicksAndRejections (node:internal/process/task_queues:95:5)
    at async MySQLQueryInterface.createTable (D:\belajar\JavaScript\rest api\Pojok Code\3. rest-api\fullstack-skripsi\BE\node_modules\sequelize\lib\dialects\abstract\query-interface.js:98:12)
    at async Carts.sync (D:\belajar\JavaScript\rest api\Pojok Code\3. rest-api\fullstack-skripsi\BE\node_modules\sequelize\lib\model.js:942:7)
    at async Sequelize.sync (D:\belajar\JavaScript\rest api\Pojok Code\3. rest-api\fullstack-skripsi\BE\node_modules\sequelize\lib\sequelize.js:377:9)
    at async file:///D:/belajar/JavaScript/rest%20api/Pojok%20Code/3.%20rest-api/fullstack-skripsi/BE/src/model/testimonial-model.js:43:5
 [LOGGER] 2024-02-08 12:19:41.499 AM error : uncaughtException: Cannot add foreign key constraint
Error
    at Query.run (D:\belajar\JavaScript\rest api\Pojok Code\3. rest-api\fullstack-skripsi\BE\node_modules\sequelize\lib\dialects\mysql\query.js:52:25)
    at D:\belajar\JavaScript\rest api\Pojok Code\3. rest-api\fullstack-skripsi\BE\node_modules\sequelize\lib\sequelize.js:315:28
    at process.processTicksAndRejections (node:internal/process/task_queues:95:5)
    at async MySQLQueryInterface.createTable (D:\belajar\JavaScript\rest api\Pojok Code\3. rest-api\fullstack-skripsi\BE\node_modules\sequelize\lib\dialects\abstract\query-interface.js:98:12)
    at async Carts.sync (D:\belajar\JavaScript\rest api\Pojok Code\3. rest-api\fullstack-skripsi\BE\node_modules\sequelize\lib\model.js:942:7)
    at async Sequelize.sync (D:\belajar\JavaScript\rest api\Pojok Code\3. rest-api\fullstack-skripsi\BE\node_modules\sequelize\lib\sequelize.js:377:9)
    at async file:///D:/belajar/JavaScript/rest%20api/Pojok%20Code/3.%20rest-api/fullstack-skripsi/BE/src/model/cart-model.js:45:5
 [LOGGER] 2024-02-08 12:19:41.550 AM error : uncaughtException: Cannot add foreign key constraint
Error
    at Query.run (D:\belajar\JavaScript\rest api\Pojok Code\3. rest-api\fullstack-skripsi\BE\node_modules\sequelize\lib\dialects\mysql\query.js:52:25)
    at D:\belajar\JavaScript\rest api\Pojok Code\3. rest-api\fullstack-skripsi\BE\node_modules\sequelize\lib\sequelize.js:315:28
    at process.processTicksAndRejections (node:internal/process/task_queues:95:5)
    at async MySQLQueryInterface.createTable (D:\belajar\JavaScript\rest api\Pojok Code\3. rest-api\fullstack-skripsi\BE\node_modules\sequelize\lib\dialects\abstract\query-interface.js:98:12)
    at async Carts.sync (D:\belajar\JavaScript\rest api\Pojok Code\3. rest-api\fullstack-skripsi\BE\node_modules\sequelize\lib\model.js:942:7)
    at async Sequelize.sync (D:\belajar\JavaScript\rest api\Pojok Code\3. rest-api\fullstack-skripsi\BE\node_modules\sequelize\lib\sequelize.js:377:9)
    at async file:///D:/belajar/JavaScript/rest%20api/Pojok%20Code/3.%20rest-api/fullstack-skripsi/BE/src/model/user-model.js:85:5
 [LOGGER] 2024-02-08 12:19:41.577 AM error : uncaughtException: Cannot add foreign key constraint
Error
    at Query.run (D:\belajar\JavaScript\rest api\Pojok Code\3. rest-api\fullstack-skripsi\BE\node_modules\sequelize\lib\dialects\mysql\query.js:52:25)
    at D:\belajar\JavaScript\rest api\Pojok Code\3. rest-api\fullstack-skripsi\BE\node_modules\sequelize\lib\sequelize.js:315:28
    at process.processTicksAndRejections (node:internal/process/task_queues:95:5)
    at async MySQLQueryInterface.createTable (D:\belajar\JavaScript\rest api\Pojok Code\3. rest-api\fullstack-skripsi\BE\node_modules\sequelize\lib\dialects\abstract\query-interface.js:98:12)
    at async Carts.sync (D:\belajar\JavaScript\rest api\Pojok Code\3. rest-api\fullstack-skripsi\BE\node_modules\sequelize\lib\model.js:942:7)
    at async Sequelize.sync (D:\belajar\JavaScript\rest api\Pojok Code\3. rest-api\fullstack-skripsi\BE\node_modules\sequelize\lib\sequelize.js:377:9)
    at async file:///D:/belajar/JavaScript/rest%20api/Pojok%20Code/3.%20rest-api/fullstack-skripsi/BE/src/model/testimonial-model.js:43:5
 [LOGGER] 2024-02-08 12:19:41.605 AM error : uncaughtException: Cannot add foreign key constraint
Error
    at Query.run (D:\belajar\JavaScript\rest api\Pojok Code\3. rest-api\fullstack-skripsi\BE\node_modules\sequelize\lib\dialects\mysql\query.js:52:25)
    at D:\belajar\JavaScript\rest api\Pojok Code\3. rest-api\fullstack-skripsi\BE\node_modules\sequelize\lib\sequelize.js:315:28
    at process.processTicksAndRejections (node:internal/process/task_queues:95:5)
    at async MySQLQueryInterface.createTable (D:\belajar\JavaScript\rest api\Pojok Code\3. rest-api\fullstack-skripsi\BE\node_modules\sequelize\lib\dialects\abstract\query-interface.js:98:12)
    at async Carts.sync (D:\belajar\JavaScript\rest api\Pojok Code\3. rest-api\fullstack-skripsi\BE\node_modules\sequelize\lib\model.js:942:7)
    at async Sequelize.sync (D:\belajar\JavaScript\rest api\Pojok Code\3. rest-api\fullstack-skripsi\BE\node_modules\sequelize\lib\sequelize.js:377:9)
    at async file:///D:/belajar/JavaScript/rest%20api/Pojok%20Code/3.%20rest-api/fullstack-skripsi/BE/src/model/menu-model.js:42:5
 [LOGGER] 2024-02-08 12:19:49.493 AM error : uncaughtException: Cannot add foreign key constraint
Error
    at Query.run (D:\belajar\JavaScript\rest api\Pojok Code\3. rest-api\fullstack-skripsi\BE\node_modules\sequelize\lib\dialects\mysql\query.js:52:25)
    at D:\belajar\JavaScript\rest api\Pojok Code\3. rest-api\fullstack-skripsi\BE\node_modules\sequelize\lib\sequelize.js:315:28
    at process.processTicksAndRejections (node:internal/process/task_queues:95:5)
    at async MySQLQueryInterface.createTable (D:\belajar\JavaScript\rest api\Pojok Code\3. rest-api\fullstack-skripsi\BE\node_modules\sequelize\lib\dialects\abstract\query-interface.js:98:12)
    at async Carts.sync (D:\belajar\JavaScript\rest api\Pojok Code\3. rest-api\fullstack-skripsi\BE\node_modules\sequelize\lib\model.js:942:7)
    at async Sequelize.sync (D:\belajar\JavaScript\rest api\Pojok Code\3. rest-api\fullstack-skripsi\BE\node_modules\sequelize\lib\sequelize.js:377:9)
    at async file:///D:/belajar/JavaScript/rest%20api/Pojok%20Code/3.%20rest-api/fullstack-skripsi/BE/src/model/testimonial-model.js:43:5
 [LOGGER] 2024-02-08 12:19:49.515 AM error : uncaughtException: Cannot add foreign key constraint
Error
    at Query.run (D:\belajar\JavaScript\rest api\Pojok Code\3. rest-api\fullstack-skripsi\BE\node_modules\sequelize\lib\dialects\mysql\query.js:52:25)
    at D:\belajar\JavaScript\rest api\Pojok Code\3. rest-api\fullstack-skripsi\BE\node_modules\sequelize\lib\sequelize.js:315:28
    at process.processTicksAndRejections (node:internal/process/task_queues:95:5)
    at async MySQLQueryInterface.createTable (D:\belajar\JavaScript\rest api\Pojok Code\3. rest-api\fullstack-skripsi\BE\node_modules\sequelize\lib\dialects\abstract\query-interface.js:98:12)
    at async Carts.sync (D:\belajar\JavaScript\rest api\Pojok Code\3. rest-api\fullstack-skripsi\BE\node_modules\sequelize\lib\model.js:942:7)
    at async Sequelize.sync (D:\belajar\JavaScript\rest api\Pojok Code\3. rest-api\fullstack-skripsi\BE\node_modules\sequelize\lib\sequelize.js:377:9)
    at async file:///D:/belajar/JavaScript/rest%20api/Pojok%20Code/3.%20rest-api/fullstack-skripsi/BE/src/model/user-model.js:85:5
 [LOGGER] 2024-02-08 12:19:49.541 AM error : uncaughtException: Cannot add foreign key constraint
Error
    at Query.run (D:\belajar\JavaScript\rest api\Pojok Code\3. rest-api\fullstack-skripsi\BE\node_modules\sequelize\lib\dialects\mysql\query.js:52:25)
    at D:\belajar\JavaScript\rest api\Pojok Code\3. rest-api\fullstack-skripsi\BE\node_modules\sequelize\lib\sequelize.js:315:28
    at process.processTicksAndRejections (node:internal/process/task_queues:95:5)
    at async MySQLQueryInterface.createTable (D:\belajar\JavaScript\rest api\Pojok Code\3. rest-api\fullstack-skripsi\BE\node_modules\sequelize\lib\dialects\abstract\query-interface.js:98:12)
    at async Carts.sync (D:\belajar\JavaScript\rest api\Pojok Code\3. rest-api\fullstack-skripsi\BE\node_modules\sequelize\lib\model.js:942:7)
    at async Sequelize.sync (D:\belajar\JavaScript\rest api\Pojok Code\3. rest-api\fullstack-skripsi\BE\node_modules\sequelize\lib\sequelize.js:377:9)
    at async file:///D:/belajar/JavaScript/rest%20api/Pojok%20Code/3.%20rest-api/fullstack-skripsi/BE/src/model/cart-model.js:45:5
 [LOGGER] 2024-02-08 12:19:49.570 AM error : uncaughtException: Cannot add foreign key constraint
Error
    at Query.run (D:\belajar\JavaScript\rest api\Pojok Code\3. rest-api\fullstack-skripsi\BE\node_modules\sequelize\lib\dialects\mysql\query.js:52:25)
    at D:\belajar\JavaScript\rest api\Pojok Code\3. rest-api\fullstack-skripsi\BE\node_modules\sequelize\lib\sequelize.js:315:28
    at process.processTicksAndRejections (node:internal/process/task_queues:95:5)
    at async MySQLQueryInterface.createTable (D:\belajar\JavaScript\rest api\Pojok Code\3. rest-api\fullstack-skripsi\BE\node_modules\sequelize\lib\dialects\abstract\query-interface.js:98:12)
    at async Carts.sync (D:\belajar\JavaScript\rest api\Pojok Code\3. rest-api\fullstack-skripsi\BE\node_modules\sequelize\lib\model.js:942:7)
    at async Sequelize.sync (D:\belajar\JavaScript\rest api\Pojok Code\3. rest-api\fullstack-skripsi\BE\node_modules\sequelize\lib\sequelize.js:377:9)
    at async file:///D:/belajar/JavaScript/rest%20api/Pojok%20Code/3.%20rest-api/fullstack-skripsi/BE/src/model/menu-model.js:42:5
 [LOGGER] 2024-02-08 11:42:47.409 AM error : uncaughtException: Cannot add foreign key constraint
Error
    at Query.run (D:\belajar\JavaScript\rest api\Pojok Code\3. rest-api\fullstack-skripsi\BE\node_modules\sequelize\lib\dialects\mysql\query.js:52:25)
    at D:\belajar\JavaScript\rest api\Pojok Code\3. rest-api\fullstack-skripsi\BE\node_modules\sequelize\lib\sequelize.js:315:28
    at process.processTicksAndRejections (node:internal/process/task_queues:95:5)
    at async MySQLQueryInterface.createTable (D:\belajar\JavaScript\rest api\Pojok Code\3. rest-api\fullstack-skripsi\BE\node_modules\sequelize\lib\dialects\abstract\query-interface.js:98:12)
    at async Carts.sync (D:\belajar\JavaScript\rest api\Pojok Code\3. rest-api\fullstack-skripsi\BE\node_modules\sequelize\lib\model.js:942:7)
    at async Sequelize.sync (D:\belajar\JavaScript\rest api\Pojok Code\3. rest-api\fullstack-skripsi\BE\node_modules\sequelize\lib\sequelize.js:377:9)
    at async file:///D:/belajar/JavaScript/rest%20api/Pojok%20Code/3.%20rest-api/fullstack-skripsi/BE/src/model/testimonial-model.js:43:5
 [LOGGER] 2024-02-08 11:42:47.434 AM error : uncaughtException: Cannot add foreign key constraint
Error
    at Query.run (D:\belajar\JavaScript\rest api\Pojok Code\3. rest-api\fullstack-skripsi\BE\node_modules\sequelize\lib\dialects\mysql\query.js:52:25)
    at D:\belajar\JavaScript\rest api\Pojok Code\3. rest-api\fullstack-skripsi\BE\node_modules\sequelize\lib\sequelize.js:315:28
    at process.processTicksAndRejections (node:internal/process/task_queues:95:5)
    at async MySQLQueryInterface.createTable (D:\belajar\JavaScript\rest api\Pojok Code\3. rest-api\fullstack-skripsi\BE\node_modules\sequelize\lib\dialects\abstract\query-interface.js:98:12)
    at async Carts.sync (D:\belajar\JavaScript\rest api\Pojok Code\3. rest-api\fullstack-skripsi\BE\node_modules\sequelize\lib\model.js:942:7)
    at async Sequelize.sync (D:\belajar\JavaScript\rest api\Pojok Code\3. rest-api\fullstack-skripsi\BE\node_modules\sequelize\lib\sequelize.js:377:9)
    at async file:///D:/belajar/JavaScript/rest%20api/Pojok%20Code/3.%20rest-api/fullstack-skripsi/BE/src/model/menu-model.js:42:5
 [LOGGER] 2024-02-08 11:42:47.460 AM error : uncaughtException: Cannot add foreign key constraint
Error
    at Query.run (D:\belajar\JavaScript\rest api\Pojok Code\3. rest-api\fullstack-skripsi\BE\node_modules\sequelize\lib\dialects\mysql\query.js:52:25)
    at D:\belajar\JavaScript\rest api\Pojok Code\3. rest-api\fullstack-skripsi\BE\node_modules\sequelize\lib\sequelize.js:315:28
    at process.processTicksAndRejections (node:internal/process/task_queues:95:5)
    at async MySQLQueryInterface.createTable (D:\belajar\JavaScript\rest api\Pojok Code\3. rest-api\fullstack-skripsi\BE\node_modules\sequelize\lib\dialects\abstract\query-interface.js:98:12)
    at async Carts.sync (D:\belajar\JavaScript\rest api\Pojok Code\3. rest-api\fullstack-skripsi\BE\node_modules\sequelize\lib\model.js:942:7)
    at async Sequelize.sync (D:\belajar\JavaScript\rest api\Pojok Code\3. rest-api\fullstack-skripsi\BE\node_modules\sequelize\lib\sequelize.js:377:9)
    at async file:///D:/belajar/JavaScript/rest%20api/Pojok%20Code/3.%20rest-api/fullstack-skripsi/BE/src/model/cart-model.js:45:5
 [LOGGER] 2024-02-08 11:42:47.489 AM error : uncaughtException: Cannot add foreign key constraint
Error
    at Query.run (D:\belajar\JavaScript\rest api\Pojok Code\3. rest-api\fullstack-skripsi\BE\node_modules\sequelize\lib\dialects\mysql\query.js:52:25)
    at D:\belajar\JavaScript\rest api\Pojok Code\3. rest-api\fullstack-skripsi\BE\node_modules\sequelize\lib\sequelize.js:315:28
    at process.processTicksAndRejections (node:internal/process/task_queues:95:5)
    at async MySQLQueryInterface.createTable (D:\belajar\JavaScript\rest api\Pojok Code\3. rest-api\fullstack-skripsi\BE\node_modules\sequelize\lib\dialects\abstract\query-interface.js:98:12)
    at async Carts.sync (D:\belajar\JavaScript\rest api\Pojok Code\3. rest-api\fullstack-skripsi\BE\node_modules\sequelize\lib\model.js:942:7)
    at async Sequelize.sync (D:\belajar\JavaScript\rest api\Pojok Code\3. rest-api\fullstack-skripsi\BE\node_modules\sequelize\lib\sequelize.js:377:9)
    at async file:///D:/belajar/JavaScript/rest%20api/Pojok%20Code/3.%20rest-api/fullstack-skripsi/BE/src/model/user-model.js:85:5
 [LOGGER] 2024-02-08 11:49:58.207 AM error : uncaughtException: Cannot add foreign key constraint
Error
    at Query.run (D:\belajar\JavaScript\rest api\Pojok Code\3. rest-api\fullstack-skripsi\BE\node_modules\sequelize\lib\dialects\mysql\query.js:52:25)
    at D:\belajar\JavaScript\rest api\Pojok Code\3. rest-api\fullstack-skripsi\BE\node_modules\sequelize\lib\sequelize.js:315:28
    at process.processTicksAndRejections (node:internal/process/task_queues:95:5)
    at async MySQLQueryInterface.createTable (D:\belajar\JavaScript\rest api\Pojok Code\3. rest-api\fullstack-skripsi\BE\node_modules\sequelize\lib\dialects\abstract\query-interface.js:98:12)
    at async Cart.sync (D:\belajar\JavaScript\rest api\Pojok Code\3. rest-api\fullstack-skripsi\BE\node_modules\sequelize\lib\model.js:942:7)
    at async Sequelize.sync (D:\belajar\JavaScript\rest api\Pojok Code\3. rest-api\fullstack-skripsi\BE\node_modules\sequelize\lib\sequelize.js:377:9)
    at async file:///D:/belajar/JavaScript/rest%20api/Pojok%20Code/3.%20rest-api/fullstack-skripsi/BE/src/model/user-model.js:85:5
 [LOGGER] 2024-02-08 11:49:58.232 AM error : uncaughtException: Cannot add foreign key constraint
Error
    at Query.run (D:\belajar\JavaScript\rest api\Pojok Code\3. rest-api\fullstack-skripsi\BE\node_modules\sequelize\lib\dialects\mysql\query.js:52:25)
    at D:\belajar\JavaScript\rest api\Pojok Code\3. rest-api\fullstack-skripsi\BE\node_modules\sequelize\lib\sequelize.js:315:28
    at process.processTicksAndRejections (node:internal/process/task_queues:95:5)
    at async MySQLQueryInterface.createTable (D:\belajar\JavaScript\rest api\Pojok Code\3. rest-api\fullstack-skripsi\BE\node_modules\sequelize\lib\dialects\abstract\query-interface.js:98:12)
    at async Cart.sync (D:\belajar\JavaScript\rest api\Pojok Code\3. rest-api\fullstack-skripsi\BE\node_modules\sequelize\lib\model.js:942:7)
    at async Sequelize.sync (D:\belajar\JavaScript\rest api\Pojok Code\3. rest-api\fullstack-skripsi\BE\node_modules\sequelize\lib\sequelize.js:377:9)
    at async file:///D:/belajar/JavaScript/rest%20api/Pojok%20Code/3.%20rest-api/fullstack-skripsi/BE/src/model/cart-model.js:44:5
 [LOGGER] 2024-02-08 11:49:58.263 AM error : uncaughtException: Cannot add foreign key constraint
Error
    at Query.run (D:\belajar\JavaScript\rest api\Pojok Code\3. rest-api\fullstack-skripsi\BE\node_modules\sequelize\lib\dialects\mysql\query.js:52:25)
    at D:\belajar\JavaScript\rest api\Pojok Code\3. rest-api\fullstack-skripsi\BE\node_modules\sequelize\lib\sequelize.js:315:28
    at process.processTicksAndRejections (node:internal/process/task_queues:95:5)
    at async MySQLQueryInterface.createTable (D:\belajar\JavaScript\rest api\Pojok Code\3. rest-api\fullstack-skripsi\BE\node_modules\sequelize\lib\dialects\abstract\query-interface.js:98:12)
    at async Cart.sync (D:\belajar\JavaScript\rest api\Pojok Code\3. rest-api\fullstack-skripsi\BE\node_modules\sequelize\lib\model.js:942:7)
    at async Sequelize.sync (D:\belajar\JavaScript\rest api\Pojok Code\3. rest-api\fullstack-skripsi\BE\node_modules\sequelize\lib\sequelize.js:377:9)
    at async file:///D:/belajar/JavaScript/rest%20api/Pojok%20Code/3.%20rest-api/fullstack-skripsi/BE/src/model/menu-model.js:42:5
 [LOGGER] 2024-02-08 11:49:58.292 AM error : uncaughtException: Cannot add foreign key constraint
Error
    at Query.run (D:\belajar\JavaScript\rest api\Pojok Code\3. rest-api\fullstack-skripsi\BE\node_modules\sequelize\lib\dialects\mysql\query.js:52:25)
    at D:\belajar\JavaScript\rest api\Pojok Code\3. rest-api\fullstack-skripsi\BE\node_modules\sequelize\lib\sequelize.js:315:28
    at process.processTicksAndRejections (node:internal/process/task_queues:95:5)
    at async MySQLQueryInterface.createTable (D:\belajar\JavaScript\rest api\Pojok Code\3. rest-api\fullstack-skripsi\BE\node_modules\sequelize\lib\dialects\abstract\query-interface.js:98:12)
    at async Cart.sync (D:\belajar\JavaScript\rest api\Pojok Code\3. rest-api\fullstack-skripsi\BE\node_modules\sequelize\lib\model.js:942:7)
    at async Sequelize.sync (D:\belajar\JavaScript\rest api\Pojok Code\3. rest-api\fullstack-skripsi\BE\node_modules\sequelize\lib\sequelize.js:377:9)
    at async file:///D:/belajar/JavaScript/rest%20api/Pojok%20Code/3.%20rest-api/fullstack-skripsi/BE/src/model/testimonial-model.js:43:5
 [LOGGER] 2024-02-08 12:02:44.283 PM error : uncaughtException: Cannot add foreign key constraint
Error
    at Query.run (D:\belajar\JavaScript\rest api\Pojok Code\3. rest-api\fullstack-skripsi\BE\node_modules\sequelize\lib\dialects\mysql\query.js:52:25)
    at D:\belajar\JavaScript\rest api\Pojok Code\3. rest-api\fullstack-skripsi\BE\node_modules\sequelize\lib\sequelize.js:315:28
    at process.processTicksAndRejections (node:internal/process/task_queues:95:5)
    at async MySQLQueryInterface.createTable (D:\belajar\JavaScript\rest api\Pojok Code\3. rest-api\fullstack-skripsi\BE\node_modules\sequelize\lib\dialects\abstract\query-interface.js:98:12)
    at async Cart.sync (D:\belajar\JavaScript\rest api\Pojok Code\3. rest-api\fullstack-skripsi\BE\node_modules\sequelize\lib\model.js:942:7)
    at async Sequelize.sync (D:\belajar\JavaScript\rest api\Pojok Code\3. rest-api\fullstack-skripsi\BE\node_modules\sequelize\lib\sequelize.js:377:9)
    at async file:///D:/belajar/JavaScript/rest%20api/Pojok%20Code/3.%20rest-api/fullstack-skripsi/BE/src/model/user-model.js:85:5
 [LOGGER] 2024-02-08 12:02:44.323 PM error : uncaughtException: Cannot add foreign key constraint
Error
    at Query.run (D:\belajar\JavaScript\rest api\Pojok Code\3. rest-api\fullstack-skripsi\BE\node_modules\sequelize\lib\dialects\mysql\query.js:52:25)
    at D:\belajar\JavaScript\rest api\Pojok Code\3. rest-api\fullstack-skripsi\BE\node_modules\sequelize\lib\sequelize.js:315:28
    at process.processTicksAndRejections (node:internal/process/task_queues:95:5)
    at async MySQLQueryInterface.createTable (D:\belajar\JavaScript\rest api\Pojok Code\3. rest-api\fullstack-skripsi\BE\node_modules\sequelize\lib\dialects\abstract\query-interface.js:98:12)
    at async Cart.sync (D:\belajar\JavaScript\rest api\Pojok Code\3. rest-api\fullstack-skripsi\BE\node_modules\sequelize\lib\model.js:942:7)
    at async Sequelize.sync (D:\belajar\JavaScript\rest api\Pojok Code\3. rest-api\fullstack-skripsi\BE\node_modules\sequelize\lib\sequelize.js:377:9)
    at async file:///D:/belajar/JavaScript/rest%20api/Pojok%20Code/3.%20rest-api/fullstack-skripsi/BE/src/model/cart-model.js:60:5
 [LOGGER] 2024-02-08 12:02:44.353 PM error : uncaughtException: Cannot add foreign key constraint
Error
    at Query.run (D:\belajar\JavaScript\rest api\Pojok Code\3. rest-api\fullstack-skripsi\BE\node_modules\sequelize\lib\dialects\mysql\query.js:52:25)
    at D:\belajar\JavaScript\rest api\Pojok Code\3. rest-api\fullstack-skripsi\BE\node_modules\sequelize\lib\sequelize.js:315:28
    at process.processTicksAndRejections (node:internal/process/task_queues:95:5)
    at async MySQLQueryInterface.createTable (D:\belajar\JavaScript\rest api\Pojok Code\3. rest-api\fullstack-skripsi\BE\node_modules\sequelize\lib\dialects\abstract\query-interface.js:98:12)
    at async Cart.sync (D:\belajar\JavaScript\rest api\Pojok Code\3. rest-api\fullstack-skripsi\BE\node_modules\sequelize\lib\model.js:942:7)
    at async Sequelize.sync (D:\belajar\JavaScript\rest api\Pojok Code\3. rest-api\fullstack-skripsi\BE\node_modules\sequelize\lib\sequelize.js:377:9)
    at async file:///D:/belajar/JavaScript/rest%20api/Pojok%20Code/3.%20rest-api/fullstack-skripsi/BE/src/model/testimonial-model.js:43:5
 [LOGGER] 2024-02-08 12:02:44.383 PM error : uncaughtException: Cannot add foreign key constraint
Error
    at Query.run (D:\belajar\JavaScript\rest api\Pojok Code\3. rest-api\fullstack-skripsi\BE\node_modules\sequelize\lib\dialects\mysql\query.js:52:25)
    at D:\belajar\JavaScript\rest api\Pojok Code\3. rest-api\fullstack-skripsi\BE\node_modules\sequelize\lib\sequelize.js:315:28
    at process.processTicksAndRejections (node:internal/process/task_queues:95:5)
    at async MySQLQueryInterface.createTable (D:\belajar\JavaScript\rest api\Pojok Code\3. rest-api\fullstack-skripsi\BE\node_modules\sequelize\lib\dialects\abstract\query-interface.js:98:12)
    at async Cart.sync (D:\belajar\JavaScript\rest api\Pojok Code\3. rest-api\fullstack-skripsi\BE\node_modules\sequelize\lib\model.js:942:7)
    at async Sequelize.sync (D:\belajar\JavaScript\rest api\Pojok Code\3. rest-api\fullstack-skripsi\BE\node_modules\sequelize\lib\sequelize.js:377:9)
    at async file:///D:/belajar/JavaScript/rest%20api/Pojok%20Code/3.%20rest-api/fullstack-skripsi/BE/src/model/menu-model.js:42:5
 [LOGGER] 2024-02-08 08:09:07.109 PM error : uncaughtException: Cannot add foreign key constraint
Error
    at Query.run (D:\belajar\JavaScript\rest api\Pojok Code\3. rest-api\fullstack-skripsi\BE\node_modules\sequelize\lib\dialects\mysql\query.js:52:25)
    at D:\belajar\JavaScript\rest api\Pojok Code\3. rest-api\fullstack-skripsi\BE\node_modules\sequelize\lib\sequelize.js:315:28
    at process.processTicksAndRejections (node:internal/process/task_queues:95:5)
    at async MySQLQueryInterface.createTable (D:\belajar\JavaScript\rest api\Pojok Code\3. rest-api\fullstack-skripsi\BE\node_modules\sequelize\lib\dialects\abstract\query-interface.js:98:12)
    at async Cart.sync (D:\belajar\JavaScript\rest api\Pojok Code\3. rest-api\fullstack-skripsi\BE\node_modules\sequelize\lib\model.js:942:7)
    at async Sequelize.sync (D:\belajar\JavaScript\rest api\Pojok Code\3. rest-api\fullstack-skripsi\BE\node_modules\sequelize\lib\sequelize.js:377:9)
    at async file:///D:/belajar/JavaScript/rest%20api/Pojok%20Code/3.%20rest-api/fullstack-skripsi/BE/src/model/user-model.js:85:5
 [LOGGER] 2024-02-08 08:09:07.133 PM error : uncaughtException: Cannot add foreign key constraint
Error
    at Query.run (D:\belajar\JavaScript\rest api\Pojok Code\3. rest-api\fullstack-skripsi\BE\node_modules\sequelize\lib\dialects\mysql\query.js:52:25)
    at D:\belajar\JavaScript\rest api\Pojok Code\3. rest-api\fullstack-skripsi\BE\node_modules\sequelize\lib\sequelize.js:315:28
    at process.processTicksAndRejections (node:internal/process/task_queues:95:5)
    at async MySQLQueryInterface.createTable (D:\belajar\JavaScript\rest api\Pojok Code\3. rest-api\fullstack-skripsi\BE\node_modules\sequelize\lib\dialects\abstract\query-interface.js:98:12)
    at async Cart.sync (D:\belajar\JavaScript\rest api\Pojok Code\3. rest-api\fullstack-skripsi\BE\node_modules\sequelize\lib\model.js:942:7)
    at async Sequelize.sync (D:\belajar\JavaScript\rest api\Pojok Code\3. rest-api\fullstack-skripsi\BE\node_modules\sequelize\lib\sequelize.js:377:9)
    at async file:///D:/belajar/JavaScript/rest%20api/Pojok%20Code/3.%20rest-api/fullstack-skripsi/BE/src/model/testimonial-model.js:43:5
 [LOGGER] 2024-02-08 08:09:07.166 PM error : uncaughtException: Cannot add foreign key constraint
Error
    at Query.run (D:\belajar\JavaScript\rest api\Pojok Code\3. rest-api\fullstack-skripsi\BE\node_modules\sequelize\lib\dialects\mysql\query.js:52:25)
    at D:\belajar\JavaScript\rest api\Pojok Code\3. rest-api\fullstack-skripsi\BE\node_modules\sequelize\lib\sequelize.js:315:28
    at process.processTicksAndRejections (node:internal/process/task_queues:95:5)
    at async MySQLQueryInterface.createTable (D:\belajar\JavaScript\rest api\Pojok Code\3. rest-api\fullstack-skripsi\BE\node_modules\sequelize\lib\dialects\abstract\query-interface.js:98:12)
    at async Cart.sync (D:\belajar\JavaScript\rest api\Pojok Code\3. rest-api\fullstack-skripsi\BE\node_modules\sequelize\lib\model.js:942:7)
    at async Sequelize.sync (D:\belajar\JavaScript\rest api\Pojok Code\3. rest-api\fullstack-skripsi\BE\node_modules\sequelize\lib\sequelize.js:377:9)
    at async file:///D:/belajar/JavaScript/rest%20api/Pojok%20Code/3.%20rest-api/fullstack-skripsi/BE/src/model/menu-model.js:42:5
 [LOGGER] 2024-02-08 08:09:07.200 PM error : uncaughtException: Cannot add foreign key constraint
Error
    at Query.run (D:\belajar\JavaScript\rest api\Pojok Code\3. rest-api\fullstack-skripsi\BE\node_modules\sequelize\lib\dialects\mysql\query.js:52:25)
    at D:\belajar\JavaScript\rest api\Pojok Code\3. rest-api\fullstack-skripsi\BE\node_modules\sequelize\lib\sequelize.js:315:28
    at process.processTicksAndRejections (node:internal/process/task_queues:95:5)
    at async MySQLQueryInterface.createTable (D:\belajar\JavaScript\rest api\Pojok Code\3. rest-api\fullstack-skripsi\BE\node_modules\sequelize\lib\dialects\abstract\query-interface.js:98:12)
    at async Cart.sync (D:\belajar\JavaScript\rest api\Pojok Code\3. rest-api\fullstack-skripsi\BE\node_modules\sequelize\lib\model.js:942:7)
    at async Sequelize.sync (D:\belajar\JavaScript\rest api\Pojok Code\3. rest-api\fullstack-skripsi\BE\node_modules\sequelize\lib\sequelize.js:377:9)
    at async file:///D:/belajar/JavaScript/rest%20api/Pojok%20Code/3.%20rest-api/fullstack-skripsi/BE/src/model/cart-model.js:60:5
 [LOGGER] 2024-02-08 08:14:35.774 PM error : uncaughtException: Cannot add foreign key constraint
Error
    at Query.run (D:\belajar\JavaScript\rest api\Pojok Code\3. rest-api\fullstack-skripsi\BE\node_modules\sequelize\lib\dialects\mysql\query.js:52:25)
    at D:\belajar\JavaScript\rest api\Pojok Code\3. rest-api\fullstack-skripsi\BE\node_modules\sequelize\lib\sequelize.js:315:28
    at process.processTicksAndRejections (node:internal/process/task_queues:95:5)
    at async MySQLQueryInterface.createTable (D:\belajar\JavaScript\rest api\Pojok Code\3. rest-api\fullstack-skripsi\BE\node_modules\sequelize\lib\dialects\abstract\query-interface.js:98:12)
    at async Cart.sync (D:\belajar\JavaScript\rest api\Pojok Code\3. rest-api\fullstack-skripsi\BE\node_modules\sequelize\lib\model.js:942:7)
    at async Sequelize.sync (D:\belajar\JavaScript\rest api\Pojok Code\3. rest-api\fullstack-skripsi\BE\node_modules\sequelize\lib\sequelize.js:377:9)
    at async file:///D:/belajar/JavaScript/rest%20api/Pojok%20Code/3.%20rest-api/fullstack-skripsi/BE/src/model/menu-model.js:42:5
 [LOGGER] 2024-02-08 08:14:35.798 PM error : uncaughtException: Cannot add foreign key constraint
Error
    at Query.run (D:\belajar\JavaScript\rest api\Pojok Code\3. rest-api\fullstack-skripsi\BE\node_modules\sequelize\lib\dialects\mysql\query.js:52:25)
    at D:\belajar\JavaScript\rest api\Pojok Code\3. rest-api\fullstack-skripsi\BE\node_modules\sequelize\lib\sequelize.js:315:28
    at process.processTicksAndRejections (node:internal/process/task_queues:95:5)
    at async MySQLQueryInterface.createTable (D:\belajar\JavaScript\rest api\Pojok Code\3. rest-api\fullstack-skripsi\BE\node_modules\sequelize\lib\dialects\abstract\query-interface.js:98:12)
    at async Cart.sync (D:\belajar\JavaScript\rest api\Pojok Code\3. rest-api\fullstack-skripsi\BE\node_modules\sequelize\lib\model.js:942:7)
    at async Sequelize.sync (D:\belajar\JavaScript\rest api\Pojok Code\3. rest-api\fullstack-skripsi\BE\node_modules\sequelize\lib\sequelize.js:377:9)
    at async file:///D:/belajar/JavaScript/rest%20api/Pojok%20Code/3.%20rest-api/fullstack-skripsi/BE/src/model/cart-model.js:60:5
 [LOGGER] 2024-02-08 08:14:35.831 PM error : uncaughtException: Cannot add foreign key constraint
Error
    at Query.run (D:\belajar\JavaScript\rest api\Pojok Code\3. rest-api\fullstack-skripsi\BE\node_modules\sequelize\lib\dialects\mysql\query.js:52:25)
    at D:\belajar\JavaScript\rest api\Pojok Code\3. rest-api\fullstack-skripsi\BE\node_modules\sequelize\lib\sequelize.js:315:28
    at process.processTicksAndRejections (node:internal/process/task_queues:95:5)
    at async MySQLQueryInterface.createTable (D:\belajar\JavaScript\rest api\Pojok Code\3. rest-api\fullstack-skripsi\BE\node_modules\sequelize\lib\dialects\abstract\query-interface.js:98:12)
    at async Cart.sync (D:\belajar\JavaScript\rest api\Pojok Code\3. rest-api\fullstack-skripsi\BE\node_modules\sequelize\lib\model.js:942:7)
    at async Sequelize.sync (D:\belajar\JavaScript\rest api\Pojok Code\3. rest-api\fullstack-skripsi\BE\node_modules\sequelize\lib\sequelize.js:377:9)
    at async file:///D:/belajar/JavaScript/rest%20api/Pojok%20Code/3.%20rest-api/fullstack-skripsi/BE/src/model/user-model.js:85:5
 [LOGGER] 2024-02-08 08:14:35.866 PM error : uncaughtException: Cannot add foreign key constraint
Error
    at Query.run (D:\belajar\JavaScript\rest api\Pojok Code\3. rest-api\fullstack-skripsi\BE\node_modules\sequelize\lib\dialects\mysql\query.js:52:25)
    at D:\belajar\JavaScript\rest api\Pojok Code\3. rest-api\fullstack-skripsi\BE\node_modules\sequelize\lib\sequelize.js:315:28
    at process.processTicksAndRejections (node:internal/process/task_queues:95:5)
    at async MySQLQueryInterface.createTable (D:\belajar\JavaScript\rest api\Pojok Code\3. rest-api\fullstack-skripsi\BE\node_modules\sequelize\lib\dialects\abstract\query-interface.js:98:12)
    at async Cart.sync (D:\belajar\JavaScript\rest api\Pojok Code\3. rest-api\fullstack-skripsi\BE\node_modules\sequelize\lib\model.js:942:7)
    at async Sequelize.sync (D:\belajar\JavaScript\rest api\Pojok Code\3. rest-api\fullstack-skripsi\BE\node_modules\sequelize\lib\sequelize.js:377:9)
    at async file:///D:/belajar/JavaScript/rest%20api/Pojok%20Code/3.%20rest-api/fullstack-skripsi/BE/src/model/testimonial-model.js:43:5
 [LOGGER] 2024-02-08 08:14:47.884 PM error : uncaughtException: Cannot add foreign key constraint
Error
    at Query.run (D:\belajar\JavaScript\rest api\Pojok Code\3. rest-api\fullstack-skripsi\BE\node_modules\sequelize\lib\dialects\mysql\query.js:52:25)
    at D:\belajar\JavaScript\rest api\Pojok Code\3. rest-api\fullstack-skripsi\BE\node_modules\sequelize\lib\sequelize.js:315:28
    at process.processTicksAndRejections (node:internal/process/task_queues:95:5)
    at async MySQLQueryInterface.createTable (D:\belajar\JavaScript\rest api\Pojok Code\3. rest-api\fullstack-skripsi\BE\node_modules\sequelize\lib\dialects\abstract\query-interface.js:98:12)
    at async Cart.sync (D:\belajar\JavaScript\rest api\Pojok Code\3. rest-api\fullstack-skripsi\BE\node_modules\sequelize\lib\model.js:942:7)
    at async Sequelize.sync (D:\belajar\JavaScript\rest api\Pojok Code\3. rest-api\fullstack-skripsi\BE\node_modules\sequelize\lib\sequelize.js:377:9)
    at async file:///D:/belajar/JavaScript/rest%20api/Pojok%20Code/3.%20rest-api/fullstack-skripsi/BE/src/model/cart-model.js:60:5
 [LOGGER] 2024-02-08 08:14:47.916 PM error : uncaughtException: Cannot add foreign key constraint
Error
    at Query.run (D:\belajar\JavaScript\rest api\Pojok Code\3. rest-api\fullstack-skripsi\BE\node_modules\sequelize\lib\dialects\mysql\query.js:52:25)
    at D:\belajar\JavaScript\rest api\Pojok Code\3. rest-api\fullstack-skripsi\BE\node_modules\sequelize\lib\sequelize.js:315:28
    at process.processTicksAndRejections (node:internal/process/task_queues:95:5)
    at async MySQLQueryInterface.createTable (D:\belajar\JavaScript\rest api\Pojok Code\3. rest-api\fullstack-skripsi\BE\node_modules\sequelize\lib\dialects\abstract\query-interface.js:98:12)
    at async Cart.sync (D:\belajar\JavaScript\rest api\Pojok Code\3. rest-api\fullstack-skripsi\BE\node_modules\sequelize\lib\model.js:942:7)
    at async Sequelize.sync (D:\belajar\JavaScript\rest api\Pojok Code\3. rest-api\fullstack-skripsi\BE\node_modules\sequelize\lib\sequelize.js:377:9)
    at async file:///D:/belajar/JavaScript/rest%20api/Pojok%20Code/3.%20rest-api/fullstack-skripsi/BE/src/model/menu-model.js:42:5
 [LOGGER] 2024-02-08 08:14:47.952 PM error : uncaughtException: Cannot add foreign key constraint
Error
    at Query.run (D:\belajar\JavaScript\rest api\Pojok Code\3. rest-api\fullstack-skripsi\BE\node_modules\sequelize\lib\dialects\mysql\query.js:52:25)
    at D:\belajar\JavaScript\rest api\Pojok Code\3. rest-api\fullstack-skripsi\BE\node_modules\sequelize\lib\sequelize.js:315:28
    at process.processTicksAndRejections (node:internal/process/task_queues:95:5)
    at async MySQLQueryInterface.createTable (D:\belajar\JavaScript\rest api\Pojok Code\3. rest-api\fullstack-skripsi\BE\node_modules\sequelize\lib\dialects\abstract\query-interface.js:98:12)
    at async Cart.sync (D:\belajar\JavaScript\rest api\Pojok Code\3. rest-api\fullstack-skripsi\BE\node_modules\sequelize\lib\model.js:942:7)
    at async Sequelize.sync (D:\belajar\JavaScript\rest api\Pojok Code\3. rest-api\fullstack-skripsi\BE\node_modules\sequelize\lib\sequelize.js:377:9)
    at async file:///D:/belajar/JavaScript/rest%20api/Pojok%20Code/3.%20rest-api/fullstack-skripsi/BE/src/model/user-model.js:85:5
 [LOGGER] 2024-02-08 08:14:47.978 PM error : uncaughtException: Cannot add foreign key constraint
Error
    at Query.run (D:\belajar\JavaScript\rest api\Pojok Code\3. rest-api\fullstack-skripsi\BE\node_modules\sequelize\lib\dialects\mysql\query.js:52:25)
    at D:\belajar\JavaScript\rest api\Pojok Code\3. rest-api\fullstack-skripsi\BE\node_modules\sequelize\lib\sequelize.js:315:28
    at process.processTicksAndRejections (node:internal/process/task_queues:95:5)
    at async MySQLQueryInterface.createTable (D:\belajar\JavaScript\rest api\Pojok Code\3. rest-api\fullstack-skripsi\BE\node_modules\sequelize\lib\dialects\abstract\query-interface.js:98:12)
    at async Cart.sync (D:\belajar\JavaScript\rest api\Pojok Code\3. rest-api\fullstack-skripsi\BE\node_modules\sequelize\lib\model.js:942:7)
    at async Sequelize.sync (D:\belajar\JavaScript\rest api\Pojok Code\3. rest-api\fullstack-skripsi\BE\node_modules\sequelize\lib\sequelize.js:377:9)
    at async file:///D:/belajar/JavaScript/rest%20api/Pojok%20Code/3.%20rest-api/fullstack-skripsi/BE/src/model/testimonial-model.js:43:5
 [LOGGER] 2024-02-08 08:14:55.004 PM error : uncaughtException: Cannot add foreign key constraint
Error
    at Query.run (D:\belajar\JavaScript\rest api\Pojok Code\3. rest-api\fullstack-skripsi\BE\node_modules\sequelize\lib\dialects\mysql\query.js:52:25)
    at D:\belajar\JavaScript\rest api\Pojok Code\3. rest-api\fullstack-skripsi\BE\node_modules\sequelize\lib\sequelize.js:315:28
    at process.processTicksAndRejections (node:internal/process/task_queues:95:5)
    at async MySQLQueryInterface.createTable (D:\belajar\JavaScript\rest api\Pojok Code\3. rest-api\fullstack-skripsi\BE\node_modules\sequelize\lib\dialects\abstract\query-interface.js:98:12)
    at async Cart.sync (D:\belajar\JavaScript\rest api\Pojok Code\3. rest-api\fullstack-skripsi\BE\node_modules\sequelize\lib\model.js:942:7)
    at async Sequelize.sync (D:\belajar\JavaScript\rest api\Pojok Code\3. rest-api\fullstack-skripsi\BE\node_modules\sequelize\lib\sequelize.js:377:9)
    at async file:///D:/belajar/JavaScript/rest%20api/Pojok%20Code/3.%20rest-api/fullstack-skripsi/BE/src/model/testimonial-model.js:43:5
 [LOGGER] 2024-02-08 08:14:55.035 PM error : uncaughtException: Cannot add foreign key constraint
Error
    at Query.run (D:\belajar\JavaScript\rest api\Pojok Code\3. rest-api\fullstack-skripsi\BE\node_modules\sequelize\lib\dialects\mysql\query.js:52:25)
    at D:\belajar\JavaScript\rest api\Pojok Code\3. rest-api\fullstack-skripsi\BE\node_modules\sequelize\lib\sequelize.js:315:28
    at process.processTicksAndRejections (node:internal/process/task_queues:95:5)
    at async MySQLQueryInterface.createTable (D:\belajar\JavaScript\rest api\Pojok Code\3. rest-api\fullstack-skripsi\BE\node_modules\sequelize\lib\dialects\abstract\query-interface.js:98:12)
    at async Cart.sync (D:\belajar\JavaScript\rest api\Pojok Code\3. rest-api\fullstack-skripsi\BE\node_modules\sequelize\lib\model.js:942:7)
    at async Sequelize.sync (D:\belajar\JavaScript\rest api\Pojok Code\3. rest-api\fullstack-skripsi\BE\node_modules\sequelize\lib\sequelize.js:377:9)
    at async file:///D:/belajar/JavaScript/rest%20api/Pojok%20Code/3.%20rest-api/fullstack-skripsi/BE/src/model/cart-model.js:60:5
 [LOGGER] 2024-02-08 08:14:55.163 PM error : uncaughtException: Cannot add foreign key constraint
Error
    at Query.run (D:\belajar\JavaScript\rest api\Pojok Code\3. rest-api\fullstack-skripsi\BE\node_modules\sequelize\lib\dialects\mysql\query.js:52:25)
    at D:\belajar\JavaScript\rest api\Pojok Code\3. rest-api\fullstack-skripsi\BE\node_modules\sequelize\lib\sequelize.js:315:28
    at process.processTicksAndRejections (node:internal/process/task_queues:95:5)
    at async MySQLQueryInterface.createTable (D:\belajar\JavaScript\rest api\Pojok Code\3. rest-api\fullstack-skripsi\BE\node_modules\sequelize\lib\dialects\abstract\query-interface.js:98:12)
    at async Cart.sync (D:\belajar\JavaScript\rest api\Pojok Code\3. rest-api\fullstack-skripsi\BE\node_modules\sequelize\lib\model.js:942:7)
    at async Sequelize.sync (D:\belajar\JavaScript\rest api\Pojok Code\3. rest-api\fullstack-skripsi\BE\node_modules\sequelize\lib\sequelize.js:377:9)
    at async file:///D:/belajar/JavaScript/rest%20api/Pojok%20Code/3.%20rest-api/fullstack-skripsi/BE/src/model/user-model.js:85:5
 [LOGGER] 2024-02-08 08:14:55.190 PM error : uncaughtException: Cannot add foreign key constraint
Error
    at Query.run (D:\belajar\JavaScript\rest api\Pojok Code\3. rest-api\fullstack-skripsi\BE\node_modules\sequelize\lib\dialects\mysql\query.js:52:25)
    at D:\belajar\JavaScript\rest api\Pojok Code\3. rest-api\fullstack-skripsi\BE\node_modules\sequelize\lib\sequelize.js:315:28
    at process.processTicksAndRejections (node:internal/process/task_queues:95:5)
    at async MySQLQueryInterface.createTable (D:\belajar\JavaScript\rest api\Pojok Code\3. rest-api\fullstack-skripsi\BE\node_modules\sequelize\lib\dialects\abstract\query-interface.js:98:12)
    at async Cart.sync (D:\belajar\JavaScript\rest api\Pojok Code\3. rest-api\fullstack-skripsi\BE\node_modules\sequelize\lib\model.js:942:7)
    at async Sequelize.sync (D:\belajar\JavaScript\rest api\Pojok Code\3. rest-api\fullstack-skripsi\BE\node_modules\sequelize\lib\sequelize.js:377:9)
    at async file:///D:/belajar/JavaScript/rest%20api/Pojok%20Code/3.%20rest-api/fullstack-skripsi/BE/src/model/menu-model.js:42:5
 [LOGGER] 2024-02-08 08:49:38.571 PM error : uncaughtException: Cannot add foreign key constraint
Error
    at Query.run (D:\belajar\JavaScript\rest api\Pojok Code\3. rest-api\fullstack-skripsi\BE\node_modules\sequelize\lib\dialects\mysql\query.js:52:25)
    at D:\belajar\JavaScript\rest api\Pojok Code\3. rest-api\fullstack-skripsi\BE\node_modules\sequelize\lib\sequelize.js:315:28
    at process.processTicksAndRejections (node:internal/process/task_queues:95:5)
    at async MySQLQueryInterface.createTable (D:\belajar\JavaScript\rest api\Pojok Code\3. rest-api\fullstack-skripsi\BE\node_modules\sequelize\lib\dialects\abstract\query-interface.js:98:12)
    at async Cart.sync (D:\belajar\JavaScript\rest api\Pojok Code\3. rest-api\fullstack-skripsi\BE\node_modules\sequelize\lib\model.js:942:7)
    at async Sequelize.sync (D:\belajar\JavaScript\rest api\Pojok Code\3. rest-api\fullstack-skripsi\BE\node_modules\sequelize\lib\sequelize.js:377:9)
    at async file:///D:/belajar/JavaScript/rest%20api/Pojok%20Code/3.%20rest-api/fullstack-skripsi/BE/src/model/user-model.js:85:5
 [LOGGER] 2024-02-08 08:49:38.597 PM error : uncaughtException: Cannot add foreign key constraint
Error
    at Query.run (D:\belajar\JavaScript\rest api\Pojok Code\3. rest-api\fullstack-skripsi\BE\node_modules\sequelize\lib\dialects\mysql\query.js:52:25)
    at D:\belajar\JavaScript\rest api\Pojok Code\3. rest-api\fullstack-skripsi\BE\node_modules\sequelize\lib\sequelize.js:315:28
    at process.processTicksAndRejections (node:internal/process/task_queues:95:5)
    at async MySQLQueryInterface.createTable (D:\belajar\JavaScript\rest api\Pojok Code\3. rest-api\fullstack-skripsi\BE\node_modules\sequelize\lib\dialects\abstract\query-interface.js:98:12)
    at async Cart.sync (D:\belajar\JavaScript\rest api\Pojok Code\3. rest-api\fullstack-skripsi\BE\node_modules\sequelize\lib\model.js:942:7)
    at async Sequelize.sync (D:\belajar\JavaScript\rest api\Pojok Code\3. rest-api\fullstack-skripsi\BE\node_modules\sequelize\lib\sequelize.js:377:9)
    at async file:///D:/belajar/JavaScript/rest%20api/Pojok%20Code/3.%20rest-api/fullstack-skripsi/BE/src/model/cart-model.js:59:5
 [LOGGER] 2024-02-08 08:49:38.626 PM error : uncaughtException: Cannot add foreign key constraint
Error
    at Query.run (D:\belajar\JavaScript\rest api\Pojok Code\3. rest-api\fullstack-skripsi\BE\node_modules\sequelize\lib\dialects\mysql\query.js:52:25)
    at D:\belajar\JavaScript\rest api\Pojok Code\3. rest-api\fullstack-skripsi\BE\node_modules\sequelize\lib\sequelize.js:315:28
    at process.processTicksAndRejections (node:internal/process/task_queues:95:5)
    at async MySQLQueryInterface.createTable (D:\belajar\JavaScript\rest api\Pojok Code\3. rest-api\fullstack-skripsi\BE\node_modules\sequelize\lib\dialects\abstract\query-interface.js:98:12)
    at async Cart.sync (D:\belajar\JavaScript\rest api\Pojok Code\3. rest-api\fullstack-skripsi\BE\node_modules\sequelize\lib\model.js:942:7)
    at async Sequelize.sync (D:\belajar\JavaScript\rest api\Pojok Code\3. rest-api\fullstack-skripsi\BE\node_modules\sequelize\lib\sequelize.js:377:9)
    at async file:///D:/belajar/JavaScript/rest%20api/Pojok%20Code/3.%20rest-api/fullstack-skripsi/BE/src/model/testimonial-model.js:43:5
 [LOGGER] 2024-02-08 08:49:38.665 PM error : uncaughtException: Cannot add foreign key constraint
Error
    at Query.run (D:\belajar\JavaScript\rest api\Pojok Code\3. rest-api\fullstack-skripsi\BE\node_modules\sequelize\lib\dialects\mysql\query.js:52:25)
    at D:\belajar\JavaScript\rest api\Pojok Code\3. rest-api\fullstack-skripsi\BE\node_modules\sequelize\lib\sequelize.js:315:28
    at process.processTicksAndRejections (node:internal/process/task_queues:95:5)
    at async MySQLQueryInterface.createTable (D:\belajar\JavaScript\rest api\Pojok Code\3. rest-api\fullstack-skripsi\BE\node_modules\sequelize\lib\dialects\abstract\query-interface.js:98:12)
    at async Cart.sync (D:\belajar\JavaScript\rest api\Pojok Code\3. rest-api\fullstack-skripsi\BE\node_modules\sequelize\lib\model.js:942:7)
    at async Sequelize.sync (D:\belajar\JavaScript\rest api\Pojok Code\3. rest-api\fullstack-skripsi\BE\node_modules\sequelize\lib\sequelize.js:377:9)
    at async file:///D:/belajar/JavaScript/rest%20api/Pojok%20Code/3.%20rest-api/fullstack-skripsi/BE/src/model/menu-model.js:42:5
 [LOGGER] 2024-02-08 09:02:18.260 PM error : Error in get menus function Menu is not found
 [LOGGER] 2024-02-08 09:02:18.266 PM error : Error: Menu is not found
    at getMenus (file:///D:/belajar/JavaScript/rest%20api/Pojok%20Code/3.%20rest-api/fullstack-skripsi/BE/src/controller/menu-controller.js:58:19)
    at process.processTicksAndRejections (node:internal/process/task_queues:95:5)
 [LOGGER] 2024-02-08 09:02:24.661 PM error : Error in getTestimonials function: Tesimoni is not found
 [LOGGER] 2024-02-08 09:02:24.667 PM error : Error: Tesimoni is not found
    at getTestimonials (file:///D:/belajar/JavaScript/rest%20api/Pojok%20Code/3.%20rest-api/fullstack-skripsi/BE/src/controller/testimonial-controller.js:20:19)
    at process.processTicksAndRejections (node:internal/process/task_queues:95:5)
 [LOGGER] 2024-02-08 09:08:18.747 PM error : Error in get menus function Menu is not found
 [LOGGER] 2024-02-08 09:08:18.748 PM error : Error: Menu is not found
    at getMenus (file:///D:/belajar/JavaScript/rest%20api/Pojok%20Code/3.%20rest-api/fullstack-skripsi/BE/src/controller/menu-controller.js:58:19)
    at process.processTicksAndRejections (node:internal/process/task_queues:95:5)
 [LOGGER] 2024-02-08 09:12:34.197 PM error : Error in get cart function ResponseError is not defined
 [LOGGER] 2024-02-08 09:12:34.199 PM error : ReferenceError: ResponseError is not defined
    at getCarts (file:///D:/belajar/JavaScript/rest%20api/Pojok%20Code/3.%20rest-api/fullstack-skripsi/BE/src/controller/cart-controller.js:7:33)
    at process.processTicksAndRejections (node:internal/process/task_queues:95:5)
 [LOGGER] 2024-02-08 09:13:05.311 PM error : Error in get cart function Cart is not found
 [LOGGER] 2024-02-08 09:13:05.314 PM error : Error: Cart is not found
    at getCarts (file:///D:/belajar/JavaScript/rest%20api/Pojok%20Code/3.%20rest-api/fullstack-skripsi/BE/src/controller/cart-controller.js:8:39)
    at process.processTicksAndRejections (node:internal/process/task_queues:95:5)
 [LOGGER] 2024-02-08 09:20:45.660 PM error : Error in get cart function include.attributes.some is not a function
 [LOGGER] 2024-02-08 09:20:45.664 PM error : TypeError: include.attributes.some is not a function
    at D:\belajar\JavaScript\rest api\Pojok Code\3. rest-api\fullstack-skripsi\BE\node_modules\sequelize\lib\model.js:483:35
    at D:\belajar\JavaScript\rest api\Pojok Code\3. rest-api\fullstack-skripsi\BE\node_modules\lodash\lodash.js:4967:15
    at baseForOwn (D:\belajar\JavaScript\rest api\Pojok Code\3. rest-api\fullstack-skripsi\BE\node_modules\lodash\lodash.js:3032:24)
    at D:\belajar\JavaScript\rest api\Pojok Code\3. rest-api\fullstack-skripsi\BE\node_modules\lodash\lodash.js:4936:18
    at Function.forEach (D:\belajar\JavaScript\rest api\Pojok Code\3. rest-api\fullstack-skripsi\BE\node_modules\lodash\lodash.js:9410:14)
    at Cart._validateIncludedElement (D:\belajar\JavaScript\rest api\Pojok Code\3. rest-api\fullstack-skripsi\BE\node_modules\sequelize\lib\model.js:482:11)
    at D:\belajar\JavaScript\rest api\Pojok Code\3. rest-api\fullstack-skripsi\BE\node_modules\sequelize\lib\model.js:421:37
    at Array.map (<anonymous>)
    at Cart._validateIncludedElements (D:\belajar\JavaScript\rest api\Pojok Code\3. rest-api\fullstack-skripsi\BE\node_modules\sequelize\lib\model.js:417:39)
    at Cart.findAll (D:\belajar\JavaScript\rest api\Pojok Code\3. rest-api\fullstack-skripsi\BE\node_modules\sequelize\lib\model.js:1124:12)
 [LOGGER] 2024-02-08 09:21:14.267 PM error : Error in get cart function include.attributes.some is not a function
 [LOGGER] 2024-02-08 09:21:18.463 PM error : TypeError: include.attributes.some is not a function
    at D:\belajar\JavaScript\rest api\Pojok Code\3. rest-api\fullstack-skripsi\BE\node_modules\sequelize\lib\model.js:483:35
    at D:\belajar\JavaScript\rest api\Pojok Code\3. rest-api\fullstack-skripsi\BE\node_modules\lodash\lodash.js:4967:15
    at baseForOwn (D:\belajar\JavaScript\rest api\Pojok Code\3. rest-api\fullstack-skripsi\BE\node_modules\lodash\lodash.js:3032:24)
    at D:\belajar\JavaScript\rest api\Pojok Code\3. rest-api\fullstack-skripsi\BE\node_modules\lodash\lodash.js:4936:18
    at Function.forEach (D:\belajar\JavaScript\rest api\Pojok Code\3. rest-api\fullstack-skripsi\BE\node_modules\lodash\lodash.js:9410:14)
    at Cart._validateIncludedElement (D:\belajar\JavaScript\rest api\Pojok Code\3. rest-api\fullstack-skripsi\BE\node_modules\sequelize\lib\model.js:482:11)
    at D:\belajar\JavaScript\rest api\Pojok Code\3. rest-api\fullstack-skripsi\BE\node_modules\sequelize\lib\model.js:421:37
    at Array.map (<anonymous>)
    at Cart._validateIncludedElements (D:\belajar\JavaScript\rest api\Pojok Code\3. rest-api\fullstack-skripsi\BE\node_modules\sequelize\lib\model.js:417:39)
    at Cart.findAll (D:\belajar\JavaScript\rest api\Pojok Code\3. rest-api\fullstack-skripsi\BE\node_modules\sequelize\lib\model.js:1124:12)
 [LOGGER] 2024-02-08 09:21:22.549 PM error : Error in get cart function Unknown column 'Cart.createAt' in 'order clause'
 [LOGGER] 2024-02-08 09:21:22.552 PM error : Error
    at Query.run (D:\belajar\JavaScript\rest api\Pojok Code\3. rest-api\fullstack-skripsi\BE\node_modules\sequelize\lib\dialects\mysql\query.js:52:25)
    at D:\belajar\JavaScript\rest api\Pojok Code\3. rest-api\fullstack-skripsi\BE\node_modules\sequelize\lib\sequelize.js:315:28
    at process.processTicksAndRejections (node:internal/process/task_queues:95:5)
    at async MySQLQueryInterface.select (D:\belajar\JavaScript\rest api\Pojok Code\3. rest-api\fullstack-skripsi\BE\node_modules\sequelize\lib\dialects\abstract\query-interface.js:407:12)
    at async Cart.findAll (D:\belajar\JavaScript\rest api\Pojok Code\3. rest-api\fullstack-skripsi\BE\node_modules\sequelize\lib\model.js:1140:21)
    at async getCarts (file:///D:/belajar/JavaScript/rest%20api/Pojok%20Code/3.%20rest-api/fullstack-skripsi/BE/src/controller/cart-controller.js:8:23)
