 [LOGGER] 2024-01-19 04:17:16.271 PM error : Error in login function: Email or password wrong
 [LOGGER] 2024-01-19 04:17:16.274 PM error : Error: Email or password wrong
    at login (file:///D:/belajar/JavaScript/rest%20api/Pojok%20Code/3.%20rest-api/fullstack-skripsi/BE/src/controller/user-controller.js:170:19)
    at process.processTicksAndRejections (node:internal/process/task_queues:95:5)
 [LOGGER] 2024-01-19 04:17:22.237 PM error : Error in login function: Email or password wrong
 [LOGGER] 2024-01-19 04:17:22.239 PM error : Error: Email or password wrong
    at login (file:///D:/belajar/JavaScript/rest%20api/Pojok%20Code/3.%20rest-api/fullstack-skripsi/BE/src/controller/user-controller.js:170:19)
    at process.processTicksAndRejections (node:internal/process/task_queues:95:5)
 [LOGGER] 2024-01-19 04:17:33.671 PM error : Error in login function: Email or password wrong
 [LOGGER] 2024-01-19 04:17:33.672 PM error : Error: Email or password wrong
    at login (file:///D:/belajar/JavaScript/rest%20api/Pojok%20Code/3.%20rest-api/fullstack-skripsi/BE/src/controller/user-controller.js:170:19)
    at process.processTicksAndRejections (node:internal/process/task_queues:95:5)
 [LOGGER] 2024-01-19 04:17:40.975 PM error : Error in login function: Email or password wrong
 [LOGGER] 2024-01-19 04:17:40.976 PM error : Error: Email or password wrong
    at login (file:///D:/belajar/JavaScript/rest%20api/Pojok%20Code/3.%20rest-api/fullstack-skripsi/BE/src/controller/user-controller.js:170:19)
    at process.processTicksAndRejections (node:internal/process/task_queues:95:5)
 [LOGGER] 2024-01-19 04:17:59.484 PM error : Error in register function: [object Object]
 [LOGGER] 2024-01-19 04:17:59.485 PM error : Error: [object Object]
    at validate (file:///D:/belajar/JavaScript/rest%20api/Pojok%20Code/3.%20rest-api/fullstack-skripsi/BE/src/validation/validation.js:23:15)
    at register (file:///D:/belajar/JavaScript/rest%20api/Pojok%20Code/3.%20rest-api/fullstack-skripsi/BE/src/controller/user-controller.js:15:29)
    at process.processTicksAndRejections (node:internal/process/task_queues:95:5)
 [LOGGER] 2024-01-19 04:24:10.053 PM error : Error in register function: [object Object]
 [LOGGER] 2024-01-19 04:24:10.056 PM error : Error: [object Object]
    at validate (file:///D:/belajar/JavaScript/rest%20api/Pojok%20Code/3.%20rest-api/fullstack-skripsi/BE/src/validation/validation.js:23:15)
    at register (file:///D:/belajar/JavaScript/rest%20api/Pojok%20Code/3.%20rest-api/fullstack-skripsi/BE/src/controller/user-controller.js:15:29)
    at process.processTicksAndRejections (node:internal/process/task_queues:95:5)
 [LOGGER] 2024-01-19 04:25:30.342 PM error : Error in login function: Email or password wrong
 [LOGGER] 2024-01-19 04:25:30.345 PM error : Error: Email or password wrong
    at login (file:///D:/belajar/JavaScript/rest%20api/Pojok%20Code/3.%20rest-api/fullstack-skripsi/BE/src/controller/user-controller.js:170:19)
    at process.processTicksAndRejections (node:internal/process/task_queues:95:5)
 [LOGGER] 2024-01-19 04:26:29.397 PM error : Error in login function: Email or password wrong
 [LOGGER] 2024-01-19 04:26:29.397 PM error : Error: Email or password wrong
    at login (file:///D:/belajar/JavaScript/rest%20api/Pojok%20Code/3.%20rest-api/fullstack-skripsi/BE/src/controller/user-controller.js:170:19)
    at process.processTicksAndRejections (node:internal/process/task_queues:95:5)
 [LOGGER] 2024-01-19 04:26:45.563 PM error : Error in login function: Email or password wrong
 [LOGGER] 2024-01-19 04:26:45.564 PM error : Error: Email or password wrong
    at login (file:///D:/belajar/JavaScript/rest%20api/Pojok%20Code/3.%20rest-api/fullstack-skripsi/BE/src/controller/user-controller.js:170:19)
    at process.processTicksAndRejections (node:internal/process/task_queues:95:5)
 [LOGGER] 2024-01-19 04:29:46.438 PM error : Error in login function: Email or password wrong
 [LOGGER] 2024-01-19 04:29:46.439 PM error : Error: Email or password wrong
    at login (file:///D:/belajar/JavaScript/rest%20api/Pojok%20Code/3.%20rest-api/fullstack-skripsi/BE/src/controller/user-controller.js:170:19)
    at process.processTicksAndRejections (node:internal/process/task_queues:95:5)
 [LOGGER] 2024-01-19 04:30:39.833 PM error : Error in login function: Email or password wrong emsil
 [LOGGER] 2024-01-19 04:30:39.835 PM error : Error: Email or password wrong emsil
    at login (file:///D:/belajar/JavaScript/rest%20api/Pojok%20Code/3.%20rest-api/fullstack-skripsi/BE/src/controller/user-controller.js:170:19)
    at process.processTicksAndRejections (node:internal/process/task_queues:95:5)
 [LOGGER] 2024-01-19 04:31:55.401 PM error : Error in login function: Email or password wrong emsil
 [LOGGER] 2024-01-19 04:31:55.407 PM error : Error: Email or password wrong emsil
    at login (file:///D:/belajar/JavaScript/rest%20api/Pojok%20Code/3.%20rest-api/fullstack-skripsi/BE/src/controller/user-controller.js:171:19)
    at process.processTicksAndRejections (node:internal/process/task_queues:95:5)
 [LOGGER] 2024-01-19 04:33:34.946 PM error : Error in login function: Email or password wrong emsil
 [LOGGER] 2024-01-19 04:33:34.949 PM error : Error: Email or password wrong emsil
    at login (file:///D:/belajar/JavaScript/rest%20api/Pojok%20Code/3.%20rest-api/fullstack-skripsi/BE/src/controller/user-controller.js:172:19)
    at process.processTicksAndRejections (node:internal/process/task_queues:95:5)
 [LOGGER] 2024-01-19 04:34:10.176 PM error : Error in login function: Email or password wrong emsil
 [LOGGER] 2024-01-19 04:34:10.179 PM error : Error: Email or password wrong emsil
    at login (file:///D:/belajar/JavaScript/rest%20api/Pojok%20Code/3.%20rest-api/fullstack-skripsi/BE/src/controller/user-controller.js:172:19)
    at process.processTicksAndRejections (node:internal/process/task_queues:95:5)
 [LOGGER] 2024-01-19 04:37:38.862 PM error : Error in register function: Unknown column 'isActive' in 'field list'
 [LOGGER] 2024-01-19 04:37:38.865 PM error : Error
    at Query.run (D:\belajar\JavaScript\rest api\Pojok Code\3. rest-api\fullstack-skripsi\BE\node_modules\sequelize\lib\dialects\mysql\query.js:52:25)
    at D:\belajar\JavaScript\rest api\Pojok Code\3. rest-api\fullstack-skripsi\BE\node_modules\sequelize\lib\sequelize.js:315:28
    at process.processTicksAndRejections (node:internal/process/task_queues:95:5)
    at async MySQLQueryInterface.select (D:\belajar\JavaScript\rest api\Pojok Code\3. rest-api\fullstack-skripsi\BE\node_modules\sequelize\lib\dialects\abstract\query-interface.js:407:12)
    at async User.findAll (D:\belajar\JavaScript\rest api\Pojok Code\3. rest-api\fullstack-skripsi\BE\node_modules\sequelize\lib\model.js:1140:21)
    at async register (file:///D:/belajar/JavaScript/rest%20api/Pojok%20Code/3.%20rest-api/fullstack-skripsi/BE/src/controller/user-controller.js:16:28)
 [LOGGER] 2024-01-19 04:45:45.787 PM error : Error in register function: Unknown column 'expireTime' in 'field list'
 [LOGGER] 2024-01-19 04:45:45.790 PM error : Error
    at Query.run (D:\belajar\JavaScript\rest api\Pojok Code\3. rest-api\fullstack-skripsi\BE\node_modules\sequelize\lib\dialects\mysql\query.js:52:25)
    at D:\belajar\JavaScript\rest api\Pojok Code\3. rest-api\fullstack-skripsi\BE\node_modules\sequelize\lib\sequelize.js:315:28
    at process.processTicksAndRejections (node:internal/process/task_queues:95:5)
    at async MySQLQueryInterface.select (D:\belajar\JavaScript\rest api\Pojok Code\3. rest-api\fullstack-skripsi\BE\node_modules\sequelize\lib\dialects\abstract\query-interface.js:407:12)
    at async User.findAll (D:\belajar\JavaScript\rest api\Pojok Code\3. rest-api\fullstack-skripsi\BE\node_modules\sequelize\lib\model.js:1140:21)
    at async User.findOne (D:\belajar\JavaScript\rest api\Pojok Code\3. rest-api\fullstack-skripsi\BE\node_modules\sequelize\lib\model.js:1240:12)
    at async register (file:///D:/belajar/JavaScript/rest%20api/Pojok%20Code/3.%20rest-api/fullstack-skripsi/BE/src/controller/user-controller.js:16:28)
 [LOGGER] 2024-01-19 04:46:41.434 PM error : Error in register function: Unknown column 'createdAt' in 'field list'
 [LOGGER] 2024-01-19 04:46:41.435 PM error : Error
    at Query.run (D:\belajar\JavaScript\rest api\Pojok Code\3. rest-api\fullstack-skripsi\BE\node_modules\sequelize\lib\dialects\mysql\query.js:52:25)
    at D:\belajar\JavaScript\rest api\Pojok Code\3. rest-api\fullstack-skripsi\BE\node_modules\sequelize\lib\sequelize.js:315:28
    at process.processTicksAndRejections (node:internal/process/task_queues:95:5)
    at async MySQLQueryInterface.select (D:\belajar\JavaScript\rest api\Pojok Code\3. rest-api\fullstack-skripsi\BE\node_modules\sequelize\lib\dialects\abstract\query-interface.js:407:12)
    at async User.findAll (D:\belajar\JavaScript\rest api\Pojok Code\3. rest-api\fullstack-skripsi\BE\node_modules\sequelize\lib\model.js:1140:21)
    at async User.findOne (D:\belajar\JavaScript\rest api\Pojok Code\3. rest-api\fullstack-skripsi\BE\node_modules\sequelize\lib\model.js:1240:12)
    at async register (file:///D:/belajar/JavaScript/rest%20api/Pojok%20Code/3.%20rest-api/fullstack-skripsi/BE/src/controller/user-controller.js:16:28)
 [LOGGER] 2024-01-19 04:47:14.800 PM error : Error in register function: Cannot read properties of null (reading '0')
 [LOGGER] 2024-01-19 04:47:14.801 PM error : TypeError: Cannot read properties of null (reading '0')
    at register (file:///D:/belajar/JavaScript/rest%20api/Pojok%20Code/3.%20rest-api/fullstack-skripsi/BE/src/controller/user-controller.js:22:23)
    at process.processTicksAndRejections (node:internal/process/task_queues:95:5)
 [LOGGER] 2024-01-19 04:47:46.073 PM error : Error in register function: Cannot read properties of null (reading 'length')
 [LOGGER] 2024-01-19 04:47:46.076 PM error : TypeError: Cannot read properties of null (reading 'length')
    at register (file:///D:/belajar/JavaScript/rest%20api/Pojok%20Code/3.%20rest-api/fullstack-skripsi/BE/src/controller/user-controller.js:22:24)
    at process.processTicksAndRejections (node:internal/process/task_queues:95:5)
 [LOGGER] 2024-01-19 04:48:49.319 PM error : Error in register function: Cannot read properties of null (reading 'isActive')
 [LOGGER] 2024-01-19 04:48:49.322 PM error : TypeError: Cannot read properties of null (reading 'isActive')
    at register (file:///D:/belajar/JavaScript/rest%20api/Pojok%20Code/3.%20rest-api/fullstack-skripsi/BE/src/controller/user-controller.js:22:24)
    at process.processTicksAndRejections (node:internal/process/task_queues:95:5)
 [LOGGER] 2024-01-19 04:49:18.574 PM error : Error in register function: Cannot read properties of null (reading 'isActive')
 [LOGGER] 2024-01-19 04:49:18.577 PM error : TypeError: Cannot read properties of null (reading 'isActive')
    at register (file:///D:/belajar/JavaScript/rest%20api/Pojok%20Code/3.%20rest-api/fullstack-skripsi/BE/src/controller/user-controller.js:23:24)
    at process.processTicksAndRejections (node:internal/process/task_queues:95:5)
 [LOGGER] 2024-01-19 04:50:08.174 PM error : Error in register function: [object Object]
 [LOGGER] 2024-01-19 04:50:08.175 PM error : Error: [object Object]
    at validate (file:///D:/belajar/JavaScript/rest%20api/Pojok%20Code/3.%20rest-api/fullstack-skripsi/BE/src/validation/validation.js:23:15)
    at register (file:///D:/belajar/JavaScript/rest%20api/Pojok%20Code/3.%20rest-api/fullstack-skripsi/BE/src/controller/user-controller.js:15:29)
    at process.processTicksAndRejections (node:internal/process/task_queues:95:5)
 [LOGGER] 2024-01-19 04:50:14.072 PM error : Error in register function: [object Object]
 [LOGGER] 2024-01-19 04:50:14.073 PM error : Error: [object Object]
    at validate (file:///D:/belajar/JavaScript/rest%20api/Pojok%20Code/3.%20rest-api/fullstack-skripsi/BE/src/validation/validation.js:23:15)
    at register (file:///D:/belajar/JavaScript/rest%20api/Pojok%20Code/3.%20rest-api/fullstack-skripsi/BE/src/controller/user-controller.js:15:29)
    at process.processTicksAndRejections (node:internal/process/task_queues:95:5)
 [LOGGER] 2024-01-19 04:51:17.408 PM error : Error in register function: Cannot read properties of null (reading 'length')
 [LOGGER] 2024-01-19 04:51:17.411 PM error : TypeError: Cannot read properties of null (reading 'length')
    at register (file:///D:/belajar/JavaScript/rest%20api/Pojok%20Code/3.%20rest-api/fullstack-skripsi/BE/src/controller/user-controller.js:22:24)
    at process.processTicksAndRejections (node:internal/process/task_queues:95:5)
 [LOGGER] 2024-01-19 04:51:38.104 PM error : Error in register function: Cannot read properties of null (reading '0')
 [LOGGER] 2024-01-19 04:51:38.107 PM error : TypeError: Cannot read properties of null (reading '0')
    at register (file:///D:/belajar/JavaScript/rest%20api/Pojok%20Code/3.%20rest-api/fullstack-skripsi/BE/src/controller/user-controller.js:22:23)
    at process.processTicksAndRejections (node:internal/process/task_queues:95:5)
 [LOGGER] 2024-01-19 04:51:50.055 PM error : Error in register function: Cannot read properties of null (reading 'isActive')
 [LOGGER] 2024-01-19 04:51:50.059 PM error : TypeError: Cannot read properties of null (reading 'isActive')
    at register (file:///D:/belajar/JavaScript/rest%20api/Pojok%20Code/3.%20rest-api/fullstack-skripsi/BE/src/controller/user-controller.js:22:24)
    at process.processTicksAndRejections (node:internal/process/task_queues:95:5)
 [LOGGER] 2024-01-19 04:52:44.501 PM error : Error in register function: Cannot read properties of null (reading 'isActive')
 [LOGGER] 2024-01-19 04:52:44.504 PM error : TypeError: Cannot read properties of null (reading 'isActive')
    at register (file:///D:/belajar/JavaScript/rest%20api/Pojok%20Code/3.%20rest-api/fullstack-skripsi/BE/src/controller/user-controller.js:22:24)
    at process.processTicksAndRejections (node:internal/process/task_queues:95:5)
 [LOGGER] 2024-01-19 04:53:43.075 PM error : Error in register function: Cannot read properties of undefined (reading 'isActive')
 [LOGGER] 2024-01-19 04:53:43.077 PM error : TypeError: Cannot read properties of undefined (reading 'isActive')
    at register (file:///D:/belajar/JavaScript/rest%20api/Pojok%20Code/3.%20rest-api/fullstack-skripsi/BE/src/controller/user-controller.js:22:27)
    at process.processTicksAndRejections (node:internal/process/task_queues:95:5)
 [LOGGER] 2024-01-19 04:54:19.045 PM error : Error in register function: Email already registered, please check your email
 [LOGGER] 2024-01-19 04:54:19.048 PM error : Error: Email already registered, please check your email
    at register (file:///D:/belajar/JavaScript/rest%20api/Pojok%20Code/3.%20rest-api/fullstack-skripsi/BE/src/controller/user-controller.js:25:19)
    at process.processTicksAndRejections (node:internal/process/task_queues:95:5)
 [LOGGER] 2024-01-19 04:55:03.197 PM error : Error in register function: Email already registered, please check your email
 [LOGGER] 2024-01-19 04:55:03.200 PM error : Error: Email already registered, please check your email
    at register (file:///D:/belajar/JavaScript/rest%20api/Pojok%20Code/3.%20rest-api/fullstack-skripsi/BE/src/controller/user-controller.js:25:19)
    at process.processTicksAndRejections (node:internal/process/task_queues:95:5)
 [LOGGER] 2024-01-19 04:55:04.648 PM error : Error in register function: Email already registered, please check your email
 [LOGGER] 2024-01-19 04:55:04.648 PM error : Error: Email already registered, please check your email
    at register (file:///D:/belajar/JavaScript/rest%20api/Pojok%20Code/3.%20rest-api/fullstack-skripsi/BE/src/controller/user-controller.js:25:19)
    at process.processTicksAndRejections (node:internal/process/task_queues:95:5)
 [LOGGER] 2024-01-19 04:55:13.322 PM error : Error in register function: Email already registered, please check your email
 [LOGGER] 2024-01-19 04:55:13.323 PM error : Error: Email already registered, please check your email
    at register (file:///D:/belajar/JavaScript/rest%20api/Pojok%20Code/3.%20rest-api/fullstack-skripsi/BE/src/controller/user-controller.js:25:19)
    at process.processTicksAndRejections (node:internal/process/task_queues:95:5)
 [LOGGER] 2024-01-19 04:55:21.563 PM error : Error in register function: Cannot read properties of undefined (reading 'isActive')
 [LOGGER] 2024-01-19 04:55:21.564 PM error : TypeError: Cannot read properties of undefined (reading 'isActive')
    at register (file:///D:/belajar/JavaScript/rest%20api/Pojok%20Code/3.%20rest-api/fullstack-skripsi/BE/src/controller/user-controller.js:24:35)
    at process.processTicksAndRejections (node:internal/process/task_queues:95:5)
 [LOGGER] 2024-01-19 05:00:47.404 PM error : Error in register function: Email already registered, please check your email
 [LOGGER] 2024-01-19 05:00:47.405 PM error : Error: Email already registered, please check your email
    at register (file:///D:/belajar/JavaScript/rest%20api/Pojok%20Code/3.%20rest-api/fullstack-skripsi/BE/src/controller/user-controller.js:25:19)
    at process.processTicksAndRejections (node:internal/process/task_queues:95:5)
 [LOGGER] 2024-01-19 05:02:15.347 PM error : Error in register function: Cannot read properties of undefined (reading 'isActive')
 [LOGGER] 2024-01-19 05:02:15.350 PM error : TypeError: Cannot read properties of undefined (reading 'isActive')
    at register (file:///D:/belajar/JavaScript/rest%20api/Pojok%20Code/3.%20rest-api/fullstack-skripsi/BE/src/controller/user-controller.js:22:27)
    at process.processTicksAndRejections (node:internal/process/task_queues:95:5)
 [LOGGER] 2024-01-19 05:02:47.754 PM error : Error in register function: Email already activated
 [LOGGER] 2024-01-19 05:02:47.756 PM error : Error: Email already activated
    at register (file:///D:/belajar/JavaScript/rest%20api/Pojok%20Code/3.%20rest-api/fullstack-skripsi/BE/src/controller/user-controller.js:23:19)
    at process.processTicksAndRejections (node:internal/process/task_queues:95:5)
 [LOGGER] 2024-01-19 05:03:13.295 PM error : Error in register function: Cannot read properties of undefined (reading 'expireTime')
 [LOGGER] 2024-01-19 05:03:13.297 PM error : TypeError: Cannot read properties of undefined (reading 'expireTime')
    at register (file:///D:/belajar/JavaScript/rest%20api/Pojok%20Code/3.%20rest-api/fullstack-skripsi/BE/src/controller/user-controller.js:24:73)
    at process.processTicksAndRejections (node:internal/process/task_queues:95:5)
 [LOGGER] 2024-01-19 05:03:39.699 PM error : Error in register function: Email already registered, please check your email
 [LOGGER] 2024-01-19 05:03:39.702 PM error : Error: Email already registered, please check your email
    at register (file:///D:/belajar/JavaScript/rest%20api/Pojok%20Code/3.%20rest-api/fullstack-skripsi/BE/src/controller/user-controller.js:25:19)
    at process.processTicksAndRejections (node:internal/process/task_queues:95:5)
 [LOGGER] 2024-01-19 05:05:54.679 PM error : Error in register function: Email already registered, please check your email
 [LOGGER] 2024-01-19 05:05:54.681 PM error : Error: Email already registered, please check your email
    at register (file:///D:/belajar/JavaScript/rest%20api/Pojok%20Code/3.%20rest-api/fullstack-skripsi/BE/src/controller/user-controller.js:25:19)
    at process.processTicksAndRejections (node:internal/process/task_queues:95:5)
 [LOGGER] 2024-01-19 05:06:42.854 PM error : Error in setActivateUser function: User not found or expired
 [LOGGER] 2024-01-19 05:06:42.858 PM error : Error: User not found or expired
    at setActivateUser (file:///D:/belajar/JavaScript/rest%20api/Pojok%20Code/3.%20rest-api/fullstack-skripsi/BE/src/controller/user-controller.js:136:19)
    at process.processTicksAndRejections (node:internal/process/task_queues:95:5)
 [LOGGER] 2024-01-19 05:07:14.092 PM error : Error in register function: Email already activated
 [LOGGER] 2024-01-19 05:07:14.093 PM error : Error: Email already activated
    at register (file:///D:/belajar/JavaScript/rest%20api/Pojok%20Code/3.%20rest-api/fullstack-skripsi/BE/src/controller/user-controller.js:23:19)
    at process.processTicksAndRejections (node:internal/process/task_queues:95:5)
 [LOGGER] 2024-01-19 05:13:48.121 PM error : Error in register function: Email already registered
 [LOGGER] 2024-01-19 05:13:48.127 PM error : Error: Email already registered
    at register (file:///D:/belajar/JavaScript/rest%20api/Pojok%20Code/3.%20rest-api/fullstack-skripsi/BE/src/controller/user-controller.js:23:19)
    at process.processTicksAndRejections (node:internal/process/task_queues:95:5)
 [LOGGER] 2024-01-19 05:14:56.557 PM error : Error in register function: Email already registered, please check your email
 [LOGGER] 2024-01-19 05:14:56.558 PM error : Error: Email already registered, please check your email
    at register (file:///D:/belajar/JavaScript/rest%20api/Pojok%20Code/3.%20rest-api/fullstack-skripsi/BE/src/controller/user-controller.js:25:19)
    at process.processTicksAndRejections (node:internal/process/task_queues:95:5)
 [LOGGER] 2024-01-19 05:15:27.522 PM error : Error in register function: Email already registered, please check your email
 [LOGGER] 2024-01-19 05:15:27.522 PM error : Error: Email already registered, please check your email
    at register (file:///D:/belajar/JavaScript/rest%20api/Pojok%20Code/3.%20rest-api/fullstack-skripsi/BE/src/controller/user-controller.js:25:19)
    at process.processTicksAndRejections (node:internal/process/task_queues:95:5)
 [LOGGER] 2024-01-19 05:16:01.262 PM error : Error in register function: Email already registered, please check your email
 [LOGGER] 2024-01-19 05:16:01.266 PM error : Error: Email already registered, please check your email
    at register (file:///D:/belajar/JavaScript/rest%20api/Pojok%20Code/3.%20rest-api/fullstack-skripsi/BE/src/controller/user-controller.js:25:19)
    at process.processTicksAndRejections (node:internal/process/task_queues:95:5)
 [LOGGER] 2024-01-19 05:17:03.297 PM error : Error in register function: Email already registered, please check your email
 [LOGGER] 2024-01-19 05:17:03.301 PM error : Error: Email already registered, please check your email
    at register (file:///D:/belajar/JavaScript/rest%20api/Pojok%20Code/3.%20rest-api/fullstack-skripsi/BE/src/controller/user-controller.js:26:19)
    at process.processTicksAndRejections (node:internal/process/task_queues:95:5)
 [LOGGER] 2024-01-19 05:17:32.722 PM error : Error in register function: Email already registered, please check your email
 [LOGGER] 2024-01-19 05:17:32.727 PM error : Error: Email already registered, please check your email
    at register (file:///D:/belajar/JavaScript/rest%20api/Pojok%20Code/3.%20rest-api/fullstack-skripsi/BE/src/controller/user-controller.js:26:19)
    at process.processTicksAndRejections (node:internal/process/task_queues:95:5)
 [LOGGER] 2024-01-19 05:18:13.423 PM error : Error in register function: Cannot read properties of null (reading 'expireTime')
 [LOGGER] 2024-01-19 05:18:13.424 PM error : TypeError: Cannot read properties of null (reading 'expireTime')
    at register (file:///D:/belajar/JavaScript/rest%20api/Pojok%20Code/3.%20rest-api/fullstack-skripsi/BE/src/controller/user-controller.js:21:43)
    at process.processTicksAndRejections (node:internal/process/task_queues:95:5)
 [LOGGER] 2024-01-19 05:18:21.609 PM error : Error in register function: Cannot read properties of null (reading 'expireTime')
 [LOGGER] 2024-01-19 05:18:21.610 PM error : TypeError: Cannot read properties of null (reading 'expireTime')
    at register (file:///D:/belajar/JavaScript/rest%20api/Pojok%20Code/3.%20rest-api/fullstack-skripsi/BE/src/controller/user-controller.js:21:43)
    at process.processTicksAndRejections (node:internal/process/task_queues:95:5)
 [LOGGER] 2024-01-19 05:18:52.796 PM error : Error in register function: Cannot read properties of null (reading 'isActive')
 [LOGGER] 2024-01-19 05:18:52.799 PM error : TypeError: Cannot read properties of null (reading 'isActive')
    at register (file:///D:/belajar/JavaScript/rest%20api/Pojok%20Code/3.%20rest-api/fullstack-skripsi/BE/src/controller/user-controller.js:22:24)
    at process.processTicksAndRejections (node:internal/process/task_queues:95:5)
 [LOGGER] 2024-01-19 05:19:22.162 PM error : Error in register function: Cannot read properties of null (reading 'isActive')
 [LOGGER] 2024-01-19 05:19:22.163 PM error : TypeError: Cannot read properties of null (reading 'isActive')
    at register (file:///D:/belajar/JavaScript/rest%20api/Pojok%20Code/3.%20rest-api/fullstack-skripsi/BE/src/controller/user-controller.js:22:24)
    at process.processTicksAndRejections (node:internal/process/task_queues:95:5)
 [LOGGER] 2024-01-19 05:20:27.016 PM error : Error in register function: Cannot read properties of null (reading 'isActive')
 [LOGGER] 2024-01-19 05:20:27.017 PM error : TypeError: Cannot read properties of null (reading 'isActive')
    at register (file:///D:/belajar/JavaScript/rest%20api/Pojok%20Code/3.%20rest-api/fullstack-skripsi/BE/src/controller/user-controller.js:22:24)
    at process.processTicksAndRejections (node:internal/process/task_queues:95:5)
 [LOGGER] 2024-01-19 05:20:34.603 PM error : Error in login function: Email or password wrong emsil
 [LOGGER] 2024-01-19 05:20:34.605 PM error : Error: Email or password wrong emsil
    at login (file:///D:/belajar/JavaScript/rest%20api/Pojok%20Code/3.%20rest-api/fullstack-skripsi/BE/src/controller/user-controller.js:172:19)
    at process.processTicksAndRejections (node:internal/process/task_queues:95:5)
 [LOGGER] 2024-01-19 05:21:29.031 PM error : Error in register function: Cannot read properties of null (reading 'isActive')
 [LOGGER] 2024-01-19 05:21:29.034 PM error : TypeError: Cannot read properties of null (reading 'isActive')
    at register (file:///D:/belajar/JavaScript/rest%20api/Pojok%20Code/3.%20rest-api/fullstack-skripsi/BE/src/controller/user-controller.js:22:25)
    at process.processTicksAndRejections (node:internal/process/task_queues:95:5)
 [LOGGER] 2024-01-19 05:22:00.423 PM error : Error in register function: Email already registered, please check your email
 [LOGGER] 2024-01-19 05:22:00.424 PM error : Error: Email already registered, please check your email
    at register (file:///D:/belajar/JavaScript/rest%20api/Pojok%20Code/3.%20rest-api/fullstack-skripsi/BE/src/controller/user-controller.js:25:19)
    at process.processTicksAndRejections (node:internal/process/task_queues:95:5)
 [LOGGER] 2024-01-19 05:22:34.248 PM error : Error in setActivateUser function: User not found or expired
 [LOGGER] 2024-01-19 05:22:34.249 PM error : Error: User not found or expired
    at setActivateUser (file:///D:/belajar/JavaScript/rest%20api/Pojok%20Code/3.%20rest-api/fullstack-skripsi/BE/src/controller/user-controller.js:136:19)
    at process.processTicksAndRejections (node:internal/process/task_queues:95:5)
 [LOGGER] 2024-01-19 05:22:34.787 PM error : Error in setActivateUser function: User not found or expired
 [LOGGER] 2024-01-19 05:22:34.788 PM error : Error: User not found or expired
    at setActivateUser (file:///D:/belajar/JavaScript/rest%20api/Pojok%20Code/3.%20rest-api/fullstack-skripsi/BE/src/controller/user-controller.js:136:19)
    at process.processTicksAndRejections (node:internal/process/task_queues:95:5)
 [LOGGER] 2024-01-19 05:23:12.670 PM error : Error in setActivateUser function: User not found or expired
 [LOGGER] 2024-01-19 05:23:12.671 PM error : Error: User not found or expired
    at setActivateUser (file:///D:/belajar/JavaScript/rest%20api/Pojok%20Code/3.%20rest-api/fullstack-skripsi/BE/src/controller/user-controller.js:136:19)
    at process.processTicksAndRejections (node:internal/process/task_queues:95:5)
 [LOGGER] 2024-01-19 05:23:49.874 PM error : Error in register function: Email already activated
 [LOGGER] 2024-01-19 05:23:49.874 PM error : Error: Email already activated
    at register (file:///D:/belajar/JavaScript/rest%20api/Pojok%20Code/3.%20rest-api/fullstack-skripsi/BE/src/controller/user-controller.js:23:19)
    at process.processTicksAndRejections (node:internal/process/task_queues:95:5)
 [LOGGER] 2024-01-19 05:24:03.443 PM error : Error in register function: Email already activated
 [LOGGER] 2024-01-19 05:24:03.450 PM error : Error: Email already activated
    at register (file:///D:/belajar/JavaScript/rest%20api/Pojok%20Code/3.%20rest-api/fullstack-skripsi/BE/src/controller/user-controller.js:23:19)
    at process.processTicksAndRejections (node:internal/process/task_queues:95:5)
 [LOGGER] 2024-01-19 05:24:04.642 PM error : Error in register function: Email already activated
 [LOGGER] 2024-01-19 05:24:04.644 PM error : Error: Email already activated
    at register (file:///D:/belajar/JavaScript/rest%20api/Pojok%20Code/3.%20rest-api/fullstack-skripsi/BE/src/controller/user-controller.js:23:19)
    at process.processTicksAndRejections (node:internal/process/task_queues:95:5)
 [LOGGER] 2024-01-19 05:24:27.224 PM error : Error in register function: Email already activated
 [LOGGER] 2024-01-19 05:24:27.227 PM error : Error: Email already activated
    at register (file:///D:/belajar/JavaScript/rest%20api/Pojok%20Code/3.%20rest-api/fullstack-skripsi/BE/src/controller/user-controller.js:23:19)
    at process.processTicksAndRejections (node:internal/process/task_queues:95:5)
 [LOGGER] 2024-01-19 05:24:57.375 PM error : Error in register function: Email already registered, please check your email
 [LOGGER] 2024-01-19 05:24:57.376 PM error : Error: Email already registered, please check your email
    at register (file:///D:/belajar/JavaScript/rest%20api/Pojok%20Code/3.%20rest-api/fullstack-skripsi/BE/src/controller/user-controller.js:25:19)
    at process.processTicksAndRejections (node:internal/process/task_queues:95:5)
 [LOGGER] 2024-01-19 05:26:40.564 PM error : Error in login function: Email or password wrong emsil
 [LOGGER] 2024-01-19 05:26:40.565 PM error : Error: Email or password wrong emsil
    at login (file:///D:/belajar/JavaScript/rest%20api/Pojok%20Code/3.%20rest-api/fullstack-skripsi/BE/src/controller/user-controller.js:172:19)
    at process.processTicksAndRejections (node:internal/process/task_queues:95:5)
 [LOGGER] 2024-01-19 05:27:34.241 PM error : Error in login function: Cannot access 'userExists' before initialization
 [LOGGER] 2024-01-19 05:27:34.245 PM error : ReferenceError: Cannot access 'userExists' before initialization
    at login (file:///D:/belajar/JavaScript/rest%20api/Pojok%20Code/3.%20rest-api/fullstack-skripsi/BE/src/controller/user-controller.js:163:21)
    at process.processTicksAndRejections (node:internal/process/task_queues:95:5)
 [LOGGER] 2024-01-19 05:28:05.228 PM error : Error in login function: Email or password wrong emsil
 [LOGGER] 2024-01-19 05:28:05.231 PM error : Error: Email or password wrong emsil
    at login (file:///D:/belajar/JavaScript/rest%20api/Pojok%20Code/3.%20rest-api/fullstack-skripsi/BE/src/controller/user-controller.js:172:19)
    at process.processTicksAndRejections (node:internal/process/task_queues:95:5)
 [LOGGER] 2024-01-19 05:31:14.130 PM error : Error in setActivateUser function: User not found or expired
 [LOGGER] 2024-01-19 05:31:14.131 PM error : Error: User not found or expired
    at setActivateUser (file:///D:/belajar/JavaScript/rest%20api/Pojok%20Code/3.%20rest-api/fullstack-skripsi/BE/src/controller/user-controller.js:136:19)
    at process.processTicksAndRejections (node:internal/process/task_queues:95:5)
 [LOGGER] 2024-01-19 05:33:29.896 PM error : Error in login function: Email or password wrong emsil
 [LOGGER] 2024-01-19 05:33:29.900 PM error : Error: Email or password wrong emsil
    at login (file:///D:/belajar/JavaScript/rest%20api/Pojok%20Code/3.%20rest-api/fullstack-skripsi/BE/src/controller/user-controller.js:173:19)
    at process.processTicksAndRejections (node:internal/process/task_queues:95:5)
 [LOGGER] 2024-01-19 05:41:46.746 PM error : Error in create menu function [object Object]
 [LOGGER] 2024-01-19 05:41:46.749 PM error : Error: [object Object]
    at validate (file:///D:/belajar/JavaScript/rest%20api/Pojok%20Code/3.%20rest-api/fullstack-skripsi/BE/src/validation/validation.js:23:15)
    at createMenu (file:///D:/belajar/JavaScript/rest%20api/Pojok%20Code/3.%20rest-api/fullstack-skripsi/BE/src/controller/menu-controller.js:15:34)
    at Layer.handle [as handle_request] (D:\belajar\JavaScript\rest api\Pojok Code\3. rest-api\fullstack-skripsi\BE\node_modules\express\lib\router\layer.js:95:5)
    at next (D:\belajar\JavaScript\rest api\Pojok Code\3. rest-api\fullstack-skripsi\BE\node_modules\express\lib\router\route.js:144:13)
    at done (D:\belajar\JavaScript\rest api\Pojok Code\3. rest-api\fullstack-skripsi\BE\node_modules\multer\lib\make-middleware.js:45:7)
    at indicateDone (D:\belajar\JavaScript\rest api\Pojok Code\3. rest-api\fullstack-skripsi\BE\node_modules\multer\lib\make-middleware.js:49:68)
    at D:\belajar\JavaScript\rest api\Pojok Code\3. rest-api\fullstack-skripsi\BE\node_modules\multer\lib\make-middleware.js:155:11
    at WriteStream.<anonymous> (D:\belajar\JavaScript\rest api\Pojok Code\3. rest-api\fullstack-skripsi\BE\node_modules\multer\storage\disk.js:43:9)
    at WriteStream.emit (node:events:526:35)
    at finish (node:internal/streams/writable:748:10)
 [LOGGER] 2024-01-19 05:42:19.388 PM error : Error in create menu function [object Object]
 [LOGGER] 2024-01-19 05:42:19.389 PM error : Error: [object Object]
    at validate (file:///D:/belajar/JavaScript/rest%20api/Pojok%20Code/3.%20rest-api/fullstack-skripsi/BE/src/validation/validation.js:23:15)
    at createMenu (file:///D:/belajar/JavaScript/rest%20api/Pojok%20Code/3.%20rest-api/fullstack-skripsi/BE/src/controller/menu-controller.js:15:34)
    at Layer.handle [as handle_request] (D:\belajar\JavaScript\rest api\Pojok Code\3. rest-api\fullstack-skripsi\BE\node_modules\express\lib\router\layer.js:95:5)
    at next (D:\belajar\JavaScript\rest api\Pojok Code\3. rest-api\fullstack-skripsi\BE\node_modules\express\lib\router\route.js:144:13)
    at done (D:\belajar\JavaScript\rest api\Pojok Code\3. rest-api\fullstack-skripsi\BE\node_modules\multer\lib\make-middleware.js:45:7)
    at indicateDone (D:\belajar\JavaScript\rest api\Pojok Code\3. rest-api\fullstack-skripsi\BE\node_modules\multer\lib\make-middleware.js:49:68)
    at D:\belajar\JavaScript\rest api\Pojok Code\3. rest-api\fullstack-skripsi\BE\node_modules\multer\lib\make-middleware.js:155:11
    at WriteStream.<anonymous> (D:\belajar\JavaScript\rest api\Pojok Code\3. rest-api\fullstack-skripsi\BE\node_modules\multer\storage\disk.js:43:9)
    at WriteStream.emit (node:events:526:35)
    at finish (node:internal/streams/writable:748:10)
 [LOGGER] 2024-01-19 05:51:08.246 PM error : Error in update menu function [object Object]
 [LOGGER] 2024-01-19 05:51:08.248 PM error : Error: [object Object]
    at validate (file:///D:/belajar/JavaScript/rest%20api/Pojok%20Code/3.%20rest-api/fullstack-skripsi/BE/src/validation/validation.js:23:15)
    at updateMenu (file:///D:/belajar/JavaScript/rest%20api/Pojok%20Code/3.%20rest-api/fullstack-skripsi/BE/src/controller/menu-controller.js:163:28)
    at process.processTicksAndRejections (node:internal/process/task_queues:95:5)
 [LOGGER] 2024-01-19 06:11:18.386 PM error : Error in update menu function [object Object]
 [LOGGER] 2024-01-19 06:11:18.388 PM error : Error: [object Object]
    at validate (file:///D:/belajar/JavaScript/rest%20api/Pojok%20Code/3.%20rest-api/fullstack-skripsi/BE/src/validation/validation.js:23:15)
    at updateMenu (file:///D:/belajar/JavaScript/rest%20api/Pojok%20Code/3.%20rest-api/fullstack-skripsi/BE/src/controller/menu-controller.js:145:28)
    at process.processTicksAndRejections (node:internal/process/task_queues:95:5)
 [LOGGER] 2024-01-19 06:11:26.119 PM error : Error in update menu function [object Object]
 [LOGGER] 2024-01-19 06:11:26.120 PM error : Error: [object Object]
    at validate (file:///D:/belajar/JavaScript/rest%20api/Pojok%20Code/3.%20rest-api/fullstack-skripsi/BE/src/validation/validation.js:23:15)
    at updateMenu (file:///D:/belajar/JavaScript/rest%20api/Pojok%20Code/3.%20rest-api/fullstack-skripsi/BE/src/controller/menu-controller.js:145:28)
    at process.processTicksAndRejections (node:internal/process/task_queues:95:5)
 [LOGGER] 2024-01-19 06:11:36.409 PM error : Error in update menu function ENOENT: no such file or directory, unlink 'uploads/menu/1705661436431.png'
 [LOGGER] 2024-01-19 06:11:36.412 PM error : Error: ENOENT: no such file or directory, unlink 'uploads/menu/1705661436431.png'
    at Object.unlinkSync (node:fs:1883:3)
    at updateMenu (file:///D:/belajar/JavaScript/rest%20api/Pojok%20Code/3.%20rest-api/fullstack-skripsi/BE/src/controller/menu-controller.js:151:20)
    at process.processTicksAndRejections (node:internal/process/task_queues:95:5)
 [LOGGER] 2024-01-19 06:13:58.971 PM error : Error in update menu function [object Object]
 [LOGGER] 2024-01-19 06:13:58.974 PM error : Error: [object Object]
    at validate (file:///D:/belajar/JavaScript/rest%20api/Pojok%20Code/3.%20rest-api/fullstack-skripsi/BE/src/validation/validation.js:23:15)
    at updateMenu (file:///D:/belajar/JavaScript/rest%20api/Pojok%20Code/3.%20rest-api/fullstack-skripsi/BE/src/controller/menu-controller.js:145:28)
    at process.processTicksAndRejections (node:internal/process/task_queues:95:5)
 [LOGGER] 2024-01-19 06:15:23.363 PM error : Error in update menu function [object Object]
 [LOGGER] 2024-01-19 06:15:23.365 PM error : Error: [object Object]
    at validate (file:///D:/belajar/JavaScript/rest%20api/Pojok%20Code/3.%20rest-api/fullstack-skripsi/BE/src/validation/validation.js:23:15)
    at updateMenu (file:///D:/belajar/JavaScript/rest%20api/Pojok%20Code/3.%20rest-api/fullstack-skripsi/BE/src/controller/menu-controller.js:145:28)
    at process.processTicksAndRejections (node:internal/process/task_queues:95:5)
 [LOGGER] 2024-01-19 06:16:02.747 PM error : Error in update menu function [object Object]
 [LOGGER] 2024-01-19 06:16:02.748 PM error : Error: [object Object]
    at validate (file:///D:/belajar/JavaScript/rest%20api/Pojok%20Code/3.%20rest-api/fullstack-skripsi/BE/src/validation/validation.js:23:15)
    at updateMenu (file:///D:/belajar/JavaScript/rest%20api/Pojok%20Code/3.%20rest-api/fullstack-skripsi/BE/src/controller/menu-controller.js:145:28)
    at process.processTicksAndRejections (node:internal/process/task_queues:95:5)
 [LOGGER] 2024-01-19 06:17:12.516 PM error : Error in update menu function Menu is not found
 [LOGGER] 2024-01-19 06:17:12.518 PM error : Error: Menu is not found
    at updateMenu (file:///D:/belajar/JavaScript/rest%20api/Pojok%20Code/3.%20rest-api/fullstack-skripsi/BE/src/controller/menu-controller.js:142:19)
    at process.processTicksAndRejections (node:internal/process/task_queues:95:5)
 [LOGGER] 2024-01-19 06:17:17.232 PM error : Error in update menu function [object Object]
 [LOGGER] 2024-01-19 06:17:17.233 PM error : Error: [object Object]
    at validate (file:///D:/belajar/JavaScript/rest%20api/Pojok%20Code/3.%20rest-api/fullstack-skripsi/BE/src/validation/validation.js:23:15)
    at updateMenu (file:///D:/belajar/JavaScript/rest%20api/Pojok%20Code/3.%20rest-api/fullstack-skripsi/BE/src/controller/menu-controller.js:145:28)
    at process.processTicksAndRejections (node:internal/process/task_queues:95:5)
 [LOGGER] 2024-01-19 10:44:30.970 PM error : Error in register function: Cannot read properties of undefined (reading 'isActive')
 [LOGGER] 2024-01-19 10:44:30.973 PM error : TypeError: Cannot read properties of undefined (reading 'isActive')
    at register (file:///D:/belajar/JavaScript/rest%20api/Pojok%20Code/3.%20rest-api/fullstack-skripsi/BE/src/controller/user-controller.js:22:27)
    at process.processTicksAndRejections (node:internal/process/task_queues:95:5)
 [LOGGER] 2024-01-19 10:46:00.510 PM error : Error in register function: Email already activated
 [LOGGER] 2024-01-19 10:46:00.511 PM error : Error: Email already activated
    at register (file:///D:/belajar/JavaScript/rest%20api/Pojok%20Code/3.%20rest-api/fullstack-skripsi/BE/src/controller/user-controller.js:23:19)
    at process.processTicksAndRejections (node:internal/process/task_queues:95:5)
 [LOGGER] 2024-01-19 10:50:38.037 PM error : Error in register function: Email already registered, please check your email
 [LOGGER] 2024-01-19 10:50:38.041 PM error : Error: Email already registered, please check your email
    at register (file:///D:/belajar/JavaScript/rest%20api/Pojok%20Code/3.%20rest-api/fullstack-skripsi/BE/src/controller/user-controller.js:25:19)
    at process.processTicksAndRejections (node:internal/process/task_queues:95:5)
 [LOGGER] 2024-01-19 11:01:46.693 PM error : Error in register function: Email already registered, please check your email
 [LOGGER] 2024-01-19 11:01:46.694 PM error : Error: Email already registered, please check your email
    at register (file:///D:/belajar/JavaScript/rest%20api/Pojok%20Code/3.%20rest-api/fullstack-skripsi/BE/src/controller/user-controller.js:25:19)
    at process.processTicksAndRejections (node:internal/process/task_queues:95:5)
 [LOGGER] 2024-01-19 11:02:25.856 PM error : Error in register function: Cannot read properties of undefined (reading 'isActive')
 [LOGGER] 2024-01-19 11:02:25.858 PM error : TypeError: Cannot read properties of undefined (reading 'isActive')
    at register (file:///D:/belajar/JavaScript/rest%20api/Pojok%20Code/3.%20rest-api/fullstack-skripsi/BE/src/controller/user-controller.js:22:27)
    at process.processTicksAndRejections (node:internal/process/task_queues:95:5)
 [LOGGER] 2024-01-19 11:05:34.043 PM error : Error in get menu function Menu is not found
 [LOGGER] 2024-01-19 11:05:34.045 PM error : Error: Menu is not found
    at getMenu (file:///D:/belajar/JavaScript/rest%20api/Pojok%20Code/3.%20rest-api/fullstack-skripsi/BE/src/controller/menu-controller.js:117:19)
    at process.processTicksAndRejections (node:internal/process/task_queues:95:5)
 [LOGGER] 2024-01-19 11:09:07.698 PM error : Error in setActivateUser function: User not found or expired
 [LOGGER] 2024-01-19 11:09:07.701 PM error : Error: User not found or expired
    at setActivateUser (file:///D:/belajar/JavaScript/rest%20api/Pojok%20Code/3.%20rest-api/fullstack-skripsi/BE/src/controller/user-controller.js:136:19)
    at process.processTicksAndRejections (node:internal/process/task_queues:95:5)
