 [LOGGER] 2024-01-21 12:01:34.669 AM error : Error in register function: Email already registered, please check your email
 [LOGGER] 2024-01-21 12:01:34.672 AM error : Error: Email already registered, please check your email
    at register (file:///D:/belajar/JavaScript/rest%20api/Pojok%20Code/3.%20rest-api/fullstack-skripsi/BE/src/controller/user-controller.js:25:19)
    at process.processTicksAndRejections (node:internal/process/task_queues:95:5)
 [LOGGER] 2024-01-21 12:02:42.656 AM error : Error in register function: Email already registered, please check your email
 [LOGGER] 2024-01-21 12:02:42.657 AM error : Error: Email already registered, please check your email
    at register (file:///D:/belajar/JavaScript/rest%20api/Pojok%20Code/3.%20rest-api/fullstack-skripsi/BE/src/controller/user-controller.js:25:19)
    at process.processTicksAndRejections (node:internal/process/task_queues:95:5)
 [LOGGER] 2024-01-21 12:03:45.924 AM error : Error in register function: Email already registered, please check your email
 [LOGGER] 2024-01-21 12:03:45.925 AM error : Error: Email already registered, please check your email
    at register (file:///D:/belajar/JavaScript/rest%20api/Pojok%20Code/3.%20rest-api/fullstack-skripsi/BE/src/controller/user-controller.js:25:19)
    at process.processTicksAndRejections (node:internal/process/task_queues:95:5)
 [LOGGER] 2024-01-21 12:10:01.006 AM error : Error in register function: Email already registered, please check your email
 [LOGGER] 2024-01-21 12:10:01.008 AM error : Error: Email already registered, please check your email
    at register (file:///D:/belajar/JavaScript/rest%20api/Pojok%20Code/3.%20rest-api/fullstack-skripsi/BE/src/controller/user-controller.js:25:19)
    at process.processTicksAndRejections (node:internal/process/task_queues:95:5)
 [LOGGER] 2024-01-21 12:50:58.546 AM error : Error in setActivateUser function: User not found or expired
 [LOGGER] 2024-01-21 12:50:58.550 AM error : Error: User not found or expired
    at setActivateUser (file:///D:/belajar/JavaScript/rest%20api/Pojok%20Code/3.%20rest-api/fullstack-skripsi/BE/src/controller/user-controller.js:136:19)
    at process.processTicksAndRejections (node:internal/process/task_queues:95:5)
 [LOGGER] 2024-01-21 12:51:00.382 AM error : Error in setActivateUser function: User not found or expired
 [LOGGER] 2024-01-21 12:51:00.384 AM error : Error: User not found or expired
    at setActivateUser (file:///D:/belajar/JavaScript/rest%20api/Pojok%20Code/3.%20rest-api/fullstack-skripsi/BE/src/controller/user-controller.js:136:19)
    at process.processTicksAndRejections (node:internal/process/task_queues:95:5)
 [LOGGER] 2024-01-21 12:51:01.352 AM error : Error in setActivateUser function: User not found or expired
 [LOGGER] 2024-01-21 12:51:01.357 AM error : Error: User not found or expired
    at setActivateUser (file:///D:/belajar/JavaScript/rest%20api/Pojok%20Code/3.%20rest-api/fullstack-skripsi/BE/src/controller/user-controller.js:136:19)
    at process.processTicksAndRejections (node:internal/process/task_queues:95:5)
 [LOGGER] 2024-01-21 12:51:52.348 AM error : Error in setActivateUser function: User not found or expired
 [LOGGER] 2024-01-21 12:51:52.349 AM error : Error: User not found or expired
    at setActivateUser (file:///D:/belajar/JavaScript/rest%20api/Pojok%20Code/3.%20rest-api/fullstack-skripsi/BE/src/controller/user-controller.js:136:19)
    at process.processTicksAndRejections (node:internal/process/task_queues:95:5)
 [LOGGER] 2024-01-21 12:51:54.552 AM error : Error in setActivateUser function: User not found or expired
 [LOGGER] 2024-01-21 12:51:54.556 AM error : Error: User not found or expired
    at setActivateUser (file:///D:/belajar/JavaScript/rest%20api/Pojok%20Code/3.%20rest-api/fullstack-skripsi/BE/src/controller/user-controller.js:136:19)
    at process.processTicksAndRejections (node:internal/process/task_queues:95:5)
 [LOGGER] 2024-01-21 12:57:47.313 AM error : Error in setActivateUser function: User not found or expired
 [LOGGER] 2024-01-21 12:57:47.314 AM error : Error: User not found or expired
    at setActivateUser (file:///D:/belajar/JavaScript/rest%20api/Pojok%20Code/3.%20rest-api/fullstack-skripsi/BE/src/controller/user-controller.js:136:19)
    at process.processTicksAndRejections (node:internal/process/task_queues:95:5)
 [LOGGER] 2024-01-21 12:58:19.963 AM error : Error in setActivateUser function: User not found or expired
 [LOGGER] 2024-01-21 12:58:19.964 AM error : Error: User not found or expired
    at setActivateUser (file:///D:/belajar/JavaScript/rest%20api/Pojok%20Code/3.%20rest-api/fullstack-skripsi/BE/src/controller/user-controller.js:136:19)
    at process.processTicksAndRejections (node:internal/process/task_queues:95:5)
 [LOGGER] 2024-01-21 12:59:29.444 AM error : Error in setActivateUser function: User not found or expired
 [LOGGER] 2024-01-21 12:59:29.445 AM error : Error: User not found or expired
    at setActivateUser (file:///D:/belajar/JavaScript/rest%20api/Pojok%20Code/3.%20rest-api/fullstack-skripsi/BE/src/controller/user-controller.js:136:19)
    at process.processTicksAndRejections (node:internal/process/task_queues:95:5)
 [LOGGER] 2024-01-21 01:02:36.592 AM error : Error in setActivateUser function: User not found or expired
 [LOGGER] 2024-01-21 01:02:36.593 AM error : Error: User not found or expired
    at setActivateUser (file:///D:/belajar/JavaScript/rest%20api/Pojok%20Code/3.%20rest-api/fullstack-skripsi/BE/src/controller/user-controller.js:136:19)
    at process.processTicksAndRejections (node:internal/process/task_queues:95:5)
 [LOGGER] 2024-01-21 01:02:56.331 AM error : Error in setActivateUser function: User not found or expired
 [LOGGER] 2024-01-21 01:02:56.331 AM error : Error: User not found or expired
    at setActivateUser (file:///D:/belajar/JavaScript/rest%20api/Pojok%20Code/3.%20rest-api/fullstack-skripsi/BE/src/controller/user-controller.js:136:19)
    at process.processTicksAndRejections (node:internal/process/task_queues:95:5)
 [LOGGER] 2024-01-21 01:04:34.571 AM error : Error in setActivateUser function: User not found or expired
 [LOGGER] 2024-01-21 01:04:34.572 AM error : Error: User not found or expired
    at setActivateUser (file:///D:/belajar/JavaScript/rest%20api/Pojok%20Code/3.%20rest-api/fullstack-skripsi/BE/src/controller/user-controller.js:136:19)
    at process.processTicksAndRejections (node:internal/process/task_queues:95:5)
 [LOGGER] 2024-01-21 01:04:38.837 AM error : Error in setActivateUser function: User not found or expired
 [LOGGER] 2024-01-21 01:04:38.840 AM error : Error: User not found or expired
    at setActivateUser (file:///D:/belajar/JavaScript/rest%20api/Pojok%20Code/3.%20rest-api/fullstack-skripsi/BE/src/controller/user-controller.js:136:19)
    at process.processTicksAndRejections (node:internal/process/task_queues:95:5)
 [LOGGER] 2024-01-21 01:04:52.737 AM error : Error in setActivateUser function: User not found or expired
 [LOGGER] 2024-01-21 01:04:52.738 AM error : Error: User not found or expired
    at setActivateUser (file:///D:/belajar/JavaScript/rest%20api/Pojok%20Code/3.%20rest-api/fullstack-skripsi/BE/src/controller/user-controller.js:136:19)
    at process.processTicksAndRejections (node:internal/process/task_queues:95:5)
 [LOGGER] 2024-01-21 01:04:56.207 AM error : Error in setActivateUser function: User not found or expired
 [LOGGER] 2024-01-21 01:04:56.231 AM error : Error: User not found or expired
    at setActivateUser (file:///D:/belajar/JavaScript/rest%20api/Pojok%20Code/3.%20rest-api/fullstack-skripsi/BE/src/controller/user-controller.js:136:19)
    at process.processTicksAndRejections (node:internal/process/task_queues:95:5)
 [LOGGER] 2024-01-21 01:05:27.057 AM error : Error in setActivateUser function: User not found or expired
 [LOGGER] 2024-01-21 01:05:27.057 AM error : Error: User not found or expired
    at setActivateUser (file:///D:/belajar/JavaScript/rest%20api/Pojok%20Code/3.%20rest-api/fullstack-skripsi/BE/src/controller/user-controller.js:136:19)
    at process.processTicksAndRejections (node:internal/process/task_queues:95:5)
 [LOGGER] 2024-01-21 01:05:40.885 AM error : Error in setActivateUser function: User not found or expired
 [LOGGER] 2024-01-21 01:05:40.886 AM error : Error: User not found or expired
    at setActivateUser (file:///D:/belajar/JavaScript/rest%20api/Pojok%20Code/3.%20rest-api/fullstack-skripsi/BE/src/controller/user-controller.js:136:19)
    at process.processTicksAndRejections (node:internal/process/task_queues:95:5)
 [LOGGER] 2024-01-21 01:05:44.129 AM error : Error in setActivateUser function: User not found or expired
 [LOGGER] 2024-01-21 01:05:44.131 AM error : Error: User not found or expired
    at setActivateUser (file:///D:/belajar/JavaScript/rest%20api/Pojok%20Code/3.%20rest-api/fullstack-skripsi/BE/src/controller/user-controller.js:136:19)
    at process.processTicksAndRejections (node:internal/process/task_queues:95:5)
 [LOGGER] 2024-01-21 01:06:07.969 AM error : Error in setActivateUser function: User not found or expired
 [LOGGER] 2024-01-21 01:06:07.970 AM error : Error: User not found or expired
    at setActivateUser (file:///D:/belajar/JavaScript/rest%20api/Pojok%20Code/3.%20rest-api/fullstack-skripsi/BE/src/controller/user-controller.js:136:19)
    at process.processTicksAndRejections (node:internal/process/task_queues:95:5)
 [LOGGER] 2024-01-21 01:06:24.082 AM error : Error in setActivateUser function: User not found or expired
 [LOGGER] 2024-01-21 01:06:24.083 AM error : Error: User not found or expired
    at setActivateUser (file:///D:/belajar/JavaScript/rest%20api/Pojok%20Code/3.%20rest-api/fullstack-skripsi/BE/src/controller/user-controller.js:136:19)
    at process.processTicksAndRejections (node:internal/process/task_queues:95:5)
 [LOGGER] 2024-01-21 01:07:16.693 AM error : Error in setActivateUser function: User not found or expired
 [LOGGER] 2024-01-21 01:07:16.693 AM error : Error: User not found or expired
    at setActivateUser (file:///D:/belajar/JavaScript/rest%20api/Pojok%20Code/3.%20rest-api/fullstack-skripsi/BE/src/controller/user-controller.js:136:19)
    at process.processTicksAndRejections (node:internal/process/task_queues:95:5)
 [LOGGER] 2024-01-21 01:07:33.517 AM error : Error in setActivateUser function: User not found or expired
 [LOGGER] 2024-01-21 01:07:33.518 AM error : Error: User not found or expired
    at setActivateUser (file:///D:/belajar/JavaScript/rest%20api/Pojok%20Code/3.%20rest-api/fullstack-skripsi/BE/src/controller/user-controller.js:136:19)
    at process.processTicksAndRejections (node:internal/process/task_queues:95:5)
 [LOGGER] 2024-01-21 01:07:34.476 AM error : Error in setActivateUser function: User not found or expired
 [LOGGER] 2024-01-21 01:07:34.477 AM error : Error: User not found or expired
    at setActivateUser (file:///D:/belajar/JavaScript/rest%20api/Pojok%20Code/3.%20rest-api/fullstack-skripsi/BE/src/controller/user-controller.js:136:19)
    at process.processTicksAndRejections (node:internal/process/task_queues:95:5)
 [LOGGER] 2024-01-21 01:07:39.092 AM error : Error in setActivateUser function: User not found or expired
 [LOGGER] 2024-01-21 01:07:39.092 AM error : Error: User not found or expired
    at setActivateUser (file:///D:/belajar/JavaScript/rest%20api/Pojok%20Code/3.%20rest-api/fullstack-skripsi/BE/src/controller/user-controller.js:136:19)
    at process.processTicksAndRejections (node:internal/process/task_queues:95:5)
 [LOGGER] 2024-01-21 01:07:47.871 AM error : Error in setActivateUser function: User not found or expired
 [LOGGER] 2024-01-21 01:07:47.871 AM error : Error: User not found or expired
    at setActivateUser (file:///D:/belajar/JavaScript/rest%20api/Pojok%20Code/3.%20rest-api/fullstack-skripsi/BE/src/controller/user-controller.js:136:19)
    at process.processTicksAndRejections (node:internal/process/task_queues:95:5)
 [LOGGER] 2024-01-21 01:08:04.041 AM error : Error in setActivateUser function: User not found or expired
 [LOGGER] 2024-01-21 01:08:04.042 AM error : Error: User not found or expired
    at setActivateUser (file:///D:/belajar/JavaScript/rest%20api/Pojok%20Code/3.%20rest-api/fullstack-skripsi/BE/src/controller/user-controller.js:136:19)
    at process.processTicksAndRejections (node:internal/process/task_queues:95:5)
 [LOGGER] 2024-01-21 01:36:50.909 AM error : Error in setActivateUser function: User not found or expired
 [LOGGER] 2024-01-21 01:36:50.909 AM error : Error: User not found or expired
    at setActivateUser (file:///D:/belajar/JavaScript/rest%20api/Pojok%20Code/3.%20rest-api/fullstack-skripsi/BE/src/controller/user-controller.js:136:19)
    at process.processTicksAndRejections (node:internal/process/task_queues:95:5)
 [LOGGER] 2024-01-21 01:37:01.500 AM error : Error in setActivateUser function: User not found or expired
 [LOGGER] 2024-01-21 01:37:01.501 AM error : Error: User not found or expired
    at setActivateUser (file:///D:/belajar/JavaScript/rest%20api/Pojok%20Code/3.%20rest-api/fullstack-skripsi/BE/src/controller/user-controller.js:136:19)
    at process.processTicksAndRejections (node:internal/process/task_queues:95:5)
 [LOGGER] 2024-01-21 01:37:29.568 AM error : Error in setActivateUser function: User not found or expired
 [LOGGER] 2024-01-21 01:37:29.569 AM error : Error: User not found or expired
    at setActivateUser (file:///D:/belajar/JavaScript/rest%20api/Pojok%20Code/3.%20rest-api/fullstack-skripsi/BE/src/controller/user-controller.js:136:19)
    at process.processTicksAndRejections (node:internal/process/task_queues:95:5)
 [LOGGER] 2024-01-21 01:37:30.541 AM error : Error in setActivateUser function: User not found or expired
 [LOGGER] 2024-01-21 01:37:30.541 AM error : Error: User not found or expired
    at setActivateUser (file:///D:/belajar/JavaScript/rest%20api/Pojok%20Code/3.%20rest-api/fullstack-skripsi/BE/src/controller/user-controller.js:136:19)
    at process.processTicksAndRejections (node:internal/process/task_queues:95:5)
 [LOGGER] 2024-01-21 01:38:59.908 AM error : Error in setActivateUser function: User not found or expired
 [LOGGER] 2024-01-21 01:38:59.908 AM error : Error: User not found or expired
    at setActivateUser (file:///D:/belajar/JavaScript/rest%20api/Pojok%20Code/3.%20rest-api/fullstack-skripsi/BE/src/controller/user-controller.js:136:19)
    at process.processTicksAndRejections (node:internal/process/task_queues:95:5)
 [LOGGER] 2024-01-21 01:39:05.755 AM error : Error in setActivateUser function: User not found or expired
 [LOGGER] 2024-01-21 01:39:05.756 AM error : Error: User not found or expired
    at setActivateUser (file:///D:/belajar/JavaScript/rest%20api/Pojok%20Code/3.%20rest-api/fullstack-skripsi/BE/src/controller/user-controller.js:136:19)
    at process.processTicksAndRejections (node:internal/process/task_queues:95:5)
 [LOGGER] 2024-01-21 01:39:12.755 AM error : Error in setActivateUser function: User not found or expired
 [LOGGER] 2024-01-21 01:39:12.756 AM error : Error: User not found or expired
    at setActivateUser (file:///D:/belajar/JavaScript/rest%20api/Pojok%20Code/3.%20rest-api/fullstack-skripsi/BE/src/controller/user-controller.js:136:19)
    at process.processTicksAndRejections (node:internal/process/task_queues:95:5)
 [LOGGER] 2024-01-21 01:40:21.902 AM error : Error in setActivateUser function: User not found or expired
 [LOGGER] 2024-01-21 01:40:21.906 AM error : Error: User not found or expired
    at setActivateUser (file:///D:/belajar/JavaScript/rest%20api/Pojok%20Code/3.%20rest-api/fullstack-skripsi/BE/src/controller/user-controller.js:136:19)
    at process.processTicksAndRejections (node:internal/process/task_queues:95:5)
 [LOGGER] 2024-01-21 01:40:24.498 AM error : Error in setActivateUser function: User not found or expired
 [LOGGER] 2024-01-21 01:40:24.500 AM error : Error: User not found or expired
    at setActivateUser (file:///D:/belajar/JavaScript/rest%20api/Pojok%20Code/3.%20rest-api/fullstack-skripsi/BE/src/controller/user-controller.js:136:19)
    at process.processTicksAndRejections (node:internal/process/task_queues:95:5)
 [LOGGER] 2024-01-21 01:40:26.795 AM error : Error in setActivateUser function: User not found or expired
 [LOGGER] 2024-01-21 01:40:26.796 AM error : Error: User not found or expired
    at setActivateUser (file:///D:/belajar/JavaScript/rest%20api/Pojok%20Code/3.%20rest-api/fullstack-skripsi/BE/src/controller/user-controller.js:136:19)
    at process.processTicksAndRejections (node:internal/process/task_queues:95:5)
 [LOGGER] 2024-01-21 01:43:24.196 AM error : Error in setActivateUser function: User not found or expired
 [LOGGER] 2024-01-21 01:43:24.196 AM error : Error: User not found or expired
    at setActivateUser (file:///D:/belajar/JavaScript/rest%20api/Pojok%20Code/3.%20rest-api/fullstack-skripsi/BE/src/controller/user-controller.js:136:19)
    at process.processTicksAndRejections (node:internal/process/task_queues:95:5)
 [LOGGER] 2024-01-21 01:45:38.592 AM error : Error in setActivateUser function: User not found or expired
 [LOGGER] 2024-01-21 01:45:38.593 AM error : Error: User not found or expired
    at setActivateUser (file:///D:/belajar/JavaScript/rest%20api/Pojok%20Code/3.%20rest-api/fullstack-skripsi/BE/src/controller/user-controller.js:136:19)
    at process.processTicksAndRejections (node:internal/process/task_queues:95:5)
 [LOGGER] 2024-01-21 01:47:13.439 AM error : Error in setActivateUser function: User not found or expired
 [LOGGER] 2024-01-21 01:47:13.440 AM error : Error: User not found or expired
    at setActivateUser (file:///D:/belajar/JavaScript/rest%20api/Pojok%20Code/3.%20rest-api/fullstack-skripsi/BE/src/controller/user-controller.js:136:19)
    at process.processTicksAndRejections (node:internal/process/task_queues:95:5)
 [LOGGER] 2024-01-21 01:48:24.211 AM error : Error in setActivateUser function: User not found or expired
 [LOGGER] 2024-01-21 01:48:24.211 AM error : Error: User not found or expired
    at setActivateUser (file:///D:/belajar/JavaScript/rest%20api/Pojok%20Code/3.%20rest-api/fullstack-skripsi/BE/src/controller/user-controller.js:136:19)
    at process.processTicksAndRejections (node:internal/process/task_queues:95:5)
 [LOGGER] 2024-01-21 01:48:32.714 AM error : Error in setActivateUser function: User not found or expired
 [LOGGER] 2024-01-21 01:48:32.715 AM error : Error: User not found or expired
    at setActivateUser (file:///D:/belajar/JavaScript/rest%20api/Pojok%20Code/3.%20rest-api/fullstack-skripsi/BE/src/controller/user-controller.js:136:19)
    at process.processTicksAndRejections (node:internal/process/task_queues:95:5)
 [LOGGER] 2024-01-21 01:48:55.930 AM error : Error in setActivateUser function: User not found or expired
 [LOGGER] 2024-01-21 01:48:55.930 AM error : Error: User not found or expired
    at setActivateUser (file:///D:/belajar/JavaScript/rest%20api/Pojok%20Code/3.%20rest-api/fullstack-skripsi/BE/src/controller/user-controller.js:136:19)
    at process.processTicksAndRejections (node:internal/process/task_queues:95:5)
 [LOGGER] 2024-01-21 01:48:57.909 AM error : Error in setActivateUser function: User not found or expired
 [LOGGER] 2024-01-21 01:48:57.911 AM error : Error: User not found or expired
    at setActivateUser (file:///D:/belajar/JavaScript/rest%20api/Pojok%20Code/3.%20rest-api/fullstack-skripsi/BE/src/controller/user-controller.js:136:19)
    at process.processTicksAndRejections (node:internal/process/task_queues:95:5)
 [LOGGER] 2024-01-21 01:49:00.736 AM error : Error in setActivateUser function: User not found or expired
 [LOGGER] 2024-01-21 01:49:00.737 AM error : Error: User not found or expired
    at setActivateUser (file:///D:/belajar/JavaScript/rest%20api/Pojok%20Code/3.%20rest-api/fullstack-skripsi/BE/src/controller/user-controller.js:136:19)
    at process.processTicksAndRejections (node:internal/process/task_queues:95:5)
 [LOGGER] 2024-01-21 01:50:19.006 AM error : Error in setActivateUser function: User not found or expired
 [LOGGER] 2024-01-21 01:50:19.007 AM error : Error: User not found or expired
    at setActivateUser (file:///D:/belajar/JavaScript/rest%20api/Pojok%20Code/3.%20rest-api/fullstack-skripsi/BE/src/controller/user-controller.js:136:19)
    at process.processTicksAndRejections (node:internal/process/task_queues:95:5)
 [LOGGER] 2024-01-21 01:50:21.982 AM error : Error in setActivateUser function: User not found or expired
 [LOGGER] 2024-01-21 01:50:21.989 AM error : Error: User not found or expired
    at setActivateUser (file:///D:/belajar/JavaScript/rest%20api/Pojok%20Code/3.%20rest-api/fullstack-skripsi/BE/src/controller/user-controller.js:136:19)
    at process.processTicksAndRejections (node:internal/process/task_queues:95:5)
 [LOGGER] 2024-01-21 01:50:32.290 AM error : Error in setActivateUser function: User not found or expired
 [LOGGER] 2024-01-21 01:50:32.291 AM error : Error: User not found or expired
    at setActivateUser (file:///D:/belajar/JavaScript/rest%20api/Pojok%20Code/3.%20rest-api/fullstack-skripsi/BE/src/controller/user-controller.js:136:19)
    at process.processTicksAndRejections (node:internal/process/task_queues:95:5)
 [LOGGER] 2024-01-21 01:50:34.654 AM error : Error in setActivateUser function: User not found or expired
 [LOGGER] 2024-01-21 01:50:34.654 AM error : Error: User not found or expired
    at setActivateUser (file:///D:/belajar/JavaScript/rest%20api/Pojok%20Code/3.%20rest-api/fullstack-skripsi/BE/src/controller/user-controller.js:136:19)
    at process.processTicksAndRejections (node:internal/process/task_queues:95:5)
 [LOGGER] 2024-01-21 01:50:38.476 AM error : Error in setActivateUser function: User not found or expired
 [LOGGER] 2024-01-21 01:50:38.477 AM error : Error: User not found or expired
    at setActivateUser (file:///D:/belajar/JavaScript/rest%20api/Pojok%20Code/3.%20rest-api/fullstack-skripsi/BE/src/controller/user-controller.js:136:19)
    at process.processTicksAndRejections (node:internal/process/task_queues:95:5)
 [LOGGER] 2024-01-21 01:51:15.052 AM error : Error in setActivateUser function: User not found or expired
 [LOGGER] 2024-01-21 01:51:15.054 AM error : Error: User not found or expired
    at setActivateUser (file:///D:/belajar/JavaScript/rest%20api/Pojok%20Code/3.%20rest-api/fullstack-skripsi/BE/src/controller/user-controller.js:136:19)
    at process.processTicksAndRejections (node:internal/process/task_queues:95:5)
 [LOGGER] 2024-01-21 01:52:37.920 AM error : Error in register function: Email already activated
 [LOGGER] 2024-01-21 01:52:37.921 AM error : Error: Email already activated
    at register (file:///D:/belajar/JavaScript/rest%20api/Pojok%20Code/3.%20rest-api/fullstack-skripsi/BE/src/controller/user-controller.js:23:19)
    at process.processTicksAndRejections (node:internal/process/task_queues:95:5)
 [LOGGER] 2024-01-21 01:52:46.822 AM error : Error in register function: Email already activated
 [LOGGER] 2024-01-21 01:52:46.822 AM error : Error: Email already activated
    at register (file:///D:/belajar/JavaScript/rest%20api/Pojok%20Code/3.%20rest-api/fullstack-skripsi/BE/src/controller/user-controller.js:23:19)
    at process.processTicksAndRejections (node:internal/process/task_queues:95:5)
 [LOGGER] 2024-01-21 01:53:15.631 AM error : Error in register function: Email already registered, please check your email
 [LOGGER] 2024-01-21 01:53:15.632 AM error : Error: Email already registered, please check your email
    at register (file:///D:/belajar/JavaScript/rest%20api/Pojok%20Code/3.%20rest-api/fullstack-skripsi/BE/src/controller/user-controller.js:25:19)
    at process.processTicksAndRejections (node:internal/process/task_queues:95:5)
 [LOGGER] 2024-01-21 01:53:27.359 AM error : Error in register function: Email already registered, please check your email
 [LOGGER] 2024-01-21 01:53:27.360 AM error : Error: Email already registered, please check your email
    at register (file:///D:/belajar/JavaScript/rest%20api/Pojok%20Code/3.%20rest-api/fullstack-skripsi/BE/src/controller/user-controller.js:25:19)
    at process.processTicksAndRejections (node:internal/process/task_queues:95:5)
 [LOGGER] 2024-01-21 01:54:54.025 AM error : Error in register function: Email already registered, please check your email
 [LOGGER] 2024-01-21 01:54:54.025 AM error : Error: Email already registered, please check your email
    at register (file:///D:/belajar/JavaScript/rest%20api/Pojok%20Code/3.%20rest-api/fullstack-skripsi/BE/src/controller/user-controller.js:25:19)
    at process.processTicksAndRejections (node:internal/process/task_queues:95:5)
 [LOGGER] 2024-01-21 01:54:56.559 AM error : Error in register function: Email already registered, please check your email
 [LOGGER] 2024-01-21 01:54:56.560 AM error : Error: Email already registered, please check your email
    at register (file:///D:/belajar/JavaScript/rest%20api/Pojok%20Code/3.%20rest-api/fullstack-skripsi/BE/src/controller/user-controller.js:25:19)
    at process.processTicksAndRejections (node:internal/process/task_queues:95:5)
 [LOGGER] 2024-01-21 01:56:05.503 AM error : Error in setActivateUser function: User not found or expired
 [LOGGER] 2024-01-21 01:56:05.504 AM error : Error: User not found or expired
    at setActivateUser (file:///D:/belajar/JavaScript/rest%20api/Pojok%20Code/3.%20rest-api/fullstack-skripsi/BE/src/controller/user-controller.js:136:19)
    at process.processTicksAndRejections (node:internal/process/task_queues:95:5)
 [LOGGER] 2024-01-21 01:56:54.490 AM error : Error in setActivateUser function: User not found or expired
 [LOGGER] 2024-01-21 01:56:54.491 AM error : Error: User not found or expired
    at setActivateUser (file:///D:/belajar/JavaScript/rest%20api/Pojok%20Code/3.%20rest-api/fullstack-skripsi/BE/src/controller/user-controller.js:136:19)
    at process.processTicksAndRejections (node:internal/process/task_queues:95:5)
 [LOGGER] 2024-01-21 01:56:54.615 AM error : Error in setActivateUser function: User not found or expired
 [LOGGER] 2024-01-21 01:56:54.615 AM error : Error: User not found or expired
    at setActivateUser (file:///D:/belajar/JavaScript/rest%20api/Pojok%20Code/3.%20rest-api/fullstack-skripsi/BE/src/controller/user-controller.js:136:19)
    at process.processTicksAndRejections (node:internal/process/task_queues:95:5)
 [LOGGER] 2024-01-21 01:56:57.903 AM error : Error in setActivateUser function: User not found or expired
 [LOGGER] 2024-01-21 01:56:57.903 AM error : Error: User not found or expired
    at setActivateUser (file:///D:/belajar/JavaScript/rest%20api/Pojok%20Code/3.%20rest-api/fullstack-skripsi/BE/src/controller/user-controller.js:136:19)
    at process.processTicksAndRejections (node:internal/process/task_queues:95:5)
 [LOGGER] 2024-01-21 02:00:39.761 AM error : Error in setActivateUser function: User not found or expired
 [LOGGER] 2024-01-21 02:00:39.762 AM error : Error: User not found or expired
    at setActivateUser (file:///D:/belajar/JavaScript/rest%20api/Pojok%20Code/3.%20rest-api/fullstack-skripsi/BE/src/controller/user-controller.js:136:19)
    at process.processTicksAndRejections (node:internal/process/task_queues:95:5)
 [LOGGER] 2024-01-21 02:00:39.784 AM error : Error in setActivateUser function: User not found or expired
 [LOGGER] 2024-01-21 02:00:39.785 AM error : Error: User not found or expired
    at setActivateUser (file:///D:/belajar/JavaScript/rest%20api/Pojok%20Code/3.%20rest-api/fullstack-skripsi/BE/src/controller/user-controller.js:136:19)
    at process.processTicksAndRejections (node:internal/process/task_queues:95:5)
 [LOGGER] 2024-01-21 02:00:46.275 AM error : Error in setActivateUser function: User not found or expired
 [LOGGER] 2024-01-21 02:00:46.284 AM error : Error: User not found or expired
    at setActivateUser (file:///D:/belajar/JavaScript/rest%20api/Pojok%20Code/3.%20rest-api/fullstack-skripsi/BE/src/controller/user-controller.js:136:19)
    at process.processTicksAndRejections (node:internal/process/task_queues:95:5)
 [LOGGER] 2024-01-21 02:02:48.439 AM error : Error in setActivateUser function: User not found or expired
 [LOGGER] 2024-01-21 02:02:48.440 AM error : Error: User not found or expired
    at setActivateUser (file:///D:/belajar/JavaScript/rest%20api/Pojok%20Code/3.%20rest-api/fullstack-skripsi/BE/src/controller/user-controller.js:136:19)
    at process.processTicksAndRejections (node:internal/process/task_queues:95:5)
 [LOGGER] 2024-01-21 02:02:48.463 AM error : Error in setActivateUser function: User not found or expired
 [LOGGER] 2024-01-21 02:02:48.464 AM error : Error: User not found or expired
    at setActivateUser (file:///D:/belajar/JavaScript/rest%20api/Pojok%20Code/3.%20rest-api/fullstack-skripsi/BE/src/controller/user-controller.js:136:19)
    at process.processTicksAndRejections (node:internal/process/task_queues:95:5)
 [LOGGER] 2024-01-21 02:02:52.637 AM error : Error in setActivateUser function: User not found or expired
 [LOGGER] 2024-01-21 02:02:52.637 AM error : Error: User not found or expired
    at setActivateUser (file:///D:/belajar/JavaScript/rest%20api/Pojok%20Code/3.%20rest-api/fullstack-skripsi/BE/src/controller/user-controller.js:136:19)
    at process.processTicksAndRejections (node:internal/process/task_queues:95:5)
 [LOGGER] 2024-01-21 02:02:52.645 AM error : Error in setActivateUser function: User not found or expired
 [LOGGER] 2024-01-21 02:02:52.649 AM error : Error: User not found or expired
    at setActivateUser (file:///D:/belajar/JavaScript/rest%20api/Pojok%20Code/3.%20rest-api/fullstack-skripsi/BE/src/controller/user-controller.js:136:19)
    at process.processTicksAndRejections (node:internal/process/task_queues:95:5)
 [LOGGER] 2024-01-21 02:03:01.156 AM error : Error in setActivateUser function: User not found or expired
 [LOGGER] 2024-01-21 02:03:01.158 AM error : Error: User not found or expired
    at setActivateUser (file:///D:/belajar/JavaScript/rest%20api/Pojok%20Code/3.%20rest-api/fullstack-skripsi/BE/src/controller/user-controller.js:136:19)
    at process.processTicksAndRejections (node:internal/process/task_queues:95:5)
 [LOGGER] 2024-01-21 02:03:46.660 AM error : Error in setActivateUser function: User not found or expired
 [LOGGER] 2024-01-21 02:03:46.660 AM error : Error: User not found or expired
    at setActivateUser (file:///D:/belajar/JavaScript/rest%20api/Pojok%20Code/3.%20rest-api/fullstack-skripsi/BE/src/controller/user-controller.js:136:19)
    at process.processTicksAndRejections (node:internal/process/task_queues:95:5)
 [LOGGER] 2024-01-21 02:03:46.704 AM error : Error in setActivateUser function: User not found or expired
 [LOGGER] 2024-01-21 02:03:46.705 AM error : Error: User not found or expired
    at setActivateUser (file:///D:/belajar/JavaScript/rest%20api/Pojok%20Code/3.%20rest-api/fullstack-skripsi/BE/src/controller/user-controller.js:136:19)
    at process.processTicksAndRejections (node:internal/process/task_queues:95:5)
 [LOGGER] 2024-01-21 02:05:56.052 AM error : Error in setActivateUser function: User not found or expired
 [LOGGER] 2024-01-21 02:05:56.052 AM error : Error: User not found or expired
    at setActivateUser (file:///D:/belajar/JavaScript/rest%20api/Pojok%20Code/3.%20rest-api/fullstack-skripsi/BE/src/controller/user-controller.js:136:19)
    at process.processTicksAndRejections (node:internal/process/task_queues:95:5)
 [LOGGER] 2024-01-21 02:05:56.095 AM error : Error in setActivateUser function: User not found or expired
 [LOGGER] 2024-01-21 02:05:56.096 AM error : Error: User not found or expired
    at setActivateUser (file:///D:/belajar/JavaScript/rest%20api/Pojok%20Code/3.%20rest-api/fullstack-skripsi/BE/src/controller/user-controller.js:136:19)
    at process.processTicksAndRejections (node:internal/process/task_queues:95:5)
 [LOGGER] 2024-01-21 02:06:01.897 AM error : Error in setActivateUser function: User not found or expired
 [LOGGER] 2024-01-21 02:06:01.897 AM error : Error: User not found or expired
    at setActivateUser (file:///D:/belajar/JavaScript/rest%20api/Pojok%20Code/3.%20rest-api/fullstack-skripsi/BE/src/controller/user-controller.js:136:19)
    at process.processTicksAndRejections (node:internal/process/task_queues:95:5)
 [LOGGER] 2024-01-21 02:06:14.562 AM error : Error in setActivateUser function: User not found or expired
 [LOGGER] 2024-01-21 02:06:14.564 AM error : Error: User not found or expired
    at setActivateUser (file:///D:/belajar/JavaScript/rest%20api/Pojok%20Code/3.%20rest-api/fullstack-skripsi/BE/src/controller/user-controller.js:136:19)
    at process.processTicksAndRejections (node:internal/process/task_queues:95:5)
 [LOGGER] 2024-01-21 02:07:37.909 AM error : Error in setActivateUser function: User not found or expired
 [LOGGER] 2024-01-21 02:07:37.909 AM error : Error: User not found or expired
    at setActivateUser (file:///D:/belajar/JavaScript/rest%20api/Pojok%20Code/3.%20rest-api/fullstack-skripsi/BE/src/controller/user-controller.js:136:19)
    at process.processTicksAndRejections (node:internal/process/task_queues:95:5)
 [LOGGER] 2024-01-21 02:08:14.336 AM error : Error in setActivateUser function: User not found or expired
 [LOGGER] 2024-01-21 02:08:14.337 AM error : Error: User not found or expired
    at setActivateUser (file:///D:/belajar/JavaScript/rest%20api/Pojok%20Code/3.%20rest-api/fullstack-skripsi/BE/src/controller/user-controller.js:136:19)
    at process.processTicksAndRejections (node:internal/process/task_queues:95:5)
 [LOGGER] 2024-01-21 02:08:21.145 AM error : Error in setActivateUser function: User not found or expired
 [LOGGER] 2024-01-21 02:08:21.146 AM error : Error: User not found or expired
    at setActivateUser (file:///D:/belajar/JavaScript/rest%20api/Pojok%20Code/3.%20rest-api/fullstack-skripsi/BE/src/controller/user-controller.js:136:19)
    at process.processTicksAndRejections (node:internal/process/task_queues:95:5)
 [LOGGER] 2024-01-21 02:08:40.719 AM error : Error in setActivateUser function: User not found or expired
 [LOGGER] 2024-01-21 02:08:40.720 AM error : Error: User not found or expired
    at setActivateUser (file:///D:/belajar/JavaScript/rest%20api/Pojok%20Code/3.%20rest-api/fullstack-skripsi/BE/src/controller/user-controller.js:136:19)
    at process.processTicksAndRejections (node:internal/process/task_queues:95:5)
 [LOGGER] 2024-01-21 02:10:08.150 AM error : Error in setActivateUser function: User not found or expired
 [LOGGER] 2024-01-21 02:10:08.152 AM error : Error: User not found or expired
    at setActivateUser (file:///D:/belajar/JavaScript/rest%20api/Pojok%20Code/3.%20rest-api/fullstack-skripsi/BE/src/controller/user-controller.js:136:19)
    at process.processTicksAndRejections (node:internal/process/task_queues:95:5)
 [LOGGER] 2024-01-21 02:10:14.279 AM error : Error in setActivateUser function: User not found or expired
 [LOGGER] 2024-01-21 02:10:14.280 AM error : Error: User not found or expired
    at setActivateUser (file:///D:/belajar/JavaScript/rest%20api/Pojok%20Code/3.%20rest-api/fullstack-skripsi/BE/src/controller/user-controller.js:136:19)
    at process.processTicksAndRejections (node:internal/process/task_queues:95:5)
 [LOGGER] 2024-01-21 02:10:43.056 AM error : Error in setActivateUser function: User not found or expired
 [LOGGER] 2024-01-21 02:10:43.057 AM error : Error: User not found or expired
    at setActivateUser (file:///D:/belajar/JavaScript/rest%20api/Pojok%20Code/3.%20rest-api/fullstack-skripsi/BE/src/controller/user-controller.js:136:19)
    at process.processTicksAndRejections (node:internal/process/task_queues:95:5)
 [LOGGER] 2024-01-21 02:12:22.749 AM error : Error in setActivateUser function: User not found or expired
 [LOGGER] 2024-01-21 02:12:22.749 AM error : Error: User not found or expired
    at setActivateUser (file:///D:/belajar/JavaScript/rest%20api/Pojok%20Code/3.%20rest-api/fullstack-skripsi/BE/src/controller/user-controller.js:136:19)
    at process.processTicksAndRejections (node:internal/process/task_queues:95:5)
 [LOGGER] 2024-01-21 02:12:30.451 AM error : Error in setActivateUser function: User not found or expired
 [LOGGER] 2024-01-21 02:12:30.452 AM error : Error: User not found or expired
    at setActivateUser (file:///D:/belajar/JavaScript/rest%20api/Pojok%20Code/3.%20rest-api/fullstack-skripsi/BE/src/controller/user-controller.js:136:19)
    at process.processTicksAndRejections (node:internal/process/task_queues:95:5)
 [LOGGER] 2024-01-21 02:13:55.712 AM error : Error in setActivateUser function: User not found or expired
 [LOGGER] 2024-01-21 02:13:55.712 AM error : Error: User not found or expired
    at setActivateUser (file:///D:/belajar/JavaScript/rest%20api/Pojok%20Code/3.%20rest-api/fullstack-skripsi/BE/src/controller/user-controller.js:136:19)
    at process.processTicksAndRejections (node:internal/process/task_queues:95:5)
 [LOGGER] 2024-01-21 02:14:00.425 AM error : Error in setActivateUser function: User not found or expired
 [LOGGER] 2024-01-21 02:14:00.426 AM error : Error: User not found or expired
    at setActivateUser (file:///D:/belajar/JavaScript/rest%20api/Pojok%20Code/3.%20rest-api/fullstack-skripsi/BE/src/controller/user-controller.js:136:19)
    at process.processTicksAndRejections (node:internal/process/task_queues:95:5)
 [LOGGER] 2024-01-21 02:14:13.363 AM error : Error in setActivateUser function: User not found or expired
 [LOGGER] 2024-01-21 02:14:13.364 AM error : Error: User not found or expired
    at setActivateUser (file:///D:/belajar/JavaScript/rest%20api/Pojok%20Code/3.%20rest-api/fullstack-skripsi/BE/src/controller/user-controller.js:136:19)
    at process.processTicksAndRejections (node:internal/process/task_queues:95:5)
 [LOGGER] 2024-01-21 02:14:17.103 AM error : Error in setActivateUser function: User not found or expired
 [LOGGER] 2024-01-21 02:14:17.104 AM error : Error: User not found or expired
    at setActivateUser (file:///D:/belajar/JavaScript/rest%20api/Pojok%20Code/3.%20rest-api/fullstack-skripsi/BE/src/controller/user-controller.js:136:19)
    at process.processTicksAndRejections (node:internal/process/task_queues:95:5)
 [LOGGER] 2024-01-21 02:14:49.937 AM error : Error in setActivateUser function: User not found or expired
 [LOGGER] 2024-01-21 02:14:49.938 AM error : Error: User not found or expired
    at setActivateUser (file:///D:/belajar/JavaScript/rest%20api/Pojok%20Code/3.%20rest-api/fullstack-skripsi/BE/src/controller/user-controller.js:136:19)
    at process.processTicksAndRejections (node:internal/process/task_queues:95:5)
 [LOGGER] 2024-01-21 02:15:15.734 AM error : Error in setActivateUser function: User not found or expired
 [LOGGER] 2024-01-21 02:15:15.735 AM error : Error: User not found or expired
    at setActivateUser (file:///D:/belajar/JavaScript/rest%20api/Pojok%20Code/3.%20rest-api/fullstack-skripsi/BE/src/controller/user-controller.js:136:19)
    at process.processTicksAndRejections (node:internal/process/task_queues:95:5)
 [LOGGER] 2024-01-21 02:15:18.301 AM error : Error in setActivateUser function: User not found or expired
 [LOGGER] 2024-01-21 02:15:18.303 AM error : Error: User not found or expired
    at setActivateUser (file:///D:/belajar/JavaScript/rest%20api/Pojok%20Code/3.%20rest-api/fullstack-skripsi/BE/src/controller/user-controller.js:136:19)
    at process.processTicksAndRejections (node:internal/process/task_queues:95:5)
 [LOGGER] 2024-01-21 02:15:30.144 AM error : Error in setActivateUser function: User not found or expired
 [LOGGER] 2024-01-21 02:15:30.145 AM error : Error: User not found or expired
    at setActivateUser (file:///D:/belajar/JavaScript/rest%20api/Pojok%20Code/3.%20rest-api/fullstack-skripsi/BE/src/controller/user-controller.js:136:19)
    at process.processTicksAndRejections (node:internal/process/task_queues:95:5)
 [LOGGER] 2024-01-21 02:15:56.617 AM error : Error in setActivateUser function: User not found or expired
 [LOGGER] 2024-01-21 02:15:56.618 AM error : Error: User not found or expired
    at setActivateUser (file:///D:/belajar/JavaScript/rest%20api/Pojok%20Code/3.%20rest-api/fullstack-skripsi/BE/src/controller/user-controller.js:136:19)
    at process.processTicksAndRejections (node:internal/process/task_queues:95:5)
 [LOGGER] 2024-01-21 02:15:57.755 AM error : Error in setActivateUser function: User not found or expired
 [LOGGER] 2024-01-21 02:15:57.755 AM error : Error: User not found or expired
    at setActivateUser (file:///D:/belajar/JavaScript/rest%20api/Pojok%20Code/3.%20rest-api/fullstack-skripsi/BE/src/controller/user-controller.js:136:19)
    at process.processTicksAndRejections (node:internal/process/task_queues:95:5)
 [LOGGER] 2024-01-21 02:20:54.587 AM error : Error in setActivateUser function: User not found or expired
 [LOGGER] 2024-01-21 02:20:54.587 AM error : Error: User not found or expired
    at setActivateUser (file:///D:/belajar/JavaScript/rest%20api/Pojok%20Code/3.%20rest-api/fullstack-skripsi/BE/src/controller/user-controller.js:136:19)
    at process.processTicksAndRejections (node:internal/process/task_queues:95:5)
 [LOGGER] 2024-01-21 02:21:11.243 AM error : Error in setActivateUser function: User not found or expired
 [LOGGER] 2024-01-21 02:21:11.244 AM error : Error: User not found or expired
    at setActivateUser (file:///D:/belajar/JavaScript/rest%20api/Pojok%20Code/3.%20rest-api/fullstack-skripsi/BE/src/controller/user-controller.js:136:19)
    at process.processTicksAndRejections (node:internal/process/task_queues:95:5)
 [LOGGER] 2024-01-21 02:21:16.347 AM error : Error in setActivateUser function: User not found or expired
 [LOGGER] 2024-01-21 02:21:16.348 AM error : Error: User not found or expired
    at setActivateUser (file:///D:/belajar/JavaScript/rest%20api/Pojok%20Code/3.%20rest-api/fullstack-skripsi/BE/src/controller/user-controller.js:136:19)
    at process.processTicksAndRejections (node:internal/process/task_queues:95:5)
 [LOGGER] 2024-01-21 02:21:21.224 AM error : Error in setActivateUser function: User not found or expired
 [LOGGER] 2024-01-21 02:21:21.225 AM error : Error: User not found or expired
    at setActivateUser (file:///D:/belajar/JavaScript/rest%20api/Pojok%20Code/3.%20rest-api/fullstack-skripsi/BE/src/controller/user-controller.js:136:19)
    at process.processTicksAndRejections (node:internal/process/task_queues:95:5)
 [LOGGER] 2024-01-21 02:22:44.706 AM error : Error in setActivateUser function: User not found or expired
 [LOGGER] 2024-01-21 02:22:44.708 AM error : Error: User not found or expired
    at setActivateUser (file:///D:/belajar/JavaScript/rest%20api/Pojok%20Code/3.%20rest-api/fullstack-skripsi/BE/src/controller/user-controller.js:136:19)
    at process.processTicksAndRejections (node:internal/process/task_queues:95:5)
 [LOGGER] 2024-01-21 02:24:41.920 AM error : uncaughtException: Cannot delete or update a parent row: a foreign key constraint fails (`rest_api`.`menus`, CONSTRAINT `menus_ibfk_1` FOREIGN KEY (`userId`) REFERENCES `users` (`id`) ON DELETE NO ACTION ON UPDATE CASCADE)
Error
    at Query.run (D:\belajar\JavaScript\rest api\Pojok Code\3. rest-api\fullstack-skripsi\BE\node_modules\sequelize\lib\dialects\mysql\query.js:52:25)
    at D:\belajar\JavaScript\rest api\Pojok Code\3. rest-api\fullstack-skripsi\BE\node_modules\sequelize\lib\sequelize.js:315:28
    at process.processTicksAndRejections (node:internal/process/task_queues:95:5)
    at async MySQLQueryInterface.bulkDelete (D:\belajar\JavaScript\rest api\Pojok Code\3. rest-api\fullstack-skripsi\BE\node_modules\sequelize\lib\dialects\abstract\query-interface.js:403:12)
    at async User.destroy (D:\belajar\JavaScript\rest api\Pojok Code\3. rest-api\fullstack-skripsi\BE\node_modules\sequelize\lib\model.js:1838:16)
 [LOGGER] 2024-01-21 02:24:41.922 AM error : Error in register function: Validation error
 [LOGGER] 2024-01-21 02:24:41.926 AM error : Error
    at Query.run (D:\belajar\JavaScript\rest api\Pojok Code\3. rest-api\fullstack-skripsi\BE\node_modules\sequelize\lib\dialects\mysql\query.js:52:25)
    at D:\belajar\JavaScript\rest api\Pojok Code\3. rest-api\fullstack-skripsi\BE\node_modules\sequelize\lib\sequelize.js:315:28
    at process.processTicksAndRejections (node:internal/process/task_queues:95:5)
    at async MySQLQueryInterface.insert (D:\belajar\JavaScript\rest api\Pojok Code\3. rest-api\fullstack-skripsi\BE\node_modules\sequelize\lib\dialects\abstract\query-interface.js:308:21)
    at async model.save (D:\belajar\JavaScript\rest api\Pojok Code\3. rest-api\fullstack-skripsi\BE\node_modules\sequelize\lib\model.js:2490:35)
    at async User.create (D:\belajar\JavaScript\rest api\Pojok Code\3. rest-api\fullstack-skripsi\BE\node_modules\sequelize\lib\model.js:1362:12)
    at async register (file:///D:/belajar/JavaScript/rest%20api/Pojok%20Code/3.%20rest-api/fullstack-skripsi/BE/src/controller/user-controller.js:37:22)
 [LOGGER] 2024-01-21 02:25:59.872 AM error : uncaughtException: Cannot delete or update a parent row: a foreign key constraint fails (`rest_api`.`menus`, CONSTRAINT `menus_ibfk_1` FOREIGN KEY (`userId`) REFERENCES `users` (`id`) ON DELETE NO ACTION ON UPDATE CASCADE)
Error
    at Query.run (D:\belajar\JavaScript\rest api\Pojok Code\3. rest-api\fullstack-skripsi\BE\node_modules\sequelize\lib\dialects\mysql\query.js:52:25)
    at D:\belajar\JavaScript\rest api\Pojok Code\3. rest-api\fullstack-skripsi\BE\node_modules\sequelize\lib\sequelize.js:315:28
    at process.processTicksAndRejections (node:internal/process/task_queues:95:5)
    at async MySQLQueryInterface.bulkDelete (D:\belajar\JavaScript\rest api\Pojok Code\3. rest-api\fullstack-skripsi\BE\node_modules\sequelize\lib\dialects\abstract\query-interface.js:403:12)
    at async User.destroy (D:\belajar\JavaScript\rest api\Pojok Code\3. rest-api\fullstack-skripsi\BE\node_modules\sequelize\lib\model.js:1838:16)
 [LOGGER] 2024-01-21 02:25:59.879 AM error : Error in register function: Validation error
 [LOGGER] 2024-01-21 02:25:59.880 AM error : Error
    at Query.run (D:\belajar\JavaScript\rest api\Pojok Code\3. rest-api\fullstack-skripsi\BE\node_modules\sequelize\lib\dialects\mysql\query.js:52:25)
    at D:\belajar\JavaScript\rest api\Pojok Code\3. rest-api\fullstack-skripsi\BE\node_modules\sequelize\lib\sequelize.js:315:28
    at process.processTicksAndRejections (node:internal/process/task_queues:95:5)
    at async MySQLQueryInterface.insert (D:\belajar\JavaScript\rest api\Pojok Code\3. rest-api\fullstack-skripsi\BE\node_modules\sequelize\lib\dialects\abstract\query-interface.js:308:21)
    at async model.save (D:\belajar\JavaScript\rest api\Pojok Code\3. rest-api\fullstack-skripsi\BE\node_modules\sequelize\lib\model.js:2490:35)
    at async User.create (D:\belajar\JavaScript\rest api\Pojok Code\3. rest-api\fullstack-skripsi\BE\node_modules\sequelize\lib\model.js:1362:12)
    at async register (file:///D:/belajar/JavaScript/rest%20api/Pojok%20Code/3.%20rest-api/fullstack-skripsi/BE/src/controller/user-controller.js:37:22)
 [LOGGER] 2024-01-21 02:33:51.879 AM error : Error in setActivateUser function: User not found or expired
 [LOGGER] 2024-01-21 02:33:51.881 AM error : Error: User not found or expired
    at setActivateUser (file:///D:/belajar/JavaScript/rest%20api/Pojok%20Code/3.%20rest-api/fullstack-skripsi/BE/src/controller/user-controller.js:136:19)
    at process.processTicksAndRejections (node:internal/process/task_queues:95:5)
 [LOGGER] 2024-01-21 02:34:10.931 AM error : Error in setActivateUser function: User not found or expired
 [LOGGER] 2024-01-21 02:34:10.932 AM error : Error: User not found or expired
    at setActivateUser (file:///D:/belajar/JavaScript/rest%20api/Pojok%20Code/3.%20rest-api/fullstack-skripsi/BE/src/controller/user-controller.js:136:19)
    at process.processTicksAndRejections (node:internal/process/task_queues:95:5)
 [LOGGER] 2024-01-21 02:40:57.387 AM error : Error in login function: Email or password wrong
 [LOGGER] 2024-01-21 02:40:57.388 AM error : Error: Email or password wrong
    at login (file:///D:/belajar/JavaScript/rest%20api/Pojok%20Code/3.%20rest-api/fullstack-skripsi/BE/src/controller/user-controller.js:170:19)
    at process.processTicksAndRejections (node:internal/process/task_queues:95:5)
 [LOGGER] 2024-01-21 02:45:25.343 AM error : Error in register function: [object Object]
 [LOGGER] 2024-01-21 02:45:25.344 AM error : Error: [object Object]
    at validate (file:///D:/belajar/JavaScript/rest%20api/Pojok%20Code/3.%20rest-api/fullstack-skripsi/BE/src/validation/validation.js:23:15)
    at register (file:///D:/belajar/JavaScript/rest%20api/Pojok%20Code/3.%20rest-api/fullstack-skripsi/BE/src/controller/user-controller.js:15:29)
    at process.processTicksAndRejections (node:internal/process/task_queues:95:5)
 [LOGGER] 2024-01-21 02:45:52.443 AM error : Error in login function: Email or password wrong
 [LOGGER] 2024-01-21 02:45:52.444 AM error : Error: Email or password wrong
    at login (file:///D:/belajar/JavaScript/rest%20api/Pojok%20Code/3.%20rest-api/fullstack-skripsi/BE/src/controller/user-controller.js:170:19)
    at process.processTicksAndRejections (node:internal/process/task_queues:95:5)
 [LOGGER] 2024-01-21 02:46:36.729 AM error : Error in login function: Email or password wrong
 [LOGGER] 2024-01-21 02:46:36.730 AM error : Error: Email or password wrong
    at login (file:///D:/belajar/JavaScript/rest%20api/Pojok%20Code/3.%20rest-api/fullstack-skripsi/BE/src/controller/user-controller.js:170:19)
    at process.processTicksAndRejections (node:internal/process/task_queues:95:5)
 [LOGGER] 2024-01-21 02:47:16.296 AM error : Error in login function: Email or password wrong
 [LOGGER] 2024-01-21 02:47:16.296 AM error : Error: Email or password wrong
    at login (file:///D:/belajar/JavaScript/rest%20api/Pojok%20Code/3.%20rest-api/fullstack-skripsi/BE/src/controller/user-controller.js:175:19)
    at process.processTicksAndRejections (node:internal/process/task_queues:95:5)
 [LOGGER] 2024-01-21 02:47:48.662 AM error : Error in login function: Email or password wrong
 [LOGGER] 2024-01-21 02:47:48.663 AM error : Error: Email or password wrong
    at login (file:///D:/belajar/JavaScript/rest%20api/Pojok%20Code/3.%20rest-api/fullstack-skripsi/BE/src/controller/user-controller.js:170:19)
    at process.processTicksAndRejections (node:internal/process/task_queues:95:5)
 [LOGGER] 2024-01-21 11:21:12.008 AM error : Error in register function: Email already activated
 [LOGGER] 2024-01-21 11:21:12.035 AM error : Error: Email already activated
    at register (file:///D:/belajar/JavaScript/rest%20api/Pojok%20Code/3.%20rest-api/fullstack-skripsi/BE/src/controller/user-controller.js:23:19)
    at process.processTicksAndRejections (node:internal/process/task_queues:95:5)
 [LOGGER] 2024-01-21 11:21:22.424 AM error : Error in register function: Email already activated
 [LOGGER] 2024-01-21 11:21:22.425 AM error : Error: Email already activated
    at register (file:///D:/belajar/JavaScript/rest%20api/Pojok%20Code/3.%20rest-api/fullstack-skripsi/BE/src/controller/user-controller.js:23:19)
    at process.processTicksAndRejections (node:internal/process/task_queues:95:5)
 [LOGGER] 2024-01-21 11:22:40.812 AM error : Error in login function: Email or password wrong
 [LOGGER] 2024-01-21 11:22:40.813 AM error : Error: Email or password wrong
    at login (file:///D:/belajar/JavaScript/rest%20api/Pojok%20Code/3.%20rest-api/fullstack-skripsi/BE/src/controller/user-controller.js:175:19)
    at process.processTicksAndRejections (node:internal/process/task_queues:95:5)
 [LOGGER] 2024-01-21 11:31:50.137 AM error : Error in login function: Email or password wrong
 [LOGGER] 2024-01-21 11:31:50.139 AM error : Error: Email or password wrong
    at login (file:///D:/belajar/JavaScript/rest%20api/Pojok%20Code/3.%20rest-api/fullstack-skripsi/BE/src/controller/user-controller.js:175:19)
    at process.processTicksAndRejections (node:internal/process/task_queues:95:5)
 [LOGGER] 2024-01-21 11:32:23.070 AM error : Error in login function: Email or password wrong
 [LOGGER] 2024-01-21 11:32:23.071 AM error : Error: Email or password wrong
    at login (file:///D:/belajar/JavaScript/rest%20api/Pojok%20Code/3.%20rest-api/fullstack-skripsi/BE/src/controller/user-controller.js:175:19)
    at process.processTicksAndRejections (node:internal/process/task_queues:95:5)
 [LOGGER] 2024-01-21 11:32:36.554 AM error : Error in login function: Email or password wrong
 [LOGGER] 2024-01-21 11:32:36.555 AM error : Error: Email or password wrong
    at login (file:///D:/belajar/JavaScript/rest%20api/Pojok%20Code/3.%20rest-api/fullstack-skripsi/BE/src/controller/user-controller.js:175:19)
    at process.processTicksAndRejections (node:internal/process/task_queues:95:5)
 [LOGGER] 2024-01-21 11:34:23.541 AM error : Error in login function: Email or password wrong
 [LOGGER] 2024-01-21 11:34:23.541 AM error : Error: Email or password wrong
    at login (file:///D:/belajar/JavaScript/rest%20api/Pojok%20Code/3.%20rest-api/fullstack-skripsi/BE/src/controller/user-controller.js:170:19)
    at process.processTicksAndRejections (node:internal/process/task_queues:95:5)
 [LOGGER] 2024-01-21 11:34:35.051 AM error : Error in login function: Email or password wrong
 [LOGGER] 2024-01-21 11:34:35.052 AM error : Error: Email or password wrong
    at login (file:///D:/belajar/JavaScript/rest%20api/Pojok%20Code/3.%20rest-api/fullstack-skripsi/BE/src/controller/user-controller.js:175:19)
    at process.processTicksAndRejections (node:internal/process/task_queues:95:5)
 [LOGGER] 2024-01-21 11:34:50.653 AM error : Error in login function: Email or password wrong
 [LOGGER] 2024-01-21 11:34:50.655 AM error : Error: Email or password wrong
    at login (file:///D:/belajar/JavaScript/rest%20api/Pojok%20Code/3.%20rest-api/fullstack-skripsi/BE/src/controller/user-controller.js:175:19)
    at process.processTicksAndRejections (node:internal/process/task_queues:95:5)
 [LOGGER] 2024-01-21 11:35:04.069 AM error : Error in login function: Email or password wrong
 [LOGGER] 2024-01-21 11:35:04.070 AM error : Error: Email or password wrong
    at login (file:///D:/belajar/JavaScript/rest%20api/Pojok%20Code/3.%20rest-api/fullstack-skripsi/BE/src/controller/user-controller.js:175:19)
    at process.processTicksAndRejections (node:internal/process/task_queues:95:5)
 [LOGGER] 2024-01-21 11:35:12.938 AM error : Error in login function: Email or password wrong
 [LOGGER] 2024-01-21 11:35:12.939 AM error : Error: Email or password wrong
    at login (file:///D:/belajar/JavaScript/rest%20api/Pojok%20Code/3.%20rest-api/fullstack-skripsi/BE/src/controller/user-controller.js:175:19)
    at process.processTicksAndRejections (node:internal/process/task_queues:95:5)
 [LOGGER] 2024-01-21 11:35:14.719 AM error : Error in login function: Email or password wrong
 [LOGGER] 2024-01-21 11:35:14.720 AM error : Error: Email or password wrong
    at login (file:///D:/belajar/JavaScript/rest%20api/Pojok%20Code/3.%20rest-api/fullstack-skripsi/BE/src/controller/user-controller.js:175:19)
    at process.processTicksAndRejections (node:internal/process/task_queues:95:5)
 [LOGGER] 2024-01-21 11:35:18.505 AM error : Error in login function: Email or password wrong
 [LOGGER] 2024-01-21 11:35:18.506 AM error : Error: Email or password wrong
    at login (file:///D:/belajar/JavaScript/rest%20api/Pojok%20Code/3.%20rest-api/fullstack-skripsi/BE/src/controller/user-controller.js:175:19)
    at process.processTicksAndRejections (node:internal/process/task_queues:95:5)
 [LOGGER] 2024-01-21 11:35:58.089 AM error : Error in login function: Email or password wrong password
 [LOGGER] 2024-01-21 11:35:58.092 AM error : Error: Email or password wrong password
    at login (file:///D:/belajar/JavaScript/rest%20api/Pojok%20Code/3.%20rest-api/fullstack-skripsi/BE/src/controller/user-controller.js:175:19)
    at process.processTicksAndRejections (node:internal/process/task_queues:95:5)
 [LOGGER] 2024-01-21 11:36:06.253 AM error : Error in login function: Email or password wrong email
 [LOGGER] 2024-01-21 11:36:06.254 AM error : Error: Email or password wrong email
    at login (file:///D:/belajar/JavaScript/rest%20api/Pojok%20Code/3.%20rest-api/fullstack-skripsi/BE/src/controller/user-controller.js:170:19)
    at process.processTicksAndRejections (node:internal/process/task_queues:95:5)
 [LOGGER] 2024-01-21 11:36:09.742 AM error : Error in login function: Email or password wrong email
 [LOGGER] 2024-01-21 11:36:09.743 AM error : Error: Email or password wrong email
    at login (file:///D:/belajar/JavaScript/rest%20api/Pojok%20Code/3.%20rest-api/fullstack-skripsi/BE/src/controller/user-controller.js:170:19)
    at process.processTicksAndRejections (node:internal/process/task_queues:95:5)
 [LOGGER] 2024-01-21 11:36:11.687 AM error : Error in login function: Email or password wrong email
 [LOGGER] 2024-01-21 11:36:11.688 AM error : Error: Email or password wrong email
    at login (file:///D:/belajar/JavaScript/rest%20api/Pojok%20Code/3.%20rest-api/fullstack-skripsi/BE/src/controller/user-controller.js:170:19)
    at process.processTicksAndRejections (node:internal/process/task_queues:95:5)
 [LOGGER] 2024-01-21 11:36:13.599 AM error : Error in login function: Email or password wrong email
 [LOGGER] 2024-01-21 11:36:13.600 AM error : Error: Email or password wrong email
    at login (file:///D:/belajar/JavaScript/rest%20api/Pojok%20Code/3.%20rest-api/fullstack-skripsi/BE/src/controller/user-controller.js:170:19)
    at process.processTicksAndRejections (node:internal/process/task_queues:95:5)
 [LOGGER] 2024-01-21 11:36:21.769 AM error : Error in login function: Email or password wrong
 [LOGGER] 2024-01-21 11:36:21.773 AM error : Error: Email or password wrong
    at login (file:///D:/belajar/JavaScript/rest%20api/Pojok%20Code/3.%20rest-api/fullstack-skripsi/BE/src/controller/user-controller.js:170:19)
    at process.processTicksAndRejections (node:internal/process/task_queues:95:5)
 [LOGGER] 2024-01-21 11:36:23.722 AM error : Error in login function: Email or password wrong
 [LOGGER] 2024-01-21 11:36:23.723 AM error : Error: Email or password wrong
    at login (file:///D:/belajar/JavaScript/rest%20api/Pojok%20Code/3.%20rest-api/fullstack-skripsi/BE/src/controller/user-controller.js:170:19)
    at process.processTicksAndRejections (node:internal/process/task_queues:95:5)
 [LOGGER] 2024-01-21 11:37:12.078 AM error : Error in login function: Email or password wrong
 [LOGGER] 2024-01-21 11:37:12.079 AM error : Error: Email or password wrong
    at login (file:///D:/belajar/JavaScript/rest%20api/Pojok%20Code/3.%20rest-api/fullstack-skripsi/BE/src/controller/user-controller.js:170:19)
    at process.processTicksAndRejections (node:internal/process/task_queues:95:5)
 [LOGGER] 2024-01-21 11:37:33.728 AM error : Error in register function: Email already activated
 [LOGGER] 2024-01-21 11:37:33.729 AM error : Error: Email already activated
    at register (file:///D:/belajar/JavaScript/rest%20api/Pojok%20Code/3.%20rest-api/fullstack-skripsi/BE/src/controller/user-controller.js:23:19)
    at process.processTicksAndRejections (node:internal/process/task_queues:95:5)
 [LOGGER] 2024-01-21 11:38:02.804 AM error : Error in register function: Email already activated
 [LOGGER] 2024-01-21 11:38:02.805 AM error : Error: Email already activated
    at register (file:///D:/belajar/JavaScript/rest%20api/Pojok%20Code/3.%20rest-api/fullstack-skripsi/BE/src/controller/user-controller.js:23:19)
    at process.processTicksAndRejections (node:internal/process/task_queues:95:5)
 [LOGGER] 2024-01-21 11:39:08.053 AM error : Error in register function: Email already registered, please check your email
 [LOGGER] 2024-01-21 11:39:08.054 AM error : Error: Email already registered, please check your email
    at register (file:///D:/belajar/JavaScript/rest%20api/Pojok%20Code/3.%20rest-api/fullstack-skripsi/BE/src/controller/user-controller.js:25:19)
    at process.processTicksAndRejections (node:internal/process/task_queues:95:5)
 [LOGGER] 2024-01-21 11:39:10.884 AM error : Error in register function: Email already registered, please check your email
 [LOGGER] 2024-01-21 11:39:10.886 AM error : Error: Email already registered, please check your email
    at register (file:///D:/belajar/JavaScript/rest%20api/Pojok%20Code/3.%20rest-api/fullstack-skripsi/BE/src/controller/user-controller.js:25:19)
    at process.processTicksAndRejections (node:internal/process/task_queues:95:5)
 [LOGGER] 2024-01-21 11:39:19.952 AM error : Error in register function: Email already registered, please check your email
 [LOGGER] 2024-01-21 11:39:19.953 AM error : Error: Email already registered, please check your email
    at register (file:///D:/belajar/JavaScript/rest%20api/Pojok%20Code/3.%20rest-api/fullstack-skripsi/BE/src/controller/user-controller.js:25:19)
    at process.processTicksAndRejections (node:internal/process/task_queues:95:5)
 [LOGGER] 2024-01-21 11:39:21.834 AM error : Error in register function: Email already registered, please check your email
 [LOGGER] 2024-01-21 11:39:21.835 AM error : Error: Email already registered, please check your email
    at register (file:///D:/belajar/JavaScript/rest%20api/Pojok%20Code/3.%20rest-api/fullstack-skripsi/BE/src/controller/user-controller.js:25:19)
    at process.processTicksAndRejections (node:internal/process/task_queues:95:5)
 [LOGGER] 2024-01-21 11:40:09.962 AM error : Error in login function: Email or password wrong
 [LOGGER] 2024-01-21 11:40:09.963 AM error : Error: Email or password wrong
    at login (file:///D:/belajar/JavaScript/rest%20api/Pojok%20Code/3.%20rest-api/fullstack-skripsi/BE/src/controller/user-controller.js:170:19)
    at process.processTicksAndRejections (node:internal/process/task_queues:95:5)
 [LOGGER] 2024-01-21 11:40:15.192 AM error : Error in login function: Email or password wrong
 [LOGGER] 2024-01-21 11:40:15.193 AM error : Error: Email or password wrong
    at login (file:///D:/belajar/JavaScript/rest%20api/Pojok%20Code/3.%20rest-api/fullstack-skripsi/BE/src/controller/user-controller.js:170:19)
    at process.processTicksAndRejections (node:internal/process/task_queues:95:5)
 [LOGGER] 2024-01-21 11:44:43.703 AM error : Error in register function: Email already registered, please check your email
 [LOGGER] 2024-01-21 11:44:43.706 AM error : Error: Email already registered, please check your email
    at register (file:///D:/belajar/JavaScript/rest%20api/Pojok%20Code/3.%20rest-api/fullstack-skripsi/BE/src/controller/user-controller.js:25:19)
    at process.processTicksAndRejections (node:internal/process/task_queues:95:5)
 [LOGGER] 2024-01-21 11:47:13.095 AM error : Error in register function: Cannot read properties of undefined (reading 'isActive')
 [LOGGER] 2024-01-21 11:47:13.096 AM error : TypeError: Cannot read properties of undefined (reading 'isActive')
    at register (file:///D:/belajar/JavaScript/rest%20api/Pojok%20Code/3.%20rest-api/fullstack-skripsi/BE/src/controller/user-controller.js:24:35)
    at process.processTicksAndRejections (node:internal/process/task_queues:95:5)
 [LOGGER] 2024-01-21 11:48:09.679 AM error : Error in setActivateUser function: User not found or expired
 [LOGGER] 2024-01-21 11:48:09.680 AM error : Error: User not found or expired
    at setActivateUser (file:///D:/belajar/JavaScript/rest%20api/Pojok%20Code/3.%20rest-api/fullstack-skripsi/BE/src/controller/user-controller.js:136:19)
    at process.processTicksAndRejections (node:internal/process/task_queues:95:5)
 [LOGGER] 2024-01-21 11:49:58.249 AM error : Error in setActivateUser function: User not found or expired
 [LOGGER] 2024-01-21 11:49:58.255 AM error : Error: User not found or expired
    at setActivateUser (file:///D:/belajar/JavaScript/rest%20api/Pojok%20Code/3.%20rest-api/fullstack-skripsi/BE/src/controller/user-controller.js:136:19)
    at process.processTicksAndRejections (node:internal/process/task_queues:95:5)
 [LOGGER] 2024-01-21 11:49:58.361 AM error : Error in setActivateUser function: User not found or expired
 [LOGGER] 2024-01-21 11:49:58.364 AM error : Error: User not found or expired
    at setActivateUser (file:///D:/belajar/JavaScript/rest%20api/Pojok%20Code/3.%20rest-api/fullstack-skripsi/BE/src/controller/user-controller.js:136:19)
    at process.processTicksAndRejections (node:internal/process/task_queues:95:5)
 [LOGGER] 2024-01-21 11:59:33.729 AM error : Error in register function: [object Object]
 [LOGGER] 2024-01-21 11:59:33.730 AM error : Error: [object Object]
    at validate (file:///D:/belajar/JavaScript/rest%20api/Pojok%20Code/3.%20rest-api/fullstack-skripsi/BE/src/validation/validation.js:23:15)
    at register (file:///D:/belajar/JavaScript/rest%20api/Pojok%20Code/3.%20rest-api/fullstack-skripsi/BE/src/controller/user-controller.js:15:29)
    at process.processTicksAndRejections (node:internal/process/task_queues:95:5)
 [LOGGER] 2024-01-21 11:59:41.668 AM error : Error in register function: [object Object]
 [LOGGER] 2024-01-21 11:59:41.669 AM error : Error: [object Object]
    at validate (file:///D:/belajar/JavaScript/rest%20api/Pojok%20Code/3.%20rest-api/fullstack-skripsi/BE/src/validation/validation.js:23:15)
    at register (file:///D:/belajar/JavaScript/rest%20api/Pojok%20Code/3.%20rest-api/fullstack-skripsi/BE/src/controller/user-controller.js:15:29)
    at process.processTicksAndRejections (node:internal/process/task_queues:95:5)
 [LOGGER] 2024-01-21 12:00:00.512 PM error : Error in register function: [object Object]
 [LOGGER] 2024-01-21 12:00:00.512 PM error : Error: [object Object]
    at validate (file:///D:/belajar/JavaScript/rest%20api/Pojok%20Code/3.%20rest-api/fullstack-skripsi/BE/src/validation/validation.js:23:15)
    at register (file:///D:/belajar/JavaScript/rest%20api/Pojok%20Code/3.%20rest-api/fullstack-skripsi/BE/src/controller/user-controller.js:15:29)
    at process.processTicksAndRejections (node:internal/process/task_queues:95:5)
 [LOGGER] 2024-01-21 12:01:06.250 PM error : Error in register function: Email already activated
 [LOGGER] 2024-01-21 12:01:06.251 PM error : Error: Email already activated
    at register (file:///D:/belajar/JavaScript/rest%20api/Pojok%20Code/3.%20rest-api/fullstack-skripsi/BE/src/controller/user-controller.js:23:19)
    at process.processTicksAndRejections (node:internal/process/task_queues:95:5)
 [LOGGER] 2024-01-21 12:01:15.298 PM error : Error in register function: [object Object]
 [LOGGER] 2024-01-21 12:01:15.299 PM error : Error: [object Object]
    at validate (file:///D:/belajar/JavaScript/rest%20api/Pojok%20Code/3.%20rest-api/fullstack-skripsi/BE/src/validation/validation.js:23:15)
    at register (file:///D:/belajar/JavaScript/rest%20api/Pojok%20Code/3.%20rest-api/fullstack-skripsi/BE/src/controller/user-controller.js:15:29)
    at process.processTicksAndRejections (node:internal/process/task_queues:95:5)
 [LOGGER] 2024-01-21 12:01:32.966 PM error : Error in register function: Email already activated
 [LOGGER] 2024-01-21 12:01:32.967 PM error : Error: Email already activated
    at register (file:///D:/belajar/JavaScript/rest%20api/Pojok%20Code/3.%20rest-api/fullstack-skripsi/BE/src/controller/user-controller.js:23:19)
    at process.processTicksAndRejections (node:internal/process/task_queues:95:5)
 [LOGGER] 2024-01-21 12:01:56.391 PM error : Error in login function: Email or password wrong
 [LOGGER] 2024-01-21 12:01:56.391 PM error : Error: Email or password wrong
    at login (file:///D:/belajar/JavaScript/rest%20api/Pojok%20Code/3.%20rest-api/fullstack-skripsi/BE/src/controller/user-controller.js:170:19)
    at process.processTicksAndRejections (node:internal/process/task_queues:95:5)
 [LOGGER] 2024-01-21 12:02:10.044 PM error : Error in login function: Email or password wrong
 [LOGGER] 2024-01-21 12:02:10.044 PM error : Error: Email or password wrong
    at login (file:///D:/belajar/JavaScript/rest%20api/Pojok%20Code/3.%20rest-api/fullstack-skripsi/BE/src/controller/user-controller.js:170:19)
    at process.processTicksAndRejections (node:internal/process/task_queues:95:5)
 [LOGGER] 2024-01-21 12:08:25.225 PM error : Error in forgot passwword function: forgotPasswordValidation is not defined
 [LOGGER] 2024-01-21 12:08:25.229 PM error : ReferenceError: forgotPasswordValidation is not defined
    at forgotPassword (file:///D:/belajar/JavaScript/rest%20api/Pojok%20Code/3.%20rest-api/fullstack-skripsi/BE/src/controller/user-controller.js:331:31)
    at Layer.handle [as handle_request] (D:\belajar\JavaScript\rest api\Pojok Code\3. rest-api\fullstack-skripsi\BE\node_modules\express\lib\router\layer.js:95:5)
    at next (D:\belajar\JavaScript\rest api\Pojok Code\3. rest-api\fullstack-skripsi\BE\node_modules\express\lib\router\route.js:144:13)
    at Route.dispatch (D:\belajar\JavaScript\rest api\Pojok Code\3. rest-api\fullstack-skripsi\BE\node_modules\express\lib\router\route.js:114:3)
    at Layer.handle [as handle_request] (D:\belajar\JavaScript\rest api\Pojok Code\3. rest-api\fullstack-skripsi\BE\node_modules\express\lib\router\layer.js:95:5)
    at D:\belajar\JavaScript\rest api\Pojok Code\3. rest-api\fullstack-skripsi\BE\node_modules\express\lib\router\index.js:284:15
    at Function.process_params (D:\belajar\JavaScript\rest api\Pojok Code\3. rest-api\fullstack-skripsi\BE\node_modules\express\lib\router\index.js:346:12)
    at next (D:\belajar\JavaScript\rest api\Pojok Code\3. rest-api\fullstack-skripsi\BE\node_modules\express\lib\router\index.js:280:10)
    at Function.handle (D:\belajar\JavaScript\rest api\Pojok Code\3. rest-api\fullstack-skripsi\BE\node_modules\express\lib\router\index.js:175:3)
    at router (D:\belajar\JavaScript\rest api\Pojok Code\3. rest-api\fullstack-skripsi\BE\node_modules\express\lib\router\index.js:47:12)
 [LOGGER] 2024-01-21 12:09:53.189 PM error : Error in forgot passwword function: Email is not found
 [LOGGER] 2024-01-21 12:09:53.192 PM error : Error: Email is not found
    at forgotPassword (file:///D:/belajar/JavaScript/rest%20api/Pojok%20Code/3.%20rest-api/fullstack-skripsi/BE/src/controller/user-controller.js:338:19)
    at process.processTicksAndRejections (node:internal/process/task_queues:95:5)
 [LOGGER] 2024-01-21 12:12:59.610 PM error : uncaughtException: Route.post() requires a callback function but got a [object Undefined]
Error: Route.post() requires a callback function but got a [object Undefined]
    at Route.<computed> [as post] (D:\belajar\JavaScript\rest api\Pojok Code\3. rest-api\fullstack-skripsi\BE\node_modules\express\lib\router\route.js:211:15)
    at proto.<computed> [as post] (D:\belajar\JavaScript\rest api\Pojok Code\3. rest-api\fullstack-skripsi\BE\node_modules\express\lib\router\index.js:521:19)
    at file:///D:/belajar/JavaScript/rest%20api/Pojok%20Code/3.%20rest-api/fullstack-skripsi/BE/src/routes/api-public.js:13:14
    at ModuleJob.run (node:internal/modules/esm/module_job:194:25)
