 [LOGGER] 2024-07-31 11:39:51.995 AM ERROR : Error in login function: Email or password wrong
 [LOGGER] 2024-07-31 11:39:51.998 AM ERROR : Error: Email or password wrong
    at login (file:///D:/tugas%20kuliah/skripsi/Website%20Skripsi/BE/src/controller/user-controller.js:204:19)
    at process.processTicksAndRejections (node:internal/process/task_queues:95:5)
 [LOGGER] 2024-07-31 11:39:58.131 AM ERROR : Error in login function: Email or password wrong
 [LOGGER] 2024-07-31 11:39:58.134 AM ERROR : Error: Email or password wrong
    at login (file:///D:/tugas%20kuliah/skripsi/Website%20Skripsi/BE/src/controller/user-controller.js:204:19)
    at process.processTicksAndRejections (node:internal/process/task_queues:95:5)
 [LOGGER] 2024-07-31 11:40:04.851 AM ERROR : Error in login function: Email or password wrong
 [LOGGER] 2024-07-31 11:40:04.852 AM ERROR : Error: Email or password wrong
    at login (file:///D:/tugas%20kuliah/skripsi/Website%20Skripsi/BE/src/controller/user-controller.js:204:19)
    at process.processTicksAndRejections (node:internal/process/task_queues:95:5)
 [LOGGER] 2024-07-31 11:40:09.510 AM ERROR : Error in login function: Email or password wrong
 [LOGGER] 2024-07-31 11:40:09.511 AM ERROR : Error: Email or password wrong
    at login (file:///D:/tugas%20kuliah/skripsi/Website%20Skripsi/BE/src/controller/user-controller.js:204:19)
    at process.processTicksAndRejections (node:internal/process/task_queues:95:5)
 [LOGGER] 2024-07-31 11:40:18.637 AM ERROR : Error in login function: Email or password wrong
 [LOGGER] 2024-07-31 11:40:18.638 AM ERROR : Error: Email or password wrong
    at login (file:///D:/tugas%20kuliah/skripsi/Website%20Skripsi/BE/src/controller/user-controller.js:204:19)
    at process.processTicksAndRejections (node:internal/process/task_queues:95:5)
 [LOGGER] 2024-07-31 11:55:34.891 PM ERROR : Error in login function: Email or password wrong
 [LOGGER] 2024-07-31 11:55:34.893 PM ERROR : Error: Email or password wrong
    at login (file:///D:/tugas%20kuliah/skripsi/Website%20Skripsi/BE/src/controller/user-controller.js:204:19)
    at process.processTicksAndRejections (node:internal/process/task_queues:95:5)
 [LOGGER] 2024-07-31 11:55:41.848 PM ERROR : Error in login function: Email or password wrong
 [LOGGER] 2024-07-31 11:55:41.850 PM ERROR : Error: Email or password wrong
    at login (file:///D:/tugas%20kuliah/skripsi/Website%20Skripsi/BE/src/controller/user-controller.js:204:19)
    at process.processTicksAndRejections (node:internal/process/task_queues:95:5)
 [LOGGER] 2024-07-31 11:55:44.774 PM ERROR : Error in login function: Email or password wrong
 [LOGGER] 2024-07-31 11:55:44.776 PM ERROR : Error: Email or password wrong
    at login (file:///D:/tugas%20kuliah/skripsi/Website%20Skripsi/BE/src/controller/user-controller.js:204:19)
    at process.processTicksAndRejections (node:internal/process/task_queues:95:5)
