 [LOGGER] 2024-06-01 12:59:15.664 AM ERROR : Error in order status function: sequelize is not defined
 [LOGGER] 2024-06-01 12:59:15.680 AM ERROR : ReferenceError: sequelize is not defined
    at orderStatus (file:///D:/tugas%20kuliah/skripsi/Website%20Skripsi/BE/src/controller/order-cotroller.js:545:37)
    at Layer.handle [as handle_request] (D:\tugas kuliah\skripsi\Website Skripsi\BE\node_modules\express\lib\router\layer.js:95:5)
    at next (D:\tugas kuliah\skripsi\Website Skripsi\BE\node_modules\express\lib\router\route.js:144:13)
    at isAdmin (file:///D:/tugas%20kuliah/skripsi/Website%20Skripsi/BE/src/middleware/auth-middleware.js:26:5)
    at Layer.handle [as handle_request] (D:\tugas kuliah\skripsi\Website Skripsi\BE\node_modules\express\lib\router\layer.js:95:5)
    at next (D:\tugas kuliah\skripsi\Website Skripsi\BE\node_modules\express\lib\router\route.js:144:13)
    at authentication (file:///D:/tugas%20kuliah/skripsi/Website%20Skripsi/BE/src/middleware/auth-middleware.js:19:5)
    at Layer.handle [as handle_request] (D:\tugas kuliah\skripsi\Website Skripsi\BE\node_modules\express\lib\router\layer.js:95:5)
    at next (D:\tugas kuliah\skripsi\Website Skripsi\BE\node_modules\express\lib\router\route.js:144:13)
    at Route.dispatch (D:\tugas kuliah\skripsi\Website Skripsi\BE\node_modules\express\lib\router\route.js:114:3)
 [LOGGER] 2024-06-01 01:03:15.533 AM ERROR : Error in order status function: Cannot set headers after they are sent to the client
 [LOGGER] 2024-06-01 01:03:15.541 AM ERROR : Error [ERR_HTTP_HEADERS_SENT]: Cannot set headers after they are sent to the client
    at new NodeError (node:internal/errors:405:5)
    at ServerResponse.setHeader (node:_http_outgoing:648:11)
    at ServerResponse.header (D:\tugas kuliah\skripsi\Website Skripsi\BE\node_modules\express\lib\response.js:794:10)
    at ServerResponse.send (D:\tugas kuliah\skripsi\Website Skripsi\BE\node_modules\express\lib\response.js:174:12)
    at ServerResponse.json (D:\tugas kuliah\skripsi\Website Skripsi\BE\node_modules\express\lib\response.js:278:15)
    at orderStatus (file:///D:/tugas%20kuliah/skripsi/Website%20Skripsi/BE/src/controller/order-cotroller.js:556:25)
    at process.processTicksAndRejections (node:internal/process/task_queues:95:5)
 [LOGGER] 2024-06-01 01:03:26.477 AM ERROR : Error in order status function: Cannot set headers after they are sent to the client
 [LOGGER] 2024-06-01 01:03:26.481 AM ERROR : Error [ERR_HTTP_HEADERS_SENT]: Cannot set headers after they are sent to the client
    at new NodeError (node:internal/errors:405:5)
    at ServerResponse.setHeader (node:_http_outgoing:648:11)
    at ServerResponse.header (D:\tugas kuliah\skripsi\Website Skripsi\BE\node_modules\express\lib\response.js:794:10)
    at ServerResponse.send (D:\tugas kuliah\skripsi\Website Skripsi\BE\node_modules\express\lib\response.js:174:12)
    at ServerResponse.json (D:\tugas kuliah\skripsi\Website Skripsi\BE\node_modules\express\lib\response.js:278:15)
    at orderStatus (file:///D:/tugas%20kuliah/skripsi/Website%20Skripsi/BE/src/controller/order-cotroller.js:556:25)
    at process.processTicksAndRejections (node:internal/process/task_queues:95:5)
 [LOGGER] 2024-06-01 01:05:54.495 AM ERROR : Error in order status function: Cannot set headers after they are sent to the client
 [LOGGER] 2024-06-01 01:05:54.495 AM ERROR : Error [ERR_HTTP_HEADERS_SENT]: Cannot set headers after they are sent to the client
    at new NodeError (node:internal/errors:405:5)
    at ServerResponse.setHeader (node:_http_outgoing:648:11)
    at ServerResponse.header (D:\tugas kuliah\skripsi\Website Skripsi\BE\node_modules\express\lib\response.js:794:10)
    at ServerResponse.send (D:\tugas kuliah\skripsi\Website Skripsi\BE\node_modules\express\lib\response.js:174:12)
    at ServerResponse.json (D:\tugas kuliah\skripsi\Website Skripsi\BE\node_modules\express\lib\response.js:278:15)
    at orderStatus (file:///D:/tugas%20kuliah/skripsi/Website%20Skripsi/BE/src/controller/order-cotroller.js:556:25)
    at process.processTicksAndRejections (node:internal/process/task_queues:95:5)
 [LOGGER] 2024-06-01 01:05:59.141 AM ERROR : Error in order status function: Cannot set headers after they are sent to the client
 [LOGGER] 2024-06-01 01:05:59.142 AM ERROR : Error [ERR_HTTP_HEADERS_SENT]: Cannot set headers after they are sent to the client
    at new NodeError (node:internal/errors:405:5)
    at ServerResponse.setHeader (node:_http_outgoing:648:11)
    at ServerResponse.header (D:\tugas kuliah\skripsi\Website Skripsi\BE\node_modules\express\lib\response.js:794:10)
    at ServerResponse.send (D:\tugas kuliah\skripsi\Website Skripsi\BE\node_modules\express\lib\response.js:174:12)
    at ServerResponse.json (D:\tugas kuliah\skripsi\Website Skripsi\BE\node_modules\express\lib\response.js:278:15)
    at orderStatus (file:///D:/tugas%20kuliah/skripsi/Website%20Skripsi/BE/src/controller/order-cotroller.js:556:25)
    at process.processTicksAndRejections (node:internal/process/task_queues:95:5)
 [LOGGER] 2024-06-01 01:07:16.435 AM ERROR : Error in order status function: Cannot set headers after they are sent to the client
 [LOGGER] 2024-06-01 01:07:16.441 AM ERROR : Error [ERR_HTTP_HEADERS_SENT]: Cannot set headers after they are sent to the client
    at new NodeError (node:internal/errors:405:5)
    at ServerResponse.setHeader (node:_http_outgoing:648:11)
    at ServerResponse.header (D:\tugas kuliah\skripsi\Website Skripsi\BE\node_modules\express\lib\response.js:794:10)
    at ServerResponse.send (D:\tugas kuliah\skripsi\Website Skripsi\BE\node_modules\express\lib\response.js:174:12)
    at ServerResponse.json (D:\tugas kuliah\skripsi\Website Skripsi\BE\node_modules\express\lib\response.js:278:15)
    at orderStatus (file:///D:/tugas%20kuliah/skripsi/Website%20Skripsi/BE/src/controller/order-cotroller.js:556:25)
    at process.processTicksAndRejections (node:internal/process/task_queues:95:5)
 [LOGGER] 2024-06-01 01:08:40.299 AM ERROR : Error in login function: Email or password wrong
 [LOGGER] 2024-06-01 01:08:40.317 AM ERROR : Error: Email or password wrong
    at login (file:///D:/tugas%20kuliah/skripsi/Website%20Skripsi/BE/src/controller/user-controller.js:204:19)
    at process.processTicksAndRejections (node:internal/process/task_queues:95:5)
 [LOGGER] 2024-06-01 02:07:44.232 AM ERROR : Error in get total quantity function: In aggregated query without GROUP BY, expression #2 of SELECT list contains nonaggregated column 'rest_api.order.id'; this is incompatible with sql_mode=only_full_group_by
 [LOGGER] 2024-06-01 02:07:44.234 AM ERROR : Error
    at Query.run (D:\tugas kuliah\skripsi\Website Skripsi\BE\node_modules\sequelize\lib\dialects\mysql\query.js:52:25)
    at D:\tugas kuliah\skripsi\Website Skripsi\BE\node_modules\sequelize\lib\sequelize.js:315:28
    at process.processTicksAndRejections (node:internal/process/task_queues:95:5)
    at async MySQLQueryInterface.rawSelect (D:\tugas kuliah\skripsi\Website Skripsi\BE\node_modules\sequelize\lib\dialects\abstract\query-interface.js:434:18)
    at async orders_items.aggregate (D:\tugas kuliah\skripsi\Website Skripsi\BE\node_modules\sequelize\lib\model.js:1277:19)
    at async orders_items.sum (D:\tugas kuliah\skripsi\Website Skripsi\BE\node_modules\sequelize\lib\model.js:1338:12)
    at async getTotalQuantity (file:///D:/tugas%20kuliah/skripsi/Website%20Skripsi/BE/src/controller/order-cotroller.js:569:31)
 [LOGGER] 2024-06-01 02:08:02.742 AM ERROR : Error in get total quantity function: In aggregated query without GROUP BY, expression #2 of SELECT list contains nonaggregated column 'rest_api.order.id'; this is incompatible with sql_mode=only_full_group_by
 [LOGGER] 2024-06-01 02:08:02.743 AM ERROR : Error
    at Query.run (D:\tugas kuliah\skripsi\Website Skripsi\BE\node_modules\sequelize\lib\dialects\mysql\query.js:52:25)
    at D:\tugas kuliah\skripsi\Website Skripsi\BE\node_modules\sequelize\lib\sequelize.js:315:28
    at process.processTicksAndRejections (node:internal/process/task_queues:95:5)
    at async MySQLQueryInterface.rawSelect (D:\tugas kuliah\skripsi\Website Skripsi\BE\node_modules\sequelize\lib\dialects\abstract\query-interface.js:434:18)
    at async orders_items.aggregate (D:\tugas kuliah\skripsi\Website Skripsi\BE\node_modules\sequelize\lib\model.js:1277:19)
    at async orders_items.sum (D:\tugas kuliah\skripsi\Website Skripsi\BE\node_modules\sequelize\lib\model.js:1338:12)
    at async getTotalQuantity (file:///D:/tugas%20kuliah/skripsi/Website%20Skripsi/BE/src/controller/order-cotroller.js:569:31)
 [LOGGER] 2024-06-01 02:09:16.562 AM ERROR : Error in get total quantity function: In aggregated query without GROUP BY, expression #2 of SELECT list contains nonaggregated column 'rest_api.order.id'; this is incompatible with sql_mode=only_full_group_by
 [LOGGER] 2024-06-01 02:09:16.563 AM ERROR : Error
    at Query.run (D:\tugas kuliah\skripsi\Website Skripsi\BE\node_modules\sequelize\lib\dialects\mysql\query.js:52:25)
    at D:\tugas kuliah\skripsi\Website Skripsi\BE\node_modules\sequelize\lib\sequelize.js:315:28
    at process.processTicksAndRejections (node:internal/process/task_queues:95:5)
    at async MySQLQueryInterface.rawSelect (D:\tugas kuliah\skripsi\Website Skripsi\BE\node_modules\sequelize\lib\dialects\abstract\query-interface.js:434:18)
    at async orders_items.aggregate (D:\tugas kuliah\skripsi\Website Skripsi\BE\node_modules\sequelize\lib\model.js:1277:19)
    at async orders_items.sum (D:\tugas kuliah\skripsi\Website Skripsi\BE\node_modules\sequelize\lib\model.js:1338:12)
    at async getTotalQuantity (file:///D:/tugas%20kuliah/skripsi/Website%20Skripsi/BE/src/controller/order-cotroller.js:569:31)
 [LOGGER] 2024-06-01 02:13:09.656 AM ERROR : Error in get total quantity function: Table 'rest_api.ordersitems' doesn't exist
 [LOGGER] 2024-06-01 02:13:09.660 AM ERROR : Error
    at Query.run (D:\tugas kuliah\skripsi\Website Skripsi\BE\node_modules\sequelize\lib\dialects\mysql\query.js:52:25)
    at D:\tugas kuliah\skripsi\Website Skripsi\BE\node_modules\sequelize\lib\sequelize.js:315:28
    at process.processTicksAndRejections (node:internal/process/task_queues:95:5)
    at async getTotalQuantity (file:///D:/tugas%20kuliah/skripsi/Website%20Skripsi/BE/src/controller/order-cotroller.js:569:27)
 [LOGGER] 2024-06-01 09:47:46.566 PM ERROR : Error in login function: Email or password wrong
 [LOGGER] 2024-06-01 09:47:46.571 PM ERROR : Error: Email or password wrong
    at login (file:///D:/tugas%20kuliah/skripsi/Website%20Skripsi/BE/src/controller/user-controller.js:204:19)
    at process.processTicksAndRejections (node:internal/process/task_queues:95:5)
 [LOGGER] 2024-06-01 09:47:50.839 PM ERROR : Error in login function: Email or password wrong
 [LOGGER] 2024-06-01 09:47:50.839 PM ERROR : Error: Email or password wrong
    at login (file:///D:/tugas%20kuliah/skripsi/Website%20Skripsi/BE/src/controller/user-controller.js:204:19)
    at process.processTicksAndRejections (node:internal/process/task_queues:95:5)
