 [LOGGER] 2024-04-01 10:16:15.255 AM error : Error in login function: Email or password wrong
 [LOGGER] 2024-04-01 10:16:15.259 AM error : Error: Email or password wrong
    at login (file:///D:/belajar/JavaScript/rest%20api/Pojok%20Code/3.%20rest-api/fullstack-skripsi/BE/src/controller/user-controller.js:204:19)
    at process.processTicksAndRejections (node:internal/process/task_queues:95:5)
 [LOGGER] 2024-04-01 10:16:18.455 AM error : Error in login function: Email or password wrong
 [LOGGER] 2024-04-01 10:16:18.456 AM error : Error: Email or password wrong
    at login (file:///D:/belajar/JavaScript/rest%20api/Pojok%20Code/3.%20rest-api/fullstack-skripsi/BE/src/controller/user-controller.js:204:19)
    at process.processTicksAndRejections (node:internal/process/task_queues:95:5)
 [LOGGER] 2024-04-01 10:16:45.327 AM error : Error in login function: Email or password wrong
 [LOGGER] 2024-04-01 10:16:45.328 AM error : Error: Email or password wrong
    at login (file:///D:/belajar/JavaScript/rest%20api/Pojok%20Code/3.%20rest-api/fullstack-skripsi/BE/src/controller/user-controller.js:204:19)
    at process.processTicksAndRejections (node:internal/process/task_queues:95:5)
 [LOGGER] 2024-04-01 10:18:40.262 AM error : Error in login function: Email or password wrong
 [LOGGER] 2024-04-01 10:18:40.263 AM error : Error: Email or password wrong
    at login (file:///D:/belajar/JavaScript/rest%20api/Pojok%20Code/3.%20rest-api/fullstack-skripsi/BE/src/controller/user-controller.js:199:19)
    at process.processTicksAndRejections (node:internal/process/task_queues:95:5)
 [LOGGER] 2024-04-01 10:25:28.918 AM error : Error in login function: Email or password wrong
 [LOGGER] 2024-04-01 10:25:28.919 AM error : Error: Email or password wrong
    at login (file:///D:/belajar/JavaScript/rest%20api/Pojok%20Code/3.%20rest-api/fullstack-skripsi/BE/src/controller/user-controller.js:204:19)
    at process.processTicksAndRejections (node:internal/process/task_queues:95:5)
 [LOGGER] 2024-04-01 10:26:23.386 AM error : Error in login function: Email or password wrong
 [LOGGER] 2024-04-01 10:26:23.387 AM error : Error: Email or password wrong
    at login (file:///D:/belajar/JavaScript/rest%20api/Pojok%20Code/3.%20rest-api/fullstack-skripsi/BE/src/controller/user-controller.js:204:19)
    at process.processTicksAndRejections (node:internal/process/task_queues:95:5)
 [LOGGER] 2024-04-01 10:28:14.830 AM error : Error in login function: Email or password wrong
 [LOGGER] 2024-04-01 10:28:14.831 AM error : Error: Email or password wrong
    at login (file:///D:/belajar/JavaScript/rest%20api/Pojok%20Code/3.%20rest-api/fullstack-skripsi/BE/src/controller/user-controller.js:204:19)
    at process.processTicksAndRejections (node:internal/process/task_queues:95:5)
 [LOGGER] 2024-04-01 10:35:46.041 AM error : Error in login function: Email or password wrong
 [LOGGER] 2024-04-01 10:35:46.042 AM error : Error: Email or password wrong
    at login (file:///D:/belajar/JavaScript/rest%20api/Pojok%20Code/3.%20rest-api/fullstack-skripsi/BE/src/controller/user-controller.js:204:19)
    at process.processTicksAndRejections (node:internal/process/task_queues:95:5)
 [LOGGER] 2024-04-01 11:05:00.357 AM error : Error in get menu function Menu is not found
 [LOGGER] 2024-04-01 11:05:00.357 AM error : Error: Menu is not found
    at getMenu (file:///D:/belajar/JavaScript/rest%20api/Pojok%20Code/3.%20rest-api/fullstack-skripsi/BE/src/controller/menu-controller.js:124:19)
    at process.processTicksAndRejections (node:internal/process/task_queues:95:5)
 [LOGGER] 2024-04-01 11:05:00.370 AM error : Error in get menu function Menu is not found
 [LOGGER] 2024-04-01 11:05:00.371 AM error : Error: Menu is not found
    at getMenu (file:///D:/belajar/JavaScript/rest%20api/Pojok%20Code/3.%20rest-api/fullstack-skripsi/BE/src/controller/menu-controller.js:124:19)
    at process.processTicksAndRejections (node:internal/process/task_queues:95:5)
 [LOGGER] 2024-04-01 11:05:02.469 AM error : Error in get menu function Menu is not found
 [LOGGER] 2024-04-01 11:05:02.469 AM error : Error: Menu is not found
    at getMenu (file:///D:/belajar/JavaScript/rest%20api/Pojok%20Code/3.%20rest-api/fullstack-skripsi/BE/src/controller/menu-controller.js:124:19)
    at process.processTicksAndRejections (node:internal/process/task_queues:95:5)
 [LOGGER] 2024-04-01 11:05:02.478 AM error : Error in get menu function Menu is not found
 [LOGGER] 2024-04-01 11:05:02.479 AM error : Error: Menu is not found
    at getMenu (file:///D:/belajar/JavaScript/rest%20api/Pojok%20Code/3.%20rest-api/fullstack-skripsi/BE/src/controller/menu-controller.js:124:19)
    at process.processTicksAndRejections (node:internal/process/task_queues:95:5)
 [LOGGER] 2024-04-01 11:05:08.837 AM error : Error in get menu function Menu is not found
 [LOGGER] 2024-04-01 11:05:08.838 AM error : Error: Menu is not found
    at getMenu (file:///D:/belajar/JavaScript/rest%20api/Pojok%20Code/3.%20rest-api/fullstack-skripsi/BE/src/controller/menu-controller.js:124:19)
    at process.processTicksAndRejections (node:internal/process/task_queues:95:5)
 [LOGGER] 2024-04-01 11:05:08.852 AM error : Error in get menu function Menu is not found
 [LOGGER] 2024-04-01 11:05:08.854 AM error : Error: Menu is not found
    at getMenu (file:///D:/belajar/JavaScript/rest%20api/Pojok%20Code/3.%20rest-api/fullstack-skripsi/BE/src/controller/menu-controller.js:124:19)
    at process.processTicksAndRejections (node:internal/process/task_queues:95:5)
 [LOGGER] 2024-04-01 11:33:34.812 AM error : Error in get menu function Menu is not found
 [LOGGER] 2024-04-01 11:33:34.813 AM error : Error: Menu is not found
    at getMenu (file:///D:/belajar/JavaScript/rest%20api/Pojok%20Code/3.%20rest-api/fullstack-skripsi/BE/src/controller/menu-controller.js:124:19)
    at process.processTicksAndRejections (node:internal/process/task_queues:95:5)
 [LOGGER] 2024-04-01 11:33:34.824 AM error : Error in get menu function Menu is not found
 [LOGGER] 2024-04-01 11:33:34.829 AM error : Error: Menu is not found
    at getMenu (file:///D:/belajar/JavaScript/rest%20api/Pojok%20Code/3.%20rest-api/fullstack-skripsi/BE/src/controller/menu-controller.js:124:19)
    at process.processTicksAndRejections (node:internal/process/task_queues:95:5)
 [LOGGER] 2024-04-01 11:36:50.667 AM error : Error in get menu function Menu is not found
 [LOGGER] 2024-04-01 11:36:50.668 AM error : Error: Menu is not found
    at getMenu (file:///D:/belajar/JavaScript/rest%20api/Pojok%20Code/3.%20rest-api/fullstack-skripsi/BE/src/controller/menu-controller.js:124:19)
    at process.processTicksAndRejections (node:internal/process/task_queues:95:5)
 [LOGGER] 2024-04-01 11:36:50.677 AM error : Error in get menu function Menu is not found
 [LOGGER] 2024-04-01 11:36:50.677 AM error : Error: Menu is not found
    at getMenu (file:///D:/belajar/JavaScript/rest%20api/Pojok%20Code/3.%20rest-api/fullstack-skripsi/BE/src/controller/menu-controller.js:124:19)
    at process.processTicksAndRejections (node:internal/process/task_queues:95:5)
 [LOGGER] 2024-04-01 11:37:41.767 AM error : Error in get menu function Menu is not found
 [LOGGER] 2024-04-01 11:37:41.768 AM error : Error: Menu is not found
    at getMenu (file:///D:/belajar/JavaScript/rest%20api/Pojok%20Code/3.%20rest-api/fullstack-skripsi/BE/src/controller/menu-controller.js:124:19)
    at process.processTicksAndRejections (node:internal/process/task_queues:95:5)
 [LOGGER] 2024-04-01 11:37:41.778 AM error : Error in get menu function Menu is not found
 [LOGGER] 2024-04-01 11:37:41.781 AM error : Error: Menu is not found
    at getMenu (file:///D:/belajar/JavaScript/rest%20api/Pojok%20Code/3.%20rest-api/fullstack-skripsi/BE/src/controller/menu-controller.js:124:19)
    at process.processTicksAndRejections (node:internal/process/task_queues:95:5)
