 [LOGGER] 2024-03-31 12:04:07.721 PM error : Error in login function: Email or password wrong
 [LOGGER] 2024-03-31 12:04:07.725 PM error : Error: Email or password wrong
    at login (file:///D:/belajar/JavaScript/rest%20api/Pojok%20Code/3.%20rest-api/fullstack-skripsi/BE/src/controller/user-controller.js:199:19)
    at process.processTicksAndRejections (node:internal/process/task_queues:95:5)
 [LOGGER] 2024-03-31 12:04:24.235 PM error : Error in login function: [object Object]
 [LOGGER] 2024-03-31 12:04:24.236 PM error : Error: [object Object]
    at validate (file:///D:/belajar/JavaScript/rest%20api/Pojok%20Code/3.%20rest-api/fullstack-skripsi/BE/src/validation/validation.js:23:15)
    at login (file:///D:/belajar/JavaScript/rest%20api/Pojok%20Code/3.%20rest-api/fullstack-skripsi/BE/src/controller/user-controller.js:190:33)
    at Layer.handle [as handle_request] (D:\belajar\JavaScript\rest api\Pojok Code\3. rest-api\fullstack-skripsi\BE\node_modules\express\lib\router\layer.js:95:5)
    at next (D:\belajar\JavaScript\rest api\Pojok Code\3. rest-api\fullstack-skripsi\BE\node_modules\express\lib\router\route.js:144:13)
    at Route.dispatch (D:\belajar\JavaScript\rest api\Pojok Code\3. rest-api\fullstack-skripsi\BE\node_modules\express\lib\router\route.js:114:3)
    at Layer.handle [as handle_request] (D:\belajar\JavaScript\rest api\Pojok Code\3. rest-api\fullstack-skripsi\BE\node_modules\express\lib\router\layer.js:95:5)
    at D:\belajar\JavaScript\rest api\Pojok Code\3. rest-api\fullstack-skripsi\BE\node_modules\express\lib\router\index.js:284:15
    at Function.process_params (D:\belajar\JavaScript\rest api\Pojok Code\3. rest-api\fullstack-skripsi\BE\node_modules\express\lib\router\index.js:346:12)
    at next (D:\belajar\JavaScript\rest api\Pojok Code\3. rest-api\fullstack-skripsi\BE\node_modules\express\lib\router\index.js:280:10)
    at Function.handle (D:\belajar\JavaScript\rest api\Pojok Code\3. rest-api\fullstack-skripsi\BE\node_modules\express\lib\router\index.js:175:3)
 [LOGGER] 2024-03-31 03:51:06.892 PM error : Error in login function: [object Object]
 [LOGGER] 2024-03-31 03:51:06.893 PM error : Error: [object Object]
    at validate (file:///D:/belajar/JavaScript/rest%20api/Pojok%20Code/3.%20rest-api/fullstack-skripsi/BE/src/validation/validation.js:23:15)
    at login (file:///D:/belajar/JavaScript/rest%20api/Pojok%20Code/3.%20rest-api/fullstack-skripsi/BE/src/controller/user-controller.js:190:33)
    at Layer.handle [as handle_request] (D:\belajar\JavaScript\rest api\Pojok Code\3. rest-api\fullstack-skripsi\BE\node_modules\express\lib\router\layer.js:95:5)
    at next (D:\belajar\JavaScript\rest api\Pojok Code\3. rest-api\fullstack-skripsi\BE\node_modules\express\lib\router\route.js:144:13)
    at Route.dispatch (D:\belajar\JavaScript\rest api\Pojok Code\3. rest-api\fullstack-skripsi\BE\node_modules\express\lib\router\route.js:114:3)
    at Layer.handle [as handle_request] (D:\belajar\JavaScript\rest api\Pojok Code\3. rest-api\fullstack-skripsi\BE\node_modules\express\lib\router\layer.js:95:5)
    at D:\belajar\JavaScript\rest api\Pojok Code\3. rest-api\fullstack-skripsi\BE\node_modules\express\lib\router\index.js:284:15
    at Function.process_params (D:\belajar\JavaScript\rest api\Pojok Code\3. rest-api\fullstack-skripsi\BE\node_modules\express\lib\router\index.js:346:12)
    at next (D:\belajar\JavaScript\rest api\Pojok Code\3. rest-api\fullstack-skripsi\BE\node_modules\express\lib\router\index.js:280:10)
    at Function.handle (D:\belajar\JavaScript\rest api\Pojok Code\3. rest-api\fullstack-skripsi\BE\node_modules\express\lib\router\index.js:175:3)
 [LOGGER] 2024-03-31 03:51:25.721 PM error : Error in login function: [object Object]
 [LOGGER] 2024-03-31 03:51:25.722 PM error : Error: [object Object]
    at validate (file:///D:/belajar/JavaScript/rest%20api/Pojok%20Code/3.%20rest-api/fullstack-skripsi/BE/src/validation/validation.js:23:15)
    at login (file:///D:/belajar/JavaScript/rest%20api/Pojok%20Code/3.%20rest-api/fullstack-skripsi/BE/src/controller/user-controller.js:190:33)
    at Layer.handle [as handle_request] (D:\belajar\JavaScript\rest api\Pojok Code\3. rest-api\fullstack-skripsi\BE\node_modules\express\lib\router\layer.js:95:5)
    at next (D:\belajar\JavaScript\rest api\Pojok Code\3. rest-api\fullstack-skripsi\BE\node_modules\express\lib\router\route.js:144:13)
    at Route.dispatch (D:\belajar\JavaScript\rest api\Pojok Code\3. rest-api\fullstack-skripsi\BE\node_modules\express\lib\router\route.js:114:3)
    at Layer.handle [as handle_request] (D:\belajar\JavaScript\rest api\Pojok Code\3. rest-api\fullstack-skripsi\BE\node_modules\express\lib\router\layer.js:95:5)
    at D:\belajar\JavaScript\rest api\Pojok Code\3. rest-api\fullstack-skripsi\BE\node_modules\express\lib\router\index.js:284:15
    at Function.process_params (D:\belajar\JavaScript\rest api\Pojok Code\3. rest-api\fullstack-skripsi\BE\node_modules\express\lib\router\index.js:346:12)
    at next (D:\belajar\JavaScript\rest api\Pojok Code\3. rest-api\fullstack-skripsi\BE\node_modules\express\lib\router\index.js:280:10)
    at Function.handle (D:\belajar\JavaScript\rest api\Pojok Code\3. rest-api\fullstack-skripsi\BE\node_modules\express\lib\router\index.js:175:3)
 [LOGGER] 2024-03-31 03:51:51.310 PM error : Error in login function: [object Object]
 [LOGGER] 2024-03-31 03:51:51.311 PM error : Error: [object Object]
    at validate (file:///D:/belajar/JavaScript/rest%20api/Pojok%20Code/3.%20rest-api/fullstack-skripsi/BE/src/validation/validation.js:23:15)
    at login (file:///D:/belajar/JavaScript/rest%20api/Pojok%20Code/3.%20rest-api/fullstack-skripsi/BE/src/controller/user-controller.js:190:33)
    at Layer.handle [as handle_request] (D:\belajar\JavaScript\rest api\Pojok Code\3. rest-api\fullstack-skripsi\BE\node_modules\express\lib\router\layer.js:95:5)
    at next (D:\belajar\JavaScript\rest api\Pojok Code\3. rest-api\fullstack-skripsi\BE\node_modules\express\lib\router\route.js:144:13)
    at Route.dispatch (D:\belajar\JavaScript\rest api\Pojok Code\3. rest-api\fullstack-skripsi\BE\node_modules\express\lib\router\route.js:114:3)
    at Layer.handle [as handle_request] (D:\belajar\JavaScript\rest api\Pojok Code\3. rest-api\fullstack-skripsi\BE\node_modules\express\lib\router\layer.js:95:5)
    at D:\belajar\JavaScript\rest api\Pojok Code\3. rest-api\fullstack-skripsi\BE\node_modules\express\lib\router\index.js:284:15
    at Function.process_params (D:\belajar\JavaScript\rest api\Pojok Code\3. rest-api\fullstack-skripsi\BE\node_modules\express\lib\router\index.js:346:12)
    at next (D:\belajar\JavaScript\rest api\Pojok Code\3. rest-api\fullstack-skripsi\BE\node_modules\express\lib\router\index.js:280:10)
    at Function.handle (D:\belajar\JavaScript\rest api\Pojok Code\3. rest-api\fullstack-skripsi\BE\node_modules\express\lib\router\index.js:175:3)
 [LOGGER] 2024-03-31 03:52:06.911 PM error : Error in login function: Email or password wrong
 [LOGGER] 2024-03-31 03:52:06.912 PM error : Error: Email or password wrong
    at login (file:///D:/belajar/JavaScript/rest%20api/Pojok%20Code/3.%20rest-api/fullstack-skripsi/BE/src/controller/user-controller.js:204:19)
    at process.processTicksAndRejections (node:internal/process/task_queues:95:5)
 [LOGGER] 2024-03-31 03:52:15.526 PM error : Error in login function: Email or password wrong
 [LOGGER] 2024-03-31 03:52:15.526 PM error : Error: Email or password wrong
    at login (file:///D:/belajar/JavaScript/rest%20api/Pojok%20Code/3.%20rest-api/fullstack-skripsi/BE/src/controller/user-controller.js:199:19)
    at process.processTicksAndRejections (node:internal/process/task_queues:95:5)
 [LOGGER] 2024-03-31 04:05:40.827 PM error : Error in login function: Email or password wrong
 [LOGGER] 2024-03-31 04:05:40.828 PM error : Error: Email or password wrong
    at login (file:///D:/belajar/JavaScript/rest%20api/Pojok%20Code/3.%20rest-api/fullstack-skripsi/BE/src/controller/user-controller.js:204:19)
    at process.processTicksAndRejections (node:internal/process/task_queues:95:5)
 [LOGGER] 2024-03-31 04:05:49.113 PM error : Error in login function: Email or password wrong
 [LOGGER] 2024-03-31 04:05:49.114 PM error : Error: Email or password wrong
    at login (file:///D:/belajar/JavaScript/rest%20api/Pojok%20Code/3.%20rest-api/fullstack-skripsi/BE/src/controller/user-controller.js:204:19)
    at process.processTicksAndRejections (node:internal/process/task_queues:95:5)
 [LOGGER] 2024-03-31 04:06:09.155 PM error : Error in login function: Email or password wrong
 [LOGGER] 2024-03-31 04:06:09.156 PM error : Error: Email or password wrong
    at login (file:///D:/belajar/JavaScript/rest%20api/Pojok%20Code/3.%20rest-api/fullstack-skripsi/BE/src/controller/user-controller.js:204:19)
    at process.processTicksAndRejections (node:internal/process/task_queues:95:5)
 [LOGGER] 2024-03-31 04:06:36.150 PM error : Error in login function: Email or password wrong
 [LOGGER] 2024-03-31 04:06:36.152 PM error : Error: Email or password wrong
    at login (file:///D:/belajar/JavaScript/rest%20api/Pojok%20Code/3.%20rest-api/fullstack-skripsi/BE/src/controller/user-controller.js:204:19)
    at process.processTicksAndRejections (node:internal/process/task_queues:95:5)
 [LOGGER] 2024-03-31 04:06:49.341 PM error : Error in login function: Email or password wrong
 [LOGGER] 2024-03-31 04:06:49.342 PM error : Error: Email or password wrong
    at login (file:///D:/belajar/JavaScript/rest%20api/Pojok%20Code/3.%20rest-api/fullstack-skripsi/BE/src/controller/user-controller.js:204:19)
    at process.processTicksAndRejections (node:internal/process/task_queues:95:5)
 [LOGGER] 2024-03-31 04:06:50.446 PM error : Error in login function: Email or password wrong
 [LOGGER] 2024-03-31 04:06:50.447 PM error : Error: Email or password wrong
    at login (file:///D:/belajar/JavaScript/rest%20api/Pojok%20Code/3.%20rest-api/fullstack-skripsi/BE/src/controller/user-controller.js:204:19)
    at process.processTicksAndRejections (node:internal/process/task_queues:95:5)
 [LOGGER] 2024-03-31 04:06:51.267 PM error : Error in login function: Email or password wrong
 [LOGGER] 2024-03-31 04:06:51.268 PM error : Error: Email or password wrong
    at login (file:///D:/belajar/JavaScript/rest%20api/Pojok%20Code/3.%20rest-api/fullstack-skripsi/BE/src/controller/user-controller.js:204:19)
    at process.processTicksAndRejections (node:internal/process/task_queues:95:5)
 [LOGGER] 2024-03-31 04:06:55.034 PM error : Error in login function: Email or password wrong
 [LOGGER] 2024-03-31 04:06:55.035 PM error : Error: Email or password wrong
    at login (file:///D:/belajar/JavaScript/rest%20api/Pojok%20Code/3.%20rest-api/fullstack-skripsi/BE/src/controller/user-controller.js:204:19)
    at process.processTicksAndRejections (node:internal/process/task_queues:95:5)
 [LOGGER] 2024-03-31 04:07:12.434 PM error : Error in login function: Email or password wrong
 [LOGGER] 2024-03-31 04:07:12.436 PM error : Error: Email or password wrong
    at login (file:///D:/belajar/JavaScript/rest%20api/Pojok%20Code/3.%20rest-api/fullstack-skripsi/BE/src/controller/user-controller.js:204:19)
    at process.processTicksAndRejections (node:internal/process/task_queues:95:5)
 [LOGGER] 2024-03-31 04:08:51.103 PM error : Error in login function: [object Object]
 [LOGGER] 2024-03-31 04:08:51.104 PM error : Error: [object Object]
    at validate (file:///D:/belajar/JavaScript/rest%20api/Pojok%20Code/3.%20rest-api/fullstack-skripsi/BE/src/validation/validation.js:23:15)
    at login (file:///D:/belajar/JavaScript/rest%20api/Pojok%20Code/3.%20rest-api/fullstack-skripsi/BE/src/controller/user-controller.js:190:33)
    at Layer.handle [as handle_request] (D:\belajar\JavaScript\rest api\Pojok Code\3. rest-api\fullstack-skripsi\BE\node_modules\express\lib\router\layer.js:95:5)
    at next (D:\belajar\JavaScript\rest api\Pojok Code\3. rest-api\fullstack-skripsi\BE\node_modules\express\lib\router\route.js:144:13)
    at Route.dispatch (D:\belajar\JavaScript\rest api\Pojok Code\3. rest-api\fullstack-skripsi\BE\node_modules\express\lib\router\route.js:114:3)
    at Layer.handle [as handle_request] (D:\belajar\JavaScript\rest api\Pojok Code\3. rest-api\fullstack-skripsi\BE\node_modules\express\lib\router\layer.js:95:5)
    at D:\belajar\JavaScript\rest api\Pojok Code\3. rest-api\fullstack-skripsi\BE\node_modules\express\lib\router\index.js:284:15
    at Function.process_params (D:\belajar\JavaScript\rest api\Pojok Code\3. rest-api\fullstack-skripsi\BE\node_modules\express\lib\router\index.js:346:12)
    at next (D:\belajar\JavaScript\rest api\Pojok Code\3. rest-api\fullstack-skripsi\BE\node_modules\express\lib\router\index.js:280:10)
    at Function.handle (D:\belajar\JavaScript\rest api\Pojok Code\3. rest-api\fullstack-skripsi\BE\node_modules\express\lib\router\index.js:175:3)
 [LOGGER] 2024-03-31 04:09:03.399 PM error : Error in login function: Email or password wrong
 [LOGGER] 2024-03-31 04:09:03.400 PM error : Error: Email or password wrong
    at login (file:///D:/belajar/JavaScript/rest%20api/Pojok%20Code/3.%20rest-api/fullstack-skripsi/BE/src/controller/user-controller.js:204:19)
    at process.processTicksAndRejections (node:internal/process/task_queues:95:5)
 [LOGGER] 2024-03-31 04:09:19.036 PM error : Error in login function: Email or password wrong
 [LOGGER] 2024-03-31 04:09:19.037 PM error : Error: Email or password wrong
    at login (file:///D:/belajar/JavaScript/rest%20api/Pojok%20Code/3.%20rest-api/fullstack-skripsi/BE/src/controller/user-controller.js:204:19)
    at process.processTicksAndRejections (node:internal/process/task_queues:95:5)
 [LOGGER] 2024-03-31 04:09:20.030 PM error : Error in login function: Email or password wrong
 [LOGGER] 2024-03-31 04:09:20.031 PM error : Error: Email or password wrong
    at login (file:///D:/belajar/JavaScript/rest%20api/Pojok%20Code/3.%20rest-api/fullstack-skripsi/BE/src/controller/user-controller.js:204:19)
    at process.processTicksAndRejections (node:internal/process/task_queues:95:5)
 [LOGGER] 2024-03-31 04:09:20.490 PM error : Error in login function: Email or password wrong
 [LOGGER] 2024-03-31 04:09:20.491 PM error : Error: Email or password wrong
    at login (file:///D:/belajar/JavaScript/rest%20api/Pojok%20Code/3.%20rest-api/fullstack-skripsi/BE/src/controller/user-controller.js:204:19)
    at process.processTicksAndRejections (node:internal/process/task_queues:95:5)
 [LOGGER] 2024-03-31 04:09:33.563 PM error : Error in login function: Email or password wrong
 [LOGGER] 2024-03-31 04:09:33.565 PM error : Error: Email or password wrong
    at login (file:///D:/belajar/JavaScript/rest%20api/Pojok%20Code/3.%20rest-api/fullstack-skripsi/BE/src/controller/user-controller.js:204:19)
    at process.processTicksAndRejections (node:internal/process/task_queues:95:5)
 [LOGGER] 2024-03-31 04:11:24.224 PM error : Error in login function: [object Object]
 [LOGGER] 2024-03-31 04:11:24.225 PM error : Error: [object Object]
    at validate (file:///D:/belajar/JavaScript/rest%20api/Pojok%20Code/3.%20rest-api/fullstack-skripsi/BE/src/validation/validation.js:23:15)
    at login (file:///D:/belajar/JavaScript/rest%20api/Pojok%20Code/3.%20rest-api/fullstack-skripsi/BE/src/controller/user-controller.js:190:33)
    at Layer.handle [as handle_request] (D:\belajar\JavaScript\rest api\Pojok Code\3. rest-api\fullstack-skripsi\BE\node_modules\express\lib\router\layer.js:95:5)
    at next (D:\belajar\JavaScript\rest api\Pojok Code\3. rest-api\fullstack-skripsi\BE\node_modules\express\lib\router\route.js:144:13)
    at Route.dispatch (D:\belajar\JavaScript\rest api\Pojok Code\3. rest-api\fullstack-skripsi\BE\node_modules\express\lib\router\route.js:114:3)
    at Layer.handle [as handle_request] (D:\belajar\JavaScript\rest api\Pojok Code\3. rest-api\fullstack-skripsi\BE\node_modules\express\lib\router\layer.js:95:5)
    at D:\belajar\JavaScript\rest api\Pojok Code\3. rest-api\fullstack-skripsi\BE\node_modules\express\lib\router\index.js:284:15
    at Function.process_params (D:\belajar\JavaScript\rest api\Pojok Code\3. rest-api\fullstack-skripsi\BE\node_modules\express\lib\router\index.js:346:12)
    at next (D:\belajar\JavaScript\rest api\Pojok Code\3. rest-api\fullstack-skripsi\BE\node_modules\express\lib\router\index.js:280:10)
    at Function.handle (D:\belajar\JavaScript\rest api\Pojok Code\3. rest-api\fullstack-skripsi\BE\node_modules\express\lib\router\index.js:175:3)
 [LOGGER] 2024-03-31 04:11:40.394 PM error : Error in login function: Email or password wrong
 [LOGGER] 2024-03-31 04:11:40.395 PM error : Error: Email or password wrong
    at login (file:///D:/belajar/JavaScript/rest%20api/Pojok%20Code/3.%20rest-api/fullstack-skripsi/BE/src/controller/user-controller.js:204:19)
    at process.processTicksAndRejections (node:internal/process/task_queues:95:5)
 [LOGGER] 2024-03-31 04:14:51.156 PM error : Error in login function: Email or password wrong
 [LOGGER] 2024-03-31 04:14:51.157 PM error : Error: Email or password wrong
    at login (file:///D:/belajar/JavaScript/rest%20api/Pojok%20Code/3.%20rest-api/fullstack-skripsi/BE/src/controller/user-controller.js:204:19)
    at process.processTicksAndRejections (node:internal/process/task_queues:95:5)
 [LOGGER] 2024-03-31 04:15:07.850 PM error : Error in login function: Email or password wrong
 [LOGGER] 2024-03-31 04:15:07.851 PM error : Error: Email or password wrong
    at login (file:///D:/belajar/JavaScript/rest%20api/Pojok%20Code/3.%20rest-api/fullstack-skripsi/BE/src/controller/user-controller.js:204:19)
    at process.processTicksAndRejections (node:internal/process/task_queues:95:5)
 [LOGGER] 2024-03-31 04:15:13.605 PM error : Error in login function: Email or password wrong
 [LOGGER] 2024-03-31 04:15:13.608 PM error : Error: Email or password wrong
    at login (file:///D:/belajar/JavaScript/rest%20api/Pojok%20Code/3.%20rest-api/fullstack-skripsi/BE/src/controller/user-controller.js:204:19)
    at process.processTicksAndRejections (node:internal/process/task_queues:95:5)
 [LOGGER] 2024-03-31 04:16:21.643 PM error : Error in login function: Email or password wrong
 [LOGGER] 2024-03-31 04:16:21.644 PM error : Error: Email or password wrong
    at login (file:///D:/belajar/JavaScript/rest%20api/Pojok%20Code/3.%20rest-api/fullstack-skripsi/BE/src/controller/user-controller.js:204:19)
    at process.processTicksAndRejections (node:internal/process/task_queues:95:5)
 [LOGGER] 2024-03-31 04:16:22.555 PM error : Error in login function: Email or password wrong
 [LOGGER] 2024-03-31 04:16:22.555 PM error : Error: Email or password wrong
    at login (file:///D:/belajar/JavaScript/rest%20api/Pojok%20Code/3.%20rest-api/fullstack-skripsi/BE/src/controller/user-controller.js:204:19)
    at process.processTicksAndRejections (node:internal/process/task_queues:95:5)
 [LOGGER] 2024-03-31 04:21:33.259 PM error : Error in login function: Email or password wrong
 [LOGGER] 2024-03-31 04:21:33.260 PM error : Error: Email or password wrong
    at login (file:///D:/belajar/JavaScript/rest%20api/Pojok%20Code/3.%20rest-api/fullstack-skripsi/BE/src/controller/user-controller.js:204:19)
    at process.processTicksAndRejections (node:internal/process/task_queues:95:5)
 [LOGGER] 2024-03-31 04:22:46.257 PM error : Error in login function: Email or password wrong
 [LOGGER] 2024-03-31 04:22:46.260 PM error : Error: Email or password wrong
    at login (file:///D:/belajar/JavaScript/rest%20api/Pojok%20Code/3.%20rest-api/fullstack-skripsi/BE/src/controller/user-controller.js:204:19)
    at process.processTicksAndRejections (node:internal/process/task_queues:95:5)
 [LOGGER] 2024-03-31 04:23:20.088 PM error : Error in login function: Email or password wrong
 [LOGGER] 2024-03-31 04:23:20.088 PM error : Error: Email or password wrong
    at login (file:///D:/belajar/JavaScript/rest%20api/Pojok%20Code/3.%20rest-api/fullstack-skripsi/BE/src/controller/user-controller.js:204:19)
    at process.processTicksAndRejections (node:internal/process/task_queues:95:5)
 [LOGGER] 2024-03-31 04:23:50.824 PM error : Error in login function: [object Object]
 [LOGGER] 2024-03-31 04:23:50.824 PM error : Error: [object Object]
    at validate (file:///D:/belajar/JavaScript/rest%20api/Pojok%20Code/3.%20rest-api/fullstack-skripsi/BE/src/validation/validation.js:23:15)
    at login (file:///D:/belajar/JavaScript/rest%20api/Pojok%20Code/3.%20rest-api/fullstack-skripsi/BE/src/controller/user-controller.js:190:33)
    at Layer.handle [as handle_request] (D:\belajar\JavaScript\rest api\Pojok Code\3. rest-api\fullstack-skripsi\BE\node_modules\express\lib\router\layer.js:95:5)
    at next (D:\belajar\JavaScript\rest api\Pojok Code\3. rest-api\fullstack-skripsi\BE\node_modules\express\lib\router\route.js:144:13)
    at Route.dispatch (D:\belajar\JavaScript\rest api\Pojok Code\3. rest-api\fullstack-skripsi\BE\node_modules\express\lib\router\route.js:114:3)
    at Layer.handle [as handle_request] (D:\belajar\JavaScript\rest api\Pojok Code\3. rest-api\fullstack-skripsi\BE\node_modules\express\lib\router\layer.js:95:5)
    at D:\belajar\JavaScript\rest api\Pojok Code\3. rest-api\fullstack-skripsi\BE\node_modules\express\lib\router\index.js:284:15
    at Function.process_params (D:\belajar\JavaScript\rest api\Pojok Code\3. rest-api\fullstack-skripsi\BE\node_modules\express\lib\router\index.js:346:12)
    at next (D:\belajar\JavaScript\rest api\Pojok Code\3. rest-api\fullstack-skripsi\BE\node_modules\express\lib\router\index.js:280:10)
    at Function.handle (D:\belajar\JavaScript\rest api\Pojok Code\3. rest-api\fullstack-skripsi\BE\node_modules\express\lib\router\index.js:175:3)
 [LOGGER] 2024-03-31 04:24:47.855 PM error : Error in login function: Email or password wrong
 [LOGGER] 2024-03-31 04:24:47.856 PM error : Error: Email or password wrong
    at login (file:///D:/belajar/JavaScript/rest%20api/Pojok%20Code/3.%20rest-api/fullstack-skripsi/BE/src/controller/user-controller.js:199:19)
    at process.processTicksAndRejections (node:internal/process/task_queues:95:5)
 [LOGGER] 2024-03-31 04:26:43.291 PM error : Error in login function: [object Object]
 [LOGGER] 2024-03-31 04:26:43.292 PM error : Error: [object Object]
    at validate (file:///D:/belajar/JavaScript/rest%20api/Pojok%20Code/3.%20rest-api/fullstack-skripsi/BE/src/validation/validation.js:23:15)
    at login (file:///D:/belajar/JavaScript/rest%20api/Pojok%20Code/3.%20rest-api/fullstack-skripsi/BE/src/controller/user-controller.js:190:33)
    at Layer.handle [as handle_request] (D:\belajar\JavaScript\rest api\Pojok Code\3. rest-api\fullstack-skripsi\BE\node_modules\express\lib\router\layer.js:95:5)
    at next (D:\belajar\JavaScript\rest api\Pojok Code\3. rest-api\fullstack-skripsi\BE\node_modules\express\lib\router\route.js:144:13)
    at Route.dispatch (D:\belajar\JavaScript\rest api\Pojok Code\3. rest-api\fullstack-skripsi\BE\node_modules\express\lib\router\route.js:114:3)
    at Layer.handle [as handle_request] (D:\belajar\JavaScript\rest api\Pojok Code\3. rest-api\fullstack-skripsi\BE\node_modules\express\lib\router\layer.js:95:5)
    at D:\belajar\JavaScript\rest api\Pojok Code\3. rest-api\fullstack-skripsi\BE\node_modules\express\lib\router\index.js:284:15
    at Function.process_params (D:\belajar\JavaScript\rest api\Pojok Code\3. rest-api\fullstack-skripsi\BE\node_modules\express\lib\router\index.js:346:12)
    at next (D:\belajar\JavaScript\rest api\Pojok Code\3. rest-api\fullstack-skripsi\BE\node_modules\express\lib\router\index.js:280:10)
    at Function.handle (D:\belajar\JavaScript\rest api\Pojok Code\3. rest-api\fullstack-skripsi\BE\node_modules\express\lib\router\index.js:175:3)
 [LOGGER] 2024-03-31 04:29:16.487 PM error : Error in login function: Email or password wrong
 [LOGGER] 2024-03-31 04:29:16.488 PM error : Error: Email or password wrong
    at login (file:///D:/belajar/JavaScript/rest%20api/Pojok%20Code/3.%20rest-api/fullstack-skripsi/BE/src/controller/user-controller.js:204:19)
    at process.processTicksAndRejections (node:internal/process/task_queues:95:5)
 [LOGGER] 2024-03-31 04:29:19.810 PM error : Error in login function: Email or password wrong
 [LOGGER] 2024-03-31 04:29:19.811 PM error : Error: Email or password wrong
    at login (file:///D:/belajar/JavaScript/rest%20api/Pojok%20Code/3.%20rest-api/fullstack-skripsi/BE/src/controller/user-controller.js:204:19)
    at process.processTicksAndRejections (node:internal/process/task_queues:95:5)
 [LOGGER] 2024-03-31 04:29:21.979 PM error : Error in login function: Email or password wrong
 [LOGGER] 2024-03-31 04:29:21.980 PM error : Error: Email or password wrong
    at login (file:///D:/belajar/JavaScript/rest%20api/Pojok%20Code/3.%20rest-api/fullstack-skripsi/BE/src/controller/user-controller.js:204:19)
    at process.processTicksAndRejections (node:internal/process/task_queues:95:5)
 [LOGGER] 2024-03-31 04:29:27.282 PM error : Error in login function: Email or password wrong
 [LOGGER] 2024-03-31 04:29:27.283 PM error : Error: Email or password wrong
    at login (file:///D:/belajar/JavaScript/rest%20api/Pojok%20Code/3.%20rest-api/fullstack-skripsi/BE/src/controller/user-controller.js:204:19)
    at process.processTicksAndRejections (node:internal/process/task_queues:95:5)
 [LOGGER] 2024-03-31 10:50:15.713 PM error : Error in login function: Email or password wrong
 [LOGGER] 2024-03-31 10:50:15.715 PM error : Error: Email or password wrong
    at login (file:///D:/belajar/JavaScript/rest%20api/Pojok%20Code/3.%20rest-api/fullstack-skripsi/BE/src/controller/user-controller.js:204:19)
    at process.processTicksAndRejections (node:internal/process/task_queues:95:5)
 [LOGGER] 2024-03-31 10:50:24.858 PM error : Error in login function: Email or password wrong
 [LOGGER] 2024-03-31 10:50:24.858 PM error : Error: Email or password wrong
    at login (file:///D:/belajar/JavaScript/rest%20api/Pojok%20Code/3.%20rest-api/fullstack-skripsi/BE/src/controller/user-controller.js:204:19)
    at process.processTicksAndRejections (node:internal/process/task_queues:95:5)
 [LOGGER] 2024-03-31 10:50:37.565 PM error : Error in login function: [object Object]
 [LOGGER] 2024-03-31 10:50:37.570 PM error : Error: [object Object]
    at validate (file:///D:/belajar/JavaScript/rest%20api/Pojok%20Code/3.%20rest-api/fullstack-skripsi/BE/src/validation/validation.js:23:15)
    at login (file:///D:/belajar/JavaScript/rest%20api/Pojok%20Code/3.%20rest-api/fullstack-skripsi/BE/src/controller/user-controller.js:190:33)
    at Layer.handle [as handle_request] (D:\belajar\JavaScript\rest api\Pojok Code\3. rest-api\fullstack-skripsi\BE\node_modules\express\lib\router\layer.js:95:5)
    at next (D:\belajar\JavaScript\rest api\Pojok Code\3. rest-api\fullstack-skripsi\BE\node_modules\express\lib\router\route.js:144:13)
    at Route.dispatch (D:\belajar\JavaScript\rest api\Pojok Code\3. rest-api\fullstack-skripsi\BE\node_modules\express\lib\router\route.js:114:3)
    at Layer.handle [as handle_request] (D:\belajar\JavaScript\rest api\Pojok Code\3. rest-api\fullstack-skripsi\BE\node_modules\express\lib\router\layer.js:95:5)
    at D:\belajar\JavaScript\rest api\Pojok Code\3. rest-api\fullstack-skripsi\BE\node_modules\express\lib\router\index.js:284:15
    at Function.process_params (D:\belajar\JavaScript\rest api\Pojok Code\3. rest-api\fullstack-skripsi\BE\node_modules\express\lib\router\index.js:346:12)
    at next (D:\belajar\JavaScript\rest api\Pojok Code\3. rest-api\fullstack-skripsi\BE\node_modules\express\lib\router\index.js:280:10)
    at Function.handle (D:\belajar\JavaScript\rest api\Pojok Code\3. rest-api\fullstack-skripsi\BE\node_modules\express\lib\router\index.js:175:3)
 [LOGGER] 2024-03-31 10:50:37.577 PM error : Error in login function: [object Object]
 [LOGGER] 2024-03-31 10:50:37.582 PM error : Error: [object Object]
    at validate (file:///D:/belajar/JavaScript/rest%20api/Pojok%20Code/3.%20rest-api/fullstack-skripsi/BE/src/validation/validation.js:23:15)
    at login (file:///D:/belajar/JavaScript/rest%20api/Pojok%20Code/3.%20rest-api/fullstack-skripsi/BE/src/controller/user-controller.js:190:33)
    at Layer.handle [as handle_request] (D:\belajar\JavaScript\rest api\Pojok Code\3. rest-api\fullstack-skripsi\BE\node_modules\express\lib\router\layer.js:95:5)
    at next (D:\belajar\JavaScript\rest api\Pojok Code\3. rest-api\fullstack-skripsi\BE\node_modules\express\lib\router\route.js:144:13)
    at Route.dispatch (D:\belajar\JavaScript\rest api\Pojok Code\3. rest-api\fullstack-skripsi\BE\node_modules\express\lib\router\route.js:114:3)
    at Layer.handle [as handle_request] (D:\belajar\JavaScript\rest api\Pojok Code\3. rest-api\fullstack-skripsi\BE\node_modules\express\lib\router\layer.js:95:5)
    at D:\belajar\JavaScript\rest api\Pojok Code\3. rest-api\fullstack-skripsi\BE\node_modules\express\lib\router\index.js:284:15
    at Function.process_params (D:\belajar\JavaScript\rest api\Pojok Code\3. rest-api\fullstack-skripsi\BE\node_modules\express\lib\router\index.js:346:12)
    at next (D:\belajar\JavaScript\rest api\Pojok Code\3. rest-api\fullstack-skripsi\BE\node_modules\express\lib\router\index.js:280:10)
    at Function.handle (D:\belajar\JavaScript\rest api\Pojok Code\3. rest-api\fullstack-skripsi\BE\node_modules\express\lib\router\index.js:175:3)
 [LOGGER] 2024-03-31 10:51:01.948 PM error : Error in login function: [object Object]
 [LOGGER] 2024-03-31 10:51:01.956 PM error : Error: [object Object]
    at validate (file:///D:/belajar/JavaScript/rest%20api/Pojok%20Code/3.%20rest-api/fullstack-skripsi/BE/src/validation/validation.js:23:15)
    at login (file:///D:/belajar/JavaScript/rest%20api/Pojok%20Code/3.%20rest-api/fullstack-skripsi/BE/src/controller/user-controller.js:190:33)
    at Layer.handle [as handle_request] (D:\belajar\JavaScript\rest api\Pojok Code\3. rest-api\fullstack-skripsi\BE\node_modules\express\lib\router\layer.js:95:5)
    at next (D:\belajar\JavaScript\rest api\Pojok Code\3. rest-api\fullstack-skripsi\BE\node_modules\express\lib\router\route.js:144:13)
    at Route.dispatch (D:\belajar\JavaScript\rest api\Pojok Code\3. rest-api\fullstack-skripsi\BE\node_modules\express\lib\router\route.js:114:3)
    at Layer.handle [as handle_request] (D:\belajar\JavaScript\rest api\Pojok Code\3. rest-api\fullstack-skripsi\BE\node_modules\express\lib\router\layer.js:95:5)
    at D:\belajar\JavaScript\rest api\Pojok Code\3. rest-api\fullstack-skripsi\BE\node_modules\express\lib\router\index.js:284:15
    at Function.process_params (D:\belajar\JavaScript\rest api\Pojok Code\3. rest-api\fullstack-skripsi\BE\node_modules\express\lib\router\index.js:346:12)
    at next (D:\belajar\JavaScript\rest api\Pojok Code\3. rest-api\fullstack-skripsi\BE\node_modules\express\lib\router\index.js:280:10)
    at Function.handle (D:\belajar\JavaScript\rest api\Pojok Code\3. rest-api\fullstack-skripsi\BE\node_modules\express\lib\router\index.js:175:3)
 [LOGGER] 2024-03-31 10:51:01.973 PM error : Error in login function: [object Object]
 [LOGGER] 2024-03-31 10:51:01.975 PM error : Error: [object Object]
    at validate (file:///D:/belajar/JavaScript/rest%20api/Pojok%20Code/3.%20rest-api/fullstack-skripsi/BE/src/validation/validation.js:23:15)
    at login (file:///D:/belajar/JavaScript/rest%20api/Pojok%20Code/3.%20rest-api/fullstack-skripsi/BE/src/controller/user-controller.js:190:33)
    at Layer.handle [as handle_request] (D:\belajar\JavaScript\rest api\Pojok Code\3. rest-api\fullstack-skripsi\BE\node_modules\express\lib\router\layer.js:95:5)
    at next (D:\belajar\JavaScript\rest api\Pojok Code\3. rest-api\fullstack-skripsi\BE\node_modules\express\lib\router\route.js:144:13)
    at Route.dispatch (D:\belajar\JavaScript\rest api\Pojok Code\3. rest-api\fullstack-skripsi\BE\node_modules\express\lib\router\route.js:114:3)
    at Layer.handle [as handle_request] (D:\belajar\JavaScript\rest api\Pojok Code\3. rest-api\fullstack-skripsi\BE\node_modules\express\lib\router\layer.js:95:5)
    at D:\belajar\JavaScript\rest api\Pojok Code\3. rest-api\fullstack-skripsi\BE\node_modules\express\lib\router\index.js:284:15
    at Function.process_params (D:\belajar\JavaScript\rest api\Pojok Code\3. rest-api\fullstack-skripsi\BE\node_modules\express\lib\router\index.js:346:12)
    at next (D:\belajar\JavaScript\rest api\Pojok Code\3. rest-api\fullstack-skripsi\BE\node_modules\express\lib\router\index.js:280:10)
    at Function.handle (D:\belajar\JavaScript\rest api\Pojok Code\3. rest-api\fullstack-skripsi\BE\node_modules\express\lib\router\index.js:175:3)
 [LOGGER] 2024-03-31 10:58:17.941 PM error : uncaughtException: connect ECONNREFUSED ::1:3306
SequelizeConnectionRefusedError: connect ECONNREFUSED ::1:3306
    at ConnectionManager.connect (D:\belajar\JavaScript\rest api\Pojok Code\3. rest-api\fullstack-skripsi\BE\node_modules\sequelize\lib\dialects\mysql\connection-manager.js:92:17)
    at process.processTicksAndRejections (node:internal/process/task_queues:95:5)
    at async ConnectionManager._connect (D:\belajar\JavaScript\rest api\Pojok Code\3. rest-api\fullstack-skripsi\BE\node_modules\sequelize\lib\dialects\abstract\connection-manager.js:222:24)
    at async D:\belajar\JavaScript\rest api\Pojok Code\3. rest-api\fullstack-skripsi\BE\node_modules\sequelize\lib\dialects\abstract\connection-manager.js:174:32
 [LOGGER] 2024-03-31 10:58:17.945 PM error : uncaughtException: connect ECONNREFUSED ::1:3306
SequelizeConnectionRefusedError: connect ECONNREFUSED ::1:3306
    at ConnectionManager.connect (D:\belajar\JavaScript\rest api\Pojok Code\3. rest-api\fullstack-skripsi\BE\node_modules\sequelize\lib\dialects\mysql\connection-manager.js:92:17)
    at process.processTicksAndRejections (node:internal/process/task_queues:95:5)
    at async ConnectionManager._connect (D:\belajar\JavaScript\rest api\Pojok Code\3. rest-api\fullstack-skripsi\BE\node_modules\sequelize\lib\dialects\abstract\connection-manager.js:222:24)
    at async D:\belajar\JavaScript\rest api\Pojok Code\3. rest-api\fullstack-skripsi\BE\node_modules\sequelize\lib\dialects\abstract\connection-manager.js:174:32
 [LOGGER] 2024-03-31 10:58:17.947 PM error : uncaughtException: connect ECONNREFUSED ::1:3306
SequelizeConnectionRefusedError: connect ECONNREFUSED ::1:3306
    at ConnectionManager.connect (D:\belajar\JavaScript\rest api\Pojok Code\3. rest-api\fullstack-skripsi\BE\node_modules\sequelize\lib\dialects\mysql\connection-manager.js:92:17)
    at process.processTicksAndRejections (node:internal/process/task_queues:95:5)
    at async ConnectionManager._connect (D:\belajar\JavaScript\rest api\Pojok Code\3. rest-api\fullstack-skripsi\BE\node_modules\sequelize\lib\dialects\abstract\connection-manager.js:222:24)
    at async D:\belajar\JavaScript\rest api\Pojok Code\3. rest-api\fullstack-skripsi\BE\node_modules\sequelize\lib\dialects\abstract\connection-manager.js:174:32
 [LOGGER] 2024-03-31 10:58:17.948 PM error : uncaughtException: connect ECONNREFUSED ::1:3306
SequelizeConnectionRefusedError: connect ECONNREFUSED ::1:3306
    at ConnectionManager.connect (D:\belajar\JavaScript\rest api\Pojok Code\3. rest-api\fullstack-skripsi\BE\node_modules\sequelize\lib\dialects\mysql\connection-manager.js:92:17)
    at process.processTicksAndRejections (node:internal/process/task_queues:95:5)
    at async ConnectionManager._connect (D:\belajar\JavaScript\rest api\Pojok Code\3. rest-api\fullstack-skripsi\BE\node_modules\sequelize\lib\dialects\abstract\connection-manager.js:222:24)
    at async D:\belajar\JavaScript\rest api\Pojok Code\3. rest-api\fullstack-skripsi\BE\node_modules\sequelize\lib\dialects\abstract\connection-manager.js:174:32
 [LOGGER] 2024-03-31 10:58:17.948 PM error : uncaughtException: connect ECONNREFUSED ::1:3306
SequelizeConnectionRefusedError: connect ECONNREFUSED ::1:3306
    at ConnectionManager.connect (D:\belajar\JavaScript\rest api\Pojok Code\3. rest-api\fullstack-skripsi\BE\node_modules\sequelize\lib\dialects\mysql\connection-manager.js:92:17)
    at process.processTicksAndRejections (node:internal/process/task_queues:95:5)
    at async ConnectionManager._connect (D:\belajar\JavaScript\rest api\Pojok Code\3. rest-api\fullstack-skripsi\BE\node_modules\sequelize\lib\dialects\abstract\connection-manager.js:222:24)
    at async D:\belajar\JavaScript\rest api\Pojok Code\3. rest-api\fullstack-skripsi\BE\node_modules\sequelize\lib\dialects\abstract\connection-manager.js:174:32
 [LOGGER] 2024-03-31 10:58:17.950 PM error : uncaughtException: connect ECONNREFUSED ::1:3306
SequelizeConnectionRefusedError: connect ECONNREFUSED ::1:3306
    at ConnectionManager.connect (D:\belajar\JavaScript\rest api\Pojok Code\3. rest-api\fullstack-skripsi\BE\node_modules\sequelize\lib\dialects\mysql\connection-manager.js:92:17)
    at process.processTicksAndRejections (node:internal/process/task_queues:95:5)
    at async ConnectionManager._connect (D:\belajar\JavaScript\rest api\Pojok Code\3. rest-api\fullstack-skripsi\BE\node_modules\sequelize\lib\dialects\abstract\connection-manager.js:222:24)
    at async D:\belajar\JavaScript\rest api\Pojok Code\3. rest-api\fullstack-skripsi\BE\node_modules\sequelize\lib\dialects\abstract\connection-manager.js:174:32
