 [LOGGER] 2024-01-26 12:06:13.799 AM error : Error in update testimonial function: schema.validate is not a function
 [LOGGER] 2024-01-26 12:06:13.802 AM error : TypeError: schema.validate is not a function
    at validate (file:///D:/belajar/JavaScript/rest%20api/Pojok%20Code/3.%20rest-api/fullstack-skripsi/BE/src/validation/validation.js:4:27)
    at updateTestimonial (file:///D:/belajar/JavaScript/rest%20api/Pojok%20Code/3.%20rest-api/fullstack-skripsi/BE/src/controller/testimonial-controller.js:113:35)
    at process.processTicksAndRejections (node:internal/process/task_queues:95:5)
 [LOGGER] 2024-01-26 12:07:46.961 AM error : Error in update testimonial function: schema.validate is not a function
 [LOGGER] 2024-01-26 12:07:46.962 AM error : TypeError: schema.validate is not a function
    at validate (file:///D:/belajar/JavaScript/rest%20api/Pojok%20Code/3.%20rest-api/fullstack-skripsi/BE/src/validation/validation.js:4:27)
    at updateTestimonial (file:///D:/belajar/JavaScript/rest%20api/Pojok%20Code/3.%20rest-api/fullstack-skripsi/BE/src/controller/testimonial-controller.js:113:35)
    at process.processTicksAndRejections (node:internal/process/task_queues:95:5)
 [LOGGER] 2024-01-26 12:08:03.952 AM error : Error in update testimonial function: schema.validate is not a function
 [LOGGER] 2024-01-26 12:08:03.956 AM error : TypeError: schema.validate is not a function
    at validate (file:///D:/belajar/JavaScript/rest%20api/Pojok%20Code/3.%20rest-api/fullstack-skripsi/BE/src/validation/validation.js:4:27)
    at updateTestimonial (file:///D:/belajar/JavaScript/rest%20api/Pojok%20Code/3.%20rest-api/fullstack-skripsi/BE/src/controller/testimonial-controller.js:113:35)
    at process.processTicksAndRejections (node:internal/process/task_queues:95:5)
 [LOGGER] 2024-01-26 12:08:10.204 AM error : Error in update testimonial function: schema.validate is not a function
 [LOGGER] 2024-01-26 12:08:10.205 AM error : TypeError: schema.validate is not a function
    at validate (file:///D:/belajar/JavaScript/rest%20api/Pojok%20Code/3.%20rest-api/fullstack-skripsi/BE/src/validation/validation.js:4:27)
    at updateTestimonial (file:///D:/belajar/JavaScript/rest%20api/Pojok%20Code/3.%20rest-api/fullstack-skripsi/BE/src/controller/testimonial-controller.js:113:35)
    at process.processTicksAndRejections (node:internal/process/task_queues:95:5)
 [LOGGER] 2024-01-26 12:08:29.302 AM error : Error in update testimonial function: schema.validate is not a function
 [LOGGER] 2024-01-26 12:08:29.305 AM error : TypeError: schema.validate is not a function
    at validate (file:///D:/belajar/JavaScript/rest%20api/Pojok%20Code/3.%20rest-api/fullstack-skripsi/BE/src/validation/validation.js:4:27)
    at updateTestimonial (file:///D:/belajar/JavaScript/rest%20api/Pojok%20Code/3.%20rest-api/fullstack-skripsi/BE/src/controller/testimonial-controller.js:113:35)
    at process.processTicksAndRejections (node:internal/process/task_queues:95:5)
 [LOGGER] 2024-01-26 12:10:00.510 AM error : Error in get menu function Menu is not found
 [LOGGER] 2024-01-26 12:10:00.512 AM error : Error: Menu is not found
    at getMenu (file:///D:/belajar/JavaScript/rest%20api/Pojok%20Code/3.%20rest-api/fullstack-skripsi/BE/src/controller/menu-controller.js:121:19)
    at process.processTicksAndRejections (node:internal/process/task_queues:95:5)
 [LOGGER] 2024-01-26 12:13:08.750 AM error : Error in update menu function [object Object]
 [LOGGER] 2024-01-26 12:13:08.751 AM error : Error: [object Object]
    at validate (file:///D:/belajar/JavaScript/rest%20api/Pojok%20Code/3.%20rest-api/fullstack-skripsi/BE/src/validation/validation.js:23:15)
    at updateMenu (file:///D:/belajar/JavaScript/rest%20api/Pojok%20Code/3.%20rest-api/fullstack-skripsi/BE/src/controller/menu-controller.js:152:28)
    at process.processTicksAndRejections (node:internal/process/task_queues:95:5)
 [LOGGER] 2024-01-26 12:14:11.594 AM error : Error in update menu function [object Object]
 [LOGGER] 2024-01-26 12:14:11.595 AM error : Error: [object Object]
    at validate (file:///D:/belajar/JavaScript/rest%20api/Pojok%20Code/3.%20rest-api/fullstack-skripsi/BE/src/validation/validation.js:23:15)
    at updateMenu (file:///D:/belajar/JavaScript/rest%20api/Pojok%20Code/3.%20rest-api/fullstack-skripsi/BE/src/controller/menu-controller.js:152:28)
    at process.processTicksAndRejections (node:internal/process/task_queues:95:5)
 [LOGGER] 2024-01-26 12:21:21.127 AM error : Error in create menu function Menu already exist
 [LOGGER] 2024-01-26 12:21:21.129 AM error : Error: Menu already exist
    at createMenu (file:///D:/belajar/JavaScript/rest%20api/Pojok%20Code/3.%20rest-api/fullstack-skripsi/BE/src/controller/menu-controller.js:23:19)
    at process.processTicksAndRejections (node:internal/process/task_queues:95:5)
 [LOGGER] 2024-01-26 12:29:53.154 AM error : Error in forgot passwword function: Email not registered
 [LOGGER] 2024-01-26 12:29:53.155 AM error : Error: Email not registered
    at forgotPassword (file:///D:/belajar/JavaScript/rest%20api/Pojok%20Code/3.%20rest-api/fullstack-skripsi/BE/src/controller/user-controller.js:375:19)
    at process.processTicksAndRejections (node:internal/process/task_queues:95:5)
 [LOGGER] 2024-01-26 12:37:18.985 AM error : Error in update testimonial function: Testimoni is not found
 [LOGGER] 2024-01-26 12:37:18.986 AM error : Error: Testimoni is not found
    at updateTestimonial (file:///D:/belajar/JavaScript/rest%20api/Pojok%20Code/3.%20rest-api/fullstack-skripsi/BE/src/controller/testimonial-controller.js:112:37)
    at process.processTicksAndRejections (node:internal/process/task_queues:95:5)
 [LOGGER] 2024-01-26 12:38:33.903 AM error : Error in update testimonial function: schema.validate is not a function
 [LOGGER] 2024-01-26 12:38:33.907 AM error : TypeError: schema.validate is not a function
    at validate (file:///D:/belajar/JavaScript/rest%20api/Pojok%20Code/3.%20rest-api/fullstack-skripsi/BE/src/validation/validation.js:4:27)
    at updateTestimonial (file:///D:/belajar/JavaScript/rest%20api/Pojok%20Code/3.%20rest-api/fullstack-skripsi/BE/src/controller/testimonial-controller.js:113:35)
    at process.processTicksAndRejections (node:internal/process/task_queues:95:5)
 [LOGGER] 2024-01-26 12:39:07.230 AM error : Error in update testimonial function: Cannot read properties of undefined (reading 'filename')
 [LOGGER] 2024-01-26 12:39:07.235 AM error : TypeError: Cannot read properties of undefined (reading 'filename')
    at updateTestimonial (file:///D:/belajar/JavaScript/rest%20api/Pojok%20Code/3.%20rest-api/fullstack-skripsi/BE/src/controller/testimonial-controller.js:118:44)
    at process.processTicksAndRejections (node:internal/process/task_queues:95:5)
 [LOGGER] 2024-01-26 12:39:31.281 AM error : Error in update testimonial function: Cannot read properties of undefined (reading 'filename')
 [LOGGER] 2024-01-26 12:39:31.282 AM error : TypeError: Cannot read properties of undefined (reading 'filename')
    at updateTestimonial (file:///D:/belajar/JavaScript/rest%20api/Pojok%20Code/3.%20rest-api/fullstack-skripsi/BE/src/controller/testimonial-controller.js:118:44)
    at process.processTicksAndRejections (node:internal/process/task_queues:95:5)
 [LOGGER] 2024-01-26 12:39:54.722 AM error : Error in update testimonial function: Cannot read properties of undefined (reading 'filename')
 [LOGGER] 2024-01-26 12:39:54.724 AM error : TypeError: Cannot read properties of undefined (reading 'filename')
    at updateTestimonial (file:///D:/belajar/JavaScript/rest%20api/Pojok%20Code/3.%20rest-api/fullstack-skripsi/BE/src/controller/testimonial-controller.js:118:44)
    at process.processTicksAndRejections (node:internal/process/task_queues:95:5)
 [LOGGER] 2024-01-26 12:42:42.579 AM error : Error in update testimonial function: Cannot read properties of undefined (reading 'filename')
 [LOGGER] 2024-01-26 12:42:42.581 AM error : TypeError: Cannot read properties of undefined (reading 'filename')
    at updateTestimonial (file:///D:/belajar/JavaScript/rest%20api/Pojok%20Code/3.%20rest-api/fullstack-skripsi/BE/src/controller/testimonial-controller.js:122:44)
    at process.processTicksAndRejections (node:internal/process/task_queues:95:5)
 [LOGGER] 2024-01-26 12:43:03.578 AM error : Error in update testimonial function: Cannot read properties of undefined (reading 'filename')
 [LOGGER] 2024-01-26 12:43:03.579 AM error : TypeError: Cannot read properties of undefined (reading 'filename')
    at updateTestimonial (file:///D:/belajar/JavaScript/rest%20api/Pojok%20Code/3.%20rest-api/fullstack-skripsi/BE/src/controller/testimonial-controller.js:122:44)
    at process.processTicksAndRejections (node:internal/process/task_queues:95:5)
 [LOGGER] 2024-01-26 12:45:27.852 AM error : Error in update testimonial function: Cannot read properties of undefined (reading 'filename')
 [LOGGER] 2024-01-26 12:45:27.854 AM error : TypeError: Cannot read properties of undefined (reading 'filename')
    at updateTestimonial (file:///D:/belajar/JavaScript/rest%20api/Pojok%20Code/3.%20rest-api/fullstack-skripsi/BE/src/controller/testimonial-controller.js:122:44)
    at process.processTicksAndRejections (node:internal/process/task_queues:95:5)
 [LOGGER] 2024-01-26 12:47:16.192 AM error : Error in update testimonial function: Cannot read properties of undefined (reading 'filename')
 [LOGGER] 2024-01-26 12:47:16.194 AM error : TypeError: Cannot read properties of undefined (reading 'filename')
    at updateTestimonial (file:///D:/belajar/JavaScript/rest%20api/Pojok%20Code/3.%20rest-api/fullstack-skripsi/BE/src/controller/testimonial-controller.js:122:44)
    at process.processTicksAndRejections (node:internal/process/task_queues:95:5)
 [LOGGER] 2024-01-26 12:55:58.214 AM error : Error in update testimonial function: [object Object]
 [LOGGER] 2024-01-26 12:55:58.219 AM error : Error: [object Object]
    at validate (file:///D:/belajar/JavaScript/rest%20api/Pojok%20Code/3.%20rest-api/fullstack-skripsi/BE/src/validation/validation.js:23:15)
    at updateTestimonial (file:///D:/belajar/JavaScript/rest%20api/Pojok%20Code/3.%20rest-api/fullstack-skripsi/BE/src/controller/testimonial-controller.js:115:35)
    at process.processTicksAndRejections (node:internal/process/task_queues:95:5)
 [LOGGER] 2024-01-26 12:56:17.257 AM error : Error in update testimonial function: [object Object]
 [LOGGER] 2024-01-26 12:56:17.257 AM error : Error: [object Object]
    at validate (file:///D:/belajar/JavaScript/rest%20api/Pojok%20Code/3.%20rest-api/fullstack-skripsi/BE/src/validation/validation.js:23:15)
    at updateTestimonial (file:///D:/belajar/JavaScript/rest%20api/Pojok%20Code/3.%20rest-api/fullstack-skripsi/BE/src/controller/testimonial-controller.js:115:35)
    at process.processTicksAndRejections (node:internal/process/task_queues:95:5)
 [LOGGER] 2024-01-26 01:01:34.711 AM error : Error in update user function: [object Object]
 [LOGGER] 2024-01-26 01:01:34.713 AM error : Error: [object Object]
    at validate (file:///D:/belajar/JavaScript/rest%20api/Pojok%20Code/3.%20rest-api/fullstack-skripsi/BE/src/validation/validation.js:23:15)
    at updateUser (file:///D:/belajar/JavaScript/rest%20api/Pojok%20Code/3.%20rest-api/fullstack-skripsi/BE/src/controller/user-controller.js:298:28)
    at process.processTicksAndRejections (node:internal/process/task_queues:95:5)
 [LOGGER] 2024-01-26 10:59:46.755 AM error : Error in forgot passwword function: Email not registered
 [LOGGER] 2024-01-26 10:59:46.757 AM error : Error: Email not registered
    at forgotPassword (file:///D:/belajar/JavaScript/rest%20api/Pojok%20Code/3.%20rest-api/fullstack-skripsi/BE/src/controller/user-controller.js:375:19)
    at process.processTicksAndRejections (node:internal/process/task_queues:95:5)
 [LOGGER] 2024-01-26 10:59:57.803 AM error : Error in login function: Email or password wrong
 [LOGGER] 2024-01-26 10:59:57.804 AM error : Error: Email or password wrong
    at login (file:///D:/belajar/JavaScript/rest%20api/Pojok%20Code/3.%20rest-api/fullstack-skripsi/BE/src/controller/user-controller.js:171:19)
    at process.processTicksAndRejections (node:internal/process/task_queues:95:5)
 [LOGGER] 2024-01-26 06:28:07.337 PM error : Error in login function: Email or password wrong
 [LOGGER] 2024-01-26 06:28:07.341 PM error : Error: Email or password wrong
    at login (file:///D:/belajar/JavaScript/rest%20api/Pojok%20Code/3.%20rest-api/fullstack-skripsi/BE/src/controller/user-controller.js:176:19)
    at process.processTicksAndRejections (node:internal/process/task_queues:95:5)
 [LOGGER] 2024-01-26 06:39:08.530 PM error : uncaughtException: checkRole is not defined
ReferenceError: checkRole is not defined
    at file:///D:/belajar/JavaScript/rest%20api/Pojok%20Code/3.%20rest-api/fullstack-skripsi/BE/src/routes/api.js:19:27
    at ModuleJob.run (node:internal/modules/esm/module_job:194:25)
 [LOGGER] 2024-01-26 06:40:08.067 PM error : uncaughtException: checkRole is not defined
ReferenceError: checkRole is not defined
    at file:///D:/belajar/JavaScript/rest%20api/Pojok%20Code/3.%20rest-api/fullstack-skripsi/BE/src/routes/api.js:19:27
    at ModuleJob.run (node:internal/modules/esm/module_job:194:25)
 [LOGGER] 2024-01-26 06:40:17.167 PM error : Error in check role function: Cannot read properties of undefined (reading 'user')
 [LOGGER] 2024-01-26 06:40:17.171 PM error : TypeError: Cannot read properties of undefined (reading 'user')
    at isAdmin (file:///D:/belajar/JavaScript/rest%20api/Pojok%20Code/3.%20rest-api/fullstack-skripsi/BE/src/middleware/auth-middleware.js:24:17)
    at file:///D:/belajar/JavaScript/rest%20api/Pojok%20Code/3.%20rest-api/fullstack-skripsi/BE/src/routes/api.js:19:43
    at ModuleJob.run (node:internal/modules/esm/module_job:194:25)
 [LOGGER] 2024-01-26 06:40:17.189 PM error : uncaughtException: next is not a function
TypeError: next is not a function
    at isAdmin (file:///D:/belajar/JavaScript/rest%20api/Pojok%20Code/3.%20rest-api/fullstack-skripsi/BE/src/middleware/auth-middleware.js:30:9)
    at file:///D:/belajar/JavaScript/rest%20api/Pojok%20Code/3.%20rest-api/fullstack-skripsi/BE/src/routes/api.js:19:43
    at ModuleJob.run (node:internal/modules/esm/module_job:194:25)
 [LOGGER] 2024-01-26 06:41:54.094 PM error : Error in check role function: Cannot read properties of undefined (reading 'user')
 [LOGGER] 2024-01-26 06:41:54.097 PM error : TypeError: Cannot read properties of undefined (reading 'user')
    at isAdmin (file:///D:/belajar/JavaScript/rest%20api/Pojok%20Code/3.%20rest-api/fullstack-skripsi/BE/src/middleware/auth-middleware.js:24:17)
    at file:///D:/belajar/JavaScript/rest%20api/Pojok%20Code/3.%20rest-api/fullstack-skripsi/BE/src/routes/api.js:19:43
    at ModuleJob.run (node:internal/modules/esm/module_job:194:25)
 [LOGGER] 2024-01-26 06:41:54.109 PM error : uncaughtException: next is not a function
TypeError: next is not a function
    at isAdmin (file:///D:/belajar/JavaScript/rest%20api/Pojok%20Code/3.%20rest-api/fullstack-skripsi/BE/src/middleware/auth-middleware.js:30:9)
    at file:///D:/belajar/JavaScript/rest%20api/Pojok%20Code/3.%20rest-api/fullstack-skripsi/BE/src/routes/api.js:19:43
    at ModuleJob.run (node:internal/modules/esm/module_job:194:25)
 [LOGGER] 2024-01-26 06:44:24.750 PM error : uncaughtException: Cannot read properties of undefined (reading 'user')
TypeError: Cannot read properties of undefined (reading 'user')
    at isAdmin (file:///D:/belajar/JavaScript/rest%20api/Pojok%20Code/3.%20rest-api/fullstack-skripsi/BE/src/middleware/auth-middleware.js:23:13)
    at file:///D:/belajar/JavaScript/rest%20api/Pojok%20Code/3.%20rest-api/fullstack-skripsi/BE/src/routes/api.js:19:43
    at ModuleJob.run (node:internal/modules/esm/module_job:194:25)
 [LOGGER] 2024-01-26 06:44:33.915 PM error : uncaughtException: Cannot read properties of undefined (reading 'user')
TypeError: Cannot read properties of undefined (reading 'user')
    at isAdmin (file:///D:/belajar/JavaScript/rest%20api/Pojok%20Code/3.%20rest-api/fullstack-skripsi/BE/src/middleware/auth-middleware.js:23:13)
    at file:///D:/belajar/JavaScript/rest%20api/Pojok%20Code/3.%20rest-api/fullstack-skripsi/BE/src/routes/api.js:19:43
    at ModuleJob.run (node:internal/modules/esm/module_job:194:25)
 [LOGGER] 2024-01-26 06:52:39.588 PM error : Error in check role function: Forbidden
 [LOGGER] 2024-01-26 06:52:39.591 PM error : Error: Forbidden
    at isAdmin (file:///D:/belajar/JavaScript/rest%20api/Pojok%20Code/3.%20rest-api/fullstack-skripsi/BE/src/middleware/auth-middleware.js:25:19)
    at Layer.handle [as handle_request] (D:\belajar\JavaScript\rest api\Pojok Code\3. rest-api\fullstack-skripsi\BE\node_modules\express\lib\router\layer.js:95:5)
    at next (D:\belajar\JavaScript\rest api\Pojok Code\3. rest-api\fullstack-skripsi\BE\node_modules\express\lib\router\route.js:144:13)
    at authentication (file:///D:/belajar/JavaScript/rest%20api/Pojok%20Code/3.%20rest-api/fullstack-skripsi/BE/src/middleware/auth-middleware.js:19:5)
    at Layer.handle [as handle_request] (D:\belajar\JavaScript\rest api\Pojok Code\3. rest-api\fullstack-skripsi\BE\node_modules\express\lib\router\layer.js:95:5)
    at next (D:\belajar\JavaScript\rest api\Pojok Code\3. rest-api\fullstack-skripsi\BE\node_modules\express\lib\router\route.js:144:13)
    at Route.dispatch (D:\belajar\JavaScript\rest api\Pojok Code\3. rest-api\fullstack-skripsi\BE\node_modules\express\lib\router\route.js:114:3)
    at Layer.handle [as handle_request] (D:\belajar\JavaScript\rest api\Pojok Code\3. rest-api\fullstack-skripsi\BE\node_modules\express\lib\router\layer.js:95:5)
    at D:\belajar\JavaScript\rest api\Pojok Code\3. rest-api\fullstack-skripsi\BE\node_modules\express\lib\router\index.js:284:15
    at Function.process_params (D:\belajar\JavaScript\rest api\Pojok Code\3. rest-api\fullstack-skripsi\BE\node_modules\express\lib\router\index.js:346:12)
