 [LOGGER] 2024-01-07 01:03:33.710 AM error : Error in register function: Register Field
 [LOGGER] 2024-01-07 01:03:47.206 AM error : Error in register function: Register Field
 [LOGGER] 2024-01-07 01:03:47.209 AM error : Error: Register Field
    at register (file:///D:/belajar/JavaScript/rest%20api/Pojok%20Code/3.%20rest-api/fullstack-skripsi/be/src/controller/user-controller.js:37:19)
    at process.processTicksAndRejections (node:internal/process/task_queues:95:5)
 [LOGGER] 2024-01-07 01:04:05.237 AM error : Error in register function: Register Field
 [LOGGER] 2024-01-07 01:04:05.238 AM error : Error: Register Field
    at register (file:///D:/belajar/JavaScript/rest%20api/Pojok%20Code/3.%20rest-api/fullstack-skripsi/be/src/controller/user-controller.js:31:19)
    at process.processTicksAndRejections (node:internal/process/task_queues:95:5)
 [LOGGER] 2024-01-07 01:06:49.362 AM error : Error in register function: Register Gagal
 [LOGGER] 2024-01-07 01:06:49.365 AM error : Error: Register Gagal
    at register (file:///D:/belajar/JavaScript/rest%20api/Pojok%20Code/3.%20rest-api/fullstack-skripsi/be/src/controller/user-controller.js:31:19)
    at process.processTicksAndRejections (node:internal/process/task_queues:95:5)
 [LOGGER] 2024-01-07 03:31:53.755 AM error : Error in register function: Register Field
 [LOGGER] 2024-01-07 03:31:53.757 AM error : Error: Register Field
    at register (file:///D:/belajar/JavaScript/rest%20api/Pojok%20Code/3.%20rest-api/fullstack-skripsi/be/src/controller/user-controller.js:32:19)
    at process.processTicksAndRejections (node:internal/process/task_queues:95:5)
 [LOGGER] 2024-01-07 03:33:22.194 AM error : Error in register function: Register Field
 [LOGGER] 2024-01-07 03:33:22.195 AM error : Error: Register Field
    at register (file:///D:/belajar/JavaScript/rest%20api/Pojok%20Code/3.%20rest-api/fullstack-skripsi/be/src/controller/user-controller.js:36:19)
    at process.processTicksAndRejections (node:internal/process/task_queues:95:5)
 [LOGGER] 2024-01-07 03:33:53.656 AM error : Error in register function: Register Field
 [LOGGER] 2024-01-07 03:33:53.657 AM error : Error: Register Field
    at register (file:///D:/belajar/JavaScript/rest%20api/Pojok%20Code/3.%20rest-api/fullstack-skripsi/be/src/controller/user-controller.js:36:19)
    at process.processTicksAndRejections (node:internal/process/task_queues:95:5)
 [LOGGER] 2024-01-07 03:34:05.095 AM error : Error in register function: Register Field
 [LOGGER] 2024-01-07 03:34:05.095 AM error : Error: Register Field
    at register (file:///D:/belajar/JavaScript/rest%20api/Pojok%20Code/3.%20rest-api/fullstack-skripsi/be/src/controller/user-controller.js:32:19)
    at process.processTicksAndRejections (node:internal/process/task_queues:95:5)
 [LOGGER] 2024-01-07 03:34:25.616 AM error : Error in register function: Register Field
 [LOGGER] 2024-01-07 03:34:25.617 AM error : Error: Register Field
    at register (file:///D:/belajar/JavaScript/rest%20api/Pojok%20Code/3.%20rest-api/fullstack-skripsi/be/src/controller/user-controller.js:36:19)
    at process.processTicksAndRejections (node:internal/process/task_queues:95:5)
 [LOGGER] 2024-01-07 03:34:55.941 AM error : Error in register function: Register Field
 [LOGGER] 2024-01-07 03:34:55.943 AM error : Error: Register Field
    at register (file:///D:/belajar/JavaScript/rest%20api/Pojok%20Code/3.%20rest-api/fullstack-skripsi/be/src/controller/user-controller.js:36:19)
    at process.processTicksAndRejections (node:internal/process/task_queues:95:5)
 [LOGGER] 2024-01-07 03:35:07.681 AM error : Error in register function: Register Field
 [LOGGER] 2024-01-07 03:35:07.682 AM error : Error: Register Field
    at register (file:///D:/belajar/JavaScript/rest%20api/Pojok%20Code/3.%20rest-api/fullstack-skripsi/be/src/controller/user-controller.js:36:19)
    at process.processTicksAndRejections (node:internal/process/task_queues:95:5)
 [LOGGER] 2024-01-07 03:36:37.772 AM error : Error in register function: Register Field
 [LOGGER] 2024-01-07 03:36:37.773 AM error : Error: Register Field
    at register (file:///D:/belajar/JavaScript/rest%20api/Pojok%20Code/3.%20rest-api/fullstack-skripsi/be/src/controller/user-controller.js:36:19)
    at process.processTicksAndRejections (node:internal/process/task_queues:95:5)
 [LOGGER] 2024-01-07 03:42:55.122 AM error : Error in register function: Register Field
 [LOGGER] 2024-01-07 03:42:55.123 AM error : Error: Register Field
    at register (file:///D:/belajar/JavaScript/rest%20api/Pojok%20Code/3.%20rest-api/fullstack-skripsi/be/src/controller/user-controller.js:36:19)
    at process.processTicksAndRejections (node:internal/process/task_queues:95:5)
 [LOGGER] 2024-01-07 03:47:19.869 AM error : Error in register function: Register Field
 [LOGGER] 2024-01-07 03:47:19.873 AM error : Error: Register Field
    at register (file:///D:/belajar/JavaScript/rest%20api/Pojok%20Code/3.%20rest-api/fullstack-skripsi/be/src/controller/user-controller.js:34:19)
    at process.processTicksAndRejections (node:internal/process/task_queues:95:5)
 [LOGGER] 2024-01-07 03:48:08.453 AM error : Error in register function: Register Field
 [LOGGER] 2024-01-07 03:48:08.454 AM error : Error: Register Field
    at register (file:///D:/belajar/JavaScript/rest%20api/Pojok%20Code/3.%20rest-api/fullstack-skripsi/be/src/controller/user-controller.js:34:19)
    at process.processTicksAndRejections (node:internal/process/task_queues:95:5)
 [LOGGER] 2024-01-07 11:09:10.431 AM error : uncaughtException: connect ECONNREFUSED ::1:3306
SequelizeConnectionRefusedError: connect ECONNREFUSED ::1:3306
    at ConnectionManager.connect (D:\belajar\JavaScript\rest api\Pojok Code\3. rest-api\fullstack-skripsi\be\node_modules\sequelize\lib\dialects\mysql\connection-manager.js:92:17)
    at process.processTicksAndRejections (node:internal/process/task_queues:95:5)
    at async ConnectionManager._connect (D:\belajar\JavaScript\rest api\Pojok Code\3. rest-api\fullstack-skripsi\be\node_modules\sequelize\lib\dialects\abstract\connection-manager.js:222:24)
    at async D:\belajar\JavaScript\rest api\Pojok Code\3. rest-api\fullstack-skripsi\be\node_modules\sequelize\lib\dialects\abstract\connection-manager.js:174:32
    at async ConnectionManager.getConnection (D:\belajar\JavaScript\rest api\Pojok Code\3. rest-api\fullstack-skripsi\be\node_modules\sequelize\lib\dialects\abstract\connection-manager.js:197:7)
    at async D:\belajar\JavaScript\rest api\Pojok Code\3. rest-api\fullstack-skripsi\be\node_modules\sequelize\lib\sequelize.js:305:26
    at async MySQLQueryInterface.tableExists (D:\belajar\JavaScript\rest api\Pojok Code\3. rest-api\fullstack-skripsi\be\node_modules\sequelize\lib\dialects\abstract\query-interface.js:102:17)
    at async User.sync (D:\belajar\JavaScript\rest api\Pojok Code\3. rest-api\fullstack-skripsi\be\node_modules\sequelize\lib\model.js:939:21)
    at async Sequelize.sync (D:\belajar\JavaScript\rest api\Pojok Code\3. rest-api\fullstack-skripsi\be\node_modules\sequelize\lib\sequelize.js:377:9)
 [LOGGER] 2024-01-07 11:10:57.182 AM error : uncaughtException: valid.forEach is not a function
TypeError: valid.forEach is not a function
    at dd (file:///D:/belajar/JavaScript/rest%20api/Pojok%20Code/3.%20rest-api/fullstack-skripsi/be/src/validation/user-validation.js:15:27)
    at new Promise (<anonymous>)
    at file:///D:/belajar/JavaScript/rest%20api/Pojok%20Code/3.%20rest-api/fullstack-skripsi/be/src/validation/user-validation.js:13:28
    at Array.forEach (<anonymous>)
    at message (file:///D:/belajar/JavaScript/rest%20api/Pojok%20Code/3.%20rest-api/fullstack-skripsi/be/src/validation/user-validation.js:9:30)
    at new Promise (<anonymous>)
    at registerValidation (file:///D:/belajar/JavaScript/rest%20api/Pojok%20Code/3.%20rest-api/fullstack-skripsi/be/src/validation/user-validation.js:8:27)
    at process.processTicksAndRejections (node:internal/process/task_queues:95:5)
    at async register (file:///D:/belajar/JavaScript/rest%20api/Pojok%20Code/3.%20rest-api/fullstack-skripsi/be/src/controller/user-controller.js:23:23)
 [LOGGER] 2024-01-07 11:10:57.187 AM error : uncaughtException: valid.forEach is not a function
TypeError: valid.forEach is not a function
    at dd (file:///D:/belajar/JavaScript/rest%20api/Pojok%20Code/3.%20rest-api/fullstack-skripsi/be/src/validation/user-validation.js:15:27)
    at new Promise (<anonymous>)
    at file:///D:/belajar/JavaScript/rest%20api/Pojok%20Code/3.%20rest-api/fullstack-skripsi/be/src/validation/user-validation.js:13:28
    at Array.forEach (<anonymous>)
    at message (file:///D:/belajar/JavaScript/rest%20api/Pojok%20Code/3.%20rest-api/fullstack-skripsi/be/src/validation/user-validation.js:9:30)
    at new Promise (<anonymous>)
    at registerValidation (file:///D:/belajar/JavaScript/rest%20api/Pojok%20Code/3.%20rest-api/fullstack-skripsi/be/src/validation/user-validation.js:8:27)
    at process.processTicksAndRejections (node:internal/process/task_queues:95:5)
    at async register (file:///D:/belajar/JavaScript/rest%20api/Pojok%20Code/3.%20rest-api/fullstack-skripsi/be/src/controller/user-controller.js:23:23)
 [LOGGER] 2024-01-07 11:10:57.191 AM error : uncaughtException: valid.forEach is not a function
TypeError: valid.forEach is not a function
    at dd (file:///D:/belajar/JavaScript/rest%20api/Pojok%20Code/3.%20rest-api/fullstack-skripsi/be/src/validation/user-validation.js:15:27)
    at new Promise (<anonymous>)
    at file:///D:/belajar/JavaScript/rest%20api/Pojok%20Code/3.%20rest-api/fullstack-skripsi/be/src/validation/user-validation.js:13:28
    at Array.forEach (<anonymous>)
    at message (file:///D:/belajar/JavaScript/rest%20api/Pojok%20Code/3.%20rest-api/fullstack-skripsi/be/src/validation/user-validation.js:9:30)
    at new Promise (<anonymous>)
    at registerValidation (file:///D:/belajar/JavaScript/rest%20api/Pojok%20Code/3.%20rest-api/fullstack-skripsi/be/src/validation/user-validation.js:8:27)
    at process.processTicksAndRejections (node:internal/process/task_queues:95:5)
    at async register (file:///D:/belajar/JavaScript/rest%20api/Pojok%20Code/3.%20rest-api/fullstack-skripsi/be/src/controller/user-controller.js:23:23)
 [LOGGER] 2024-01-07 11:12:50.639 AM error : Error in register function: Register Field
 [LOGGER] 2024-01-07 11:12:50.643 AM error : Error: Register Field
    at register (file:///D:/belajar/JavaScript/rest%20api/Pojok%20Code/3.%20rest-api/fullstack-skripsi/be/src/controller/user-controller.js:36:19)
    at process.processTicksAndRejections (node:internal/process/task_queues:95:5)
 [LOGGER] 2024-01-07 11:13:32.197 AM error : Error in register function: Validation error: Validation isEmail on email failed
 [LOGGER] 2024-01-07 11:13:32.199 AM error : SequelizeValidationError: Validation error: Validation isEmail on email failed
    at InstanceValidator._validate (D:\belajar\JavaScript\rest api\Pojok Code\3. rest-api\fullstack-skripsi\be\node_modules\sequelize\lib\instance-validator.js:50:13)
    at process.processTicksAndRejections (node:internal/process/task_queues:95:5)
    at async InstanceValidator._validateAndRunHooks (D:\belajar\JavaScript\rest api\Pojok Code\3. rest-api\fullstack-skripsi\be\node_modules\sequelize\lib\instance-validator.js:60:7)
    at async InstanceValidator.validate (D:\belajar\JavaScript\rest api\Pojok Code\3. rest-api\fullstack-skripsi\be\node_modules\sequelize\lib\instance-validator.js:54:12)
    at async model.save (D:\belajar\JavaScript\rest api\Pojok Code\3. rest-api\fullstack-skripsi\be\node_modules\sequelize\lib\model.js:2426:7)
    at async User.create (D:\belajar\JavaScript\rest api\Pojok Code\3. rest-api\fullstack-skripsi\be\node_modules\sequelize\lib\model.js:1362:12)
    at async register (file:///D:/belajar/JavaScript/rest%20api/Pojok%20Code/3.%20rest-api/fullstack-skripsi/be/src/controller/user-controller.js:49:24)
 [LOGGER] 2024-01-07 11:13:57.438 AM error : Error in register function: Register Field
 [LOGGER] 2024-01-07 11:13:57.439 AM error : Error: Register Field
    at register (file:///D:/belajar/JavaScript/rest%20api/Pojok%20Code/3.%20rest-api/fullstack-skripsi/be/src/controller/user-controller.js:25:19)
    at process.processTicksAndRejections (node:internal/process/task_queues:95:5)
 [LOGGER] 2024-01-07 11:14:17.384 AM error : Error in register function: Validation error: Validation isEmail on email failed
 [LOGGER] 2024-01-07 11:14:17.385 AM error : SequelizeValidationError: Validation error: Validation isEmail on email failed
    at InstanceValidator._validate (D:\belajar\JavaScript\rest api\Pojok Code\3. rest-api\fullstack-skripsi\be\node_modules\sequelize\lib\instance-validator.js:50:13)
    at process.processTicksAndRejections (node:internal/process/task_queues:95:5)
    at async InstanceValidator._validateAndRunHooks (D:\belajar\JavaScript\rest api\Pojok Code\3. rest-api\fullstack-skripsi\be\node_modules\sequelize\lib\instance-validator.js:60:7)
    at async InstanceValidator.validate (D:\belajar\JavaScript\rest api\Pojok Code\3. rest-api\fullstack-skripsi\be\node_modules\sequelize\lib\instance-validator.js:54:12)
    at async model.save (D:\belajar\JavaScript\rest api\Pojok Code\3. rest-api\fullstack-skripsi\be\node_modules\sequelize\lib\model.js:2426:7)
    at async User.create (D:\belajar\JavaScript\rest api\Pojok Code\3. rest-api\fullstack-skripsi\be\node_modules\sequelize\lib\model.js:1362:12)
    at async register (file:///D:/belajar/JavaScript/rest%20api/Pojok%20Code/3.%20rest-api/fullstack-skripsi/be/src/controller/user-controller.js:49:24)
 [LOGGER] 2024-01-07 11:15:47.378 AM error : Error in register function: Validation error: Validation isEmail on email failed
 [LOGGER] 2024-01-07 11:15:47.380 AM error : SequelizeValidationError: Validation error: Validation isEmail on email failed
    at InstanceValidator._validate (D:\belajar\JavaScript\rest api\Pojok Code\3. rest-api\fullstack-skripsi\be\node_modules\sequelize\lib\instance-validator.js:50:13)
    at process.processTicksAndRejections (node:internal/process/task_queues:95:5)
    at async InstanceValidator._validateAndRunHooks (D:\belajar\JavaScript\rest api\Pojok Code\3. rest-api\fullstack-skripsi\be\node_modules\sequelize\lib\instance-validator.js:60:7)
    at async InstanceValidator.validate (D:\belajar\JavaScript\rest api\Pojok Code\3. rest-api\fullstack-skripsi\be\node_modules\sequelize\lib\instance-validator.js:54:12)
    at async model.save (D:\belajar\JavaScript\rest api\Pojok Code\3. rest-api\fullstack-skripsi\be\node_modules\sequelize\lib\model.js:2426:7)
    at async User.create (D:\belajar\JavaScript\rest api\Pojok Code\3. rest-api\fullstack-skripsi\be\node_modules\sequelize\lib\model.js:1362:12)
    at async register (file:///D:/belajar/JavaScript/rest%20api/Pojok%20Code/3.%20rest-api/fullstack-skripsi/be/src/controller/user-controller.js:49:24)
 [LOGGER] 2024-01-07 11:15:57.958 AM error : Error in register function: Register Field
 [LOGGER] 2024-01-07 11:15:57.959 AM error : Error: Register Field
    at register (file:///D:/belajar/JavaScript/rest%20api/Pojok%20Code/3.%20rest-api/fullstack-skripsi/be/src/controller/user-controller.js:36:19)
    at process.processTicksAndRejections (node:internal/process/task_queues:95:5)
 [LOGGER] 2024-01-07 11:18:21.300 AM error : Error in register function: Register Field
 [LOGGER] 2024-01-07 11:18:21.303 AM error : Error: Register Field
    at register (file:///D:/belajar/JavaScript/rest%20api/Pojok%20Code/3.%20rest-api/fullstack-skripsi/be/src/controller/user-controller.js:36:19)
    at process.processTicksAndRejections (node:internal/process/task_queues:95:5)
 [LOGGER] 2024-01-07 11:18:28.454 AM error : Error in register function: Validation error: Validation isEmail on email failed
 [LOGGER] 2024-01-07 11:18:28.455 AM error : SequelizeValidationError: Validation error: Validation isEmail on email failed
    at InstanceValidator._validate (D:\belajar\JavaScript\rest api\Pojok Code\3. rest-api\fullstack-skripsi\be\node_modules\sequelize\lib\instance-validator.js:50:13)
    at process.processTicksAndRejections (node:internal/process/task_queues:95:5)
    at async InstanceValidator._validateAndRunHooks (D:\belajar\JavaScript\rest api\Pojok Code\3. rest-api\fullstack-skripsi\be\node_modules\sequelize\lib\instance-validator.js:60:7)
    at async InstanceValidator.validate (D:\belajar\JavaScript\rest api\Pojok Code\3. rest-api\fullstack-skripsi\be\node_modules\sequelize\lib\instance-validator.js:54:12)
    at async model.save (D:\belajar\JavaScript\rest api\Pojok Code\3. rest-api\fullstack-skripsi\be\node_modules\sequelize\lib\model.js:2426:7)
    at async User.create (D:\belajar\JavaScript\rest api\Pojok Code\3. rest-api\fullstack-skripsi\be\node_modules\sequelize\lib\model.js:1362:12)
    at async register (file:///D:/belajar/JavaScript/rest%20api/Pojok%20Code/3.%20rest-api/fullstack-skripsi/be/src/controller/user-controller.js:48:24)
 [LOGGER] 2024-01-07 11:18:34.664 AM error : Error in register function: Register Field
 [LOGGER] 2024-01-07 11:18:34.665 AM error : Error: Register Field
    at register (file:///D:/belajar/JavaScript/rest%20api/Pojok%20Code/3.%20rest-api/fullstack-skripsi/be/src/controller/user-controller.js:25:19)
    at process.processTicksAndRejections (node:internal/process/task_queues:95:5)
 [LOGGER] 2024-01-07 11:18:46.220 AM error : Error in register function: Register Field
 [LOGGER] 2024-01-07 11:18:46.220 AM error : Error: Register Field
    at register (file:///D:/belajar/JavaScript/rest%20api/Pojok%20Code/3.%20rest-api/fullstack-skripsi/be/src/controller/user-controller.js:25:19)
    at process.processTicksAndRejections (node:internal/process/task_queues:95:5)
 [LOGGER] 2024-01-07 11:18:51.848 AM error : Error in register function: Register Field
 [LOGGER] 2024-01-07 11:18:51.849 AM error : Error: Register Field
    at register (file:///D:/belajar/JavaScript/rest%20api/Pojok%20Code/3.%20rest-api/fullstack-skripsi/be/src/controller/user-controller.js:25:19)
    at process.processTicksAndRejections (node:internal/process/task_queues:95:5)
 [LOGGER] 2024-01-07 11:19:03.058 AM error : Error in register function: Register Field
 [LOGGER] 2024-01-07 11:19:03.059 AM error : Error: Register Field
    at register (file:///D:/belajar/JavaScript/rest%20api/Pojok%20Code/3.%20rest-api/fullstack-skripsi/be/src/controller/user-controller.js:25:19)
    at process.processTicksAndRejections (node:internal/process/task_queues:95:5)
 [LOGGER] 2024-01-07 11:19:08.690 AM error : Error in register function: Register Field
 [LOGGER] 2024-01-07 11:19:08.690 AM error : Error: Register Field
    at register (file:///D:/belajar/JavaScript/rest%20api/Pojok%20Code/3.%20rest-api/fullstack-skripsi/be/src/controller/user-controller.js:25:19)
    at process.processTicksAndRejections (node:internal/process/task_queues:95:5)
 [LOGGER] 2024-01-07 11:20:13.004 AM error : Error in register function: Register Field
 [LOGGER] 2024-01-07 11:20:13.004 AM error : Error: Register Field
    at register (file:///D:/belajar/JavaScript/rest%20api/Pojok%20Code/3.%20rest-api/fullstack-skripsi/be/src/controller/user-controller.js:25:19)
    at process.processTicksAndRejections (node:internal/process/task_queues:95:5)
 [LOGGER] 2024-01-07 11:24:24.939 AM error : Error in register function: Register Field
 [LOGGER] 2024-01-07 11:24:24.942 AM error : Error: Register Field
    at register (file:///D:/belajar/JavaScript/rest%20api/Pojok%20Code/3.%20rest-api/fullstack-skripsi/be/src/controller/user-controller.js:25:19)
    at process.processTicksAndRejections (node:internal/process/task_queues:95:5)
 [LOGGER] 2024-01-07 11:27:08.917 AM error : Error in register function: Register Field
 [LOGGER] 2024-01-07 11:27:08.919 AM error : Error: Register Field
    at register (file:///D:/belajar/JavaScript/rest%20api/Pojok%20Code/3.%20rest-api/fullstack-skripsi/be/src/controller/user-controller.js:25:19)
    at process.processTicksAndRejections (node:internal/process/task_queues:95:5)
 [LOGGER] 2024-01-07 11:27:41.641 AM error : Error in register function: Register Field
 [LOGGER] 2024-01-07 11:27:41.645 AM error : Error: Register Field
    at register (file:///D:/belajar/JavaScript/rest%20api/Pojok%20Code/3.%20rest-api/fullstack-skripsi/be/src/controller/user-controller.js:25:19)
    at process.processTicksAndRejections (node:internal/process/task_queues:95:5)
 [LOGGER] 2024-01-07 11:27:50.645 AM error : Error in register function: Register Field
 [LOGGER] 2024-01-07 11:27:50.646 AM error : Error: Register Field
    at register (file:///D:/belajar/JavaScript/rest%20api/Pojok%20Code/3.%20rest-api/fullstack-skripsi/be/src/controller/user-controller.js:25:19)
    at process.processTicksAndRejections (node:internal/process/task_queues:95:5)
 [LOGGER] 2024-01-07 11:31:51.346 AM error : uncaughtException: a is not defined
ReferenceError: a is not defined
    at file:///D:/belajar/JavaScript/rest%20api/Pojok%20Code/3.%20rest-api/fullstack-skripsi/be/src/controller/user-controller.js:11:1
    at ModuleJob.run (node:internal/modules/esm/module_job:194:25)
 [LOGGER] 2024-01-07 04:07:24.313 PM error : uncaughtException: connect ECONNREFUSED ::1:3306
SequelizeConnectionRefusedError: connect ECONNREFUSED ::1:3306
    at ConnectionManager.connect (D:\belajar\JavaScript\rest api\Pojok Code\3. rest-api\fullstack-skripsi\be\node_modules\sequelize\lib\dialects\mysql\connection-manager.js:92:17)
    at process.processTicksAndRejections (node:internal/process/task_queues:95:5)
    at async ConnectionManager._connect (D:\belajar\JavaScript\rest api\Pojok Code\3. rest-api\fullstack-skripsi\be\node_modules\sequelize\lib\dialects\abstract\connection-manager.js:222:24)
    at async D:\belajar\JavaScript\rest api\Pojok Code\3. rest-api\fullstack-skripsi\be\node_modules\sequelize\lib\dialects\abstract\connection-manager.js:174:32
    at async ConnectionManager.getConnection (D:\belajar\JavaScript\rest api\Pojok Code\3. rest-api\fullstack-skripsi\be\node_modules\sequelize\lib\dialects\abstract\connection-manager.js:197:7)
    at async D:\belajar\JavaScript\rest api\Pojok Code\3. rest-api\fullstack-skripsi\be\node_modules\sequelize\lib\sequelize.js:305:26
    at async MySQLQueryInterface.tableExists (D:\belajar\JavaScript\rest api\Pojok Code\3. rest-api\fullstack-skripsi\be\node_modules\sequelize\lib\dialects\abstract\query-interface.js:102:17)
    at async User.sync (D:\belajar\JavaScript\rest api\Pojok Code\3. rest-api\fullstack-skripsi\be\node_modules\sequelize\lib\model.js:939:21)
    at async Sequelize.sync (D:\belajar\JavaScript\rest api\Pojok Code\3. rest-api\fullstack-skripsi\be\node_modules\sequelize\lib\sequelize.js:377:9)
 [LOGGER] 2024-01-07 04:08:13.108 PM error : Error in register function: Register Field
 [LOGGER] 2024-01-07 04:08:13.111 PM error : Error: Register Field
    at register (file:///D:/belajar/JavaScript/rest%20api/Pojok%20Code/3.%20rest-api/fullstack-skripsi/be/src/controller/user-controller.js:25:19)
    at process.processTicksAndRejections (node:internal/process/task_queues:95:5)
 [LOGGER] 2024-01-07 04:08:20.834 PM error : Error in register function: Register Field
 [LOGGER] 2024-01-07 04:08:20.835 PM error : Error: Register Field
    at register (file:///D:/belajar/JavaScript/rest%20api/Pojok%20Code/3.%20rest-api/fullstack-skripsi/be/src/controller/user-controller.js:25:19)
    at process.processTicksAndRejections (node:internal/process/task_queues:95:5)
 [LOGGER] 2024-01-07 04:21:24.841 PM error : Error in register function: Register Field
 [LOGGER] 2024-01-07 04:21:24.844 PM error : Error: Register Field
    at register (file:///D:/belajar/JavaScript/rest%20api/Pojok%20Code/3.%20rest-api/fullstack-skripsi/be/src/controller/user-controller.js:30:19)
    at process.processTicksAndRejections (node:internal/process/task_queues:95:5)
 [LOGGER] 2024-01-07 04:21:51.464 PM error : Error in register function: Register Field
 [LOGGER] 2024-01-07 04:21:51.464 PM error : Error: Register Field
    at register (file:///D:/belajar/JavaScript/rest%20api/Pojok%20Code/3.%20rest-api/fullstack-skripsi/be/src/controller/user-controller.js:30:19)
    at process.processTicksAndRejections (node:internal/process/task_queues:95:5)
 [LOGGER] 2024-01-07 04:21:56.160 PM error : Error in register function: Register Field
 [LOGGER] 2024-01-07 04:21:56.161 PM error : Error: Register Field
    at register (file:///D:/belajar/JavaScript/rest%20api/Pojok%20Code/3.%20rest-api/fullstack-skripsi/be/src/controller/user-controller.js:30:19)
    at process.processTicksAndRejections (node:internal/process/task_queues:95:5)
 [LOGGER] 2024-01-07 04:22:01.314 PM error : Error in register function: Register Field
 [LOGGER] 2024-01-07 04:22:01.316 PM error : Error: Register Field
    at register (file:///D:/belajar/JavaScript/rest%20api/Pojok%20Code/3.%20rest-api/fullstack-skripsi/be/src/controller/user-controller.js:30:19)
    at process.processTicksAndRejections (node:internal/process/task_queues:95:5)
 [LOGGER] 2024-01-07 04:22:08.567 PM error : Error in register function: Register Field
 [LOGGER] 2024-01-07 04:22:08.569 PM error : Error: Register Field
    at register (file:///D:/belajar/JavaScript/rest%20api/Pojok%20Code/3.%20rest-api/fullstack-skripsi/be/src/controller/user-controller.js:30:19)
    at process.processTicksAndRejections (node:internal/process/task_queues:95:5)
 [LOGGER] 2024-01-07 04:22:17.015 PM error : Error in register function: Register Field
 [LOGGER] 2024-01-07 04:22:17.015 PM error : Error: Register Field
    at register (file:///D:/belajar/JavaScript/rest%20api/Pojok%20Code/3.%20rest-api/fullstack-skripsi/be/src/controller/user-controller.js:30:19)
    at process.processTicksAndRejections (node:internal/process/task_queues:95:5)
 [LOGGER] 2024-01-07 04:22:39.442 PM error : Error in register function: Register Field
 [LOGGER] 2024-01-07 04:22:39.443 PM error : Error: Register Field
    at register (file:///D:/belajar/JavaScript/rest%20api/Pojok%20Code/3.%20rest-api/fullstack-skripsi/be/src/controller/user-controller.js:30:19)
    at process.processTicksAndRejections (node:internal/process/task_queues:95:5)
 [LOGGER] 2024-01-07 04:29:58.071 PM error : Error in register function: Register Field
 [LOGGER] 2024-01-07 04:29:58.074 PM error : Error: Register Field
    at register (file:///D:/belajar/JavaScript/rest%20api/Pojok%20Code/3.%20rest-api/fullstack-skripsi/be/src/controller/user-controller.js:41:19)
    at process.processTicksAndRejections (node:internal/process/task_queues:95:5)
 [LOGGER] 2024-01-07 04:30:11.208 PM error : Error in register function: Register Field
 [LOGGER] 2024-01-07 04:30:11.209 PM error : Error: Register Field
    at register (file:///D:/belajar/JavaScript/rest%20api/Pojok%20Code/3.%20rest-api/fullstack-skripsi/be/src/controller/user-controller.js:41:19)
    at process.processTicksAndRejections (node:internal/process/task_queues:95:5)
 [LOGGER] 2024-01-07 04:30:20.083 PM error : Error in register function: Register Field
 [LOGGER] 2024-01-07 04:30:20.084 PM error : Error: Register Field
    at register (file:///D:/belajar/JavaScript/rest%20api/Pojok%20Code/3.%20rest-api/fullstack-skripsi/be/src/controller/user-controller.js:41:19)
    at process.processTicksAndRejections (node:internal/process/task_queues:95:5)
 [LOGGER] 2024-01-07 04:31:14.160 PM error : Error in register function: Register Field
 [LOGGER] 2024-01-07 04:31:14.163 PM error : Error: Register Field
    at register (file:///D:/belajar/JavaScript/rest%20api/Pojok%20Code/3.%20rest-api/fullstack-skripsi/be/src/controller/user-controller.js:41:19)
    at process.processTicksAndRejections (node:internal/process/task_queues:95:5)
 [LOGGER] 2024-01-07 04:31:19.065 PM error : Error in register function: Register Field
 [LOGGER] 2024-01-07 04:31:19.067 PM error : Error: Register Field
    at register (file:///D:/belajar/JavaScript/rest%20api/Pojok%20Code/3.%20rest-api/fullstack-skripsi/be/src/controller/user-controller.js:41:19)
    at process.processTicksAndRejections (node:internal/process/task_queues:95:5)
 [LOGGER] 2024-01-07 04:42:11.858 PM error : Error in register function: Register Field
 [LOGGER] 2024-01-07 04:42:11.867 PM error : Error: Register Field
    at register (file:///D:/belajar/JavaScript/rest%20api/Pojok%20Code/3.%20rest-api/fullstack-skripsi/be/src/controller/user-controller.js:41:19)
    at process.processTicksAndRejections (node:internal/process/task_queues:95:5)
 [LOGGER] 2024-01-07 04:42:29.974 PM error : Error in register function: Register Field
 [LOGGER] 2024-01-07 04:42:29.975 PM error : Error: Register Field
    at register (file:///D:/belajar/JavaScript/rest%20api/Pojok%20Code/3.%20rest-api/fullstack-skripsi/be/src/controller/user-controller.js:41:19)
    at process.processTicksAndRejections (node:internal/process/task_queues:95:5)
 [LOGGER] 2024-01-07 04:42:38.574 PM error : Error in register function: Register Field
 [LOGGER] 2024-01-07 04:42:38.575 PM error : Error: Register Field
    at register (file:///D:/belajar/JavaScript/rest%20api/Pojok%20Code/3.%20rest-api/fullstack-skripsi/be/src/controller/user-controller.js:41:19)
    at process.processTicksAndRejections (node:internal/process/task_queues:95:5)
 [LOGGER] 2024-01-07 04:42:55.833 PM error : Error in register function: Register Field
 [LOGGER] 2024-01-07 04:42:55.836 PM error : Error: Register Field
    at register (file:///D:/belajar/JavaScript/rest%20api/Pojok%20Code/3.%20rest-api/fullstack-skripsi/be/src/controller/user-controller.js:41:19)
    at process.processTicksAndRejections (node:internal/process/task_queues:95:5)
 [LOGGER] 2024-01-07 04:43:03.020 PM error : Error in register function: Register Field
 [LOGGER] 2024-01-07 04:43:03.021 PM error : Error: Register Field
    at register (file:///D:/belajar/JavaScript/rest%20api/Pojok%20Code/3.%20rest-api/fullstack-skripsi/be/src/controller/user-controller.js:41:19)
    at process.processTicksAndRejections (node:internal/process/task_queues:95:5)
 [LOGGER] 2024-01-07 04:43:17.289 PM error : uncaughtException: a is not defined
ReferenceError: a is not defined
    at file:///D:/belajar/JavaScript/rest%20api/Pojok%20Code/3.%20rest-api/fullstack-skripsi/be/src/controller/user-controller.js:11:1
    at ModuleJob.run (node:internal/modules/esm/module_job:194:25)
 [LOGGER] 2024-01-07 04:43:44.157 PM error : Error in register function: Register Field
 [LOGGER] 2024-01-07 04:43:44.160 PM error : Error: Register Field
    at register (file:///D:/belajar/JavaScript/rest%20api/Pojok%20Code/3.%20rest-api/fullstack-skripsi/be/src/controller/user-controller.js:25:19)
    at process.processTicksAndRejections (node:internal/process/task_queues:95:5)
 [LOGGER] 2024-01-07 04:44:29.890 PM error : Error in register function: Register Field
 [LOGGER] 2024-01-07 04:44:29.891 PM error : Error: Register Field
    at register (file:///D:/belajar/JavaScript/rest%20api/Pojok%20Code/3.%20rest-api/fullstack-skripsi/be/src/controller/user-controller.js:25:19)
    at process.processTicksAndRejections (node:internal/process/task_queues:95:5)
 [LOGGER] 2024-01-07 04:45:30.714 PM error : Error in register function: Register Field
 [LOGGER] 2024-01-07 04:45:30.717 PM error : Error: Register Field
    at register (file:///D:/belajar/JavaScript/rest%20api/Pojok%20Code/3.%20rest-api/fullstack-skripsi/be/src/controller/user-controller.js:25:19)
    at process.processTicksAndRejections (node:internal/process/task_queues:95:5)
 [LOGGER] 2024-01-07 04:45:38.496 PM error : Error in register function: Register Field
 [LOGGER] 2024-01-07 04:45:38.498 PM error : Error: Register Field
    at register (file:///D:/belajar/JavaScript/rest%20api/Pojok%20Code/3.%20rest-api/fullstack-skripsi/be/src/controller/user-controller.js:25:19)
    at process.processTicksAndRejections (node:internal/process/task_queues:95:5)
 [LOGGER] 2024-01-07 04:46:03.078 PM error : Error in register function: Register Field
 [LOGGER] 2024-01-07 04:46:03.080 PM error : Error: Register Field
    at register (file:///D:/belajar/JavaScript/rest%20api/Pojok%20Code/3.%20rest-api/fullstack-skripsi/be/src/controller/user-controller.js:25:19)
    at process.processTicksAndRejections (node:internal/process/task_queues:95:5)
 [LOGGER] 2024-01-07 04:46:21.398 PM error : Error in register function: Register Field
 [LOGGER] 2024-01-07 04:46:21.401 PM error : Error: Register Field
    at register (file:///D:/belajar/JavaScript/rest%20api/Pojok%20Code/3.%20rest-api/fullstack-skripsi/be/src/controller/user-controller.js:25:19)
    at process.processTicksAndRejections (node:internal/process/task_queues:95:5)
 [LOGGER] 2024-01-07 04:46:21.406 PM error : uncaughtException: valid[key].split is not a function
TypeError: valid[key].split is not a function
    at file:///D:/belajar/JavaScript/rest%20api/Pojok%20Code/3.%20rest-api/fullstack-skripsi/be/src/validation/user-validation.js:12:45
    at Array.forEach (<anonymous>)
    at message (file:///D:/belajar/JavaScript/rest%20api/Pojok%20Code/3.%20rest-api/fullstack-skripsi/be/src/validation/user-validation.js:9:30)
    at new Promise (<anonymous>)
    at registerValidation (file:///D:/belajar/JavaScript/rest%20api/Pojok%20Code/3.%20rest-api/fullstack-skripsi/be/src/validation/user-validation.js:8:27)
    at process.processTicksAndRejections (node:internal/process/task_queues:95:5)
    at async register (file:///D:/belajar/JavaScript/rest%20api/Pojok%20Code/3.%20rest-api/fullstack-skripsi/be/src/controller/user-controller.js:23:23)
 [LOGGER] 2024-01-07 04:46:30.277 PM error : Error in register function: Register Field
 [LOGGER] 2024-01-07 04:46:30.280 PM error : Error: Register Field
    at register (file:///D:/belajar/JavaScript/rest%20api/Pojok%20Code/3.%20rest-api/fullstack-skripsi/be/src/controller/user-controller.js:25:19)
    at process.processTicksAndRejections (node:internal/process/task_queues:95:5)
 [LOGGER] 2024-01-07 04:46:30.286 PM error : uncaughtException: valid[key].split is not a function
TypeError: valid[key].split is not a function
    at file:///D:/belajar/JavaScript/rest%20api/Pojok%20Code/3.%20rest-api/fullstack-skripsi/be/src/validation/user-validation.js:12:45
    at Array.forEach (<anonymous>)
    at message (file:///D:/belajar/JavaScript/rest%20api/Pojok%20Code/3.%20rest-api/fullstack-skripsi/be/src/validation/user-validation.js:9:30)
    at new Promise (<anonymous>)
    at registerValidation (file:///D:/belajar/JavaScript/rest%20api/Pojok%20Code/3.%20rest-api/fullstack-skripsi/be/src/validation/user-validation.js:8:27)
    at process.processTicksAndRejections (node:internal/process/task_queues:95:5)
    at async register (file:///D:/belajar/JavaScript/rest%20api/Pojok%20Code/3.%20rest-api/fullstack-skripsi/be/src/controller/user-controller.js:23:23)
 [LOGGER] 2024-01-07 04:46:36.397 PM error : Error in register function: Register Field
 [LOGGER] 2024-01-07 04:46:36.400 PM error : Error: Register Field
    at register (file:///D:/belajar/JavaScript/rest%20api/Pojok%20Code/3.%20rest-api/fullstack-skripsi/be/src/controller/user-controller.js:25:19)
    at process.processTicksAndRejections (node:internal/process/task_queues:95:5)
 [LOGGER] 2024-01-07 04:47:15.754 PM error : Error in register function: Register Field
 [LOGGER] 2024-01-07 04:47:15.755 PM error : Error: Register Field
    at register (file:///D:/belajar/JavaScript/rest%20api/Pojok%20Code/3.%20rest-api/fullstack-skripsi/be/src/controller/user-controller.js:25:19)
    at process.processTicksAndRejections (node:internal/process/task_queues:95:5)
 [LOGGER] 2024-01-07 04:47:27.941 PM error : Error in register function: Register Field
 [LOGGER] 2024-01-07 04:47:27.942 PM error : Error: Register Field
    at register (file:///D:/belajar/JavaScript/rest%20api/Pojok%20Code/3.%20rest-api/fullstack-skripsi/be/src/controller/user-controller.js:25:19)
    at process.processTicksAndRejections (node:internal/process/task_queues:95:5)
 [LOGGER] 2024-01-07 04:47:50.364 PM error : Error in register function: Register Field
 [LOGGER] 2024-01-07 04:47:50.365 PM error : Error: Register Field
    at register (file:///D:/belajar/JavaScript/rest%20api/Pojok%20Code/3.%20rest-api/fullstack-skripsi/be/src/controller/user-controller.js:36:19)
    at process.processTicksAndRejections (node:internal/process/task_queues:95:5)
 [LOGGER] 2024-01-07 04:47:53.060 PM error : Error in register function: Register Field
 [LOGGER] 2024-01-07 04:47:53.061 PM error : Error: Register Field
    at register (file:///D:/belajar/JavaScript/rest%20api/Pojok%20Code/3.%20rest-api/fullstack-skripsi/be/src/controller/user-controller.js:36:19)
    at process.processTicksAndRejections (node:internal/process/task_queues:95:5)
 [LOGGER] 2024-01-07 04:49:18.090 PM error : Error in register function: Register Field
 [LOGGER] 2024-01-07 04:49:18.091 PM error : Error: Register Field
    at register (file:///D:/belajar/JavaScript/rest%20api/Pojok%20Code/3.%20rest-api/fullstack-skripsi/be/src/controller/user-controller.js:34:19)
    at process.processTicksAndRejections (node:internal/process/task_queues:95:5)
 [LOGGER] 2024-01-07 05:07:09.741 PM error : Error in register function: Register Field
 [LOGGER] 2024-01-07 05:07:09.744 PM error : Error: Register Field
    at register (file:///D:/belajar/JavaScript/rest%20api/Pojok%20Code/3.%20rest-api/fullstack-skripsi/be/src/controller/user-controller.js:33:19)
    at process.processTicksAndRejections (node:internal/process/task_queues:95:5)
