 [LOGGER] 2024-05-24 04:14:34.400 PM ERROR : Error in processing Cancel Transaction : getaddrinfo ENOTFOUND api.sandbox.midtrans.com
 [LOGGER] 2024-05-24 04:14:34.552 PM ERROR : Error: getaddrinfo ENOTFOUND api.sandbox.midtrans.com
    at AxiosError.from (file:///D:/tugas%20kuliah/skripsi/Website%20Skripsi/BE/node_modules/axios/lib/core/AxiosError.js:89:14)
    at RedirectableRequest.handleRequestError (file:///D:/tugas%20kuliah/skripsi/Website%20Skripsi/BE/node_modules/axios/lib/adapters/http.js:610:25)
    at RedirectableRequest.emit (node:events:514:28)
    at eventHandlers.<computed> (D:\tugas kuliah\skripsi\Website Skripsi\BE\node_modules\follow-redirects\index.js:38:24)
    at ClientRequest.emit (node:events:514:28)
    at TLSSocket.socketErrorListener (node:_http_client:501:9)
    at TLSSocket.emit (node:events:514:28)
    at emitErrorNT (node:internal/streams/destroy:151:8)
    at emitErrorCloseNT (node:internal/streams/destroy:116:3)
    at process.processTicksAndRejections (node:internal/process/task_queues:82:21)
    at Axios.request (file:///D:/tugas%20kuliah/skripsi/Website%20Skripsi/BE/node_modules/axios/lib/core/Axios.js:45:41)
    at process.processTicksAndRejections (node:internal/process/task_queues:95:5)
    at async cancelTransaction (file:///D:/tugas%20kuliah/skripsi/Website%20Skripsi/BE/src/controller/order-cotroller.js:291:26)
 [LOGGER] 2024-05-24 04:32:53.649 PM ERROR : uncaughtException: Operation timeout
SequelizeConnectionAcquireTimeoutError: Operation timeout
    at ConnectionManager.getConnection (D:\tugas kuliah\skripsi\Website Skripsi\BE\node_modules\sequelize\lib\dialects\abstract\connection-manager.js:206:15)
    at runNextTicks (node:internal/process/task_queues:60:5)
    at listOnTimeout (node:internal/timers:538:9)
    at process.processTimers (node:internal/timers:512:7)
    at async D:\tugas kuliah\skripsi\Website Skripsi\BE\node_modules\sequelize\lib\sequelize.js:305:26
    at async MySQLQueryInterface.tableExists (D:\tugas kuliah\skripsi\Website Skripsi\BE\node_modules\sequelize\lib\dialects\abstract\query-interface.js:102:17)
    at async User.sync (D:\tugas kuliah\skripsi\Website Skripsi\BE\node_modules\sequelize\lib\model.js:939:21)
    at async Sequelize.sync (D:\tugas kuliah\skripsi\Website Skripsi\BE\node_modules\sequelize\lib\sequelize.js:377:9)
    at async file:///D:/tugas%20kuliah/skripsi/Website%20Skripsi/BE/src/model/user-model.js:75:5
 [LOGGER] 2024-05-24 04:32:53.659 PM ERROR : uncaughtException: Operation timeout
SequelizeConnectionAcquireTimeoutError: Operation timeout
    at ConnectionManager.getConnection (D:\tugas kuliah\skripsi\Website Skripsi\BE\node_modules\sequelize\lib\dialects\abstract\connection-manager.js:206:15)
    at runNextTicks (node:internal/process/task_queues:60:5)
    at listOnTimeout (node:internal/timers:538:9)
    at process.processTimers (node:internal/timers:512:7)
    at async D:\tugas kuliah\skripsi\Website Skripsi\BE\node_modules\sequelize\lib\sequelize.js:305:26
    at async MySQLQueryInterface.tableExists (D:\tugas kuliah\skripsi\Website Skripsi\BE\node_modules\sequelize\lib\dialects\abstract\query-interface.js:102:17)
    at async User.sync (D:\tugas kuliah\skripsi\Website Skripsi\BE\node_modules\sequelize\lib\model.js:939:21)
    at async Sequelize.sync (D:\tugas kuliah\skripsi\Website Skripsi\BE\node_modules\sequelize\lib\sequelize.js:377:9)
    at async file:///D:/tugas%20kuliah/skripsi/Website%20Skripsi/BE/src/model/menu-model.js:38:5
 [LOGGER] 2024-05-24 04:32:53.661 PM ERROR : uncaughtException: Operation timeout
SequelizeConnectionAcquireTimeoutError: Operation timeout
    at ConnectionManager.getConnection (D:\tugas kuliah\skripsi\Website Skripsi\BE\node_modules\sequelize\lib\dialects\abstract\connection-manager.js:206:15)
    at runNextTicks (node:internal/process/task_queues:60:5)
    at listOnTimeout (node:internal/timers:538:9)
    at process.processTimers (node:internal/timers:512:7)
    at async D:\tugas kuliah\skripsi\Website Skripsi\BE\node_modules\sequelize\lib\sequelize.js:305:26
    at async MySQLQueryInterface.tableExists (D:\tugas kuliah\skripsi\Website Skripsi\BE\node_modules\sequelize\lib\dialects\abstract\query-interface.js:102:17)
    at async User.sync (D:\tugas kuliah\skripsi\Website Skripsi\BE\node_modules\sequelize\lib\model.js:939:21)
    at async Sequelize.sync (D:\tugas kuliah\skripsi\Website Skripsi\BE\node_modules\sequelize\lib\sequelize.js:377:9)
    at async file:///D:/tugas%20kuliah/skripsi/Website%20Skripsi/BE/src/model/cart-model.js:58:5
 [LOGGER] 2024-05-24 04:32:53.676 PM ERROR : uncaughtException: Operation timeout
SequelizeConnectionAcquireTimeoutError: Operation timeout
    at ConnectionManager.getConnection (D:\tugas kuliah\skripsi\Website Skripsi\BE\node_modules\sequelize\lib\dialects\abstract\connection-manager.js:206:15)
    at runNextTicks (node:internal/process/task_queues:60:5)
    at listOnTimeout (node:internal/timers:538:9)
    at process.processTimers (node:internal/timers:512:7)
    at async D:\tugas kuliah\skripsi\Website Skripsi\BE\node_modules\sequelize\lib\sequelize.js:305:26
    at async MySQLQueryInterface.tableExists (D:\tugas kuliah\skripsi\Website Skripsi\BE\node_modules\sequelize\lib\dialects\abstract\query-interface.js:102:17)
    at async User.sync (D:\tugas kuliah\skripsi\Website Skripsi\BE\node_modules\sequelize\lib\model.js:939:21)
    at async Sequelize.sync (D:\tugas kuliah\skripsi\Website Skripsi\BE\node_modules\sequelize\lib\sequelize.js:377:9)
    at async file:///D:/tugas%20kuliah/skripsi/Website%20Skripsi/BE/src/model/order-model.js:65:5
 [LOGGER] 2024-05-24 04:32:53.679 PM ERROR : uncaughtException: Operation timeout
SequelizeConnectionAcquireTimeoutError: Operation timeout
    at ConnectionManager.getConnection (D:\tugas kuliah\skripsi\Website Skripsi\BE\node_modules\sequelize\lib\dialects\abstract\connection-manager.js:206:15)
    at runNextTicks (node:internal/process/task_queues:60:5)
    at listOnTimeout (node:internal/timers:538:9)
    at process.processTimers (node:internal/timers:512:7)
    at async D:\tugas kuliah\skripsi\Website Skripsi\BE\node_modules\sequelize\lib\sequelize.js:305:26
    at async MySQLQueryInterface.tableExists (D:\tugas kuliah\skripsi\Website Skripsi\BE\node_modules\sequelize\lib\dialects\abstract\query-interface.js:102:17)
    at async User.sync (D:\tugas kuliah\skripsi\Website Skripsi\BE\node_modules\sequelize\lib\model.js:939:21)
    at async Sequelize.sync (D:\tugas kuliah\skripsi\Website Skripsi\BE\node_modules\sequelize\lib\sequelize.js:377:9)
    at async file:///D:/tugas%20kuliah/skripsi/Website%20Skripsi/BE/src/model/order-item-model.js:58:5
 [LOGGER] 2024-05-24 04:32:53.681 PM ERROR : uncaughtException: Operation timeout
SequelizeConnectionAcquireTimeoutError: Operation timeout
    at ConnectionManager.getConnection (D:\tugas kuliah\skripsi\Website Skripsi\BE\node_modules\sequelize\lib\dialects\abstract\connection-manager.js:206:15)
    at async D:\tugas kuliah\skripsi\Website Skripsi\BE\node_modules\sequelize\lib\sequelize.js:305:26
    at async MySQLQueryInterface.tableExists (D:\tugas kuliah\skripsi\Website Skripsi\BE\node_modules\sequelize\lib\dialects\abstract\query-interface.js:102:17)
    at async User.sync (D:\tugas kuliah\skripsi\Website Skripsi\BE\node_modules\sequelize\lib\model.js:939:21)
    at async Sequelize.sync (D:\tugas kuliah\skripsi\Website Skripsi\BE\node_modules\sequelize\lib\sequelize.js:377:9)
    at async file:///D:/tugas%20kuliah/skripsi/Website%20Skripsi/BE/src/model/review-model.js:52:5
 [LOGGER] 2024-05-24 04:34:23.645 PM ERROR : Error in get province function getaddrinfo ENOTFOUND api.rajaongkir.com
 [LOGGER] 2024-05-24 04:34:23.647 PM ERROR : Error: getaddrinfo ENOTFOUND api.rajaongkir.com
    at AxiosError.from (file:///D:/tugas%20kuliah/skripsi/Website%20Skripsi/BE/node_modules/axios/lib/core/AxiosError.js:89:14)
    at RedirectableRequest.handleRequestError (file:///D:/tugas%20kuliah/skripsi/Website%20Skripsi/BE/node_modules/axios/lib/adapters/http.js:610:25)
    at RedirectableRequest.emit (node:events:514:28)
    at eventHandlers.<computed> (D:\tugas kuliah\skripsi\Website Skripsi\BE\node_modules\follow-redirects\index.js:38:24)
    at ClientRequest.emit (node:events:514:28)
    at TLSSocket.socketErrorListener (node:_http_client:501:9)
    at TLSSocket.emit (node:events:514:28)
    at emitErrorNT (node:internal/streams/destroy:151:8)
    at emitErrorCloseNT (node:internal/streams/destroy:116:3)
    at process.processTicksAndRejections (node:internal/process/task_queues:82:21)
    at Axios.request (file:///D:/tugas%20kuliah/skripsi/Website%20Skripsi/BE/node_modules/axios/lib/core/Axios.js:45:41)
    at process.processTicksAndRejections (node:internal/process/task_queues:95:5)
    at async province (file:///D:/tugas%20kuliah/skripsi/Website%20Skripsi/BE/src/controller/ongkir-controller.js:12:26)
