 [LOGGER] 2024-01-11 01:48:23.709 PM error : uncaughtException: connect ECONNREFUSED ::1:3306
SequelizeConnectionRefusedError: connect ECONNREFUSED ::1:3306
    at ConnectionManager.connect (D:\belajar\JavaScript\rest api\Pojok Code\3. rest-api\fullstack-skripsi\BE\node_modules\sequelize\lib\dialects\mysql\connection-manager.js:92:17)
    at process.processTicksAndRejections (node:internal/process/task_queues:95:5)
    at async ConnectionManager._connect (D:\belajar\JavaScript\rest api\Pojok Code\3. rest-api\fullstack-skripsi\BE\node_modules\sequelize\lib\dialects\abstract\connection-manager.js:222:24)
    at async D:\belajar\JavaScript\rest api\Pojok Code\3. rest-api\fullstack-skripsi\BE\node_modules\sequelize\lib\dialects\abstract\connection-manager.js:174:32
    at async ConnectionManager.getConnection (D:\belajar\JavaScript\rest api\Pojok Code\3. rest-api\fullstack-skripsi\BE\node_modules\sequelize\lib\dialects\abstract\connection-manager.js:197:7)
    at async D:\belajar\JavaScript\rest api\Pojok Code\3. rest-api\fullstack-skripsi\BE\node_modules\sequelize\lib\sequelize.js:305:26
    at async MySQLQueryInterface.tableExists (D:\belajar\JavaScript\rest api\Pojok Code\3. rest-api\fullstack-skripsi\BE\node_modules\sequelize\lib\dialects\abstract\query-interface.js:102:17)
    at async User.sync (D:\belajar\JavaScript\rest api\Pojok Code\3. rest-api\fullstack-skripsi\BE\node_modules\sequelize\lib\model.js:939:21)
    at async Sequelize.sync (D:\belajar\JavaScript\rest api\Pojok Code\3. rest-api\fullstack-skripsi\BE\node_modules\sequelize\lib\sequelize.js:377:9)
 [LOGGER] 2024-01-11 01:52:11.379 PM error : Error in register function: Cannot read properties of undefined (reading 'push')
 [LOGGER] 2024-01-11 01:52:11.382 PM error : TypeError: Cannot read properties of undefined (reading 'push')
    at register (file:///D:/belajar/JavaScript/rest%20api/Pojok%20Code/3.%20rest-api/fullstack-skripsi/BE/src/controller/user-controller.js:24:26)
    at process.processTicksAndRejections (node:internal/process/task_queues:95:5)
 [LOGGER] 2024-01-11 01:53:13.935 PM error : Error in register function: Cannot read properties of undefined (reading 'push')
 [LOGGER] 2024-01-11 01:53:13.936 PM error : TypeError: Cannot read properties of undefined (reading 'push')
    at register (file:///D:/belajar/JavaScript/rest%20api/Pojok%20Code/3.%20rest-api/fullstack-skripsi/BE/src/controller/user-controller.js:24:26)
    at process.processTicksAndRejections (node:internal/process/task_queues:95:5)
 [LOGGER] 2024-01-11 01:53:13.941 PM error : uncaughtException: Expected a string but received a undefined
TypeError: Expected a string but received a undefined
    at assertString (D:\belajar\JavaScript\rest api\Pojok Code\3. rest-api\fullstack-skripsi\BE\node_modules\validator\lib\util\assertString.js:17:11)
    at Object.isEmpty (D:\belajar\JavaScript\rest api\Pojok Code\3. rest-api\fullstack-skripsi\BE\node_modules\validator\lib\isEmpty.js:19:29)
    at file:///D:/belajar/JavaScript/rest%20api/Pojok%20Code/3.%20rest-api/fullstack-skripsi/BE/src/validation/user-validation.js:21:70
    at Array.forEach (<anonymous>)
    at dd (file:///D:/belajar/JavaScript/rest%20api/Pojok%20Code/3.%20rest-api/fullstack-skripsi/BE/src/validation/user-validation.js:15:26)
    at new Promise (<anonymous>)
    at file:///D:/belajar/JavaScript/rest%20api/Pojok%20Code/3.%20rest-api/fullstack-skripsi/BE/src/validation/user-validation.js:13:24
    at Array.forEach (<anonymous>)
    at message (file:///D:/belajar/JavaScript/rest%20api/Pojok%20Code/3.%20rest-api/fullstack-skripsi/BE/src/validation/user-validation.js:9:31)
    at new Promise (<anonymous>)
 [LOGGER] 2024-01-11 01:58:00.636 PM error : Error in register function: Cannot read properties of undefined (reading 'push')
 [LOGGER] 2024-01-11 01:58:00.638 PM error : TypeError: Cannot read properties of undefined (reading 'push')
    at register (file:///D:/belajar/JavaScript/rest%20api/Pojok%20Code/3.%20rest-api/fullstack-skripsi/BE/src/controller/user-controller.js:24:26)
    at process.processTicksAndRejections (node:internal/process/task_queues:95:5)
 [LOGGER] 2024-01-11 01:58:00.643 PM error : uncaughtException: Expected a string but received a undefined
TypeError: Expected a string but received a undefined
    at assertString (D:\belajar\JavaScript\rest api\Pojok Code\3. rest-api\fullstack-skripsi\BE\node_modules\validator\lib\util\assertString.js:17:11)
    at Object.isEmpty (D:\belajar\JavaScript\rest api\Pojok Code\3. rest-api\fullstack-skripsi\BE\node_modules\validator\lib\isEmpty.js:19:29)
    at file:///D:/belajar/JavaScript/rest%20api/Pojok%20Code/3.%20rest-api/fullstack-skripsi/BE/src/validation/user-validation.js:21:70
    at Array.forEach (<anonymous>)
    at dd (file:///D:/belajar/JavaScript/rest%20api/Pojok%20Code/3.%20rest-api/fullstack-skripsi/BE/src/validation/user-validation.js:15:26)
    at new Promise (<anonymous>)
    at file:///D:/belajar/JavaScript/rest%20api/Pojok%20Code/3.%20rest-api/fullstack-skripsi/BE/src/validation/user-validation.js:13:24
    at Array.forEach (<anonymous>)
    at message (file:///D:/belajar/JavaScript/rest%20api/Pojok%20Code/3.%20rest-api/fullstack-skripsi/BE/src/validation/user-validation.js:9:31)
    at new Promise (<anonymous>)
 [LOGGER] 2024-01-11 01:59:36.757 PM error : Error in register function: Register Field
 [LOGGER] 2024-01-11 01:59:36.760 PM error : Error: Register Field
    at register (file:///D:/belajar/JavaScript/rest%20api/Pojok%20Code/3.%20rest-api/fullstack-skripsi/BE/src/controller/user-controller.js:27:19)
    at process.processTicksAndRejections (node:internal/process/task_queues:95:5)
 [LOGGER] 2024-01-11 01:59:36.765 PM error : uncaughtException: Expected a string but received a undefined
TypeError: Expected a string but received a undefined
    at assertString (D:\belajar\JavaScript\rest api\Pojok Code\3. rest-api\fullstack-skripsi\BE\node_modules\validator\lib\util\assertString.js:17:11)
    at Object.isEmpty (D:\belajar\JavaScript\rest api\Pojok Code\3. rest-api\fullstack-skripsi\BE\node_modules\validator\lib\isEmpty.js:19:29)
    at file:///D:/belajar/JavaScript/rest%20api/Pojok%20Code/3.%20rest-api/fullstack-skripsi/BE/src/validation/user-validation.js:21:70
    at Array.forEach (<anonymous>)
    at dd (file:///D:/belajar/JavaScript/rest%20api/Pojok%20Code/3.%20rest-api/fullstack-skripsi/BE/src/validation/user-validation.js:15:26)
    at new Promise (<anonymous>)
    at file:///D:/belajar/JavaScript/rest%20api/Pojok%20Code/3.%20rest-api/fullstack-skripsi/BE/src/validation/user-validation.js:13:24
    at Array.forEach (<anonymous>)
    at message (file:///D:/belajar/JavaScript/rest%20api/Pojok%20Code/3.%20rest-api/fullstack-skripsi/BE/src/validation/user-validation.js:9:31)
    at new Promise (<anonymous>)
 [LOGGER] 2024-01-11 02:01:58.495 PM error : Error in register function: Register Field
 [LOGGER] 2024-01-11 02:01:58.501 PM error : Error: Register Field
    at register (file:///D:/belajar/JavaScript/rest%20api/Pojok%20Code/3.%20rest-api/fullstack-skripsi/BE/src/controller/user-controller.js:27:19)
    at process.processTicksAndRejections (node:internal/process/task_queues:95:5)
 [LOGGER] 2024-01-11 02:01:58.507 PM error : uncaughtException: Expected a string but received a undefined
TypeError: Expected a string but received a undefined
    at assertString (D:\belajar\JavaScript\rest api\Pojok Code\3. rest-api\fullstack-skripsi\BE\node_modules\validator\lib\util\assertString.js:17:11)
    at Object.isEmpty (D:\belajar\JavaScript\rest api\Pojok Code\3. rest-api\fullstack-skripsi\BE\node_modules\validator\lib\isEmpty.js:19:29)
    at file:///D:/belajar/JavaScript/rest%20api/Pojok%20Code/3.%20rest-api/fullstack-skripsi/BE/src/validation/user-validation.js:21:70
    at Array.forEach (<anonymous>)
    at dd (file:///D:/belajar/JavaScript/rest%20api/Pojok%20Code/3.%20rest-api/fullstack-skripsi/BE/src/validation/user-validation.js:15:26)
    at new Promise (<anonymous>)
    at file:///D:/belajar/JavaScript/rest%20api/Pojok%20Code/3.%20rest-api/fullstack-skripsi/BE/src/validation/user-validation.js:13:24
    at Array.forEach (<anonymous>)
    at message (file:///D:/belajar/JavaScript/rest%20api/Pojok%20Code/3.%20rest-api/fullstack-skripsi/BE/src/validation/user-validation.js:9:31)
    at new Promise (<anonymous>)
 [LOGGER] 2024-01-11 02:05:31.382 PM error : Error in register function: Register Field
 [LOGGER] 2024-01-11 02:05:31.385 PM error : Error: Register Field
    at register (file:///D:/belajar/JavaScript/rest%20api/Pojok%20Code/3.%20rest-api/fullstack-skripsi/BE/src/controller/user-controller.js:24:19)
    at process.processTicksAndRejections (node:internal/process/task_queues:95:5)
 [LOGGER] 2024-01-11 02:05:31.390 PM error : uncaughtException: Expected a string but received a undefined
TypeError: Expected a string but received a undefined
    at assertString (D:\belajar\JavaScript\rest api\Pojok Code\3. rest-api\fullstack-skripsi\BE\node_modules\validator\lib\util\assertString.js:17:11)
    at Object.isEmpty (D:\belajar\JavaScript\rest api\Pojok Code\3. rest-api\fullstack-skripsi\BE\node_modules\validator\lib\isEmpty.js:19:29)
    at file:///D:/belajar/JavaScript/rest%20api/Pojok%20Code/3.%20rest-api/fullstack-skripsi/BE/src/validation/user-validation.js:21:70
    at Array.forEach (<anonymous>)
    at dd (file:///D:/belajar/JavaScript/rest%20api/Pojok%20Code/3.%20rest-api/fullstack-skripsi/BE/src/validation/user-validation.js:15:26)
    at new Promise (<anonymous>)
    at file:///D:/belajar/JavaScript/rest%20api/Pojok%20Code/3.%20rest-api/fullstack-skripsi/BE/src/validation/user-validation.js:13:24
    at Array.forEach (<anonymous>)
    at message (file:///D:/belajar/JavaScript/rest%20api/Pojok%20Code/3.%20rest-api/fullstack-skripsi/BE/src/validation/user-validation.js:9:31)
    at new Promise (<anonymous>)
 [LOGGER] 2024-01-11 02:05:33.626 PM error : Error in register function: Register Field
 [LOGGER] 2024-01-11 02:05:33.627 PM error : Error: Register Field
    at register (file:///D:/belajar/JavaScript/rest%20api/Pojok%20Code/3.%20rest-api/fullstack-skripsi/BE/src/controller/user-controller.js:24:19)
    at process.processTicksAndRejections (node:internal/process/task_queues:95:5)
 [LOGGER] 2024-01-11 02:05:33.630 PM error : uncaughtException: Expected a string but received a undefined
TypeError: Expected a string but received a undefined
    at assertString (D:\belajar\JavaScript\rest api\Pojok Code\3. rest-api\fullstack-skripsi\BE\node_modules\validator\lib\util\assertString.js:17:11)
    at Object.isEmpty (D:\belajar\JavaScript\rest api\Pojok Code\3. rest-api\fullstack-skripsi\BE\node_modules\validator\lib\isEmpty.js:19:29)
    at file:///D:/belajar/JavaScript/rest%20api/Pojok%20Code/3.%20rest-api/fullstack-skripsi/BE/src/validation/user-validation.js:21:70
    at Array.forEach (<anonymous>)
    at dd (file:///D:/belajar/JavaScript/rest%20api/Pojok%20Code/3.%20rest-api/fullstack-skripsi/BE/src/validation/user-validation.js:15:26)
    at new Promise (<anonymous>)
    at file:///D:/belajar/JavaScript/rest%20api/Pojok%20Code/3.%20rest-api/fullstack-skripsi/BE/src/validation/user-validation.js:13:24
    at Array.forEach (<anonymous>)
    at message (file:///D:/belajar/JavaScript/rest%20api/Pojok%20Code/3.%20rest-api/fullstack-skripsi/BE/src/validation/user-validation.js:9:31)
    at new Promise (<anonymous>)
 [LOGGER] 2024-01-11 02:05:34.314 PM error : Error in register function: Register Field
 [LOGGER] 2024-01-11 02:05:34.315 PM error : Error: Register Field
    at register (file:///D:/belajar/JavaScript/rest%20api/Pojok%20Code/3.%20rest-api/fullstack-skripsi/BE/src/controller/user-controller.js:24:19)
    at process.processTicksAndRejections (node:internal/process/task_queues:95:5)
 [LOGGER] 2024-01-11 02:05:34.317 PM error : uncaughtException: Expected a string but received a undefined
TypeError: Expected a string but received a undefined
    at assertString (D:\belajar\JavaScript\rest api\Pojok Code\3. rest-api\fullstack-skripsi\BE\node_modules\validator\lib\util\assertString.js:17:11)
    at Object.isEmpty (D:\belajar\JavaScript\rest api\Pojok Code\3. rest-api\fullstack-skripsi\BE\node_modules\validator\lib\isEmpty.js:19:29)
    at file:///D:/belajar/JavaScript/rest%20api/Pojok%20Code/3.%20rest-api/fullstack-skripsi/BE/src/validation/user-validation.js:21:70
    at Array.forEach (<anonymous>)
    at dd (file:///D:/belajar/JavaScript/rest%20api/Pojok%20Code/3.%20rest-api/fullstack-skripsi/BE/src/validation/user-validation.js:15:26)
    at new Promise (<anonymous>)
    at file:///D:/belajar/JavaScript/rest%20api/Pojok%20Code/3.%20rest-api/fullstack-skripsi/BE/src/validation/user-validation.js:13:24
    at Array.forEach (<anonymous>)
    at message (file:///D:/belajar/JavaScript/rest%20api/Pojok%20Code/3.%20rest-api/fullstack-skripsi/BE/src/validation/user-validation.js:9:31)
    at new Promise (<anonymous>)
 [LOGGER] 2024-01-11 02:05:45.949 PM error : Error in register function: Register Field
 [LOGGER] 2024-01-11 02:05:45.952 PM error : Error: Register Field
    at register (file:///D:/belajar/JavaScript/rest%20api/Pojok%20Code/3.%20rest-api/fullstack-skripsi/BE/src/controller/user-controller.js:24:19)
    at process.processTicksAndRejections (node:internal/process/task_queues:95:5)
 [LOGGER] 2024-01-11 02:05:45.957 PM error : uncaughtException: Expected a string but received a undefined
TypeError: Expected a string but received a undefined
    at assertString (D:\belajar\JavaScript\rest api\Pojok Code\3. rest-api\fullstack-skripsi\BE\node_modules\validator\lib\util\assertString.js:17:11)
    at Object.isEmpty (D:\belajar\JavaScript\rest api\Pojok Code\3. rest-api\fullstack-skripsi\BE\node_modules\validator\lib\isEmpty.js:19:29)
    at file:///D:/belajar/JavaScript/rest%20api/Pojok%20Code/3.%20rest-api/fullstack-skripsi/BE/src/validation/user-validation.js:21:70
    at Array.forEach (<anonymous>)
    at dd (file:///D:/belajar/JavaScript/rest%20api/Pojok%20Code/3.%20rest-api/fullstack-skripsi/BE/src/validation/user-validation.js:15:26)
    at new Promise (<anonymous>)
    at file:///D:/belajar/JavaScript/rest%20api/Pojok%20Code/3.%20rest-api/fullstack-skripsi/BE/src/validation/user-validation.js:13:24
    at Array.forEach (<anonymous>)
    at message (file:///D:/belajar/JavaScript/rest%20api/Pojok%20Code/3.%20rest-api/fullstack-skripsi/BE/src/validation/user-validation.js:9:31)
    at new Promise (<anonymous>)
 [LOGGER] 2024-01-11 02:09:35.354 PM error : Error in register function: Register Field
 [LOGGER] 2024-01-11 02:09:35.358 PM error : Error: Register Field
    at register (file:///D:/belajar/JavaScript/rest%20api/Pojok%20Code/3.%20rest-api/fullstack-skripsi/BE/src/controller/user-controller.js:28:19)
    at process.processTicksAndRejections (node:internal/process/task_queues:95:5)
 [LOGGER] 2024-01-11 02:09:35.364 PM error : uncaughtException: Expected a string but received a undefined
TypeError: Expected a string but received a undefined
    at assertString (D:\belajar\JavaScript\rest api\Pojok Code\3. rest-api\fullstack-skripsi\BE\node_modules\validator\lib\util\assertString.js:17:11)
    at Object.isEmpty (D:\belajar\JavaScript\rest api\Pojok Code\3. rest-api\fullstack-skripsi\BE\node_modules\validator\lib\isEmpty.js:19:29)
    at file:///D:/belajar/JavaScript/rest%20api/Pojok%20Code/3.%20rest-api/fullstack-skripsi/BE/src/validation/user-validation.js:21:70
    at Array.forEach (<anonymous>)
    at dd (file:///D:/belajar/JavaScript/rest%20api/Pojok%20Code/3.%20rest-api/fullstack-skripsi/BE/src/validation/user-validation.js:15:26)
    at new Promise (<anonymous>)
    at file:///D:/belajar/JavaScript/rest%20api/Pojok%20Code/3.%20rest-api/fullstack-skripsi/BE/src/validation/user-validation.js:13:24
    at Array.forEach (<anonymous>)
    at message (file:///D:/belajar/JavaScript/rest%20api/Pojok%20Code/3.%20rest-api/fullstack-skripsi/BE/src/validation/user-validation.js:9:31)
    at new Promise (<anonymous>)
 [LOGGER] 2024-01-11 02:09:37.496 PM error : Error in register function: Register Field
 [LOGGER] 2024-01-11 02:09:37.497 PM error : Error: Register Field
    at register (file:///D:/belajar/JavaScript/rest%20api/Pojok%20Code/3.%20rest-api/fullstack-skripsi/BE/src/controller/user-controller.js:28:19)
    at process.processTicksAndRejections (node:internal/process/task_queues:95:5)
 [LOGGER] 2024-01-11 02:09:37.501 PM error : uncaughtException: Expected a string but received a undefined
TypeError: Expected a string but received a undefined
    at assertString (D:\belajar\JavaScript\rest api\Pojok Code\3. rest-api\fullstack-skripsi\BE\node_modules\validator\lib\util\assertString.js:17:11)
    at Object.isEmpty (D:\belajar\JavaScript\rest api\Pojok Code\3. rest-api\fullstack-skripsi\BE\node_modules\validator\lib\isEmpty.js:19:29)
    at file:///D:/belajar/JavaScript/rest%20api/Pojok%20Code/3.%20rest-api/fullstack-skripsi/BE/src/validation/user-validation.js:21:70
    at Array.forEach (<anonymous>)
    at dd (file:///D:/belajar/JavaScript/rest%20api/Pojok%20Code/3.%20rest-api/fullstack-skripsi/BE/src/validation/user-validation.js:15:26)
    at new Promise (<anonymous>)
    at file:///D:/belajar/JavaScript/rest%20api/Pojok%20Code/3.%20rest-api/fullstack-skripsi/BE/src/validation/user-validation.js:13:24
    at Array.forEach (<anonymous>)
    at message (file:///D:/belajar/JavaScript/rest%20api/Pojok%20Code/3.%20rest-api/fullstack-skripsi/BE/src/validation/user-validation.js:9:31)
    at new Promise (<anonymous>)
