 [LOGGER] 2024-01-12 11:36:02.485 PM error : Error in register function: Register Field
 [LOGGER] 2024-01-12 11:36:02.488 PM error : Error: Register Field
    at register (file:///D:/belajar/JavaScript/rest%20api/Pojok%20Code/3.%20rest-api/fullstack-skripsi/BE/src/controller/user-controller.js:28:19)
    at process.processTicksAndRejections (node:internal/process/task_queues:95:5)
 [LOGGER] 2024-01-12 11:36:02.497 PM error : uncaughtException: Expected a string but received a undefined
TypeError: Expected a string but received a undefined
    at assertString (D:\belajar\JavaScript\rest api\Pojok Code\3. rest-api\fullstack-skripsi\BE\node_modules\validator\lib\util\assertString.js:17:11)
    at Object.isEmpty (D:\belajar\JavaScript\rest api\Pojok Code\3. rest-api\fullstack-skripsi\BE\node_modules\validator\lib\isEmpty.js:19:29)
    at file:///D:/belajar/JavaScript/rest%20api/Pojok%20Code/3.%20rest-api/fullstack-skripsi/BE/src/validation/user-validation.js:21:70
    at Array.forEach (<anonymous>)
    at dd (file:///D:/belajar/JavaScript/rest%20api/Pojok%20Code/3.%20rest-api/fullstack-skripsi/BE/src/validation/user-validation.js:15:26)
    at new Promise (<anonymous>)
    at file:///D:/belajar/JavaScript/rest%20api/Pojok%20Code/3.%20rest-api/fullstack-skripsi/BE/src/validation/user-validation.js:13:24
    at Array.forEach (<anonymous>)
    at message (file:///D:/belajar/JavaScript/rest%20api/Pojok%20Code/3.%20rest-api/fullstack-skripsi/BE/src/validation/user-validation.js:9:31)
    at new Promise (<anonymous>)
 [LOGGER] 2024-01-12 11:38:22.368 PM error : Error in register function: Register Field
 [LOGGER] 2024-01-12 11:38:22.372 PM error : Error: Register Field
    at register (file:///D:/belajar/JavaScript/rest%20api/Pojok%20Code/3.%20rest-api/fullstack-skripsi/BE/src/controller/user-controller.js:28:19)
    at process.processTicksAndRejections (node:internal/process/task_queues:95:5)
 [LOGGER] 2024-01-12 11:38:38.396 PM error : Error in register function: Register Field
 [LOGGER] 2024-01-12 11:38:38.397 PM error : Error: Register Field
    at register (file:///D:/belajar/JavaScript/rest%20api/Pojok%20Code/3.%20rest-api/fullstack-skripsi/BE/src/controller/user-controller.js:28:19)
    at process.processTicksAndRejections (node:internal/process/task_queues:95:5)
 [LOGGER] 2024-01-12 11:38:56.678 PM error : Error in register function: Register Field
 [LOGGER] 2024-01-12 11:38:56.679 PM error : Error: Register Field
    at register (file:///D:/belajar/JavaScript/rest%20api/Pojok%20Code/3.%20rest-api/fullstack-skripsi/BE/src/controller/user-controller.js:37:19)
    at process.processTicksAndRejections (node:internal/process/task_queues:95:5)
 [LOGGER] 2024-01-12 11:39:17.372 PM error : Error in register function: getaddrinfo ENOTFOUND smtp.gmail.com
 [LOGGER] 2024-01-12 11:39:17.372 PM error : Error: getaddrinfo ENOTFOUND smtp.gmail.com
    at GetAddrInfoReqWrap.onlookupall [as oncomplete] (node:dns:119:26)
 [LOGGER] 2024-01-12 11:53:16.778 PM error : Error in register function: Register Field
 [LOGGER] 2024-01-12 11:53:16.779 PM error : Error: Register Field
    at register (file:///D:/belajar/JavaScript/rest%20api/Pojok%20Code/3.%20rest-api/fullstack-skripsi/BE/src/controller/user-controller.js:37:19)
    at process.processTicksAndRejections (node:internal/process/task_queues:95:5)
