 [LOGGER] 2024-02-09 12:57:59.802 AM error : Error in get carts function Unknown column 'Cart.total' in 'field list'
 [LOGGER] 2024-02-09 12:57:59.805 AM error : Error
    at Query.run (D:\belajar\JavaScript\rest api\Pojok Code\3. rest-api\fullstack-skripsi\BE\node_modules\sequelize\lib\dialects\mysql\query.js:52:25)
    at D:\belajar\JavaScript\rest api\Pojok Code\3. rest-api\fullstack-skripsi\BE\node_modules\sequelize\lib\sequelize.js:315:28
    at process.processTicksAndRejections (node:internal/process/task_queues:95:5)
    at async MySQLQueryInterface.select (D:\belajar\JavaScript\rest api\Pojok Code\3. rest-api\fullstack-skripsi\BE\node_modules\sequelize\lib\dialects\abstract\query-interface.js:407:12)
    at async Cart.findAll (D:\belajar\JavaScript\rest api\Pojok Code\3. rest-api\fullstack-skripsi\BE\node_modules\sequelize\lib\model.js:1140:21)
    at async getCarts (file:///D:/belajar/JavaScript/rest%20api/Pojok%20Code/3.%20rest-api/fullstack-skripsi/BE/src/controller/cart-controller.js:9:23)
 [LOGGER] 2024-02-09 01:17:05.107 AM error : Error in create cart function Cannot read properties of undefined (reading 'id')
 [LOGGER] 2024-02-09 01:17:05.110 AM error : TypeError: Cannot read properties of undefined (reading 'id')
    at createCart (file:///D:/belajar/JavaScript/rest%20api/Pojok%20Code/3.%20rest-api/fullstack-skripsi/BE/src/controller/cart-controller.js:74:70)
    at Layer.handle [as handle_request] (D:\belajar\JavaScript\rest api\Pojok Code\3. rest-api\fullstack-skripsi\BE\node_modules\express\lib\router\layer.js:95:5)
    at next (D:\belajar\JavaScript\rest api\Pojok Code\3. rest-api\fullstack-skripsi\BE\node_modules\express\lib\router\route.js:144:13)
    at Route.dispatch (D:\belajar\JavaScript\rest api\Pojok Code\3. rest-api\fullstack-skripsi\BE\node_modules\express\lib\router\route.js:114:3)
    at Layer.handle [as handle_request] (D:\belajar\JavaScript\rest api\Pojok Code\3. rest-api\fullstack-skripsi\BE\node_modules\express\lib\router\layer.js:95:5)
    at D:\belajar\JavaScript\rest api\Pojok Code\3. rest-api\fullstack-skripsi\BE\node_modules\express\lib\router\index.js:284:15
    at Function.process_params (D:\belajar\JavaScript\rest api\Pojok Code\3. rest-api\fullstack-skripsi\BE\node_modules\express\lib\router\index.js:346:12)
    at next (D:\belajar\JavaScript\rest api\Pojok Code\3. rest-api\fullstack-skripsi\BE\node_modules\express\lib\router\index.js:280:10)
    at Function.handle (D:\belajar\JavaScript\rest api\Pojok Code\3. rest-api\fullstack-skripsi\BE\node_modules\express\lib\router\index.js:175:3)
    at router (D:\belajar\JavaScript\rest api\Pojok Code\3. rest-api\fullstack-skripsi\BE\node_modules\express\lib\router\index.js:47:12)
 [LOGGER] 2024-02-09 01:19:01.100 AM error : Error in create cart function Cannot add or update a child row: a foreign key constraint fails (`rest_api`.`carts`, CONSTRAINT `carts_ibfk_1` FOREIGN KEY (`menuId`) REFERENCES `menus` (`id`) ON DELETE CASCADE ON UPDATE CASCADE)
 [LOGGER] 2024-02-09 01:19:01.102 AM error : Error
    at Query.run (D:\belajar\JavaScript\rest api\Pojok Code\3. rest-api\fullstack-skripsi\BE\node_modules\sequelize\lib\dialects\mysql\query.js:52:25)
    at D:\belajar\JavaScript\rest api\Pojok Code\3. rest-api\fullstack-skripsi\BE\node_modules\sequelize\lib\sequelize.js:315:28
    at process.processTicksAndRejections (node:internal/process/task_queues:95:5)
    at async MySQLQueryInterface.insert (D:\belajar\JavaScript\rest api\Pojok Code\3. rest-api\fullstack-skripsi\BE\node_modules\sequelize\lib\dialects\abstract\query-interface.js:308:21)
    at async model.save (D:\belajar\JavaScript\rest api\Pojok Code\3. rest-api\fullstack-skripsi\BE\node_modules\sequelize\lib\model.js:2490:35)
    at async Cart.create (D:\belajar\JavaScript\rest api\Pojok Code\3. rest-api\fullstack-skripsi\BE\node_modules\sequelize\lib\model.js:1362:12)
    at async createCart (file:///D:/belajar/JavaScript/rest%20api/Pojok%20Code/3.%20rest-api/fullstack-skripsi/BE/src/controller/cart-controller.js:74:24)
 [LOGGER] 2024-02-09 01:55:15.654 AM error : Error in create cart function Cannot read properties of undefined (reading 'price')
 [LOGGER] 2024-02-09 01:55:15.656 AM error : TypeError: Cannot read properties of undefined (reading 'price')
    at createCart (file:///D:/belajar/JavaScript/rest%20api/Pojok%20Code/3.%20rest-api/fullstack-skripsi/BE/src/controller/cart-controller.js:78:81)
    at process.processTicksAndRejections (node:internal/process/task_queues:95:5)
 [LOGGER] 2024-02-09 01:57:34.329 AM error : Error in create cart function Cannot read properties of undefined (reading 'price')
 [LOGGER] 2024-02-09 01:57:34.335 AM error : TypeError: Cannot read properties of undefined (reading 'price')
    at createCart (file:///D:/belajar/JavaScript/rest%20api/Pojok%20Code/3.%20rest-api/fullstack-skripsi/BE/src/controller/cart-controller.js:78:81)
    at process.processTicksAndRejections (node:internal/process/task_queues:95:5)
 [LOGGER] 2024-02-09 01:58:34.007 AM error : Error in create cart function Cannot read properties of undefined (reading 'price')
 [LOGGER] 2024-02-09 01:58:34.013 AM error : TypeError: Cannot read properties of undefined (reading 'price')
    at createCart (file:///D:/belajar/JavaScript/rest%20api/Pojok%20Code/3.%20rest-api/fullstack-skripsi/BE/src/controller/cart-controller.js:80:81)
    at process.processTicksAndRejections (node:internal/process/task_queues:95:5)
 [LOGGER] 2024-02-09 02:03:56.110 AM error : Error in create cart function Cannot read properties of undefined (reading 'price')
 [LOGGER] 2024-02-09 02:03:56.114 AM error : TypeError: Cannot read properties of undefined (reading 'price')
    at createCart (file:///D:/belajar/JavaScript/rest%20api/Pojok%20Code/3.%20rest-api/fullstack-skripsi/BE/src/controller/cart-controller.js:86:81)
    at process.processTicksAndRejections (node:internal/process/task_queues:95:5)
 [LOGGER] 2024-02-09 02:09:09.154 AM error : Error in create cart function Cannot read properties of undefined (reading 'price')
 [LOGGER] 2024-02-09 02:09:09.162 AM error : TypeError: Cannot read properties of undefined (reading 'price')
    at createCart (file:///D:/belajar/JavaScript/rest%20api/Pojok%20Code/3.%20rest-api/fullstack-skripsi/BE/src/controller/cart-controller.js:78:81)
    at process.processTicksAndRejections (node:internal/process/task_queues:95:5)
 [LOGGER] 2024-02-09 02:10:16.166 AM error : Error in create cart function notNull Violation: Cart.total cannot be null
 [LOGGER] 2024-02-09 02:10:16.167 AM error : SequelizeValidationError: notNull Violation: Cart.total cannot be null
    at InstanceValidator._validate (D:\belajar\JavaScript\rest api\Pojok Code\3. rest-api\fullstack-skripsi\BE\node_modules\sequelize\lib\instance-validator.js:50:13)
    at process.processTicksAndRejections (node:internal/process/task_queues:95:5)
    at async InstanceValidator._validateAndRunHooks (D:\belajar\JavaScript\rest api\Pojok Code\3. rest-api\fullstack-skripsi\BE\node_modules\sequelize\lib\instance-validator.js:60:7)
    at async InstanceValidator.validate (D:\belajar\JavaScript\rest api\Pojok Code\3. rest-api\fullstack-skripsi\BE\node_modules\sequelize\lib\instance-validator.js:54:12)
    at async model.save (D:\belajar\JavaScript\rest api\Pojok Code\3. rest-api\fullstack-skripsi\BE\node_modules\sequelize\lib\model.js:2426:7)
    at async Cart.create (D:\belajar\JavaScript\rest api\Pojok Code\3. rest-api\fullstack-skripsi\BE\node_modules\sequelize\lib\model.js:1362:12)
    at async createCart (file:///D:/belajar/JavaScript/rest%20api/Pojok%20Code/3.%20rest-api/fullstack-skripsi/BE/src/controller/cart-controller.js:84:28)
 [LOGGER] 2024-02-09 02:10:40.548 AM error : Error in create cart function notNull Violation: Cart.total cannot be null
 [LOGGER] 2024-02-09 02:10:40.551 AM error : SequelizeValidationError: notNull Violation: Cart.total cannot be null
    at InstanceValidator._validate (D:\belajar\JavaScript\rest api\Pojok Code\3. rest-api\fullstack-skripsi\BE\node_modules\sequelize\lib\instance-validator.js:50:13)
    at process.processTicksAndRejections (node:internal/process/task_queues:95:5)
    at async InstanceValidator._validateAndRunHooks (D:\belajar\JavaScript\rest api\Pojok Code\3. rest-api\fullstack-skripsi\BE\node_modules\sequelize\lib\instance-validator.js:60:7)
    at async InstanceValidator.validate (D:\belajar\JavaScript\rest api\Pojok Code\3. rest-api\fullstack-skripsi\BE\node_modules\sequelize\lib\instance-validator.js:54:12)
    at async model.save (D:\belajar\JavaScript\rest api\Pojok Code\3. rest-api\fullstack-skripsi\BE\node_modules\sequelize\lib\model.js:2426:7)
    at async Cart.create (D:\belajar\JavaScript\rest api\Pojok Code\3. rest-api\fullstack-skripsi\BE\node_modules\sequelize\lib\model.js:1362:12)
    at async createCart (file:///D:/belajar/JavaScript/rest%20api/Pojok%20Code/3.%20rest-api/fullstack-skripsi/BE/src/controller/cart-controller.js:84:28)
 [LOGGER] 2024-02-09 02:11:57.589 AM error : Error in create cart function notNull Violation: Cart.total cannot be null
 [LOGGER] 2024-02-09 02:11:57.590 AM error : SequelizeValidationError: notNull Violation: Cart.total cannot be null
    at InstanceValidator._validate (D:\belajar\JavaScript\rest api\Pojok Code\3. rest-api\fullstack-skripsi\BE\node_modules\sequelize\lib\instance-validator.js:50:13)
    at process.processTicksAndRejections (node:internal/process/task_queues:95:5)
    at async InstanceValidator._validateAndRunHooks (D:\belajar\JavaScript\rest api\Pojok Code\3. rest-api\fullstack-skripsi\BE\node_modules\sequelize\lib\instance-validator.js:60:7)
    at async InstanceValidator.validate (D:\belajar\JavaScript\rest api\Pojok Code\3. rest-api\fullstack-skripsi\BE\node_modules\sequelize\lib\instance-validator.js:54:12)
    at async model.save (D:\belajar\JavaScript\rest api\Pojok Code\3. rest-api\fullstack-skripsi\BE\node_modules\sequelize\lib\model.js:2426:7)
    at async Cart.create (D:\belajar\JavaScript\rest api\Pojok Code\3. rest-api\fullstack-skripsi\BE\node_modules\sequelize\lib\model.js:1362:12)
    at async createCart (file:///D:/belajar/JavaScript/rest%20api/Pojok%20Code/3.%20rest-api/fullstack-skripsi/BE/src/controller/cart-controller.js:84:28)
 [LOGGER] 2024-02-09 02:12:41.141 AM error : Error in create cart function [object Object]
 [LOGGER] 2024-02-09 02:12:41.141 AM error : Error: [object Object]
    at validate (file:///D:/belajar/JavaScript/rest%20api/Pojok%20Code/3.%20rest-api/fullstack-skripsi/BE/src/validation/validation.js:23:15)
    at createCart (file:///D:/belajar/JavaScript/rest%20api/Pojok%20Code/3.%20rest-api/fullstack-skripsi/BE/src/controller/cart-controller.js:73:51)
    at Layer.handle [as handle_request] (D:\belajar\JavaScript\rest api\Pojok Code\3. rest-api\fullstack-skripsi\BE\node_modules\express\lib\router\layer.js:95:5)
    at next (D:\belajar\JavaScript\rest api\Pojok Code\3. rest-api\fullstack-skripsi\BE\node_modules\express\lib\router\route.js:144:13)
    at authentication (file:///D:/belajar/JavaScript/rest%20api/Pojok%20Code/3.%20rest-api/fullstack-skripsi/BE/src/middleware/auth-middleware.js:19:5)
    at Layer.handle [as handle_request] (D:\belajar\JavaScript\rest api\Pojok Code\3. rest-api\fullstack-skripsi\BE\node_modules\express\lib\router\layer.js:95:5)
    at next (D:\belajar\JavaScript\rest api\Pojok Code\3. rest-api\fullstack-skripsi\BE\node_modules\express\lib\router\route.js:144:13)
    at Route.dispatch (D:\belajar\JavaScript\rest api\Pojok Code\3. rest-api\fullstack-skripsi\BE\node_modules\express\lib\router\route.js:114:3)
    at Layer.handle [as handle_request] (D:\belajar\JavaScript\rest api\Pojok Code\3. rest-api\fullstack-skripsi\BE\node_modules\express\lib\router\layer.js:95:5)
    at D:\belajar\JavaScript\rest api\Pojok Code\3. rest-api\fullstack-skripsi\BE\node_modules\express\lib\router\index.js:284:15
 [LOGGER] 2024-02-09 02:14:25.979 AM error : Error in create cart function notNull Violation: Cart.total cannot be null
 [LOGGER] 2024-02-09 02:14:25.982 AM error : SequelizeValidationError: notNull Violation: Cart.total cannot be null
    at InstanceValidator._validate (D:\belajar\JavaScript\rest api\Pojok Code\3. rest-api\fullstack-skripsi\BE\node_modules\sequelize\lib\instance-validator.js:50:13)
    at process.processTicksAndRejections (node:internal/process/task_queues:95:5)
    at async InstanceValidator._validateAndRunHooks (D:\belajar\JavaScript\rest api\Pojok Code\3. rest-api\fullstack-skripsi\BE\node_modules\sequelize\lib\instance-validator.js:60:7)
    at async InstanceValidator.validate (D:\belajar\JavaScript\rest api\Pojok Code\3. rest-api\fullstack-skripsi\BE\node_modules\sequelize\lib\instance-validator.js:54:12)
    at async model.save (D:\belajar\JavaScript\rest api\Pojok Code\3. rest-api\fullstack-skripsi\BE\node_modules\sequelize\lib\model.js:2426:7)
    at async Cart.create (D:\belajar\JavaScript\rest api\Pojok Code\3. rest-api\fullstack-skripsi\BE\node_modules\sequelize\lib\model.js:1362:12)
    at async createCart (file:///D:/belajar/JavaScript/rest%20api/Pojok%20Code/3.%20rest-api/fullstack-skripsi/BE/src/controller/cart-controller.js:133:28)
 [LOGGER] 2024-02-09 02:16:23.519 AM error : Error in create cart function Cannot read properties of undefined (reading 'price')
 [LOGGER] 2024-02-09 02:16:23.521 AM error : TypeError: Cannot read properties of undefined (reading 'price')
    at createCart (file:///D:/belajar/JavaScript/rest%20api/Pojok%20Code/3.%20rest-api/fullstack-skripsi/BE/src/controller/cart-controller.js:125:81)
    at process.processTicksAndRejections (node:internal/process/task_queues:95:5)
 [LOGGER] 2024-02-09 02:17:59.144 AM error : Error in create cart function Cannot read properties of undefined (reading 'price')
 [LOGGER] 2024-02-09 02:17:59.146 AM error : TypeError: Cannot read properties of undefined (reading 'price')
    at createCart (file:///D:/belajar/JavaScript/rest%20api/Pojok%20Code/3.%20rest-api/fullstack-skripsi/BE/src/controller/cart-controller.js:128:81)
    at process.processTicksAndRejections (node:internal/process/task_queues:95:5)
 [LOGGER] 2024-02-09 02:20:21.531 AM error : Error in create cart function Cannot read properties of undefined (reading 'price')
 [LOGGER] 2024-02-09 02:20:21.534 AM error : TypeError: Cannot read properties of undefined (reading 'price')
    at createCart (file:///D:/belajar/JavaScript/rest%20api/Pojok%20Code/3.%20rest-api/fullstack-skripsi/BE/src/controller/cart-controller.js:184:81)
    at process.processTicksAndRejections (node:internal/process/task_queues:95:5)
 [LOGGER] 2024-02-09 02:20:22.741 AM error : Error in create cart function Cannot read properties of undefined (reading 'price')
 [LOGGER] 2024-02-09 02:20:22.743 AM error : TypeError: Cannot read properties of undefined (reading 'price')
    at createCart (file:///D:/belajar/JavaScript/rest%20api/Pojok%20Code/3.%20rest-api/fullstack-skripsi/BE/src/controller/cart-controller.js:184:81)
    at process.processTicksAndRejections (node:internal/process/task_queues:95:5)
 [LOGGER] 2024-02-09 02:20:23.128 AM error : Error in create cart function Cannot read properties of undefined (reading 'price')
 [LOGGER] 2024-02-09 02:20:23.129 AM error : TypeError: Cannot read properties of undefined (reading 'price')
    at createCart (file:///D:/belajar/JavaScript/rest%20api/Pojok%20Code/3.%20rest-api/fullstack-skripsi/BE/src/controller/cart-controller.js:184:81)
    at process.processTicksAndRejections (node:internal/process/task_queues:95:5)
 [LOGGER] 2024-02-09 02:20:23.422 AM error : Error in create cart function Cannot read properties of undefined (reading 'price')
 [LOGGER] 2024-02-09 02:20:23.422 AM error : TypeError: Cannot read properties of undefined (reading 'price')
    at createCart (file:///D:/belajar/JavaScript/rest%20api/Pojok%20Code/3.%20rest-api/fullstack-skripsi/BE/src/controller/cart-controller.js:184:81)
    at process.processTicksAndRejections (node:internal/process/task_queues:95:5)
 [LOGGER] 2024-02-09 02:20:23.511 AM error : Error in create cart function Cannot read properties of undefined (reading 'price')
 [LOGGER] 2024-02-09 02:20:23.512 AM error : TypeError: Cannot read properties of undefined (reading 'price')
    at createCart (file:///D:/belajar/JavaScript/rest%20api/Pojok%20Code/3.%20rest-api/fullstack-skripsi/BE/src/controller/cart-controller.js:184:81)
    at process.processTicksAndRejections (node:internal/process/task_queues:95:5)
 [LOGGER] 2024-02-09 02:20:23.750 AM error : Error in create cart function Cannot read properties of undefined (reading 'price')
 [LOGGER] 2024-02-09 02:20:23.751 AM error : TypeError: Cannot read properties of undefined (reading 'price')
    at createCart (file:///D:/belajar/JavaScript/rest%20api/Pojok%20Code/3.%20rest-api/fullstack-skripsi/BE/src/controller/cart-controller.js:184:81)
    at process.processTicksAndRejections (node:internal/process/task_queues:95:5)
 [LOGGER] 2024-02-09 02:20:23.853 AM error : Error in create cart function Cannot read properties of undefined (reading 'price')
 [LOGGER] 2024-02-09 02:20:23.854 AM error : TypeError: Cannot read properties of undefined (reading 'price')
    at createCart (file:///D:/belajar/JavaScript/rest%20api/Pojok%20Code/3.%20rest-api/fullstack-skripsi/BE/src/controller/cart-controller.js:184:81)
    at process.processTicksAndRejections (node:internal/process/task_queues:95:5)
 [LOGGER] 2024-02-09 02:20:24.236 AM error : Error in create cart function Cannot read properties of undefined (reading 'price')
 [LOGGER] 2024-02-09 02:20:24.236 AM error : TypeError: Cannot read properties of undefined (reading 'price')
    at createCart (file:///D:/belajar/JavaScript/rest%20api/Pojok%20Code/3.%20rest-api/fullstack-skripsi/BE/src/controller/cart-controller.js:184:81)
    at process.processTicksAndRejections (node:internal/process/task_queues:95:5)
 [LOGGER] 2024-02-09 02:20:24.300 AM error : Error in create cart function Cannot read properties of undefined (reading 'price')
 [LOGGER] 2024-02-09 02:20:24.301 AM error : TypeError: Cannot read properties of undefined (reading 'price')
    at createCart (file:///D:/belajar/JavaScript/rest%20api/Pojok%20Code/3.%20rest-api/fullstack-skripsi/BE/src/controller/cart-controller.js:184:81)
    at process.processTicksAndRejections (node:internal/process/task_queues:95:5)
 [LOGGER] 2024-02-09 02:23:26.629 AM error : Error in create cart function: Cannot read properties of undefined (reading 'price')
 [LOGGER] 2024-02-09 02:23:26.632 AM error : TypeError: Cannot read properties of undefined (reading 'price')
    at createCart (file:///D:/belajar/JavaScript/rest%20api/Pojok%20Code/3.%20rest-api/fullstack-skripsi/BE/src/controller/cart-controller.js:186:81)
    at process.processTicksAndRejections (node:internal/process/task_queues:95:5)
 [LOGGER] 2024-02-09 02:24:30.584 AM error : Error in create cart function: Cannot read properties of undefined (reading 'price')
 [LOGGER] 2024-02-09 02:24:30.586 AM error : TypeError: Cannot read properties of undefined (reading 'price')
    at createCart (file:///D:/belajar/JavaScript/rest%20api/Pojok%20Code/3.%20rest-api/fullstack-skripsi/BE/src/controller/cart-controller.js:187:81)
    at process.processTicksAndRejections (node:internal/process/task_queues:95:5)
 [LOGGER] 2024-02-09 02:25:04.079 AM error : Error in create cart function: Cannot read properties of undefined (reading 'price')
 [LOGGER] 2024-02-09 02:25:04.084 AM error : TypeError: Cannot read properties of undefined (reading 'price')
    at createCart (file:///D:/belajar/JavaScript/rest%20api/Pojok%20Code/3.%20rest-api/fullstack-skripsi/BE/src/controller/cart-controller.js:187:81)
    at process.processTicksAndRejections (node:internal/process/task_queues:95:5)
 [LOGGER] 2024-02-09 02:30:08.366 AM error : Error in create cart function: Cannot read properties of undefined (reading 'price')
 [LOGGER] 2024-02-09 02:30:08.371 AM error : TypeError: Cannot read properties of undefined (reading 'price')
    at createCart (file:///D:/belajar/JavaScript/rest%20api/Pojok%20Code/3.%20rest-api/fullstack-skripsi/BE/src/controller/cart-controller.js:189:81)
    at process.processTicksAndRejections (node:internal/process/task_queues:95:5)
 [LOGGER] 2024-02-09 02:30:57.419 AM error : Error in create cart function: Cannot read properties of undefined (reading 'price')
 [LOGGER] 2024-02-09 02:30:57.423 AM error : TypeError: Cannot read properties of undefined (reading 'price')
    at createCart (file:///D:/belajar/JavaScript/rest%20api/Pojok%20Code/3.%20rest-api/fullstack-skripsi/BE/src/controller/cart-controller.js:189:81)
    at process.processTicksAndRejections (node:internal/process/task_queues:95:5)
 [LOGGER] 2024-02-09 02:40:03.268 AM error : Error in create cart function: Cannot read properties of null (reading 'Menu')
 [LOGGER] 2024-02-09 02:40:03.271 AM error : TypeError: Cannot read properties of null (reading 'Menu')
    at createCart (file:///D:/belajar/JavaScript/rest%20api/Pojok%20Code/3.%20rest-api/fullstack-skripsi/BE/src/controller/cart-controller.js:82:34)
    at process.processTicksAndRejections (node:internal/process/task_queues:95:5)
 [LOGGER] 2024-02-09 02:40:38.997 AM error : Error in create cart function: Cannot access 'menu' before initialization
 [LOGGER] 2024-02-09 02:40:39.000 AM error : ReferenceError: Cannot access 'menu' before initialization
    at createCart (file:///D:/belajar/JavaScript/rest%20api/Pojok%20Code/3.%20rest-api/fullstack-skripsi/BE/src/controller/cart-controller.js:92:41)
    at process.processTicksAndRejections (node:internal/process/task_queues:95:5)
 [LOGGER] 2024-02-09 02:41:12.793 AM error : Error in create cart function: total is not defined
 [LOGGER] 2024-02-09 02:41:12.795 AM error : ReferenceError: total is not defined
    at createCart (file:///D:/belajar/JavaScript/rest%20api/Pojok%20Code/3.%20rest-api/fullstack-skripsi/BE/src/controller/cart-controller.js:92:79)
    at process.processTicksAndRejections (node:internal/process/task_queues:95:5)
 [LOGGER] 2024-02-09 02:43:10.163 AM error : Error in create cart function: notNull Violation: Cart.total cannot be null
 [LOGGER] 2024-02-09 02:43:10.168 AM error : SequelizeValidationError: notNull Violation: Cart.total cannot be null
    at InstanceValidator._validate (D:\belajar\JavaScript\rest api\Pojok Code\3. rest-api\fullstack-skripsi\BE\node_modules\sequelize\lib\instance-validator.js:50:13)
    at process.processTicksAndRejections (node:internal/process/task_queues:95:5)
    at async InstanceValidator._validateAndRunHooks (D:\belajar\JavaScript\rest api\Pojok Code\3. rest-api\fullstack-skripsi\BE\node_modules\sequelize\lib\instance-validator.js:60:7)
    at async InstanceValidator.validate (D:\belajar\JavaScript\rest api\Pojok Code\3. rest-api\fullstack-skripsi\BE\node_modules\sequelize\lib\instance-validator.js:54:12)
    at async model.save (D:\belajar\JavaScript\rest api\Pojok Code\3. rest-api\fullstack-skripsi\BE\node_modules\sequelize\lib\model.js:2426:7)
    at async Cart.create (D:\belajar\JavaScript\rest api\Pojok Code\3. rest-api\fullstack-skripsi\BE\node_modules\sequelize\lib\model.js:1362:12)
    at async createCart (file:///D:/belajar/JavaScript/rest%20api/Pojok%20Code/3.%20rest-api/fullstack-skripsi/BE/src/controller/cart-controller.js:92:28)
 [LOGGER] 2024-02-09 02:49:28.546 AM error : Error in create cart function: Cannot add or update a child row: a foreign key constraint fails (`rest_api`.`carts`, CONSTRAINT `carts_ibfk_1` FOREIGN KEY (`menuId`) REFERENCES `menus` (`id`) ON DELETE CASCADE ON UPDATE CASCADE)
 [LOGGER] 2024-02-09 02:49:28.547 AM error : Error
    at Query.run (D:\belajar\JavaScript\rest api\Pojok Code\3. rest-api\fullstack-skripsi\BE\node_modules\sequelize\lib\dialects\mysql\query.js:52:25)
    at D:\belajar\JavaScript\rest api\Pojok Code\3. rest-api\fullstack-skripsi\BE\node_modules\sequelize\lib\sequelize.js:315:28
    at process.processTicksAndRejections (node:internal/process/task_queues:95:5)
    at async MySQLQueryInterface.insert (D:\belajar\JavaScript\rest api\Pojok Code\3. rest-api\fullstack-skripsi\BE\node_modules\sequelize\lib\dialects\abstract\query-interface.js:308:21)
    at async model.save (D:\belajar\JavaScript\rest api\Pojok Code\3. rest-api\fullstack-skripsi\BE\node_modules\sequelize\lib\model.js:2490:35)
    at async Cart.create (D:\belajar\JavaScript\rest api\Pojok Code\3. rest-api\fullstack-skripsi\BE\node_modules\sequelize\lib\model.js:1362:12)
    at async createCart (file:///D:/belajar/JavaScript/rest%20api/Pojok%20Code/3.%20rest-api/fullstack-skripsi/BE/src/controller/cart-controller.js:92:28)
 [LOGGER] 2024-02-09 02:51:06.133 AM error : Error in create cart function: Menu is not found
 [LOGGER] 2024-02-09 02:51:06.137 AM error : Error: Menu is not found
    at createCart (file:///D:/belajar/JavaScript/rest%20api/Pojok%20Code/3.%20rest-api/fullstack-skripsi/BE/src/controller/cart-controller.js:82:34)
    at process.processTicksAndRejections (node:internal/process/task_queues:95:5)
 [LOGGER] 2024-02-09 02:51:53.802 AM error : Error in create cart function: [object Object]
 [LOGGER] 2024-02-09 02:51:53.804 AM error : Error: [object Object]
    at validate (file:///D:/belajar/JavaScript/rest%20api/Pojok%20Code/3.%20rest-api/fullstack-skripsi/BE/src/validation/validation.js:23:15)
    at createCart (file:///D:/belajar/JavaScript/rest%20api/Pojok%20Code/3.%20rest-api/fullstack-skripsi/BE/src/controller/cart-controller.js:73:58)
    at Layer.handle [as handle_request] (D:\belajar\JavaScript\rest api\Pojok Code\3. rest-api\fullstack-skripsi\BE\node_modules\express\lib\router\layer.js:95:5)
    at next (D:\belajar\JavaScript\rest api\Pojok Code\3. rest-api\fullstack-skripsi\BE\node_modules\express\lib\router\route.js:144:13)
    at authentication (file:///D:/belajar/JavaScript/rest%20api/Pojok%20Code/3.%20rest-api/fullstack-skripsi/BE/src/middleware/auth-middleware.js:19:5)
    at Layer.handle [as handle_request] (D:\belajar\JavaScript\rest api\Pojok Code\3. rest-api\fullstack-skripsi\BE\node_modules\express\lib\router\layer.js:95:5)
    at next (D:\belajar\JavaScript\rest api\Pojok Code\3. rest-api\fullstack-skripsi\BE\node_modules\express\lib\router\route.js:144:13)
    at Route.dispatch (D:\belajar\JavaScript\rest api\Pojok Code\3. rest-api\fullstack-skripsi\BE\node_modules\express\lib\router\route.js:114:3)
    at Layer.handle [as handle_request] (D:\belajar\JavaScript\rest api\Pojok Code\3. rest-api\fullstack-skripsi\BE\node_modules\express\lib\router\layer.js:95:5)
    at D:\belajar\JavaScript\rest api\Pojok Code\3. rest-api\fullstack-skripsi\BE\node_modules\express\lib\router\index.js:284:15
 [LOGGER] 2024-02-09 02:52:00.236 AM error : Error in create cart function: Menu is not found
 [LOGGER] 2024-02-09 02:52:00.237 AM error : Error: Menu is not found
    at createCart (file:///D:/belajar/JavaScript/rest%20api/Pojok%20Code/3.%20rest-api/fullstack-skripsi/BE/src/controller/cart-controller.js:82:34)
    at process.processTicksAndRejections (node:internal/process/task_queues:95:5)
 [LOGGER] 2024-02-09 02:53:00.201 AM error : Error in create cart function: Menu is not found
 [LOGGER] 2024-02-09 02:53:00.204 AM error : Error: Menu is not found
    at createCart (file:///D:/belajar/JavaScript/rest%20api/Pojok%20Code/3.%20rest-api/fullstack-skripsi/BE/src/controller/cart-controller.js:83:19)
    at process.processTicksAndRejections (node:internal/process/task_queues:95:5)
