 [LOGGER] 2024-06-05 09:11:57.490 AM ERROR : uncaughtException: connect ECONNREFUSED ::1:3306
SequelizeConnectionRefusedError: connect ECONNREFUSED ::1:3306
    at ConnectionManager.connect (D:\tugas kuliah\skripsi\Website Skripsi\BE\node_modules\sequelize\lib\dialects\mysql\connection-manager.js:92:17)
    at process.processTicksAndRejections (node:internal/process/task_queues:95:5)
    at async ConnectionManager._connect (D:\tugas kuliah\skripsi\Website Skripsi\BE\node_modules\sequelize\lib\dialects\abstract\connection-manager.js:222:24)
    at async D:\tugas kuliah\skripsi\Website Skripsi\BE\node_modules\sequelize\lib\dialects\abstract\connection-manager.js:174:32
 [LOGGER] 2024-06-05 09:11:57.496 AM ERROR : uncaughtException: connect ECONNREFUSED ::1:3306
SequelizeConnectionRefusedError: connect ECONNREFUSED ::1:3306
    at ConnectionManager.connect (D:\tugas kuliah\skripsi\Website Skripsi\BE\node_modules\sequelize\lib\dialects\mysql\connection-manager.js:92:17)
    at process.processTicksAndRejections (node:internal/process/task_queues:95:5)
    at async ConnectionManager._connect (D:\tugas kuliah\skripsi\Website Skripsi\BE\node_modules\sequelize\lib\dialects\abstract\connection-manager.js:222:24)
    at async D:\tugas kuliah\skripsi\Website Skripsi\BE\node_modules\sequelize\lib\dialects\abstract\connection-manager.js:174:32
 [LOGGER] 2024-06-05 09:11:57.500 AM ERROR : uncaughtException: connect ECONNREFUSED ::1:3306
SequelizeConnectionRefusedError: connect ECONNREFUSED ::1:3306
    at ConnectionManager.connect (D:\tugas kuliah\skripsi\Website Skripsi\BE\node_modules\sequelize\lib\dialects\mysql\connection-manager.js:92:17)
    at process.processTicksAndRejections (node:internal/process/task_queues:95:5)
    at async ConnectionManager._connect (D:\tugas kuliah\skripsi\Website Skripsi\BE\node_modules\sequelize\lib\dialects\abstract\connection-manager.js:222:24)
    at async D:\tugas kuliah\skripsi\Website Skripsi\BE\node_modules\sequelize\lib\dialects\abstract\connection-manager.js:174:32
 [LOGGER] 2024-06-05 09:11:57.503 AM ERROR : uncaughtException: connect ECONNREFUSED ::1:3306
SequelizeConnectionRefusedError: connect ECONNREFUSED ::1:3306
    at ConnectionManager.connect (D:\tugas kuliah\skripsi\Website Skripsi\BE\node_modules\sequelize\lib\dialects\mysql\connection-manager.js:92:17)
    at process.processTicksAndRejections (node:internal/process/task_queues:95:5)
    at async ConnectionManager._connect (D:\tugas kuliah\skripsi\Website Skripsi\BE\node_modules\sequelize\lib\dialects\abstract\connection-manager.js:222:24)
    at async D:\tugas kuliah\skripsi\Website Skripsi\BE\node_modules\sequelize\lib\dialects\abstract\connection-manager.js:174:32
 [LOGGER] 2024-06-05 09:11:57.505 AM ERROR : uncaughtException: connect ECONNREFUSED ::1:3306
SequelizeConnectionRefusedError: connect ECONNREFUSED ::1:3306
    at ConnectionManager.connect (D:\tugas kuliah\skripsi\Website Skripsi\BE\node_modules\sequelize\lib\dialects\mysql\connection-manager.js:92:17)
    at process.processTicksAndRejections (node:internal/process/task_queues:95:5)
    at async ConnectionManager._connect (D:\tugas kuliah\skripsi\Website Skripsi\BE\node_modules\sequelize\lib\dialects\abstract\connection-manager.js:222:24)
    at async D:\tugas kuliah\skripsi\Website Skripsi\BE\node_modules\sequelize\lib\dialects\abstract\connection-manager.js:174:32
 [LOGGER] 2024-06-05 09:11:57.508 AM ERROR : uncaughtException: connect ECONNREFUSED ::1:3306
SequelizeConnectionRefusedError: connect ECONNREFUSED ::1:3306
    at ConnectionManager.connect (D:\tugas kuliah\skripsi\Website Skripsi\BE\node_modules\sequelize\lib\dialects\mysql\connection-manager.js:92:17)
    at process.processTicksAndRejections (node:internal/process/task_queues:95:5)
    at async ConnectionManager._connect (D:\tugas kuliah\skripsi\Website Skripsi\BE\node_modules\sequelize\lib\dialects\abstract\connection-manager.js:222:24)
    at async D:\tugas kuliah\skripsi\Website Skripsi\BE\node_modules\sequelize\lib\dialects\abstract\connection-manager.js:174:32
