 [LOGGER] 2024-05-27 10:28:46.130 AM ERROR : Error in create review function: req.body.map is not a function
 [LOGGER] 2024-05-27 10:28:46.131 AM ERROR : TypeError: req.body.map is not a function
    at createReview (file:///D:/tugas%20kuliah/skripsi/Website%20Skripsi/BE/src/controller/review-controller.js:8:52)
    at Layer.handle [as handle_request] (D:\tugas kuliah\skripsi\Website Skripsi\BE\node_modules\express\lib\router\layer.js:95:5)
    at next (D:\tugas kuliah\skripsi\Website Skripsi\BE\node_modules\express\lib\router\route.js:144:13)
    at authentication (file:///D:/tugas%20kuliah/skripsi/Website%20Skripsi/BE/src/middleware/auth-middleware.js:19:5)
    at Layer.handle [as handle_request] (D:\tugas kuliah\skripsi\Website Skripsi\BE\node_modules\express\lib\router\layer.js:95:5)
    at next (D:\tugas kuliah\skripsi\Website Skripsi\BE\node_modules\express\lib\router\route.js:144:13)
    at Route.dispatch (D:\tugas kuliah\skripsi\Website Skripsi\BE\node_modules\express\lib\router\route.js:114:3)
    at Layer.handle [as handle_request] (D:\tugas kuliah\skripsi\Website Skripsi\BE\node_modules\express\lib\router\layer.js:95:5)
    at D:\tugas kuliah\skripsi\Website Skripsi\BE\node_modules\express\lib\router\index.js:284:15
    at Function.process_params (D:\tugas kuliah\skripsi\Website Skripsi\BE\node_modules\express\lib\router\index.js:346:12)
 [LOGGER] 2024-05-27 10:28:46.137 AM ERROR : Error in create review function: req.body.map is not a function
 [LOGGER] 2024-05-27 10:28:46.138 AM ERROR : TypeError: req.body.map is not a function
    at createReview (file:///D:/tugas%20kuliah/skripsi/Website%20Skripsi/BE/src/controller/review-controller.js:8:52)
    at Layer.handle [as handle_request] (D:\tugas kuliah\skripsi\Website Skripsi\BE\node_modules\express\lib\router\layer.js:95:5)
    at next (D:\tugas kuliah\skripsi\Website Skripsi\BE\node_modules\express\lib\router\route.js:144:13)
    at authentication (file:///D:/tugas%20kuliah/skripsi/Website%20Skripsi/BE/src/middleware/auth-middleware.js:19:5)
    at Layer.handle [as handle_request] (D:\tugas kuliah\skripsi\Website Skripsi\BE\node_modules\express\lib\router\layer.js:95:5)
    at next (D:\tugas kuliah\skripsi\Website Skripsi\BE\node_modules\express\lib\router\route.js:144:13)
    at Route.dispatch (D:\tugas kuliah\skripsi\Website Skripsi\BE\node_modules\express\lib\router\route.js:114:3)
    at Layer.handle [as handle_request] (D:\tugas kuliah\skripsi\Website Skripsi\BE\node_modules\express\lib\router\layer.js:95:5)
    at D:\tugas kuliah\skripsi\Website Skripsi\BE\node_modules\express\lib\router\index.js:284:15
    at Function.process_params (D:\tugas kuliah\skripsi\Website Skripsi\BE\node_modules\express\lib\router\index.js:346:12)
 [LOGGER] 2024-05-27 10:28:46.144 AM ERROR : Error in create review function: req.body.map is not a function
 [LOGGER] 2024-05-27 10:28:46.146 AM ERROR : TypeError: req.body.map is not a function
    at createReview (file:///D:/tugas%20kuliah/skripsi/Website%20Skripsi/BE/src/controller/review-controller.js:8:52)
    at Layer.handle [as handle_request] (D:\tugas kuliah\skripsi\Website Skripsi\BE\node_modules\express\lib\router\layer.js:95:5)
    at next (D:\tugas kuliah\skripsi\Website Skripsi\BE\node_modules\express\lib\router\route.js:144:13)
    at authentication (file:///D:/tugas%20kuliah/skripsi/Website%20Skripsi/BE/src/middleware/auth-middleware.js:19:5)
    at Layer.handle [as handle_request] (D:\tugas kuliah\skripsi\Website Skripsi\BE\node_modules\express\lib\router\layer.js:95:5)
    at next (D:\tugas kuliah\skripsi\Website Skripsi\BE\node_modules\express\lib\router\route.js:144:13)
    at Route.dispatch (D:\tugas kuliah\skripsi\Website Skripsi\BE\node_modules\express\lib\router\route.js:114:3)
    at Layer.handle [as handle_request] (D:\tugas kuliah\skripsi\Website Skripsi\BE\node_modules\express\lib\router\layer.js:95:5)
    at D:\tugas kuliah\skripsi\Website Skripsi\BE\node_modules\express\lib\router\index.js:284:15
    at Function.process_params (D:\tugas kuliah\skripsi\Website Skripsi\BE\node_modules\express\lib\router\index.js:346:12)
